[2023-04-13T20:03:43.105+0000] {taskinstance.py:1090} INFO - Dependencies all met for dep_context=non-requeueable deps ti=<TaskInstance: weather_dag.create_table manual__2023-04-13T20:03:41.496045+00:00 [queued]>
[2023-04-13T20:03:43.115+0000] {taskinstance.py:1090} INFO - Dependencies all met for dep_context=requeueable deps ti=<TaskInstance: weather_dag.create_table manual__2023-04-13T20:03:41.496045+00:00 [queued]>
[2023-04-13T20:03:43.117+0000] {taskinstance.py:1288} INFO - 
--------------------------------------------------------------------------------
[2023-04-13T20:03:43.118+0000] {taskinstance.py:1289} INFO - Starting attempt 1 of 1
[2023-04-13T20:03:43.119+0000] {taskinstance.py:1290} INFO - 
--------------------------------------------------------------------------------
[2023-04-13T20:03:43.133+0000] {taskinstance.py:1309} INFO - Executing <Task(SqliteOperator): create_table> on 2023-04-13 20:03:41.496045+00:00
[2023-04-13T20:03:43.139+0000] {standard_task_runner.py:55} INFO - Started process 6266 to run task
[2023-04-13T20:03:43.143+0000] {standard_task_runner.py:82} INFO - Running: ['***', 'tasks', 'run', 'weather_dag', 'create_table', 'manual__2023-04-13T20:03:41.496045+00:00', '--job-id', '252', '--raw', '--subdir', 'DAGS_FOLDER/weather_dag.py', '--cfg-path', '/tmp/tmpqxyq9_dq']
[2023-04-13T20:03:43.145+0000] {standard_task_runner.py:83} INFO - Job 252: Subtask create_table
[2023-04-13T20:03:43.210+0000] {task_command.py:389} INFO - Running <TaskInstance: weather_dag.create_table manual__2023-04-13T20:03:41.496045+00:00 [running]> on host ffea11fb791c
[2023-04-13T20:03:43.275+0000] {taskinstance.py:1518} INFO - Exporting the following env vars:
AIRFLOW_CTX_DAG_OWNER=***
AIRFLOW_CTX_DAG_ID=weather_dag
AIRFLOW_CTX_TASK_ID=create_table
AIRFLOW_CTX_EXECUTION_DATE=2023-04-13T20:03:41.496045+00:00
AIRFLOW_CTX_TRY_NUMBER=1
AIRFLOW_CTX_DAG_RUN_ID=manual__2023-04-13T20:03:41.496045+00:00
[2023-04-13T20:03:43.278+0000] {sql.py:254} INFO - Executing: CREATE TABLE IF NOT EXISTS measures_ext (
                                         timestamp TIMESTAMP NOT NULL,
                                         temp FLOAT,
                                         humidity INT,
                                         cloudiness VARCHAR(25),
                                         wind_speed FLOAT
                                        );
[2023-04-13T20:03:43.288+0000] {base.py:73} INFO - Using connection ID 'measure_db' for task execution.
[2023-04-13T20:03:43.475+0000] {base.py:73} INFO - Using connection ID 'measure_db' for task execution.
[2023-04-13T20:03:43.481+0000] {sql.py:375} INFO - Running statement: CREATE TABLE IF NOT EXISTS measures_ext (
                                         timestamp TIMESTAMP NOT NULL,
                                         temp FLOAT,
                                         humidity INT,
                                         cloudiness VARCHAR(25),
                                         wind_speed FLOAT
                                        );, parameters: None
[2023-04-13T20:03:43.497+0000] {taskinstance.py:1332} INFO - Marking task as SUCCESS. dag_id=weather_dag, task_id=create_table, execution_date=20230413T200341, start_date=20230413T200343, end_date=20230413T200343
[2023-04-13T20:03:43.521+0000] {local_task_job.py:212} INFO - Task exited with return code 0
[2023-04-13T20:03:43.559+0000] {taskinstance.py:2596} INFO - 0 downstream tasks scheduled from follow-on schedule check
