[2023-04-13T08:30:58.382+0000] {taskinstance.py:1090} INFO - Dependencies all met for dep_context=non-requeueable deps ti=<TaskInstance: weather_dag.create_table manual__2023-04-13T08:30:56.877638+00:00 [queued]>
[2023-04-13T08:30:58.394+0000] {taskinstance.py:1090} INFO - Dependencies all met for dep_context=requeueable deps ti=<TaskInstance: weather_dag.create_table manual__2023-04-13T08:30:56.877638+00:00 [queued]>
[2023-04-13T08:30:58.396+0000] {taskinstance.py:1288} INFO - 
--------------------------------------------------------------------------------
[2023-04-13T08:30:58.397+0000] {taskinstance.py:1289} INFO - Starting attempt 1 of 1
[2023-04-13T08:30:58.399+0000] {taskinstance.py:1290} INFO - 
--------------------------------------------------------------------------------
[2023-04-13T08:30:58.413+0000] {taskinstance.py:1309} INFO - Executing <Task(SqliteOperator): create_table> on 2023-04-13 08:30:56.877638+00:00
[2023-04-13T08:30:58.419+0000] {standard_task_runner.py:55} INFO - Started process 2288 to run task
[2023-04-13T08:30:58.424+0000] {standard_task_runner.py:82} INFO - Running: ['***', 'tasks', 'run', 'weather_dag', 'create_table', 'manual__2023-04-13T08:30:56.877638+00:00', '--job-id', '55', '--raw', '--subdir', 'DAGS_FOLDER/weather_dag.py', '--cfg-path', '/tmp/tmpg5d8g80u']
[2023-04-13T08:30:58.426+0000] {standard_task_runner.py:83} INFO - Job 55: Subtask create_table
[2023-04-13T08:30:58.515+0000] {task_command.py:389} INFO - Running <TaskInstance: weather_dag.create_table manual__2023-04-13T08:30:56.877638+00:00 [running]> on host 0607b07c4f39
[2023-04-13T08:30:58.588+0000] {taskinstance.py:1518} INFO - Exporting the following env vars:
AIRFLOW_CTX_DAG_OWNER=***
AIRFLOW_CTX_DAG_ID=weather_dag
AIRFLOW_CTX_TASK_ID=create_table
AIRFLOW_CTX_EXECUTION_DATE=2023-04-13T08:30:56.877638+00:00
AIRFLOW_CTX_TRY_NUMBER=1
AIRFLOW_CTX_DAG_RUN_ID=manual__2023-04-13T08:30:56.877638+00:00
[2023-04-13T08:30:58.590+0000] {sql.py:254} INFO - Executing: CREATE TABLE IF NOT EXISTS measurments (
                                     execution_time TIMESTAMP NOT NULL,
                                     temperature FLOAT
                                    );
[2023-04-13T08:30:58.599+0000] {base.py:73} INFO - Using connection ID 'measure_db' for task execution.
[2023-04-13T08:30:58.782+0000] {base.py:73} INFO - Using connection ID 'measure_db' for task execution.
[2023-04-13T08:30:58.785+0000] {sql.py:375} INFO - Running statement: CREATE TABLE IF NOT EXISTS measurments (
                                     execution_time TIMESTAMP NOT NULL,
                                     temperature FLOAT
                                    );, parameters: None
[2023-04-13T08:30:58.795+0000] {taskinstance.py:1332} INFO - Marking task as SUCCESS. dag_id=weather_dag, task_id=create_table, execution_date=20230413T083056, start_date=20230413T083058, end_date=20230413T083058
[2023-04-13T08:30:58.849+0000] {local_task_job.py:212} INFO - Task exited with return code 0
[2023-04-13T08:30:58.877+0000] {taskinstance.py:2596} INFO - 1 downstream tasks scheduled from follow-on schedule check
