[2023-04-13T19:58:10.196+0000] {taskinstance.py:1090} INFO - Dependencies all met for dep_context=non-requeueable deps ti=<TaskInstance: weather_dag.retrieve_weather_data_Kharkiv scheduled__2023-04-13T18:00:00+00:00 [queued]>
[2023-04-13T19:58:10.223+0000] {taskinstance.py:1090} INFO - Dependencies all met for dep_context=requeueable deps ti=<TaskInstance: weather_dag.retrieve_weather_data_Kharkiv scheduled__2023-04-13T18:00:00+00:00 [queued]>
[2023-04-13T19:58:10.228+0000] {taskinstance.py:1288} INFO - 
--------------------------------------------------------------------------------
[2023-04-13T19:58:10.231+0000] {taskinstance.py:1289} INFO - Starting attempt 1 of 1
[2023-04-13T19:58:10.235+0000] {taskinstance.py:1290} INFO - 
--------------------------------------------------------------------------------
[2023-04-13T19:58:10.273+0000] {taskinstance.py:1309} INFO - Executing <Task(SimpleHttpOperator): retrieve_weather_data_Kharkiv> on 2023-04-13 18:00:00+00:00
[2023-04-13T19:58:10.281+0000] {standard_task_runner.py:55} INFO - Started process 6067 to run task
[2023-04-13T19:58:10.293+0000] {standard_task_runner.py:82} INFO - Running: ['***', 'tasks', 'run', 'weather_dag', 'retrieve_weather_data_Kharkiv', 'scheduled__2023-04-13T18:00:00+00:00', '--job-id', '212', '--raw', '--subdir', 'DAGS_FOLDER/weather_dag.py', '--cfg-path', '/tmp/tmp1fr_34r7']
[2023-04-13T19:58:10.295+0000] {standard_task_runner.py:83} INFO - Job 212: Subtask retrieve_weather_data_Kharkiv
[2023-04-13T19:58:10.444+0000] {task_command.py:389} INFO - Running <TaskInstance: weather_dag.retrieve_weather_data_Kharkiv scheduled__2023-04-13T18:00:00+00:00 [running]> on host ffea11fb791c
[2023-04-13T19:58:10.608+0000] {taskinstance.py:1518} INFO - Exporting the following env vars:
AIRFLOW_CTX_DAG_OWNER=***
AIRFLOW_CTX_DAG_ID=weather_dag
AIRFLOW_CTX_TASK_ID=retrieve_weather_data_Kharkiv
AIRFLOW_CTX_EXECUTION_DATE=2023-04-13T18:00:00+00:00
AIRFLOW_CTX_TRY_NUMBER=1
AIRFLOW_CTX_DAG_RUN_ID=scheduled__2023-04-13T18:00:00+00:00
[2023-04-13T19:58:10.616+0000] {http.py:123} INFO - Calling HTTP method
[2023-04-13T19:58:10.655+0000] {base.py:73} INFO - Using connection ID 'weather_http_api' for task execution.
[2023-04-13T19:58:11.027+0000] {http.py:127} INFO - {"coord":{"lon":36.25,"lat":50},"weather":[{"id":804,"main":"Clouds","description":"overcast clouds","icon":"04n"}],"base":"stations","main":{"temp":282.36,"feels_like":280.48,"temp_min":282.36,"temp_max":282.36,"pressure":1003,"humidity":91,"sea_level":1003,"grnd_level":985},"visibility":10000,"wind":{"speed":3.41,"deg":54,"gust":7.3},"clouds":{"all":100},"dt":1681415673,"sys":{"country":"UA","sunrise":1681354025,"sunset":1681403027},"timezone":10800,"id":706483,"name":"Kharkiv","cod":200}
[2023-04-13T19:58:11.060+0000] {taskinstance.py:1332} INFO - Marking task as SUCCESS. dag_id=weather_dag, task_id=retrieve_weather_data_Kharkiv, execution_date=20230413T180000, start_date=20230413T195810, end_date=20230413T195811
[2023-04-13T19:58:11.115+0000] {local_task_job.py:212} INFO - Task exited with return code 0
[2023-04-13T19:58:13.179+0000] {taskinstance.py:2596} INFO - 0 downstream tasks scheduled from follow-on schedule check
