[2023-04-13T23:44:58.691+0000] {taskinstance.py:1090} INFO - Dependencies all met for dep_context=non-requeueable deps ti=<TaskInstance: weather_dag.retrieve_weather_data_Zhmerynka scheduled__2023-04-13T22:00:00+00:00 [queued]>
[2023-04-13T23:44:58.784+0000] {taskinstance.py:1090} INFO - Dependencies all met for dep_context=requeueable deps ti=<TaskInstance: weather_dag.retrieve_weather_data_Zhmerynka scheduled__2023-04-13T22:00:00+00:00 [queued]>
[2023-04-13T23:44:58.787+0000] {taskinstance.py:1288} INFO - 
--------------------------------------------------------------------------------
[2023-04-13T23:44:58.791+0000] {taskinstance.py:1289} INFO - Starting attempt 1 of 1
[2023-04-13T23:44:58.793+0000] {taskinstance.py:1290} INFO - 
--------------------------------------------------------------------------------
[2023-04-13T23:44:58.978+0000] {taskinstance.py:1309} INFO - Executing <Task(SimpleHttpOperator): retrieve_weather_data_Zhmerynka> on 2023-04-13 22:00:00+00:00
[2023-04-13T23:44:59.015+0000] {standard_task_runner.py:55} INFO - Started process 7405 to run task
[2023-04-13T23:44:59.032+0000] {standard_task_runner.py:82} INFO - Running: ['***', 'tasks', 'run', 'weather_dag', 'retrieve_weather_data_Zhmerynka', 'scheduled__2023-04-13T22:00:00+00:00', '--job-id', '397', '--raw', '--subdir', 'DAGS_FOLDER/weather_dag.py', '--cfg-path', '/tmp/tmpd2rnfh3f']
[2023-04-13T23:44:59.046+0000] {standard_task_runner.py:83} INFO - Job 397: Subtask retrieve_weather_data_Zhmerynka
[2023-04-13T23:44:59.496+0000] {task_command.py:389} INFO - Running <TaskInstance: weather_dag.retrieve_weather_data_Zhmerynka scheduled__2023-04-13T22:00:00+00:00 [running]> on host ffea11fb791c
[2023-04-13T23:44:59.787+0000] {taskinstance.py:1518} INFO - Exporting the following env vars:
AIRFLOW_CTX_DAG_OWNER=***
AIRFLOW_CTX_DAG_ID=weather_dag
AIRFLOW_CTX_TASK_ID=retrieve_weather_data_Zhmerynka
AIRFLOW_CTX_EXECUTION_DATE=2023-04-13T22:00:00+00:00
AIRFLOW_CTX_TRY_NUMBER=1
AIRFLOW_CTX_DAG_RUN_ID=scheduled__2023-04-13T22:00:00+00:00
[2023-04-13T23:44:59.812+0000] {http.py:123} INFO - Calling HTTP method
[2023-04-13T23:44:59.848+0000] {base.py:73} INFO - Using connection ID 'weather_http_api' for task execution.
[2023-04-13T23:45:03.179+0000] {http.py:127} INFO - {"coord":{"lon":28.112,"lat":49.037},"weather":[{"id":804,"main":"Clouds","description":"overcast clouds","icon":"04n"}],"base":"stations","main":{"temp":281.18,"feels_like":281.18,"temp_min":281.18,"temp_max":281.18,"pressure":1009,"humidity":89,"sea_level":1009,"grnd_level":971},"visibility":10000,"wind":{"speed":1.3,"deg":344,"gust":1.3},"clouds":{"all":100},"dt":1681431374,"sys":{"country":"UA","sunrise":1681442349,"sunset":1681491378},"timezone":10800,"id":687116,"name":"Zhmerynka","cod":200}
[2023-04-13T23:45:03.278+0000] {taskinstance.py:1332} INFO - Marking task as SUCCESS. dag_id=weather_dag, task_id=retrieve_weather_data_Zhmerynka, execution_date=20230413T220000, start_date=20230413T234458, end_date=20230413T234503
[2023-04-13T23:45:05.587+0000] {local_task_job.py:212} INFO - Task exited with return code 0
[2023-04-13T23:45:06.135+0000] {taskinstance.py:2596} INFO - 1 downstream tasks scheduled from follow-on schedule check
