[2023-04-14T15:40:43.483+0000] {taskinstance.py:1090} INFO - Dependencies all met for dep_context=non-requeueable deps ti=<TaskInstance: weather_dag.choose_endpoint_Kharkiv manual__2023-04-14T15:40:35.093576+00:00 [queued]>
[2023-04-14T15:40:43.570+0000] {taskinstance.py:1090} INFO - Dependencies all met for dep_context=requeueable deps ti=<TaskInstance: weather_dag.choose_endpoint_Kharkiv manual__2023-04-14T15:40:35.093576+00:00 [queued]>
[2023-04-14T15:40:43.582+0000] {taskinstance.py:1288} INFO - 
--------------------------------------------------------------------------------
[2023-04-14T15:40:43.588+0000] {taskinstance.py:1289} INFO - Starting attempt 1 of 1
[2023-04-14T15:40:43.603+0000] {taskinstance.py:1290} INFO - 
--------------------------------------------------------------------------------
[2023-04-14T15:40:43.787+0000] {taskinstance.py:1309} INFO - Executing <Task(BranchPythonOperator): choose_endpoint_Kharkiv> on 2023-04-14 15:40:35.093576+00:00
[2023-04-14T15:40:43.819+0000] {standard_task_runner.py:55} INFO - Started process 15125 to run task
[2023-04-14T15:40:43.844+0000] {standard_task_runner.py:82} INFO - Running: ['***', 'tasks', 'run', 'weather_dag', 'choose_endpoint_Kharkiv', 'manual__2023-04-14T15:40:35.093576+00:00', '--job-id', '521', '--raw', '--subdir', 'DAGS_FOLDER/weather_dag.py', '--cfg-path', '/tmp/tmp9hgjawrg']
[2023-04-14T15:40:43.860+0000] {standard_task_runner.py:83} INFO - Job 521: Subtask choose_endpoint_Kharkiv
[2023-04-14T15:40:44.500+0000] {task_command.py:389} INFO - Running <TaskInstance: weather_dag.choose_endpoint_Kharkiv manual__2023-04-14T15:40:35.093576+00:00 [running]> on host ffea11fb791c
[2023-04-14T15:40:44.953+0000] {taskinstance.py:1518} INFO - Exporting the following env vars:
AIRFLOW_CTX_DAG_OWNER=***
AIRFLOW_CTX_DAG_ID=weather_dag
AIRFLOW_CTX_TASK_ID=choose_endpoint_Kharkiv
AIRFLOW_CTX_EXECUTION_DATE=2023-04-14T15:40:35.093576+00:00
AIRFLOW_CTX_TRY_NUMBER=1
AIRFLOW_CTX_DAG_RUN_ID=manual__2023-04-14T15:40:35.093576+00:00
[2023-04-14T15:40:44.977+0000] {warnings.py:110} WARNING - /home/***/.local/lib/python3.7/site-packages/***/utils/context.py:313: AirflowContextDeprecationWarning: Accessing 'execution_date' from the template is deprecated and will be removed in a future version. Please use 'data_interval_start' or 'logical_date' instead.
  warnings.warn(_create_deprecation_warning(k, replacements))

[2023-04-14T15:40:44.986+0000] {python.py:177} INFO - Done. Returned value was: retrieve_historical_weather_data_Kharkiv
[2023-04-14T15:40:45.007+0000] {python.py:211} INFO - Branch callable return retrieve_historical_weather_data_Kharkiv
[2023-04-14T15:40:45.040+0000] {skipmixin.py:155} INFO - Following branch retrieve_historical_weather_data_Kharkiv
[2023-04-14T15:40:45.065+0000] {skipmixin.py:211} INFO - Skipping tasks ['retrieve_weather_data_Kharkiv']
[2023-04-14T15:40:45.576+0000] {taskinstance.py:1332} INFO - Marking task as SUCCESS. dag_id=weather_dag, task_id=choose_endpoint_Kharkiv, execution_date=20230414T154035, start_date=20230414T154043, end_date=20230414T154045
[2023-04-14T15:40:45.681+0000] {local_task_job.py:212} INFO - Task exited with return code 0
[2023-04-14T15:40:46.031+0000] {taskinstance.py:2596} INFO - 1 downstream tasks scheduled from follow-on schedule check
