[2023-04-13T20:22:25.371+0000] {taskinstance.py:1090} INFO - Dependencies all met for dep_context=non-requeueable deps ti=<TaskInstance: weather_dag.retrieve_weather_data_Kharkiv manual__2023-04-13T20:22:22.476610+00:00 [queued]>
[2023-04-13T20:22:25.414+0000] {taskinstance.py:1090} INFO - Dependencies all met for dep_context=requeueable deps ti=<TaskInstance: weather_dag.retrieve_weather_data_Kharkiv manual__2023-04-13T20:22:22.476610+00:00 [queued]>
[2023-04-13T20:22:25.416+0000] {taskinstance.py:1288} INFO - 
--------------------------------------------------------------------------------
[2023-04-13T20:22:25.418+0000] {taskinstance.py:1289} INFO - Starting attempt 1 of 1
[2023-04-13T20:22:25.420+0000] {taskinstance.py:1290} INFO - 
--------------------------------------------------------------------------------
[2023-04-13T20:22:25.467+0000] {taskinstance.py:1309} INFO - Executing <Task(SimpleHttpOperator): retrieve_weather_data_Kharkiv> on 2023-04-13 20:22:22.476610+00:00
[2023-04-13T20:22:25.486+0000] {standard_task_runner.py:55} INFO - Started process 6756 to run task
[2023-04-13T20:22:25.500+0000] {standard_task_runner.py:82} INFO - Running: ['***', 'tasks', 'run', 'weather_dag', 'retrieve_weather_data_Kharkiv', 'manual__2023-04-13T20:22:22.476610+00:00', '--job-id', '287', '--raw', '--subdir', 'DAGS_FOLDER/weather_dag.py', '--cfg-path', '/tmp/tmph7kuz8jh']
[2023-04-13T20:22:25.502+0000] {standard_task_runner.py:83} INFO - Job 287: Subtask retrieve_weather_data_Kharkiv
[2023-04-13T20:22:25.701+0000] {task_command.py:389} INFO - Running <TaskInstance: weather_dag.retrieve_weather_data_Kharkiv manual__2023-04-13T20:22:22.476610+00:00 [running]> on host ffea11fb791c
[2023-04-13T20:22:25.983+0000] {taskinstance.py:1518} INFO - Exporting the following env vars:
AIRFLOW_CTX_DAG_OWNER=***
AIRFLOW_CTX_DAG_ID=weather_dag
AIRFLOW_CTX_TASK_ID=retrieve_weather_data_Kharkiv
AIRFLOW_CTX_EXECUTION_DATE=2023-04-13T20:22:22.476610+00:00
AIRFLOW_CTX_TRY_NUMBER=1
AIRFLOW_CTX_DAG_RUN_ID=manual__2023-04-13T20:22:22.476610+00:00
[2023-04-13T20:22:25.996+0000] {http.py:123} INFO - Calling HTTP method
[2023-04-13T20:22:26.022+0000] {base.py:73} INFO - Using connection ID 'weather_http_api' for task execution.
[2023-04-13T20:22:27.228+0000] {http.py:127} INFO - {"coord":{"lon":36.25,"lat":50},"weather":[{"id":804,"main":"Clouds","description":"overcast clouds","icon":"04n"}],"base":"stations","main":{"temp":282.36,"feels_like":280.48,"temp_min":282.36,"temp_max":282.36,"pressure":1003,"humidity":91,"sea_level":1003,"grnd_level":985},"visibility":10000,"wind":{"speed":3.41,"deg":54,"gust":7.3},"clouds":{"all":100},"dt":1681416975,"sys":{"country":"UA","sunrise":1681354025,"sunset":1681403027},"timezone":10800,"id":706483,"name":"Kharkiv","cod":200}
[2023-04-13T20:22:28.295+0000] {taskinstance.py:1332} INFO - Marking task as SUCCESS. dag_id=weather_dag, task_id=retrieve_weather_data_Kharkiv, execution_date=20230413T202222, start_date=20230413T202225, end_date=20230413T202228
[2023-04-13T20:22:29.323+0000] {local_task_job.py:212} INFO - Task exited with return code 0
[2023-04-13T20:22:31.700+0000] {taskinstance.py:2596} INFO - 1 downstream tasks scheduled from follow-on schedule check
