[2023-04-13T23:44:57.881+0000] {taskinstance.py:1090} INFO - Dependencies all met for dep_context=non-requeueable deps ti=<TaskInstance: weather_dag.retrieve_weather_data_Kharkiv scheduled__2023-04-13T22:00:00+00:00 [queued]>
[2023-04-13T23:44:57.959+0000] {taskinstance.py:1090} INFO - Dependencies all met for dep_context=requeueable deps ti=<TaskInstance: weather_dag.retrieve_weather_data_Kharkiv scheduled__2023-04-13T22:00:00+00:00 [queued]>
[2023-04-13T23:44:57.969+0000] {taskinstance.py:1288} INFO - 
--------------------------------------------------------------------------------
[2023-04-13T23:44:57.984+0000] {taskinstance.py:1289} INFO - Starting attempt 1 of 1
[2023-04-13T23:44:57.988+0000] {taskinstance.py:1290} INFO - 
--------------------------------------------------------------------------------
[2023-04-13T23:44:58.082+0000] {taskinstance.py:1309} INFO - Executing <Task(SimpleHttpOperator): retrieve_weather_data_Kharkiv> on 2023-04-13 22:00:00+00:00
[2023-04-13T23:44:58.114+0000] {standard_task_runner.py:55} INFO - Started process 7402 to run task
[2023-04-13T23:44:58.146+0000] {standard_task_runner.py:82} INFO - Running: ['***', 'tasks', 'run', 'weather_dag', 'retrieve_weather_data_Kharkiv', 'scheduled__2023-04-13T22:00:00+00:00', '--job-id', '395', '--raw', '--subdir', 'DAGS_FOLDER/weather_dag.py', '--cfg-path', '/tmp/tmpldebs2wn']
[2023-04-13T23:44:58.152+0000] {standard_task_runner.py:83} INFO - Job 395: Subtask retrieve_weather_data_Kharkiv
[2023-04-13T23:44:58.580+0000] {task_command.py:389} INFO - Running <TaskInstance: weather_dag.retrieve_weather_data_Kharkiv scheduled__2023-04-13T22:00:00+00:00 [running]> on host ffea11fb791c
[2023-04-13T23:44:59.366+0000] {taskinstance.py:1518} INFO - Exporting the following env vars:
AIRFLOW_CTX_DAG_OWNER=***
AIRFLOW_CTX_DAG_ID=weather_dag
AIRFLOW_CTX_TASK_ID=retrieve_weather_data_Kharkiv
AIRFLOW_CTX_EXECUTION_DATE=2023-04-13T22:00:00+00:00
AIRFLOW_CTX_TRY_NUMBER=1
AIRFLOW_CTX_DAG_RUN_ID=scheduled__2023-04-13T22:00:00+00:00
[2023-04-13T23:44:59.372+0000] {http.py:123} INFO - Calling HTTP method
[2023-04-13T23:44:59.406+0000] {base.py:73} INFO - Using connection ID 'weather_http_api' for task execution.
[2023-04-13T23:45:00.126+0000] {http.py:127} INFO - {"coord":{"lon":36.25,"lat":50},"weather":[{"id":500,"main":"Rain","description":"light rain","icon":"10n"}],"base":"stations","main":{"temp":281.46,"feels_like":278.93,"temp_min":281.46,"temp_max":281.46,"pressure":1004,"humidity":90,"sea_level":1004,"grnd_level":986},"visibility":9886,"wind":{"speed":4.31,"deg":29,"gust":8.6},"rain":{"1h":0.1},"clouds":{"all":100},"dt":1681431122,"sys":{"country":"UA","sunrise":1681440301,"sunset":1681489521},"timezone":10800,"id":706483,"name":"Kharkiv","cod":200}
[2023-04-13T23:45:00.205+0000] {taskinstance.py:1332} INFO - Marking task as SUCCESS. dag_id=weather_dag, task_id=retrieve_weather_data_Kharkiv, execution_date=20230413T220000, start_date=20230413T234457, end_date=20230413T234500
[2023-04-13T23:45:03.263+0000] {local_task_job.py:212} INFO - Task exited with return code 0
[2023-04-13T23:45:05.585+0000] {taskinstance.py:2596} INFO - 0 downstream tasks scheduled from follow-on schedule check
