[2023-04-13T21:17:18.638+0000] {taskinstance.py:1090} INFO - Dependencies all met for dep_context=non-requeueable deps ti=<TaskInstance: weather_dag.transform_data_Zhmerynka scheduled__2023-04-13T20:00:00+00:00 [queued]>
[2023-04-13T21:17:18.710+0000] {taskinstance.py:1090} INFO - Dependencies all met for dep_context=requeueable deps ti=<TaskInstance: weather_dag.transform_data_Zhmerynka scheduled__2023-04-13T20:00:00+00:00 [queued]>
[2023-04-13T21:17:18.712+0000] {taskinstance.py:1288} INFO - 
--------------------------------------------------------------------------------
[2023-04-13T21:17:18.714+0000] {taskinstance.py:1289} INFO - Starting attempt 1 of 1
[2023-04-13T21:17:18.717+0000] {taskinstance.py:1290} INFO - 
--------------------------------------------------------------------------------
[2023-04-13T21:17:18.781+0000] {taskinstance.py:1309} INFO - Executing <Task(PythonOperator): transform_data_Zhmerynka> on 2023-04-13 20:00:00+00:00
[2023-04-13T21:17:18.805+0000] {standard_task_runner.py:55} INFO - Started process 7329 to run task
[2023-04-13T21:17:18.845+0000] {standard_task_runner.py:82} INFO - Running: ['***', 'tasks', 'run', 'weather_dag', 'transform_data_Zhmerynka', 'scheduled__2023-04-13T20:00:00+00:00', '--job-id', '371', '--raw', '--subdir', 'DAGS_FOLDER/weather_dag.py', '--cfg-path', '/tmp/tmpf3lwrj3m']
[2023-04-13T21:17:18.854+0000] {standard_task_runner.py:83} INFO - Job 371: Subtask transform_data_Zhmerynka
[2023-04-13T21:17:19.121+0000] {task_command.py:389} INFO - Running <TaskInstance: weather_dag.transform_data_Zhmerynka scheduled__2023-04-13T20:00:00+00:00 [running]> on host ffea11fb791c
[2023-04-13T21:17:19.344+0000] {taskinstance.py:1518} INFO - Exporting the following env vars:
AIRFLOW_CTX_DAG_OWNER=***
AIRFLOW_CTX_DAG_ID=weather_dag
AIRFLOW_CTX_TASK_ID=transform_data_Zhmerynka
AIRFLOW_CTX_EXECUTION_DATE=2023-04-13T20:00:00+00:00
AIRFLOW_CTX_TRY_NUMBER=1
AIRFLOW_CTX_DAG_RUN_ID=scheduled__2023-04-13T20:00:00+00:00
[2023-04-13T21:17:19.349+0000] {logging_mixin.py:137} INFO - {'conf': <***.configuration.AirflowConfigParser object at 0xffffb3d9af10>, 'dag': <DAG: weather_dag>, 'dag_run': <DagRun weather_dag @ 2023-04-13 20:00:00+00:00: scheduled__2023-04-13T20:00:00+00:00, state:running, queued_at: 2023-04-13 21:17:06.146903+00:00. externally triggered: False>, 'data_interval_end': DateTime(2023, 4, 13, 21, 0, 0, tzinfo=Timezone('UTC')), 'data_interval_start': DateTime(2023, 4, 13, 20, 0, 0, tzinfo=Timezone('UTC')), 'ds': '2023-04-13', 'ds_nodash': '20230413', 'execution_date': <Proxy at 0xffffa1992690 with factory functools.partial(<function lazy_mapping_from_context.<locals>._deprecated_proxy_factory at 0xffffa197cf80>, 'execution_date', DateTime(2023, 4, 13, 20, 0, 0, tzinfo=Timezone('UTC')))>, 'expanded_ti_count': None, 'inlets': [], 'logical_date': DateTime(2023, 4, 13, 20, 0, 0, tzinfo=Timezone('UTC')), 'macros': <module '***.macros' from '/home/***/.local/lib/python3.7/site-packages/***/macros/__init__.py'>, 'next_ds': <Proxy at 0xffffa1992640 with factory functools.partial(<function lazy_mapping_from_context.<locals>._deprecated_proxy_factory at 0xffffa197cf80>, 'next_ds', '2023-04-13')>, 'next_ds_nodash': <Proxy at 0xffffa19572d0 with factory functools.partial(<function lazy_mapping_from_context.<locals>._deprecated_proxy_factory at 0xffffa197cf80>, 'next_ds_nodash', '20230413')>, 'next_execution_date': <Proxy at 0xffffa1a503c0 with factory functools.partial(<function lazy_mapping_from_context.<locals>._deprecated_proxy_factory at 0xffffa197cf80>, 'next_execution_date', DateTime(2023, 4, 13, 21, 0, 0, tzinfo=Timezone('UTC')))>, 'outlets': [], 'params': {}, 'prev_data_interval_start_success': DateTime(2023, 4, 13, 14, 0, 0, tzinfo=Timezone('UTC')), 'prev_data_interval_end_success': DateTime(2023, 4, 13, 15, 0, 0, tzinfo=Timezone('UTC')), 'prev_ds': <Proxy at 0xffffa1a504b0 with factory functools.partial(<function lazy_mapping_from_context.<locals>._deprecated_proxy_factory at 0xffffa197cf80>, 'prev_ds', '2023-04-13')>, 'prev_ds_nodash': <Proxy at 0xffffa1a509b0 with factory functools.partial(<function lazy_mapping_from_context.<locals>._deprecated_proxy_factory at 0xffffa197cf80>, 'prev_ds_nodash', '20230413')>, 'prev_execution_date': <Proxy at 0xffffa19587d0 with factory functools.partial(<function lazy_mapping_from_context.<locals>._deprecated_proxy_factory at 0xffffa197cf80>, 'prev_execution_date', DateTime(2023, 4, 13, 19, 0, 0, tzinfo=Timezone('UTC')))>, 'prev_execution_date_success': <Proxy at 0xffffa1958c80 with factory functools.partial(<function lazy_mapping_from_context.<locals>._deprecated_proxy_factory at 0xffffa197cf80>, 'prev_execution_date_success', None)>, 'prev_start_date_success': DateTime(2023, 4, 13, 15, 47, 45, 112743, tzinfo=Timezone('UTC')), 'run_id': 'scheduled__2023-04-13T20:00:00+00:00', 'task': <Task(PythonOperator): transform_data_Zhmerynka>, 'task_instance': <TaskInstance: weather_dag.transform_data_Zhmerynka scheduled__2023-04-13T20:00:00+00:00 [running]>, 'task_instance_key_str': 'weather_dag__transform_data_Zhmerynka__20230413', 'test_mode': False, 'ti': <TaskInstance: weather_dag.transform_data_Zhmerynka scheduled__2023-04-13T20:00:00+00:00 [running]>, 'tomorrow_ds': <Proxy at 0xffffa1958730 with factory functools.partial(<function lazy_mapping_from_context.<locals>._deprecated_proxy_factory at 0xffffa197cf80>, 'tomorrow_ds', '2023-04-14')>, 'tomorrow_ds_nodash': <Proxy at 0xffffa1983e60 with factory functools.partial(<function lazy_mapping_from_context.<locals>._deprecated_proxy_factory at 0xffffa197cf80>, 'tomorrow_ds_nodash', '20230414')>, 'triggering_dataset_events': <Proxy at 0xffffa1a45960 with factory <function TaskInstance.get_template_context.<locals>.get_triggering_events at 0xffffa1a24440>>, 'ts': '2023-04-13T20:00:00+00:00', 'ts_nodash': '20230413T200000', 'ts_nodash_with_tz': '20230413T200000+0000', 'var': {'json': None, 'value': None}, 'conn': None, 'yesterday_ds': <Proxy at 0xffffa1983d70 with factory functools.partial(<function lazy_mapping_from_context.<locals>._deprecated_proxy_factory at 0xffffa197cf80>, 'yesterday_ds', '2023-04-12')>, 'yesterday_ds_nodash': <Proxy at 0xffffa1983aa0 with factory functools.partial(<function lazy_mapping_from_context.<locals>._deprecated_proxy_factory at 0xffffa197cf80>, 'yesterday_ds_nodash', '20230412')>, 'templates_dict': None}
[2023-04-13T21:17:19.380+0000] {python.py:177} INFO - Done. Returned value was: (1681421417, 281.13, 89, 'overcast clouds', 1.74)
[2023-04-13T21:17:19.440+0000] {taskinstance.py:1332} INFO - Marking task as SUCCESS. dag_id=weather_dag, task_id=transform_data_Zhmerynka, execution_date=20230413T200000, start_date=20230413T211718, end_date=20230413T211719
[2023-04-13T21:17:19.491+0000] {local_task_job.py:212} INFO - Task exited with return code 0
[2023-04-13T21:17:19.551+0000] {taskinstance.py:2596} INFO - 1 downstream tasks scheduled from follow-on schedule check
