[2023-04-13T20:40:46.832+0000] {taskinstance.py:1090} INFO - Dependencies all met for dep_context=non-requeueable deps ti=<TaskInstance: weather_dag.create_table manual__2023-04-13T20:40:45.638759+00:00 [queued]>
[2023-04-13T20:40:46.853+0000] {taskinstance.py:1090} INFO - Dependencies all met for dep_context=requeueable deps ti=<TaskInstance: weather_dag.create_table manual__2023-04-13T20:40:45.638759+00:00 [queued]>
[2023-04-13T20:40:46.857+0000] {taskinstance.py:1288} INFO - 
--------------------------------------------------------------------------------
[2023-04-13T20:40:46.860+0000] {taskinstance.py:1289} INFO - Starting attempt 1 of 1
[2023-04-13T20:40:46.862+0000] {taskinstance.py:1290} INFO - 
--------------------------------------------------------------------------------
[2023-04-13T20:40:46.887+0000] {taskinstance.py:1309} INFO - Executing <Task(SqliteOperator): create_table> on 2023-04-13 20:40:45.638759+00:00
[2023-04-13T20:40:46.899+0000] {standard_task_runner.py:55} INFO - Started process 7218 to run task
[2023-04-13T20:40:46.905+0000] {standard_task_runner.py:82} INFO - Running: ['***', 'tasks', 'run', 'weather_dag', 'create_table', 'manual__2023-04-13T20:40:45.638759+00:00', '--job-id', '348', '--raw', '--subdir', 'DAGS_FOLDER/weather_dag.py', '--cfg-path', '/tmp/tmp81elqns8']
[2023-04-13T20:40:46.909+0000] {standard_task_runner.py:83} INFO - Job 348: Subtask create_table
[2023-04-13T20:40:47.066+0000] {task_command.py:389} INFO - Running <TaskInstance: weather_dag.create_table manual__2023-04-13T20:40:45.638759+00:00 [running]> on host ffea11fb791c
[2023-04-13T20:40:47.220+0000] {taskinstance.py:1518} INFO - Exporting the following env vars:
AIRFLOW_CTX_DAG_OWNER=***
AIRFLOW_CTX_DAG_ID=weather_dag
AIRFLOW_CTX_TASK_ID=create_table
AIRFLOW_CTX_EXECUTION_DATE=2023-04-13T20:40:45.638759+00:00
AIRFLOW_CTX_TRY_NUMBER=1
AIRFLOW_CTX_DAG_RUN_ID=manual__2023-04-13T20:40:45.638759+00:00
[2023-04-13T20:40:47.224+0000] {sql.py:254} INFO - Executing: CREATE TABLE IF NOT EXISTS measures_ext (
                                         city VARCHAR(20) NOT NULL,
                                         timestamp TIMESTAMP NOT NULL,
                                         temp FLOAT,
                                         humidity INT,
                                         cloudiness VARCHAR(25),
                                         wind_speed FLOAT
                                        );
[2023-04-13T20:40:47.250+0000] {base.py:73} INFO - Using connection ID 'measure_db' for task execution.
[2023-04-13T20:40:47.623+0000] {base.py:73} INFO - Using connection ID 'measure_db' for task execution.
[2023-04-13T20:40:47.639+0000] {sql.py:375} INFO - Running statement: CREATE TABLE IF NOT EXISTS measures_ext (
                                         city VARCHAR(20) NOT NULL,
                                         timestamp TIMESTAMP NOT NULL,
                                         temp FLOAT,
                                         humidity INT,
                                         cloudiness VARCHAR(25),
                                         wind_speed FLOAT
                                        );, parameters: None
[2023-04-13T20:40:47.678+0000] {taskinstance.py:1332} INFO - Marking task as SUCCESS. dag_id=weather_dag, task_id=create_table, execution_date=20230413T204045, start_date=20230413T204046, end_date=20230413T204047
[2023-04-13T20:40:47.724+0000] {local_task_job.py:212} INFO - Task exited with return code 0
[2023-04-13T20:40:47.776+0000] {taskinstance.py:2596} INFO - 5 downstream tasks scheduled from follow-on schedule check
