[2023-04-13T22:39:20.816+0000] {taskinstance.py:1090} INFO - Dependencies all met for dep_context=non-requeueable deps ti=<TaskInstance: weather_dag.create_table scheduled__2023-04-13T21:00:00+00:00 [queued]>
[2023-04-13T22:39:20.870+0000] {taskinstance.py:1090} INFO - Dependencies all met for dep_context=requeueable deps ti=<TaskInstance: weather_dag.create_table scheduled__2023-04-13T21:00:00+00:00 [queued]>
[2023-04-13T22:39:20.873+0000] {taskinstance.py:1288} INFO - 
--------------------------------------------------------------------------------
[2023-04-13T22:39:20.877+0000] {taskinstance.py:1289} INFO - Starting attempt 1 of 1
[2023-04-13T22:39:20.880+0000] {taskinstance.py:1290} INFO - 
--------------------------------------------------------------------------------
[2023-04-13T22:39:20.933+0000] {taskinstance.py:1309} INFO - Executing <Task(SqliteOperator): create_table> on 2023-04-13 21:00:00+00:00
[2023-04-13T22:39:20.949+0000] {standard_task_runner.py:55} INFO - Started process 7356 to run task
[2023-04-13T22:39:20.968+0000] {standard_task_runner.py:82} INFO - Running: ['***', 'tasks', 'run', 'weather_dag', 'create_table', 'scheduled__2023-04-13T21:00:00+00:00', '--job-id', '380', '--raw', '--subdir', 'DAGS_FOLDER/weather_dag.py', '--cfg-path', '/tmp/tmpe_5pvpn0']
[2023-04-13T22:39:20.973+0000] {standard_task_runner.py:83} INFO - Job 380: Subtask create_table
[2023-04-13T22:39:21.186+0000] {task_command.py:389} INFO - Running <TaskInstance: weather_dag.create_table scheduled__2023-04-13T21:00:00+00:00 [running]> on host ffea11fb791c
[2023-04-13T22:39:21.315+0000] {taskinstance.py:1518} INFO - Exporting the following env vars:
AIRFLOW_CTX_DAG_OWNER=***
AIRFLOW_CTX_DAG_ID=weather_dag
AIRFLOW_CTX_TASK_ID=create_table
AIRFLOW_CTX_EXECUTION_DATE=2023-04-13T21:00:00+00:00
AIRFLOW_CTX_TRY_NUMBER=1
AIRFLOW_CTX_DAG_RUN_ID=scheduled__2023-04-13T21:00:00+00:00
[2023-04-13T22:39:21.321+0000] {sql.py:254} INFO - Executing: CREATE TABLE IF NOT EXISTS measures_ext (
                                         city VARCHAR(20) NOT NULL,
                                         timestamp TIMESTAMP NOT NULL,
                                         temp FLOAT,
                                         humidity INT,
                                         cloudiness VARCHAR(25),
                                         wind_speed FLOAT
                                        );
[2023-04-13T22:39:21.343+0000] {base.py:73} INFO - Using connection ID 'measure_db' for task execution.
[2023-04-13T22:39:21.910+0000] {base.py:73} INFO - Using connection ID 'measure_db' for task execution.
[2023-04-13T22:39:21.928+0000] {sql.py:375} INFO - Running statement: CREATE TABLE IF NOT EXISTS measures_ext (
                                         city VARCHAR(20) NOT NULL,
                                         timestamp TIMESTAMP NOT NULL,
                                         temp FLOAT,
                                         humidity INT,
                                         cloudiness VARCHAR(25),
                                         wind_speed FLOAT
                                        );, parameters: None
[2023-04-13T22:39:21.976+0000] {taskinstance.py:1332} INFO - Marking task as SUCCESS. dag_id=weather_dag, task_id=create_table, execution_date=20230413T210000, start_date=20230413T223920, end_date=20230413T223921
[2023-04-13T22:39:22.069+0000] {local_task_job.py:212} INFO - Task exited with return code 0
[2023-04-13T22:39:22.184+0000] {taskinstance.py:2596} INFO - 5 downstream tasks scheduled from follow-on schedule check
