[2023-04-12T05:07:00.622+0000] {taskinstance.py:1090} INFO - Dependencies all met for dep_context=non-requeueable deps ti=<TaskInstance: fst_dag.sleep1 scheduled__2023-04-11T00:00:00+00:00 [queued]>
[2023-04-12T05:07:00.656+0000] {taskinstance.py:1090} INFO - Dependencies all met for dep_context=requeueable deps ti=<TaskInstance: fst_dag.sleep1 scheduled__2023-04-11T00:00:00+00:00 [queued]>
[2023-04-12T05:07:00.667+0000] {taskinstance.py:1288} INFO - 
--------------------------------------------------------------------------------
[2023-04-12T05:07:00.670+0000] {taskinstance.py:1289} INFO - Starting attempt 1 of 1
[2023-04-12T05:07:00.674+0000] {taskinstance.py:1290} INFO - 
--------------------------------------------------------------------------------
[2023-04-12T05:07:00.709+0000] {taskinstance.py:1309} INFO - Executing <Task(BashOperator): sleep1> on 2023-04-11 00:00:00+00:00
[2023-04-12T05:07:00.723+0000] {standard_task_runner.py:55} INFO - Started process 54 to run task
[2023-04-12T05:07:00.747+0000] {standard_task_runner.py:82} INFO - Running: ['***', 'tasks', 'run', 'fst_dag', 'sleep1', 'scheduled__2023-04-11T00:00:00+00:00', '--job-id', '9', '--raw', '--subdir', 'DAGS_FOLDER/dummy.py', '--cfg-path', '/tmp/tmp9k0f2bhy']
[2023-04-12T05:07:00.751+0000] {standard_task_runner.py:83} INFO - Job 9: Subtask sleep1
[2023-04-12T05:07:01.007+0000] {task_command.py:389} INFO - Running <TaskInstance: fst_dag.sleep1 scheduled__2023-04-11T00:00:00+00:00 [running]> on host 0607b07c4f39
[2023-04-12T05:07:01.310+0000] {taskinstance.py:1518} INFO - Exporting the following env vars:
AIRFLOW_CTX_DAG_OWNER=***
AIRFLOW_CTX_DAG_ID=fst_dag
AIRFLOW_CTX_TASK_ID=sleep1
AIRFLOW_CTX_EXECUTION_DATE=2023-04-11T00:00:00+00:00
AIRFLOW_CTX_TRY_NUMBER=1
AIRFLOW_CTX_DAG_RUN_ID=scheduled__2023-04-11T00:00:00+00:00
[2023-04-12T05:07:01.315+0000] {subprocess.py:63} INFO - Tmp dir root location: 
 /tmp
[2023-04-12T05:07:01.318+0000] {subprocess.py:75} INFO - Running command: ['/bin/bash', '-c', 'sleep 4']
[2023-04-12T05:07:01.343+0000] {subprocess.py:86} INFO - Output:
[2023-04-12T05:07:05.353+0000] {subprocess.py:97} INFO - Command exited with return code 0
[2023-04-12T05:07:05.386+0000] {taskinstance.py:1332} INFO - Marking task as SUCCESS. dag_id=fst_dag, task_id=sleep1, execution_date=20230411T000000, start_date=20230412T050700, end_date=20230412T050705
[2023-04-12T05:07:05.428+0000] {local_task_job.py:212} INFO - Task exited with return code 0
[2023-04-12T05:07:05.449+0000] {taskinstance.py:2596} INFO - 0 downstream tasks scheduled from follow-on schedule check
