[2023-04-13T06:16:06.724+0000] {taskinstance.py:1090} INFO - Dependencies all met for dep_context=non-requeueable deps ti=<TaskInstance: weather_dag.transform_data manual__2023-04-13T06:16:04.808025+00:00 [queued]>
[2023-04-13T06:16:06.789+0000] {taskinstance.py:1090} INFO - Dependencies all met for dep_context=requeueable deps ti=<TaskInstance: weather_dag.transform_data manual__2023-04-13T06:16:04.808025+00:00 [queued]>
[2023-04-13T06:16:06.793+0000] {taskinstance.py:1288} INFO - 
--------------------------------------------------------------------------------
[2023-04-13T06:16:06.797+0000] {taskinstance.py:1289} INFO - Starting attempt 1 of 1
[2023-04-13T06:16:06.802+0000] {taskinstance.py:1290} INFO - 
--------------------------------------------------------------------------------
[2023-04-13T06:16:06.884+0000] {taskinstance.py:1309} INFO - Executing <Task(PythonOperator): transform_data> on 2023-04-13 06:16:04.808025+00:00
[2023-04-13T06:16:06.899+0000] {standard_task_runner.py:55} INFO - Started process 637 to run task
[2023-04-13T06:16:06.917+0000] {standard_task_runner.py:82} INFO - Running: ['***', 'tasks', 'run', 'weather_dag', 'transform_data', 'manual__2023-04-13T06:16:04.808025+00:00', '--job-id', '34', '--raw', '--subdir', 'DAGS_FOLDER/weather_dag.py', '--cfg-path', '/tmp/tmp6dn24o8i']
[2023-04-13T06:16:06.924+0000] {standard_task_runner.py:83} INFO - Job 34: Subtask transform_data
[2023-04-13T06:16:07.183+0000] {task_command.py:389} INFO - Running <TaskInstance: weather_dag.transform_data manual__2023-04-13T06:16:04.808025+00:00 [running]> on host 0607b07c4f39
[2023-04-13T06:16:07.359+0000] {taskinstance.py:1518} INFO - Exporting the following env vars:
AIRFLOW_CTX_DAG_OWNER=***
AIRFLOW_CTX_DAG_ID=weather_dag
AIRFLOW_CTX_TASK_ID=transform_data
AIRFLOW_CTX_EXECUTION_DATE=2023-04-13T06:16:04.808025+00:00
AIRFLOW_CTX_TRY_NUMBER=1
AIRFLOW_CTX_DAG_RUN_ID=manual__2023-04-13T06:16:04.808025+00:00
[2023-04-13T06:16:07.362+0000] {logging_mixin.py:137} INFO - <TaskInstance: weather_dag.transform_data manual__2023-04-13T06:16:04.808025+00:00 [running]>
[2023-04-13T06:16:07.388+0000] {logging_mixin.py:137} INFO - None
[2023-04-13T06:16:07.391+0000] {taskinstance.py:1776} ERROR - Task failed with exception
Traceback (most recent call last):
  File "/home/airflow/.local/lib/python3.7/site-packages/airflow/operators/python.py", line 175, in execute
    return_value = self.execute_callable()
  File "/home/airflow/.local/lib/python3.7/site-packages/airflow/operators/python.py", line 192, in execute_callable
    return self.python_callable(*self.op_args, **self.op_kwargs)
  File "/opt/airflow/dags/weather_dag.py", line 19, in transform_data
    timestamp = info["dt"]
TypeError: 'NoneType' object is not subscriptable
[2023-04-13T06:16:07.421+0000] {taskinstance.py:1332} INFO - Marking task as FAILED. dag_id=weather_dag, task_id=transform_data, execution_date=20230413T061604, start_date=20230413T061606, end_date=20230413T061607
[2023-04-13T06:16:07.453+0000] {standard_task_runner.py:105} ERROR - Failed to execute job 34 for task transform_data ('NoneType' object is not subscriptable; 637)
[2023-04-13T06:16:07.519+0000] {local_task_job.py:212} INFO - Task exited with return code 1
[2023-04-13T06:16:07.559+0000] {taskinstance.py:2596} INFO - 0 downstream tasks scheduled from follow-on schedule check
