[2023-04-14T05:01:31.314+0000] {taskinstance.py:1090} INFO - Dependencies all met for dep_context=non-requeueable deps ti=<TaskInstance: weather_dag.inject_data_Kyiv scheduled__2023-04-14T04:00:00+00:00 [queued]>
[2023-04-14T05:01:31.383+0000] {taskinstance.py:1090} INFO - Dependencies all met for dep_context=requeueable deps ti=<TaskInstance: weather_dag.inject_data_Kyiv scheduled__2023-04-14T04:00:00+00:00 [queued]>
[2023-04-14T05:01:31.387+0000] {taskinstance.py:1288} INFO - 
--------------------------------------------------------------------------------
[2023-04-14T05:01:31.391+0000] {taskinstance.py:1289} INFO - Starting attempt 1 of 1
[2023-04-14T05:01:31.394+0000] {taskinstance.py:1290} INFO - 
--------------------------------------------------------------------------------
[2023-04-14T05:01:31.543+0000] {taskinstance.py:1309} INFO - Executing <Task(SqliteOperator): inject_data_Kyiv> on 2023-04-14 04:00:00+00:00
[2023-04-14T05:01:31.555+0000] {standard_task_runner.py:55} INFO - Started process 7608 to run task
[2023-04-14T05:01:31.581+0000] {standard_task_runner.py:82} INFO - Running: ['***', 'tasks', 'run', 'weather_dag', 'inject_data_Kyiv', 'scheduled__2023-04-14T04:00:00+00:00', '--job-id', '471', '--raw', '--subdir', 'DAGS_FOLDER/weather_dag.py', '--cfg-path', '/tmp/tmp9zcragw1']
[2023-04-14T05:01:31.583+0000] {standard_task_runner.py:83} INFO - Job 471: Subtask inject_data_Kyiv
[2023-04-14T05:01:31.749+0000] {task_command.py:389} INFO - Running <TaskInstance: weather_dag.inject_data_Kyiv scheduled__2023-04-14T04:00:00+00:00 [running]> on host ffea11fb791c
[2023-04-14T05:01:32.338+0000] {taskinstance.py:1518} INFO - Exporting the following env vars:
AIRFLOW_CTX_DAG_OWNER=***
AIRFLOW_CTX_DAG_ID=weather_dag
AIRFLOW_CTX_TASK_ID=inject_data_Kyiv
AIRFLOW_CTX_EXECUTION_DATE=2023-04-14T04:00:00+00:00
AIRFLOW_CTX_TRY_NUMBER=1
AIRFLOW_CTX_DAG_RUN_ID=scheduled__2023-04-14T04:00:00+00:00
[2023-04-14T05:01:32.342+0000] {sql.py:254} INFO - Executing: 
                INSERT INTO measures_ext (city, timestamp, temp, humidity, cloudiness, wind_speed) VALUES
                    ("Kyiv",
                    1681449324,
                    281.3,
                    81,
                    "light rain",
                    0.45);
            
[2023-04-14T05:01:32.361+0000] {base.py:73} INFO - Using connection ID 'measure_db' for task execution.
[2023-04-14T05:01:33.312+0000] {base.py:73} INFO - Using connection ID 'measure_db' for task execution.
[2023-04-14T05:01:33.326+0000] {sql.py:375} INFO - Running statement: 
                INSERT INTO measures_ext (city, timestamp, temp, humidity, cloudiness, wind_speed) VALUES
                    ("Kyiv",
                    1681449324,
                    281.3,
                    81,
                    "light rain",
                    0.45);
            , parameters: None
[2023-04-14T05:01:33.398+0000] {sql.py:384} INFO - Rows affected: 1
[2023-04-14T05:01:33.448+0000] {taskinstance.py:1332} INFO - Marking task as SUCCESS. dag_id=weather_dag, task_id=inject_data_Kyiv, execution_date=20230414T040000, start_date=20230414T050131, end_date=20230414T050133
[2023-04-14T05:01:33.507+0000] {local_task_job.py:212} INFO - Task exited with return code 0
[2023-04-14T05:01:33.559+0000] {taskinstance.py:2596} INFO - 0 downstream tasks scheduled from follow-on schedule check
