[2023-04-14T05:01:13.526+0000] {taskinstance.py:1090} INFO - Dependencies all met for dep_context=non-requeueable deps ti=<TaskInstance: weather_dag.retrieve_weather_data_Kharkiv scheduled__2023-04-14T04:00:00+00:00 [queued]>
[2023-04-14T05:01:13.595+0000] {taskinstance.py:1090} INFO - Dependencies all met for dep_context=requeueable deps ti=<TaskInstance: weather_dag.retrieve_weather_data_Kharkiv scheduled__2023-04-14T04:00:00+00:00 [queued]>
[2023-04-14T05:01:13.597+0000] {taskinstance.py:1288} INFO - 
--------------------------------------------------------------------------------
[2023-04-14T05:01:13.600+0000] {taskinstance.py:1289} INFO - Starting attempt 1 of 1
[2023-04-14T05:01:13.602+0000] {taskinstance.py:1290} INFO - 
--------------------------------------------------------------------------------
[2023-04-14T05:01:13.709+0000] {taskinstance.py:1309} INFO - Executing <Task(SimpleHttpOperator): retrieve_weather_data_Kharkiv> on 2023-04-14 04:00:00+00:00
[2023-04-14T05:01:13.758+0000] {standard_task_runner.py:55} INFO - Started process 7582 to run task
[2023-04-14T05:01:13.800+0000] {standard_task_runner.py:82} INFO - Running: ['***', 'tasks', 'run', 'weather_dag', 'retrieve_weather_data_Kharkiv', 'scheduled__2023-04-14T04:00:00+00:00', '--job-id', '461', '--raw', '--subdir', 'DAGS_FOLDER/weather_dag.py', '--cfg-path', '/tmp/tmpgu3lrsan']
[2023-04-14T05:01:13.819+0000] {standard_task_runner.py:83} INFO - Job 461: Subtask retrieve_weather_data_Kharkiv
[2023-04-14T05:01:14.356+0000] {task_command.py:389} INFO - Running <TaskInstance: weather_dag.retrieve_weather_data_Kharkiv scheduled__2023-04-14T04:00:00+00:00 [running]> on host ffea11fb791c
[2023-04-14T05:01:14.899+0000] {taskinstance.py:1518} INFO - Exporting the following env vars:
AIRFLOW_CTX_DAG_OWNER=***
AIRFLOW_CTX_DAG_ID=weather_dag
AIRFLOW_CTX_TASK_ID=retrieve_weather_data_Kharkiv
AIRFLOW_CTX_EXECUTION_DATE=2023-04-14T04:00:00+00:00
AIRFLOW_CTX_TRY_NUMBER=1
AIRFLOW_CTX_DAG_RUN_ID=scheduled__2023-04-14T04:00:00+00:00
[2023-04-14T05:01:15.730+0000] {http.py:123} INFO - Calling HTTP method
[2023-04-14T05:01:15.757+0000] {base.py:73} INFO - Using connection ID 'weather_http_api' for task execution.
[2023-04-14T05:01:18.391+0000] {http.py:127} INFO - {"coord":{"lon":36.25,"lat":50},"weather":[{"id":804,"main":"Clouds","description":"overcast clouds","icon":"04d"}],"base":"stations","main":{"temp":281.01,"feels_like":277.94,"temp_min":281.01,"temp_max":281.01,"pressure":1005,"humidity":86,"sea_level":1005,"grnd_level":987},"visibility":10000,"wind":{"speed":5.3,"deg":25,"gust":8.11},"clouds":{"all":100},"dt":1681449407,"sys":{"country":"UA","sunrise":1681440301,"sunset":1681489521},"timezone":10800,"id":706483,"name":"Kharkiv","cod":200}
[2023-04-14T05:01:18.709+0000] {taskinstance.py:1332} INFO - Marking task as SUCCESS. dag_id=weather_dag, task_id=retrieve_weather_data_Kharkiv, execution_date=20230414T040000, start_date=20230414T050113, end_date=20230414T050118
[2023-04-14T05:01:19.143+0000] {local_task_job.py:212} INFO - Task exited with return code 0
[2023-04-14T05:01:26.283+0000] {taskinstance.py:2596} INFO - 0 downstream tasks scheduled from follow-on schedule check
