[2023-04-13T20:29:45.663+0000] {taskinstance.py:1090} INFO - Dependencies all met for dep_context=non-requeueable deps ti=<TaskInstance: weather_dag.transform_data_Zhmerynka manual__2023-04-13T20:29:34.713243+00:00 [queued]>
[2023-04-13T20:29:45.709+0000] {taskinstance.py:1090} INFO - Dependencies all met for dep_context=requeueable deps ti=<TaskInstance: weather_dag.transform_data_Zhmerynka manual__2023-04-13T20:29:34.713243+00:00 [queued]>
[2023-04-13T20:29:45.712+0000] {taskinstance.py:1288} INFO - 
--------------------------------------------------------------------------------
[2023-04-13T20:29:45.714+0000] {taskinstance.py:1289} INFO - Starting attempt 1 of 1
[2023-04-13T20:29:45.723+0000] {taskinstance.py:1290} INFO - 
--------------------------------------------------------------------------------
[2023-04-13T20:29:45.801+0000] {taskinstance.py:1309} INFO - Executing <Task(PythonOperator): transform_data_Zhmerynka> on 2023-04-13 20:29:34.713243+00:00
[2023-04-13T20:29:45.823+0000] {standard_task_runner.py:55} INFO - Started process 7029 to run task
[2023-04-13T20:29:45.860+0000] {standard_task_runner.py:82} INFO - Running: ['***', 'tasks', 'run', 'weather_dag', 'transform_data_Zhmerynka', 'manual__2023-04-13T20:29:34.713243+00:00', '--job-id', '341', '--raw', '--subdir', 'DAGS_FOLDER/weather_dag.py', '--cfg-path', '/tmp/tmpf9jsrput']
[2023-04-13T20:29:45.866+0000] {standard_task_runner.py:83} INFO - Job 341: Subtask transform_data_Zhmerynka
[2023-04-13T20:29:46.170+0000] {task_command.py:389} INFO - Running <TaskInstance: weather_dag.transform_data_Zhmerynka manual__2023-04-13T20:29:34.713243+00:00 [running]> on host ffea11fb791c
[2023-04-13T20:29:46.438+0000] {taskinstance.py:1518} INFO - Exporting the following env vars:
AIRFLOW_CTX_DAG_OWNER=***
AIRFLOW_CTX_DAG_ID=weather_dag
AIRFLOW_CTX_TASK_ID=transform_data_Zhmerynka
AIRFLOW_CTX_EXECUTION_DATE=2023-04-13T20:29:34.713243+00:00
AIRFLOW_CTX_TRY_NUMBER=1
AIRFLOW_CTX_DAG_RUN_ID=manual__2023-04-13T20:29:34.713243+00:00
[2023-04-13T20:29:46.443+0000] {logging_mixin.py:137} INFO - {'conf': <***.configuration.AirflowConfigParser object at 0xffffb3d9af10>, 'dag': <DAG: weather_dag>, 'dag_run': <DagRun weather_dag @ 2023-04-13 20:29:34.713243+00:00: manual__2023-04-13T20:29:34.713243+00:00, state:running, queued_at: 2023-04-13 20:29:34.735282+00:00. externally triggered: True>, 'data_interval_end': DateTime(2023, 4, 13, 20, 0, 0, tzinfo=Timezone('UTC')), 'data_interval_start': DateTime(2023, 4, 13, 19, 0, 0, tzinfo=Timezone('UTC')), 'ds': '2023-04-13', 'ds_nodash': '20230413', 'execution_date': <Proxy at 0xffffa193d320 with factory functools.partial(<function lazy_mapping_from_context.<locals>._deprecated_proxy_factory at 0xffffa1921f80>, 'execution_date', DateTime(2023, 4, 13, 20, 29, 34, 713243, tzinfo=Timezone('UTC')))>, 'expanded_ti_count': None, 'inlets': [], 'logical_date': DateTime(2023, 4, 13, 20, 29, 34, 713243, tzinfo=Timezone('UTC')), 'macros': <module '***.macros' from '/home/***/.local/lib/python3.7/site-packages/***/macros/__init__.py'>, 'next_ds': <Proxy at 0xffffa193d2d0 with factory functools.partial(<function lazy_mapping_from_context.<locals>._deprecated_proxy_factory at 0xffffa1921f80>, 'next_ds', '2023-04-13')>, 'next_ds_nodash': <Proxy at 0xffffa1974f00 with factory functools.partial(<function lazy_mapping_from_context.<locals>._deprecated_proxy_factory at 0xffffa1921f80>, 'next_ds_nodash', '20230413')>, 'next_execution_date': <Proxy at 0xffffa1974e60 with factory functools.partial(<function lazy_mapping_from_context.<locals>._deprecated_proxy_factory at 0xffffa1921f80>, 'next_execution_date', DateTime(2023, 4, 13, 20, 29, 34, 713243, tzinfo=Timezone('UTC')))>, 'outlets': [], 'params': {}, 'prev_data_interval_start_success': DateTime(2023, 4, 13, 19, 0, 0, tzinfo=Timezone('UTC')), 'prev_data_interval_end_success': DateTime(2023, 4, 13, 20, 0, 0, tzinfo=Timezone('UTC')), 'prev_ds': <Proxy at 0xffffa1977050 with factory functools.partial(<function lazy_mapping_from_context.<locals>._deprecated_proxy_factory at 0xffffa1921f80>, 'prev_ds', '2023-04-13')>, 'prev_ds_nodash': <Proxy at 0xffffa1977a50 with factory functools.partial(<function lazy_mapping_from_context.<locals>._deprecated_proxy_factory at 0xffffa1921f80>, 'prev_ds_nodash', '20230413')>, 'prev_execution_date': <Proxy at 0xffffa1981460 with factory functools.partial(<function lazy_mapping_from_context.<locals>._deprecated_proxy_factory at 0xffffa1921f80>, 'prev_execution_date', DateTime(2023, 4, 13, 20, 29, 34, 713243, tzinfo=Timezone('UTC')))>, 'prev_execution_date_success': <Proxy at 0xffffa1981910 with factory functools.partial(<function lazy_mapping_from_context.<locals>._deprecated_proxy_factory at 0xffffa1921f80>, 'prev_execution_date_success', DateTime(2023, 4, 13, 20, 28, 6, 904299, tzinfo=Timezone('UTC')))>, 'prev_start_date_success': DateTime(2023, 4, 13, 20, 28, 7, 879498, tzinfo=Timezone('UTC')), 'run_id': 'manual__2023-04-13T20:29:34.713243+00:00', 'task': <Task(PythonOperator): transform_data_Zhmerynka>, 'task_instance': <TaskInstance: weather_dag.transform_data_Zhmerynka manual__2023-04-13T20:29:34.713243+00:00 [running]>, 'task_instance_key_str': 'weather_dag__transform_data_Zhmerynka__20230413', 'test_mode': False, 'ti': <TaskInstance: weather_dag.transform_data_Zhmerynka manual__2023-04-13T20:29:34.713243+00:00 [running]>, 'tomorrow_ds': <Proxy at 0xffffa19813c0 with factory functools.partial(<function lazy_mapping_from_context.<locals>._deprecated_proxy_factory at 0xffffa1921f80>, 'tomorrow_ds', '2023-04-14')>, 'tomorrow_ds_nodash': <Proxy at 0xffffa192caf0 with factory functools.partial(<function lazy_mapping_from_context.<locals>._deprecated_proxy_factory at 0xffffa1921f80>, 'tomorrow_ds_nodash', '20230414')>, 'triggering_dataset_events': <Proxy at 0xffffa1968fa0 with factory <function TaskInstance.get_template_context.<locals>.get_triggering_events at 0xffffa1978290>>, 'ts': '2023-04-13T20:29:34.713243+00:00', 'ts_nodash': '20230413T202934', 'ts_nodash_with_tz': '20230413T202934.713243+0000', 'var': {'json': None, 'value': None}, 'conn': None, 'yesterday_ds': <Proxy at 0xffffa192ca00 with factory functools.partial(<function lazy_mapping_from_context.<locals>._deprecated_proxy_factory at 0xffffa1921f80>, 'yesterday_ds', '2023-04-12')>, 'yesterday_ds_nodash': <Proxy at 0xffffa192c730 with factory functools.partial(<function lazy_mapping_from_context.<locals>._deprecated_proxy_factory at 0xffffa1921f80>, 'yesterday_ds_nodash', '20230412')>, 'templates_dict': None}
[2023-04-13T20:29:46.530+0000] {python.py:177} INFO - Done. Returned value was: (1681417779, 281.24, 89, 'overcast clouds', 1.61)
[2023-04-13T20:29:46.670+0000] {taskinstance.py:1332} INFO - Marking task as SUCCESS. dag_id=weather_dag, task_id=transform_data_Zhmerynka, execution_date=20230413T202934, start_date=20230413T202945, end_date=20230413T202946
[2023-04-13T20:29:46.879+0000] {local_task_job.py:212} INFO - Task exited with return code 0
[2023-04-13T20:29:46.959+0000] {taskinstance.py:2596} INFO - 1 downstream tasks scheduled from follow-on schedule check
