[2023-04-14T01:08:30.863+0000] {taskinstance.py:1090} INFO - Dependencies all met for dep_context=non-requeueable deps ti=<TaskInstance: weather_dag.retrieve_weather_data_Zhmerynka scheduled__2023-04-14T00:00:00+00:00 [queued]>
[2023-04-14T01:08:30.889+0000] {taskinstance.py:1090} INFO - Dependencies all met for dep_context=requeueable deps ti=<TaskInstance: weather_dag.retrieve_weather_data_Zhmerynka scheduled__2023-04-14T00:00:00+00:00 [queued]>
[2023-04-14T01:08:30.891+0000] {taskinstance.py:1288} INFO - 
--------------------------------------------------------------------------------
[2023-04-14T01:08:30.892+0000] {taskinstance.py:1289} INFO - Starting attempt 1 of 1
[2023-04-14T01:08:30.893+0000] {taskinstance.py:1290} INFO - 
--------------------------------------------------------------------------------
[2023-04-14T01:08:30.911+0000] {taskinstance.py:1309} INFO - Executing <Task(SimpleHttpOperator): retrieve_weather_data_Zhmerynka> on 2023-04-14 00:00:00+00:00
[2023-04-14T01:08:30.928+0000] {standard_task_runner.py:55} INFO - Started process 7455 to run task
[2023-04-14T01:08:30.943+0000] {standard_task_runner.py:82} INFO - Running: ['***', 'tasks', 'run', 'weather_dag', 'retrieve_weather_data_Zhmerynka', 'scheduled__2023-04-14T00:00:00+00:00', '--job-id', '414', '--raw', '--subdir', 'DAGS_FOLDER/weather_dag.py', '--cfg-path', '/tmp/tmpgfe6jrh5']
[2023-04-14T01:08:30.945+0000] {standard_task_runner.py:83} INFO - Job 414: Subtask retrieve_weather_data_Zhmerynka
[2023-04-14T01:08:31.086+0000] {task_command.py:389} INFO - Running <TaskInstance: weather_dag.retrieve_weather_data_Zhmerynka scheduled__2023-04-14T00:00:00+00:00 [running]> on host ffea11fb791c
[2023-04-14T01:08:31.203+0000] {taskinstance.py:1518} INFO - Exporting the following env vars:
AIRFLOW_CTX_DAG_OWNER=***
AIRFLOW_CTX_DAG_ID=weather_dag
AIRFLOW_CTX_TASK_ID=retrieve_weather_data_Zhmerynka
AIRFLOW_CTX_EXECUTION_DATE=2023-04-14T00:00:00+00:00
AIRFLOW_CTX_TRY_NUMBER=1
AIRFLOW_CTX_DAG_RUN_ID=scheduled__2023-04-14T00:00:00+00:00
[2023-04-14T01:08:31.210+0000] {http.py:123} INFO - Calling HTTP method
[2023-04-14T01:08:31.228+0000] {base.py:73} INFO - Using connection ID 'weather_http_api' for task execution.
[2023-04-14T01:08:32.535+0000] {http.py:127} INFO - {"coord":{"lon":28.112,"lat":49.037},"weather":[{"id":804,"main":"Clouds","description":"overcast clouds","icon":"04n"}],"base":"stations","main":{"temp":281.09,"feels_like":280.38,"temp_min":281.09,"temp_max":281.09,"pressure":1009,"humidity":90,"sea_level":1009,"grnd_level":972},"visibility":10000,"wind":{"speed":1.56,"deg":12,"gust":1.61},"clouds":{"all":100},"dt":1681435457,"sys":{"country":"UA","sunrise":1681442349,"sunset":1681491378},"timezone":10800,"id":687116,"name":"Zhmerynka","cod":200}
[2023-04-14T01:08:32.576+0000] {taskinstance.py:1332} INFO - Marking task as SUCCESS. dag_id=weather_dag, task_id=retrieve_weather_data_Zhmerynka, execution_date=20230414T000000, start_date=20230414T010830, end_date=20230414T010832
[2023-04-14T01:08:35.830+0000] {local_task_job.py:212} INFO - Task exited with return code 0
[2023-04-14T01:08:36.825+0000] {taskinstance.py:2596} INFO - 1 downstream tasks scheduled from follow-on schedule check
