[2023-04-14T06:24:41.855+0000] {taskinstance.py:1090} INFO - Dependencies all met for dep_context=non-requeueable deps ti=<TaskInstance: weather_dag.transform_data_Kyiv manual__2023-04-14T06:24:32.426204+00:00 [queued]>
[2023-04-14T06:24:41.900+0000] {taskinstance.py:1090} INFO - Dependencies all met for dep_context=requeueable deps ti=<TaskInstance: weather_dag.transform_data_Kyiv manual__2023-04-14T06:24:32.426204+00:00 [queued]>
[2023-04-14T06:24:41.902+0000] {taskinstance.py:1288} INFO - 
--------------------------------------------------------------------------------
[2023-04-14T06:24:41.903+0000] {taskinstance.py:1289} INFO - Starting attempt 1 of 1
[2023-04-14T06:24:41.905+0000] {taskinstance.py:1290} INFO - 
--------------------------------------------------------------------------------
[2023-04-14T06:24:41.953+0000] {taskinstance.py:1309} INFO - Executing <Task(PythonOperator): transform_data_Kyiv> on 2023-04-14 06:24:32.426204+00:00
[2023-04-14T06:24:41.961+0000] {standard_task_runner.py:55} INFO - Started process 7696 to run task
[2023-04-14T06:24:41.980+0000] {standard_task_runner.py:82} INFO - Running: ['***', 'tasks', 'run', 'weather_dag', 'transform_data_Kyiv', 'manual__2023-04-14T06:24:32.426204+00:00', '--job-id', '495', '--raw', '--subdir', 'DAGS_FOLDER/weather_dag.py', '--cfg-path', '/tmp/tmpcl4sfpps']
[2023-04-14T06:24:41.985+0000] {standard_task_runner.py:83} INFO - Job 495: Subtask transform_data_Kyiv
[2023-04-14T06:24:42.091+0000] {task_command.py:389} INFO - Running <TaskInstance: weather_dag.transform_data_Kyiv manual__2023-04-14T06:24:32.426204+00:00 [running]> on host ffea11fb791c
[2023-04-14T06:24:42.186+0000] {taskinstance.py:1518} INFO - Exporting the following env vars:
AIRFLOW_CTX_DAG_OWNER=***
AIRFLOW_CTX_DAG_ID=weather_dag
AIRFLOW_CTX_TASK_ID=transform_data_Kyiv
AIRFLOW_CTX_EXECUTION_DATE=2023-04-14T06:24:32.426204+00:00
AIRFLOW_CTX_TRY_NUMBER=1
AIRFLOW_CTX_DAG_RUN_ID=manual__2023-04-14T06:24:32.426204+00:00
[2023-04-14T06:24:42.189+0000] {logging_mixin.py:137} INFO - {'conf': <***.configuration.AirflowConfigParser object at 0xffffb3d9af10>, 'dag': <DAG: weather_dag>, 'dag_run': <DagRun weather_dag @ 2023-04-14 06:24:32.426204+00:00: manual__2023-04-14T06:24:32.426204+00:00, state:running, queued_at: 2023-04-14 06:24:32.448286+00:00. externally triggered: True>, 'data_interval_end': DateTime(2023, 4, 14, 6, 0, 0, tzinfo=Timezone('UTC')), 'data_interval_start': DateTime(2023, 4, 14, 5, 0, 0, tzinfo=Timezone('UTC')), 'ds': '2023-04-14', 'ds_nodash': '20230414', 'execution_date': <Proxy at 0xffffa198bd70 with factory functools.partial(<function lazy_mapping_from_context.<locals>._deprecated_proxy_factory at 0xffffa198fdd0>, 'execution_date', DateTime(2023, 4, 14, 6, 24, 32, 426204, tzinfo=Timezone('UTC')))>, 'expanded_ti_count': None, 'inlets': [], 'logical_date': DateTime(2023, 4, 14, 6, 24, 32, 426204, tzinfo=Timezone('UTC')), 'macros': <module '***.macros' from '/home/***/.local/lib/python3.7/site-packages/***/macros/__init__.py'>, 'next_ds': <Proxy at 0xffffa198be10 with factory functools.partial(<function lazy_mapping_from_context.<locals>._deprecated_proxy_factory at 0xffffa198fdd0>, 'next_ds', '2023-04-14')>, 'next_ds_nodash': <Proxy at 0xffffa198bdc0 with factory functools.partial(<function lazy_mapping_from_context.<locals>._deprecated_proxy_factory at 0xffffa198fdd0>, 'next_ds_nodash', '20230414')>, 'next_execution_date': <Proxy at 0xffffa1a48aa0 with factory functools.partial(<function lazy_mapping_from_context.<locals>._deprecated_proxy_factory at 0xffffa198fdd0>, 'next_execution_date', DateTime(2023, 4, 14, 6, 24, 32, 426204, tzinfo=Timezone('UTC')))>, 'outlets': [], 'params': {}, 'prev_data_interval_start_success': DateTime(2023, 4, 14, 5, 0, 0, tzinfo=Timezone('UTC')), 'prev_data_interval_end_success': DateTime(2023, 4, 14, 6, 0, 0, tzinfo=Timezone('UTC')), 'prev_ds': <Proxy at 0xffffa1a48a00 with factory functools.partial(<function lazy_mapping_from_context.<locals>._deprecated_proxy_factory at 0xffffa198fdd0>, 'prev_ds', '2023-04-14')>, 'prev_ds_nodash': <Proxy at 0xffffa1a405f0 with factory functools.partial(<function lazy_mapping_from_context.<locals>._deprecated_proxy_factory at 0xffffa198fdd0>, 'prev_ds_nodash', '20230414')>, 'prev_execution_date': <Proxy at 0xffffa1a52f00 with factory functools.partial(<function lazy_mapping_from_context.<locals>._deprecated_proxy_factory at 0xffffa198fdd0>, 'prev_execution_date', DateTime(2023, 4, 14, 6, 24, 32, 426204, tzinfo=Timezone('UTC')))>, 'prev_execution_date_success': <Proxy at 0xffffa1a52e60 with factory functools.partial(<function lazy_mapping_from_context.<locals>._deprecated_proxy_factory at 0xffffa198fdd0>, 'prev_execution_date_success', DateTime(2023, 4, 14, 5, 0, 0, tzinfo=Timezone('UTC')))>, 'prev_start_date_success': DateTime(2023, 4, 14, 6, 23, 17, 941983, tzinfo=Timezone('UTC')), 'run_id': 'manual__2023-04-14T06:24:32.426204+00:00', 'task': <Task(PythonOperator): transform_data_Kyiv>, 'task_instance': <TaskInstance: weather_dag.transform_data_Kyiv manual__2023-04-14T06:24:32.426204+00:00 [running]>, 'task_instance_key_str': 'weather_dag__transform_data_Kyiv__20230414', 'test_mode': False, 'ti': <TaskInstance: weather_dag.transform_data_Kyiv manual__2023-04-14T06:24:32.426204+00:00 [running]>, 'tomorrow_ds': <Proxy at 0xffffa197c5f0 with factory functools.partial(<function lazy_mapping_from_context.<locals>._deprecated_proxy_factory at 0xffffa198fdd0>, 'tomorrow_ds', '2023-04-15')>, 'tomorrow_ds_nodash': <Proxy at 0xffffa197cfa0 with factory functools.partial(<function lazy_mapping_from_context.<locals>._deprecated_proxy_factory at 0xffffa198fdd0>, 'tomorrow_ds_nodash', '20230415')>, 'triggering_dataset_events': <Proxy at 0xffffa1a3bb40 with factory <function TaskInstance.get_template_context.<locals>.get_triggering_events at 0xffffa1a2f320>>, 'ts': '2023-04-14T06:24:32.426204+00:00', 'ts_nodash': '20230414T062432', 'ts_nodash_with_tz': '20230414T062432.426204+0000', 'var': {'json': None, 'value': None}, 'conn': None, 'yesterday_ds': <Proxy at 0xffffa197c500 with factory functools.partial(<function lazy_mapping_from_context.<locals>._deprecated_proxy_factory at 0xffffa198fdd0>, 'yesterday_ds', '2023-04-13')>, 'yesterday_ds_nodash': <Proxy at 0xffffa197c230 with factory functools.partial(<function lazy_mapping_from_context.<locals>._deprecated_proxy_factory at 0xffffa198fdd0>, 'yesterday_ds_nodash', '20230413')>, 'templates_dict': None}
[2023-04-14T06:24:42.204+0000] {python.py:177} INFO - Done. Returned value was: (1681453007, 282.06, 81, 'light rain', 0.45)
[2023-04-14T06:24:42.236+0000] {taskinstance.py:1332} INFO - Marking task as SUCCESS. dag_id=weather_dag, task_id=transform_data_Kyiv, execution_date=20230414T062432, start_date=20230414T062441, end_date=20230414T062442
[2023-04-14T06:24:42.312+0000] {local_task_job.py:212} INFO - Task exited with return code 0
[2023-04-14T06:24:42.350+0000] {taskinstance.py:2596} INFO - 1 downstream tasks scheduled from follow-on schedule check
