[2023-04-06T13:46:37.195+0000] {processor.py:153} INFO - Started process (PID=73) to work on /home/airflow/.local/lib/python3.7/site-packages/airflow/example_dags/example_python_operator.py
[2023-04-06T13:46:37.200+0000] {processor.py:743} INFO - Processing file /home/airflow/.local/lib/python3.7/site-packages/airflow/example_dags/example_python_operator.py for tasks to queue
[2023-04-06T13:46:37.204+0000] {logging_mixin.py:137} INFO - [2023-04-06T13:46:37.203+0000] {dagbag.py:532} INFO - Filling up the DagBag from /home/airflow/.local/lib/python3.7/site-packages/airflow/example_dags/example_python_operator.py
[2023-04-06T13:46:37.255+0000] {logging_mixin.py:137} INFO - [2023-04-06T13:46:37.255+0000] {taskmixin.py:211} WARNING - Dependency <Task(_PythonDecoratedOperator): print_the_context>, log_sql_query already registered for DAG: example_python_operator
[2023-04-06T13:46:37.259+0000] {logging_mixin.py:137} INFO - [2023-04-06T13:46:37.259+0000] {taskmixin.py:211} WARNING - Dependency <Task(_PythonDecoratedOperator): log_sql_query>, print_the_context already registered for DAG: example_python_operator
[2023-04-06T13:46:37.264+0000] {logging_mixin.py:137} INFO - [2023-04-06T13:46:37.264+0000] {taskmixin.py:211} WARNING - Dependency <Task(_PythonDecoratedOperator): print_the_context>, log_sql_query already registered for DAG: example_python_operator
[2023-04-06T13:46:37.268+0000] {logging_mixin.py:137} INFO - [2023-04-06T13:46:37.267+0000] {taskmixin.py:211} WARNING - Dependency <Task(_PythonDecoratedOperator): log_sql_query>, print_the_context already registered for DAG: example_python_operator
[2023-04-06T13:46:37.273+0000] {logging_mixin.py:137} INFO - [2023-04-06T13:46:37.273+0000] {taskmixin.py:211} WARNING - Dependency <Task(_PythonDecoratedOperator): print_the_context>, log_sql_query already registered for DAG: example_python_operator
[2023-04-06T13:46:37.278+0000] {logging_mixin.py:137} INFO - [2023-04-06T13:46:37.277+0000] {taskmixin.py:211} WARNING - Dependency <Task(_PythonDecoratedOperator): log_sql_query>, print_the_context already registered for DAG: example_python_operator
[2023-04-06T13:46:37.286+0000] {logging_mixin.py:137} INFO - [2023-04-06T13:46:37.285+0000] {taskmixin.py:211} WARNING - Dependency <Task(_PythonDecoratedOperator): print_the_context>, log_sql_query already registered for DAG: example_python_operator
[2023-04-06T13:46:37.291+0000] {logging_mixin.py:137} INFO - [2023-04-06T13:46:37.290+0000] {taskmixin.py:211} WARNING - Dependency <Task(_PythonDecoratedOperator): log_sql_query>, print_the_context already registered for DAG: example_python_operator
[2023-04-06T13:46:37.313+0000] {processor.py:753} INFO - DAG(s) dict_keys(['example_python_operator']) retrieved from /home/airflow/.local/lib/python3.7/site-packages/airflow/example_dags/example_python_operator.py
[2023-04-06T13:46:37.613+0000] {logging_mixin.py:137} INFO - [2023-04-06T13:46:37.613+0000] {manager.py:504} INFO - Created Permission View: can edit on DAG:example_python_operator
[2023-04-06T13:46:37.661+0000] {logging_mixin.py:137} INFO - [2023-04-06T13:46:37.660+0000] {manager.py:504} INFO - Created Permission View: can delete on DAG:example_python_operator
[2023-04-06T13:46:37.696+0000] {logging_mixin.py:137} INFO - [2023-04-06T13:46:37.695+0000] {manager.py:504} INFO - Created Permission View: can read on DAG:example_python_operator
[2023-04-06T13:46:37.701+0000] {logging_mixin.py:137} INFO - [2023-04-06T13:46:37.699+0000] {dag.py:2705} INFO - Sync 1 DAGs
[2023-04-06T13:46:37.766+0000] {logging_mixin.py:137} INFO - [2023-04-06T13:46:37.765+0000] {dag.py:2726} INFO - Creating ORM DAG for example_python_operator
[2023-04-06T13:46:37.815+0000] {logging_mixin.py:137} INFO - [2023-04-06T13:46:37.815+0000] {dag.py:3456} INFO - Setting next_dagrun for example_python_operator to None, run_after=None
[2023-04-06T13:46:37.899+0000] {processor.py:175} INFO - Processing /home/airflow/.local/lib/python3.7/site-packages/airflow/example_dags/example_python_operator.py took 0.712 seconds
[2023-04-06T13:47:08.272+0000] {processor.py:153} INFO - Started process (PID=124) to work on /home/airflow/.local/lib/python3.7/site-packages/airflow/example_dags/example_python_operator.py
[2023-04-06T13:47:08.275+0000] {processor.py:743} INFO - Processing file /home/airflow/.local/lib/python3.7/site-packages/airflow/example_dags/example_python_operator.py for tasks to queue
[2023-04-06T13:47:08.278+0000] {logging_mixin.py:137} INFO - [2023-04-06T13:47:08.278+0000] {dagbag.py:532} INFO - Filling up the DagBag from /home/airflow/.local/lib/python3.7/site-packages/airflow/example_dags/example_python_operator.py
[2023-04-06T13:47:08.303+0000] {logging_mixin.py:137} INFO - [2023-04-06T13:47:08.302+0000] {taskmixin.py:211} WARNING - Dependency <Task(_PythonDecoratedOperator): print_the_context>, log_sql_query already registered for DAG: example_python_operator
[2023-04-06T13:47:08.305+0000] {logging_mixin.py:137} INFO - [2023-04-06T13:47:08.305+0000] {taskmixin.py:211} WARNING - Dependency <Task(_PythonDecoratedOperator): log_sql_query>, print_the_context already registered for DAG: example_python_operator
[2023-04-06T13:47:08.308+0000] {logging_mixin.py:137} INFO - [2023-04-06T13:47:08.308+0000] {taskmixin.py:211} WARNING - Dependency <Task(_PythonDecoratedOperator): print_the_context>, log_sql_query already registered for DAG: example_python_operator
[2023-04-06T13:47:08.310+0000] {logging_mixin.py:137} INFO - [2023-04-06T13:47:08.310+0000] {taskmixin.py:211} WARNING - Dependency <Task(_PythonDecoratedOperator): log_sql_query>, print_the_context already registered for DAG: example_python_operator
[2023-04-06T13:47:08.314+0000] {logging_mixin.py:137} INFO - [2023-04-06T13:47:08.314+0000] {taskmixin.py:211} WARNING - Dependency <Task(_PythonDecoratedOperator): print_the_context>, log_sql_query already registered for DAG: example_python_operator
[2023-04-06T13:47:08.317+0000] {logging_mixin.py:137} INFO - [2023-04-06T13:47:08.315+0000] {taskmixin.py:211} WARNING - Dependency <Task(_PythonDecoratedOperator): log_sql_query>, print_the_context already registered for DAG: example_python_operator
[2023-04-06T13:47:08.320+0000] {logging_mixin.py:137} INFO - [2023-04-06T13:47:08.320+0000] {taskmixin.py:211} WARNING - Dependency <Task(_PythonDecoratedOperator): print_the_context>, log_sql_query already registered for DAG: example_python_operator
[2023-04-06T13:47:08.322+0000] {logging_mixin.py:137} INFO - [2023-04-06T13:47:08.322+0000] {taskmixin.py:211} WARNING - Dependency <Task(_PythonDecoratedOperator): log_sql_query>, print_the_context already registered for DAG: example_python_operator
[2023-04-06T13:47:08.339+0000] {processor.py:753} INFO - DAG(s) dict_keys(['example_python_operator']) retrieved from /home/airflow/.local/lib/python3.7/site-packages/airflow/example_dags/example_python_operator.py
[2023-04-06T13:47:08.403+0000] {logging_mixin.py:137} INFO - [2023-04-06T13:47:08.403+0000] {dag.py:2705} INFO - Sync 1 DAGs
[2023-04-06T13:47:08.446+0000] {logging_mixin.py:137} INFO - [2023-04-06T13:47:08.445+0000] {dag.py:3456} INFO - Setting next_dagrun for example_python_operator to None, run_after=None
[2023-04-06T13:47:08.478+0000] {processor.py:175} INFO - Processing /home/airflow/.local/lib/python3.7/site-packages/airflow/example_dags/example_python_operator.py took 0.212 seconds
