[2023-04-06T13:46:25.197+0000] {processor.py:153} INFO - Started process (PID=52) to work on /home/airflow/.local/lib/python3.7/site-packages/airflow/example_dags/example_subdag_operator.py
[2023-04-06T13:46:25.209+0000] {processor.py:743} INFO - Processing file /home/airflow/.local/lib/python3.7/site-packages/airflow/example_dags/example_subdag_operator.py for tasks to queue
[2023-04-06T13:46:25.217+0000] {logging_mixin.py:137} INFO - [2023-04-06T13:46:25.216+0000] {dagbag.py:532} INFO - Filling up the DagBag from /home/airflow/.local/lib/python3.7/site-packages/airflow/example_dags/example_subdag_operator.py
[2023-04-06T13:46:25.471+0000] {processor.py:753} INFO - DAG(s) dict_keys(['example_subdag_operator.section-1', 'example_subdag_operator.section-2', 'example_subdag_operator']) retrieved from /home/airflow/.local/lib/python3.7/site-packages/airflow/example_dags/example_subdag_operator.py
[2023-04-06T13:46:26.193+0000] {logging_mixin.py:137} INFO - [2023-04-06T13:46:26.193+0000] {manager.py:504} INFO - Created Permission View: can edit on DAG:example_subdag_operator
[2023-04-06T13:46:26.234+0000] {logging_mixin.py:137} INFO - [2023-04-06T13:46:26.233+0000] {manager.py:504} INFO - Created Permission View: can delete on DAG:example_subdag_operator
[2023-04-06T13:46:26.274+0000] {logging_mixin.py:137} INFO - [2023-04-06T13:46:26.274+0000] {manager.py:504} INFO - Created Permission View: can read on DAG:example_subdag_operator
[2023-04-06T13:46:26.279+0000] {logging_mixin.py:137} INFO - [2023-04-06T13:46:26.277+0000] {dag.py:2705} INFO - Sync 3 DAGs
[2023-04-06T13:46:26.357+0000] {logging_mixin.py:137} INFO - [2023-04-06T13:46:26.357+0000] {dag.py:2726} INFO - Creating ORM DAG for example_subdag_operator.section-1
[2023-04-06T13:46:26.365+0000] {logging_mixin.py:137} INFO - [2023-04-06T13:46:26.364+0000] {dag.py:2726} INFO - Creating ORM DAG for example_subdag_operator.section-2
[2023-04-06T13:46:26.369+0000] {logging_mixin.py:137} INFO - [2023-04-06T13:46:26.368+0000] {dag.py:2726} INFO - Creating ORM DAG for example_subdag_operator
[2023-04-06T13:46:26.461+0000] {logging_mixin.py:137} INFO - [2023-04-06T13:46:26.461+0000] {dag.py:3456} INFO - Setting next_dagrun for example_subdag_operator to 2022-01-01T00:00:00+00:00, run_after=2022-01-01T00:00:00+00:00
[2023-04-06T13:46:26.466+0000] {logging_mixin.py:137} INFO - [2023-04-06T13:46:26.466+0000] {dag.py:3456} INFO - Setting next_dagrun for example_subdag_operator.section-1 to None, run_after=None
[2023-04-06T13:46:26.470+0000] {logging_mixin.py:137} INFO - [2023-04-06T13:46:26.469+0000] {dag.py:3456} INFO - Setting next_dagrun for example_subdag_operator.section-2 to None, run_after=None
[2023-04-06T13:46:26.561+0000] {logging_mixin.py:137} INFO - [2023-04-06T13:46:26.560+0000] {dag.py:2705} INFO - Sync 2 DAGs
[2023-04-06T13:46:26.635+0000] {logging_mixin.py:137} INFO - [2023-04-06T13:46:26.634+0000] {dag.py:3456} INFO - Setting next_dagrun for example_subdag_operator.section-1 to None, run_after=None
[2023-04-06T13:46:26.662+0000] {logging_mixin.py:137} INFO - [2023-04-06T13:46:26.662+0000] {dag.py:3456} INFO - Setting next_dagrun for example_subdag_operator.section-2 to None, run_after=None
[2023-04-06T13:46:26.722+0000] {processor.py:175} INFO - Processing /home/airflow/.local/lib/python3.7/site-packages/airflow/example_dags/example_subdag_operator.py took 1.547 seconds
[2023-04-06T13:47:00.474+0000] {processor.py:153} INFO - Started process (PID=103) to work on /home/airflow/.local/lib/python3.7/site-packages/airflow/example_dags/example_subdag_operator.py
[2023-04-06T13:47:00.481+0000] {processor.py:743} INFO - Processing file /home/airflow/.local/lib/python3.7/site-packages/airflow/example_dags/example_subdag_operator.py for tasks to queue
[2023-04-06T13:47:00.487+0000] {logging_mixin.py:137} INFO - [2023-04-06T13:47:00.487+0000] {dagbag.py:532} INFO - Filling up the DagBag from /home/airflow/.local/lib/python3.7/site-packages/airflow/example_dags/example_subdag_operator.py
[2023-04-06T13:47:00.640+0000] {processor.py:753} INFO - DAG(s) dict_keys(['example_subdag_operator.section-1', 'example_subdag_operator.section-2', 'example_subdag_operator']) retrieved from /home/airflow/.local/lib/python3.7/site-packages/airflow/example_dags/example_subdag_operator.py
[2023-04-06T13:47:00.745+0000] {logging_mixin.py:137} INFO - [2023-04-06T13:47:00.745+0000] {dag.py:2705} INFO - Sync 3 DAGs
[2023-04-06T13:47:00.952+0000] {logging_mixin.py:137} INFO - [2023-04-06T13:47:00.951+0000] {dag.py:3456} INFO - Setting next_dagrun for example_subdag_operator to 2022-01-01T00:00:00+00:00, run_after=2022-01-01T00:00:00+00:00
[2023-04-06T13:47:00.975+0000] {logging_mixin.py:137} INFO - [2023-04-06T13:47:00.974+0000] {dag.py:3456} INFO - Setting next_dagrun for example_subdag_operator.section-1 to None, run_after=None
[2023-04-06T13:47:00.988+0000] {logging_mixin.py:137} INFO - [2023-04-06T13:47:00.985+0000] {dag.py:3456} INFO - Setting next_dagrun for example_subdag_operator.section-2 to None, run_after=None
[2023-04-06T13:47:01.022+0000] {logging_mixin.py:137} INFO - [2023-04-06T13:47:01.022+0000] {dag.py:2705} INFO - Sync 2 DAGs
[2023-04-06T13:47:01.057+0000] {logging_mixin.py:137} INFO - [2023-04-06T13:47:01.055+0000] {dag.py:3456} INFO - Setting next_dagrun for example_subdag_operator.section-1 to None, run_after=None
[2023-04-06T13:47:01.061+0000] {logging_mixin.py:137} INFO - [2023-04-06T13:47:01.060+0000] {dag.py:3456} INFO - Setting next_dagrun for example_subdag_operator.section-2 to None, run_after=None
[2023-04-06T13:47:01.118+0000] {processor.py:175} INFO - Processing /home/airflow/.local/lib/python3.7/site-packages/airflow/example_dags/example_subdag_operator.py took 0.655 seconds
