[2023-04-06T13:46:35.470+0000] {processor.py:153} INFO - Started process (PID=68) to work on /home/airflow/.local/lib/python3.7/site-packages/airflow/example_dags/example_branch_datetime_operator.py
[2023-04-06T13:46:35.476+0000] {processor.py:743} INFO - Processing file /home/airflow/.local/lib/python3.7/site-packages/airflow/example_dags/example_branch_datetime_operator.py for tasks to queue
[2023-04-06T13:46:35.481+0000] {logging_mixin.py:137} INFO - [2023-04-06T13:46:35.481+0000] {dagbag.py:532} INFO - Filling up the DagBag from /home/airflow/.local/lib/python3.7/site-packages/airflow/example_dags/example_branch_datetime_operator.py
[2023-04-06T13:46:35.546+0000] {processor.py:753} INFO - DAG(s) dict_keys(['example_branch_datetime_operator', 'example_branch_datetime_operator_2', 'example_branch_datetime_operator_3']) retrieved from /home/airflow/.local/lib/python3.7/site-packages/airflow/example_dags/example_branch_datetime_operator.py
[2023-04-06T13:46:35.872+0000] {logging_mixin.py:137} INFO - [2023-04-06T13:46:35.872+0000] {manager.py:504} INFO - Created Permission View: can edit on DAG:example_branch_datetime_operator
[2023-04-06T13:46:35.903+0000] {logging_mixin.py:137} INFO - [2023-04-06T13:46:35.902+0000] {manager.py:504} INFO - Created Permission View: can delete on DAG:example_branch_datetime_operator
[2023-04-06T13:46:35.924+0000] {logging_mixin.py:137} INFO - [2023-04-06T13:46:35.923+0000] {manager.py:504} INFO - Created Permission View: can read on DAG:example_branch_datetime_operator
[2023-04-06T13:46:35.959+0000] {logging_mixin.py:137} INFO - [2023-04-06T13:46:35.959+0000] {manager.py:504} INFO - Created Permission View: can edit on DAG:example_branch_datetime_operator_2
[2023-04-06T13:46:35.981+0000] {logging_mixin.py:137} INFO - [2023-04-06T13:46:35.981+0000] {manager.py:504} INFO - Created Permission View: can delete on DAG:example_branch_datetime_operator_2
[2023-04-06T13:46:36.002+0000] {logging_mixin.py:137} INFO - [2023-04-06T13:46:36.002+0000] {manager.py:504} INFO - Created Permission View: can read on DAG:example_branch_datetime_operator_2
[2023-04-06T13:46:36.039+0000] {logging_mixin.py:137} INFO - [2023-04-06T13:46:36.039+0000] {manager.py:504} INFO - Created Permission View: can edit on DAG:example_branch_datetime_operator_3
[2023-04-06T13:46:36.061+0000] {logging_mixin.py:137} INFO - [2023-04-06T13:46:36.061+0000] {manager.py:504} INFO - Created Permission View: can delete on DAG:example_branch_datetime_operator_3
[2023-04-06T13:46:36.084+0000] {logging_mixin.py:137} INFO - [2023-04-06T13:46:36.083+0000] {manager.py:504} INFO - Created Permission View: can read on DAG:example_branch_datetime_operator_3
[2023-04-06T13:46:36.088+0000] {logging_mixin.py:137} INFO - [2023-04-06T13:46:36.087+0000] {dag.py:2705} INFO - Sync 3 DAGs
[2023-04-06T13:46:36.122+0000] {logging_mixin.py:137} INFO - [2023-04-06T13:46:36.122+0000] {dag.py:2726} INFO - Creating ORM DAG for example_branch_datetime_operator_3
[2023-04-06T13:46:36.126+0000] {logging_mixin.py:137} INFO - [2023-04-06T13:46:36.126+0000] {dag.py:2726} INFO - Creating ORM DAG for example_branch_datetime_operator
[2023-04-06T13:46:36.130+0000] {logging_mixin.py:137} INFO - [2023-04-06T13:46:36.130+0000] {dag.py:2726} INFO - Creating ORM DAG for example_branch_datetime_operator_2
[2023-04-06T13:46:36.163+0000] {logging_mixin.py:137} INFO - [2023-04-06T13:46:36.162+0000] {dag.py:3456} INFO - Setting next_dagrun for example_branch_datetime_operator to 2023-04-05T00:00:00+00:00, run_after=2023-04-06T00:00:00+00:00
[2023-04-06T13:46:36.168+0000] {logging_mixin.py:137} INFO - [2023-04-06T13:46:36.168+0000] {dag.py:3456} INFO - Setting next_dagrun for example_branch_datetime_operator_2 to 2023-04-05T00:00:00+00:00, run_after=2023-04-06T00:00:00+00:00
[2023-04-06T13:46:36.175+0000] {logging_mixin.py:137} INFO - [2023-04-06T13:46:36.175+0000] {dag.py:3456} INFO - Setting next_dagrun for example_branch_datetime_operator_3 to 2023-04-05T00:00:00+00:00, run_after=2023-04-06T00:00:00+00:00
[2023-04-06T13:46:36.235+0000] {processor.py:175} INFO - Processing /home/airflow/.local/lib/python3.7/site-packages/airflow/example_dags/example_branch_datetime_operator.py took 0.772 seconds
[2023-04-06T13:47:06.407+0000] {processor.py:153} INFO - Started process (PID=119) to work on /home/airflow/.local/lib/python3.7/site-packages/airflow/example_dags/example_branch_datetime_operator.py
[2023-04-06T13:47:06.411+0000] {processor.py:743} INFO - Processing file /home/airflow/.local/lib/python3.7/site-packages/airflow/example_dags/example_branch_datetime_operator.py for tasks to queue
[2023-04-06T13:47:06.414+0000] {logging_mixin.py:137} INFO - [2023-04-06T13:47:06.414+0000] {dagbag.py:532} INFO - Filling up the DagBag from /home/airflow/.local/lib/python3.7/site-packages/airflow/example_dags/example_branch_datetime_operator.py
[2023-04-06T13:47:06.466+0000] {processor.py:753} INFO - DAG(s) dict_keys(['example_branch_datetime_operator', 'example_branch_datetime_operator_3', 'example_branch_datetime_operator_2']) retrieved from /home/airflow/.local/lib/python3.7/site-packages/airflow/example_dags/example_branch_datetime_operator.py
[2023-04-06T13:47:06.538+0000] {logging_mixin.py:137} INFO - [2023-04-06T13:47:06.538+0000] {dag.py:2705} INFO - Sync 3 DAGs
[2023-04-06T13:47:06.612+0000] {logging_mixin.py:137} INFO - [2023-04-06T13:47:06.612+0000] {dag.py:3456} INFO - Setting next_dagrun for example_branch_datetime_operator to 2023-04-05T00:00:00+00:00, run_after=2023-04-06T00:00:00+00:00
[2023-04-06T13:47:06.627+0000] {logging_mixin.py:137} INFO - [2023-04-06T13:47:06.627+0000] {dag.py:3456} INFO - Setting next_dagrun for example_branch_datetime_operator_2 to 2023-04-05T00:00:00+00:00, run_after=2023-04-06T00:00:00+00:00
[2023-04-06T13:47:06.636+0000] {logging_mixin.py:137} INFO - [2023-04-06T13:47:06.636+0000] {dag.py:3456} INFO - Setting next_dagrun for example_branch_datetime_operator_3 to 2023-04-05T00:00:00+00:00, run_after=2023-04-06T00:00:00+00:00
[2023-04-06T13:47:06.675+0000] {processor.py:175} INFO - Processing /home/airflow/.local/lib/python3.7/site-packages/airflow/example_dags/example_branch_datetime_operator.py took 0.279 seconds
