[2023-04-06T13:46:30.390+0000] {processor.py:153} INFO - Started process (PID=57) to work on /home/airflow/.local/lib/python3.7/site-packages/airflow/example_dags/example_dag_decorator.py
[2023-04-06T13:46:30.395+0000] {processor.py:743} INFO - Processing file /home/airflow/.local/lib/python3.7/site-packages/airflow/example_dags/example_dag_decorator.py for tasks to queue
[2023-04-06T13:46:30.399+0000] {logging_mixin.py:137} INFO - [2023-04-06T13:46:30.398+0000] {dagbag.py:532} INFO - Filling up the DagBag from /home/airflow/.local/lib/python3.7/site-packages/airflow/example_dags/example_dag_decorator.py
[2023-04-06T13:46:30.468+0000] {logging_mixin.py:137} INFO - [2023-04-06T13:46:30.468+0000] {taskmixin.py:211} WARNING - Dependency <Task(_PythonDecoratedOperator): prepare_email>, send_email already registered for DAG: example_dag_decorator
[2023-04-06T13:46:30.473+0000] {logging_mixin.py:137} INFO - [2023-04-06T13:46:30.473+0000] {taskmixin.py:211} WARNING - Dependency <Task(EmailOperator): send_email>, prepare_email already registered for DAG: example_dag_decorator
[2023-04-06T13:46:30.550+0000] {processor.py:753} INFO - DAG(s) dict_keys(['example_dag_decorator']) retrieved from /home/airflow/.local/lib/python3.7/site-packages/airflow/example_dags/example_dag_decorator.py
[2023-04-06T13:46:31.034+0000] {logging_mixin.py:137} INFO - [2023-04-06T13:46:31.033+0000] {manager.py:504} INFO - Created Permission View: can edit on DAG:example_dag_decorator
[2023-04-06T13:46:31.063+0000] {logging_mixin.py:137} INFO - [2023-04-06T13:46:31.063+0000] {manager.py:504} INFO - Created Permission View: can delete on DAG:example_dag_decorator
[2023-04-06T13:46:31.087+0000] {logging_mixin.py:137} INFO - [2023-04-06T13:46:31.087+0000] {manager.py:504} INFO - Created Permission View: can read on DAG:example_dag_decorator
[2023-04-06T13:46:31.092+0000] {logging_mixin.py:137} INFO - [2023-04-06T13:46:31.092+0000] {dag.py:2705} INFO - Sync 1 DAGs
[2023-04-06T13:46:31.168+0000] {logging_mixin.py:137} INFO - [2023-04-06T13:46:31.168+0000] {dag.py:2726} INFO - Creating ORM DAG for example_dag_decorator
[2023-04-06T13:46:31.248+0000] {logging_mixin.py:137} INFO - [2023-04-06T13:46:31.246+0000] {dag.py:3456} INFO - Setting next_dagrun for example_dag_decorator to None, run_after=None
[2023-04-06T13:46:31.386+0000] {processor.py:175} INFO - Processing /home/airflow/.local/lib/python3.7/site-packages/airflow/example_dags/example_dag_decorator.py took 1.010 seconds
[2023-04-06T13:47:02.217+0000] {processor.py:153} INFO - Started process (PID=108) to work on /home/airflow/.local/lib/python3.7/site-packages/airflow/example_dags/example_dag_decorator.py
[2023-04-06T13:47:02.222+0000] {processor.py:743} INFO - Processing file /home/airflow/.local/lib/python3.7/site-packages/airflow/example_dags/example_dag_decorator.py for tasks to queue
[2023-04-06T13:47:02.227+0000] {logging_mixin.py:137} INFO - [2023-04-06T13:47:02.226+0000] {dagbag.py:532} INFO - Filling up the DagBag from /home/airflow/.local/lib/python3.7/site-packages/airflow/example_dags/example_dag_decorator.py
[2023-04-06T13:47:02.283+0000] {logging_mixin.py:137} INFO - [2023-04-06T13:47:02.283+0000] {taskmixin.py:211} WARNING - Dependency <Task(_PythonDecoratedOperator): prepare_email>, send_email already registered for DAG: example_dag_decorator
[2023-04-06T13:47:02.287+0000] {logging_mixin.py:137} INFO - [2023-04-06T13:47:02.286+0000] {taskmixin.py:211} WARNING - Dependency <Task(EmailOperator): send_email>, prepare_email already registered for DAG: example_dag_decorator
[2023-04-06T13:47:02.327+0000] {processor.py:753} INFO - DAG(s) dict_keys(['example_dag_decorator']) retrieved from /home/airflow/.local/lib/python3.7/site-packages/airflow/example_dags/example_dag_decorator.py
[2023-04-06T13:47:02.565+0000] {logging_mixin.py:137} INFO - [2023-04-06T13:47:02.564+0000] {dag.py:2705} INFO - Sync 1 DAGs
[2023-04-06T13:47:02.661+0000] {logging_mixin.py:137} INFO - [2023-04-06T13:47:02.661+0000] {dag.py:3456} INFO - Setting next_dagrun for example_dag_decorator to None, run_after=None
[2023-04-06T13:47:02.728+0000] {processor.py:175} INFO - Processing /home/airflow/.local/lib/python3.7/site-packages/airflow/example_dags/example_dag_decorator.py took 0.518 seconds
