[2023-04-06T13:46:24.980+0000] {processor.py:153} INFO - Started process (PID=51) to work on /home/airflow/.local/lib/python3.7/site-packages/airflow/example_dags/example_complex.py
[2023-04-06T13:46:24.988+0000] {processor.py:743} INFO - Processing file /home/airflow/.local/lib/python3.7/site-packages/airflow/example_dags/example_complex.py for tasks to queue
[2023-04-06T13:46:24.997+0000] {logging_mixin.py:137} INFO - [2023-04-06T13:46:24.995+0000] {dagbag.py:532} INFO - Filling up the DagBag from /home/airflow/.local/lib/python3.7/site-packages/airflow/example_dags/example_complex.py
[2023-04-06T13:46:25.102+0000] {logging_mixin.py:137} INFO - [2023-04-06T13:46:25.101+0000] {taskmixin.py:211} WARNING - Dependency <Task(BashOperator): create_entry_group>, delete_entry_group already registered for DAG: example_complex
[2023-04-06T13:46:25.108+0000] {logging_mixin.py:137} INFO - [2023-04-06T13:46:25.106+0000] {taskmixin.py:211} WARNING - Dependency <Task(BashOperator): delete_entry_group>, create_entry_group already registered for DAG: example_complex
[2023-04-06T13:46:25.115+0000] {logging_mixin.py:137} INFO - [2023-04-06T13:46:25.114+0000] {taskmixin.py:211} WARNING - Dependency <Task(BashOperator): create_entry_gcs>, delete_entry already registered for DAG: example_complex
[2023-04-06T13:46:25.121+0000] {logging_mixin.py:137} INFO - [2023-04-06T13:46:25.120+0000] {taskmixin.py:211} WARNING - Dependency <Task(BashOperator): delete_entry>, create_entry_gcs already registered for DAG: example_complex
[2023-04-06T13:46:25.134+0000] {logging_mixin.py:137} INFO - [2023-04-06T13:46:25.130+0000] {taskmixin.py:211} WARNING - Dependency <Task(BashOperator): create_tag>, delete_tag already registered for DAG: example_complex
[2023-04-06T13:46:25.142+0000] {logging_mixin.py:137} INFO - [2023-04-06T13:46:25.141+0000] {taskmixin.py:211} WARNING - Dependency <Task(BashOperator): delete_tag>, create_tag already registered for DAG: example_complex
[2023-04-06T13:46:25.275+0000] {processor.py:753} INFO - DAG(s) dict_keys(['example_complex']) retrieved from /home/airflow/.local/lib/python3.7/site-packages/airflow/example_dags/example_complex.py
[2023-04-06T13:46:26.083+0000] {logging_mixin.py:137} INFO - [2023-04-06T13:46:26.082+0000] {manager.py:504} INFO - Created Permission View: can edit on DAG:example_complex
[2023-04-06T13:46:26.124+0000] {logging_mixin.py:137} INFO - [2023-04-06T13:46:26.123+0000] {manager.py:504} INFO - Created Permission View: can delete on DAG:example_complex
[2023-04-06T13:46:26.180+0000] {logging_mixin.py:137} INFO - [2023-04-06T13:46:26.180+0000] {manager.py:504} INFO - Created Permission View: can read on DAG:example_complex
[2023-04-06T13:46:26.184+0000] {logging_mixin.py:137} INFO - [2023-04-06T13:46:26.184+0000] {dag.py:2705} INFO - Sync 1 DAGs
[2023-04-06T13:46:26.260+0000] {logging_mixin.py:137} INFO - [2023-04-06T13:46:26.260+0000] {dag.py:2726} INFO - Creating ORM DAG for example_complex
[2023-04-06T13:46:26.336+0000] {logging_mixin.py:137} INFO - [2023-04-06T13:46:26.336+0000] {dag.py:3456} INFO - Setting next_dagrun for example_complex to None, run_after=None
[2023-04-06T13:46:26.474+0000] {processor.py:175} INFO - Processing /home/airflow/.local/lib/python3.7/site-packages/airflow/example_dags/example_complex.py took 1.517 seconds
[2023-04-06T13:47:00.052+0000] {processor.py:153} INFO - Started process (PID=102) to work on /home/airflow/.local/lib/python3.7/site-packages/airflow/example_dags/example_complex.py
[2023-04-06T13:47:00.075+0000] {processor.py:743} INFO - Processing file /home/airflow/.local/lib/python3.7/site-packages/airflow/example_dags/example_complex.py for tasks to queue
[2023-04-06T13:47:00.084+0000] {logging_mixin.py:137} INFO - [2023-04-06T13:47:00.083+0000] {dagbag.py:532} INFO - Filling up the DagBag from /home/airflow/.local/lib/python3.7/site-packages/airflow/example_dags/example_complex.py
[2023-04-06T13:47:00.181+0000] {logging_mixin.py:137} INFO - [2023-04-06T13:47:00.178+0000] {taskmixin.py:211} WARNING - Dependency <Task(BashOperator): create_entry_group>, delete_entry_group already registered for DAG: example_complex
[2023-04-06T13:47:00.215+0000] {logging_mixin.py:137} INFO - [2023-04-06T13:47:00.214+0000] {taskmixin.py:211} WARNING - Dependency <Task(BashOperator): delete_entry_group>, create_entry_group already registered for DAG: example_complex
[2023-04-06T13:47:00.224+0000] {logging_mixin.py:137} INFO - [2023-04-06T13:47:00.220+0000] {taskmixin.py:211} WARNING - Dependency <Task(BashOperator): create_entry_gcs>, delete_entry already registered for DAG: example_complex
[2023-04-06T13:47:00.231+0000] {logging_mixin.py:137} INFO - [2023-04-06T13:47:00.231+0000] {taskmixin.py:211} WARNING - Dependency <Task(BashOperator): delete_entry>, create_entry_gcs already registered for DAG: example_complex
[2023-04-06T13:47:00.238+0000] {logging_mixin.py:137} INFO - [2023-04-06T13:47:00.237+0000] {taskmixin.py:211} WARNING - Dependency <Task(BashOperator): create_tag>, delete_tag already registered for DAG: example_complex
[2023-04-06T13:47:00.253+0000] {logging_mixin.py:137} INFO - [2023-04-06T13:47:00.249+0000] {taskmixin.py:211} WARNING - Dependency <Task(BashOperator): delete_tag>, create_tag already registered for DAG: example_complex
[2023-04-06T13:47:00.303+0000] {processor.py:753} INFO - DAG(s) dict_keys(['example_complex']) retrieved from /home/airflow/.local/lib/python3.7/site-packages/airflow/example_dags/example_complex.py
[2023-04-06T13:47:00.448+0000] {logging_mixin.py:137} INFO - [2023-04-06T13:47:00.447+0000] {dag.py:2705} INFO - Sync 1 DAGs
[2023-04-06T13:47:00.547+0000] {logging_mixin.py:137} INFO - [2023-04-06T13:47:00.547+0000] {dag.py:3456} INFO - Setting next_dagrun for example_complex to None, run_after=None
[2023-04-06T13:47:00.665+0000] {processor.py:175} INFO - Processing /home/airflow/.local/lib/python3.7/site-packages/airflow/example_dags/example_complex.py took 0.662 seconds
