[2023-04-06T13:46:18.960+0000] {processor.py:153} INFO - Started process (PID=36) to work on /home/airflow/.local/lib/python3.7/site-packages/airflow/example_dags/example_xcomargs.py
[2023-04-06T13:46:18.965+0000] {processor.py:743} INFO - Processing file /home/airflow/.local/lib/python3.7/site-packages/airflow/example_dags/example_xcomargs.py for tasks to queue
[2023-04-06T13:46:18.968+0000] {logging_mixin.py:137} INFO - [2023-04-06T13:46:18.968+0000] {dagbag.py:532} INFO - Filling up the DagBag from /home/airflow/.local/lib/python3.7/site-packages/airflow/example_dags/example_xcomargs.py
[2023-04-06T13:46:19.074+0000] {processor.py:753} INFO - DAG(s) dict_keys(['example_xcom_args', 'example_xcom_args_with_operators']) retrieved from /home/airflow/.local/lib/python3.7/site-packages/airflow/example_dags/example_xcomargs.py
[2023-04-06T13:46:19.338+0000] {logging_mixin.py:137} INFO - [2023-04-06T13:46:19.338+0000] {manager.py:504} INFO - Created Permission View: can edit on DAG:example_xcom_args
[2023-04-06T13:46:19.365+0000] {logging_mixin.py:137} INFO - [2023-04-06T13:46:19.365+0000] {manager.py:504} INFO - Created Permission View: can delete on DAG:example_xcom_args
[2023-04-06T13:46:19.390+0000] {logging_mixin.py:137} INFO - [2023-04-06T13:46:19.390+0000] {manager.py:504} INFO - Created Permission View: can read on DAG:example_xcom_args
[2023-04-06T13:46:19.428+0000] {logging_mixin.py:137} INFO - [2023-04-06T13:46:19.428+0000] {manager.py:504} INFO - Created Permission View: can edit on DAG:example_xcom_args_with_operators
[2023-04-06T13:46:19.447+0000] {logging_mixin.py:137} INFO - [2023-04-06T13:46:19.446+0000] {manager.py:504} INFO - Created Permission View: can delete on DAG:example_xcom_args_with_operators
[2023-04-06T13:46:19.466+0000] {logging_mixin.py:137} INFO - [2023-04-06T13:46:19.465+0000] {manager.py:504} INFO - Created Permission View: can read on DAG:example_xcom_args_with_operators
[2023-04-06T13:46:19.469+0000] {logging_mixin.py:137} INFO - [2023-04-06T13:46:19.469+0000] {dag.py:2705} INFO - Sync 2 DAGs
[2023-04-06T13:46:19.512+0000] {logging_mixin.py:137} INFO - [2023-04-06T13:46:19.511+0000] {dag.py:2726} INFO - Creating ORM DAG for example_xcom_args_with_operators
[2023-04-06T13:46:19.516+0000] {logging_mixin.py:137} INFO - [2023-04-06T13:46:19.516+0000] {dag.py:2726} INFO - Creating ORM DAG for example_xcom_args
[2023-04-06T13:46:19.542+0000] {logging_mixin.py:137} INFO - [2023-04-06T13:46:19.542+0000] {dag.py:3456} INFO - Setting next_dagrun for example_xcom_args to None, run_after=None
[2023-04-06T13:46:19.544+0000] {logging_mixin.py:137} INFO - [2023-04-06T13:46:19.544+0000] {dag.py:3456} INFO - Setting next_dagrun for example_xcom_args_with_operators to None, run_after=None
[2023-04-06T13:46:19.604+0000] {processor.py:175} INFO - Processing /home/airflow/.local/lib/python3.7/site-packages/airflow/example_dags/example_xcomargs.py took 0.649 seconds
[2023-04-06T13:46:53.678+0000] {processor.py:153} INFO - Started process (PID=94) to work on /home/airflow/.local/lib/python3.7/site-packages/airflow/example_dags/example_xcomargs.py
[2023-04-06T13:46:53.685+0000] {processor.py:743} INFO - Processing file /home/airflow/.local/lib/python3.7/site-packages/airflow/example_dags/example_xcomargs.py for tasks to queue
[2023-04-06T13:46:53.698+0000] {logging_mixin.py:137} INFO - [2023-04-06T13:46:53.698+0000] {dagbag.py:532} INFO - Filling up the DagBag from /home/airflow/.local/lib/python3.7/site-packages/airflow/example_dags/example_xcomargs.py
[2023-04-06T13:46:53.859+0000] {processor.py:753} INFO - DAG(s) dict_keys(['example_xcom_args_with_operators', 'example_xcom_args']) retrieved from /home/airflow/.local/lib/python3.7/site-packages/airflow/example_dags/example_xcomargs.py
[2023-04-06T13:46:54.032+0000] {logging_mixin.py:137} INFO - [2023-04-06T13:46:54.031+0000] {dag.py:2705} INFO - Sync 2 DAGs
[2023-04-06T13:46:54.139+0000] {logging_mixin.py:137} INFO - [2023-04-06T13:46:54.139+0000] {dag.py:3456} INFO - Setting next_dagrun for example_xcom_args to None, run_after=None
[2023-04-06T13:46:54.154+0000] {logging_mixin.py:137} INFO - [2023-04-06T13:46:54.154+0000] {dag.py:3456} INFO - Setting next_dagrun for example_xcom_args_with_operators to None, run_after=None
[2023-04-06T13:46:54.203+0000] {processor.py:175} INFO - Processing /home/airflow/.local/lib/python3.7/site-packages/airflow/example_dags/example_xcomargs.py took 0.540 seconds
[2023-04-06T13:47:24.839+0000] {processor.py:153} INFO - Started process (PID=144) to work on /home/airflow/.local/lib/python3.7/site-packages/airflow/example_dags/example_xcomargs.py
[2023-04-06T13:47:24.846+0000] {processor.py:743} INFO - Processing file /home/airflow/.local/lib/python3.7/site-packages/airflow/example_dags/example_xcomargs.py for tasks to queue
[2023-04-06T13:47:24.853+0000] {logging_mixin.py:137} INFO - [2023-04-06T13:47:24.852+0000] {dagbag.py:532} INFO - Filling up the DagBag from /home/airflow/.local/lib/python3.7/site-packages/airflow/example_dags/example_xcomargs.py
[2023-04-06T13:47:24.934+0000] {processor.py:753} INFO - DAG(s) dict_keys(['example_xcom_args', 'example_xcom_args_with_operators']) retrieved from /home/airflow/.local/lib/python3.7/site-packages/airflow/example_dags/example_xcomargs.py
[2023-04-06T13:47:25.047+0000] {logging_mixin.py:137} INFO - [2023-04-06T13:47:25.046+0000] {dag.py:2705} INFO - Sync 2 DAGs
[2023-04-06T13:47:25.148+0000] {logging_mixin.py:137} INFO - [2023-04-06T13:47:25.147+0000] {dag.py:3456} INFO - Setting next_dagrun for example_xcom_args to None, run_after=None
[2023-04-06T13:47:25.168+0000] {logging_mixin.py:137} INFO - [2023-04-06T13:47:25.167+0000] {dag.py:3456} INFO - Setting next_dagrun for example_xcom_args_with_operators to None, run_after=None
[2023-04-06T13:47:25.249+0000] {processor.py:175} INFO - Processing /home/airflow/.local/lib/python3.7/site-packages/airflow/example_dags/example_xcomargs.py took 0.423 seconds
