[2023-04-06T13:46:36.488+0000] {processor.py:153} INFO - Started process (PID=71) to work on /home/airflow/.local/lib/python3.7/site-packages/airflow/example_dags/example_external_task_marker_dag.py
[2023-04-06T13:46:36.492+0000] {processor.py:743} INFO - Processing file /home/airflow/.local/lib/python3.7/site-packages/airflow/example_dags/example_external_task_marker_dag.py for tasks to queue
[2023-04-06T13:46:36.496+0000] {logging_mixin.py:137} INFO - [2023-04-06T13:46:36.496+0000] {dagbag.py:532} INFO - Filling up the DagBag from /home/airflow/.local/lib/python3.7/site-packages/airflow/example_dags/example_external_task_marker_dag.py
[2023-04-06T13:46:36.533+0000] {processor.py:753} INFO - DAG(s) dict_keys(['example_external_task_marker_parent', 'example_external_task_marker_child']) retrieved from /home/airflow/.local/lib/python3.7/site-packages/airflow/example_dags/example_external_task_marker_dag.py
[2023-04-06T13:46:36.816+0000] {logging_mixin.py:137} INFO - [2023-04-06T13:46:36.816+0000] {manager.py:504} INFO - Created Permission View: can edit on DAG:example_external_task_marker_parent
[2023-04-06T13:46:36.848+0000] {logging_mixin.py:137} INFO - [2023-04-06T13:46:36.848+0000] {manager.py:504} INFO - Created Permission View: can delete on DAG:example_external_task_marker_parent
[2023-04-06T13:46:36.877+0000] {logging_mixin.py:137} INFO - [2023-04-06T13:46:36.877+0000] {manager.py:504} INFO - Created Permission View: can read on DAG:example_external_task_marker_parent
[2023-04-06T13:46:36.920+0000] {logging_mixin.py:137} INFO - [2023-04-06T13:46:36.920+0000] {manager.py:504} INFO - Created Permission View: can edit on DAG:example_external_task_marker_child
[2023-04-06T13:46:36.945+0000] {logging_mixin.py:137} INFO - [2023-04-06T13:46:36.945+0000] {manager.py:504} INFO - Created Permission View: can delete on DAG:example_external_task_marker_child
[2023-04-06T13:46:36.975+0000] {logging_mixin.py:137} INFO - [2023-04-06T13:46:36.972+0000] {manager.py:504} INFO - Created Permission View: can read on DAG:example_external_task_marker_child
[2023-04-06T13:46:36.979+0000] {logging_mixin.py:137} INFO - [2023-04-06T13:46:36.978+0000] {dag.py:2705} INFO - Sync 2 DAGs
[2023-04-06T13:46:37.024+0000] {logging_mixin.py:137} INFO - [2023-04-06T13:46:37.024+0000] {dag.py:2726} INFO - Creating ORM DAG for example_external_task_marker_parent
[2023-04-06T13:46:37.028+0000] {logging_mixin.py:137} INFO - [2023-04-06T13:46:37.027+0000] {dag.py:2726} INFO - Creating ORM DAG for example_external_task_marker_child
[2023-04-06T13:46:37.058+0000] {logging_mixin.py:137} INFO - [2023-04-06T13:46:37.058+0000] {dag.py:3456} INFO - Setting next_dagrun for example_external_task_marker_child to None, run_after=None
[2023-04-06T13:46:37.062+0000] {logging_mixin.py:137} INFO - [2023-04-06T13:46:37.062+0000] {dag.py:3456} INFO - Setting next_dagrun for example_external_task_marker_parent to None, run_after=None
[2023-04-06T13:46:37.116+0000] {processor.py:175} INFO - Processing /home/airflow/.local/lib/python3.7/site-packages/airflow/example_dags/example_external_task_marker_dag.py took 0.635 seconds
[2023-04-06T13:47:07.249+0000] {processor.py:153} INFO - Started process (PID=122) to work on /home/airflow/.local/lib/python3.7/site-packages/airflow/example_dags/example_external_task_marker_dag.py
[2023-04-06T13:47:07.252+0000] {processor.py:743} INFO - Processing file /home/airflow/.local/lib/python3.7/site-packages/airflow/example_dags/example_external_task_marker_dag.py for tasks to queue
[2023-04-06T13:47:07.256+0000] {logging_mixin.py:137} INFO - [2023-04-06T13:47:07.255+0000] {dagbag.py:532} INFO - Filling up the DagBag from /home/airflow/.local/lib/python3.7/site-packages/airflow/example_dags/example_external_task_marker_dag.py
[2023-04-06T13:47:07.280+0000] {processor.py:753} INFO - DAG(s) dict_keys(['example_external_task_marker_parent', 'example_external_task_marker_child']) retrieved from /home/airflow/.local/lib/python3.7/site-packages/airflow/example_dags/example_external_task_marker_dag.py
[2023-04-06T13:47:07.341+0000] {logging_mixin.py:137} INFO - [2023-04-06T13:47:07.341+0000] {dag.py:2705} INFO - Sync 2 DAGs
[2023-04-06T13:47:07.467+0000] {logging_mixin.py:137} INFO - [2023-04-06T13:47:07.466+0000] {dag.py:3456} INFO - Setting next_dagrun for example_external_task_marker_child to None, run_after=None
[2023-04-06T13:47:07.483+0000] {logging_mixin.py:137} INFO - [2023-04-06T13:47:07.483+0000] {dag.py:3456} INFO - Setting next_dagrun for example_external_task_marker_parent to None, run_after=None
[2023-04-06T13:47:07.514+0000] {processor.py:175} INFO - Processing /home/airflow/.local/lib/python3.7/site-packages/airflow/example_dags/example_external_task_marker_dag.py took 0.271 seconds
