[2023-04-13T11:32:49.928+0000] {taskinstance.py:1090} INFO - Dependencies all met for dep_context=non-requeueable deps ti=<TaskInstance: weather_dag.retrieve_weather_data manual__2023-04-13T11:32:46.262170+00:00 [queued]>
[2023-04-13T11:32:49.940+0000] {taskinstance.py:1090} INFO - Dependencies all met for dep_context=requeueable deps ti=<TaskInstance: weather_dag.retrieve_weather_data manual__2023-04-13T11:32:46.262170+00:00 [queued]>
[2023-04-13T11:32:49.941+0000] {taskinstance.py:1288} INFO - 
--------------------------------------------------------------------------------
[2023-04-13T11:32:49.943+0000] {taskinstance.py:1289} INFO - Starting attempt 1 of 1
[2023-04-13T11:32:49.945+0000] {taskinstance.py:1290} INFO - 
--------------------------------------------------------------------------------
[2023-04-13T11:32:49.959+0000] {taskinstance.py:1309} INFO - Executing <Task(SimpleHttpOperator): retrieve_weather_data> on 2023-04-13 11:32:46.262170+00:00
[2023-04-13T11:32:49.969+0000] {standard_task_runner.py:55} INFO - Started process 3096 to run task
[2023-04-13T11:32:49.975+0000] {standard_task_runner.py:82} INFO - Running: ['***', 'tasks', 'run', 'weather_dag', 'retrieve_weather_data', 'manual__2023-04-13T11:32:46.262170+00:00', '--job-id', '79', '--raw', '--subdir', 'DAGS_FOLDER/weather_dag.py', '--cfg-path', '/tmp/tmpi709zg6f']
[2023-04-13T11:32:49.978+0000] {standard_task_runner.py:83} INFO - Job 79: Subtask retrieve_weather_data
[2023-04-13T11:32:50.081+0000] {task_command.py:389} INFO - Running <TaskInstance: weather_dag.retrieve_weather_data manual__2023-04-13T11:32:46.262170+00:00 [running]> on host 0607b07c4f39
[2023-04-13T11:32:50.172+0000] {taskinstance.py:1518} INFO - Exporting the following env vars:
AIRFLOW_CTX_DAG_OWNER=***
AIRFLOW_CTX_DAG_ID=weather_dag
AIRFLOW_CTX_TASK_ID=retrieve_weather_data
AIRFLOW_CTX_EXECUTION_DATE=2023-04-13T11:32:46.262170+00:00
AIRFLOW_CTX_TRY_NUMBER=1
AIRFLOW_CTX_DAG_RUN_ID=manual__2023-04-13T11:32:46.262170+00:00
[2023-04-13T11:32:50.176+0000] {http.py:123} INFO - Calling HTTP method
[2023-04-13T11:32:50.192+0000] {base.py:73} INFO - Using connection ID 'weather_http_api' for task execution.
[2023-04-13T11:32:50.491+0000] {http.py:127} INFO - {"coord":{"lon":24.0232,"lat":49.8383},"weather":[{"id":801,"main":"Clouds","description":"few clouds","icon":"02d"}],"base":"stations","main":{"temp":286.84,"feels_like":285.57,"temp_min":286.84,"temp_max":286.84,"pressure":1006,"humidity":50,"sea_level":1006,"grnd_level":973},"visibility":10000,"wind":{"speed":2.05,"deg":282,"gust":2.42},"clouds":{"all":15},"dt":1681385281,"sys":{"country":"UA","sunrise":1681356971,"sunset":1681405948},"timezone":10800,"id":702550,"name":"Lviv","cod":200}
[2023-04-13T11:32:50.530+0000] {taskinstance.py:1332} INFO - Marking task as SUCCESS. dag_id=weather_dag, task_id=retrieve_weather_data, execution_date=20230413T113246, start_date=20230413T113249, end_date=20230413T113250
[2023-04-13T11:32:50.602+0000] {local_task_job.py:212} INFO - Task exited with return code 0
[2023-04-13T11:32:51.593+0000] {taskinstance.py:2596} INFO - 0 downstream tasks scheduled from follow-on schedule check
