[2023-04-13T11:49:22.400+0000] {taskinstance.py:1090} INFO - Dependencies all met for dep_context=non-requeueable deps ti=<TaskInstance: weather_dag.create_table scheduled__2023-04-13T03:00:00+00:00 [queued]>
[2023-04-13T11:49:22.492+0000] {taskinstance.py:1090} INFO - Dependencies all met for dep_context=requeueable deps ti=<TaskInstance: weather_dag.create_table scheduled__2023-04-13T03:00:00+00:00 [queued]>
[2023-04-13T11:49:22.494+0000] {taskinstance.py:1288} INFO - 
--------------------------------------------------------------------------------
[2023-04-13T11:49:22.496+0000] {taskinstance.py:1289} INFO - Starting attempt 1 of 1
[2023-04-13T11:49:22.498+0000] {taskinstance.py:1290} INFO - 
--------------------------------------------------------------------------------
[2023-04-13T11:49:22.603+0000] {taskinstance.py:1309} INFO - Executing <Task(SqliteOperator): create_table> on 2023-04-13 03:00:00+00:00
[2023-04-13T11:49:22.658+0000] {standard_task_runner.py:55} INFO - Started process 212 to run task
[2023-04-13T11:49:22.721+0000] {standard_task_runner.py:82} INFO - Running: ['***', 'tasks', 'run', 'weather_dag', 'create_table', 'scheduled__2023-04-13T03:00:00+00:00', '--job-id', '99', '--raw', '--subdir', 'DAGS_FOLDER/weather_dag.py', '--cfg-path', '/tmp/tmpd1ng_40v']
[2023-04-13T11:49:22.727+0000] {standard_task_runner.py:83} INFO - Job 99: Subtask create_table
[2023-04-13T11:49:23.333+0000] {task_command.py:389} INFO - Running <TaskInstance: weather_dag.create_table scheduled__2023-04-13T03:00:00+00:00 [running]> on host ffea11fb791c
[2023-04-13T11:49:23.852+0000] {taskinstance.py:1518} INFO - Exporting the following env vars:
AIRFLOW_CTX_DAG_OWNER=***
AIRFLOW_CTX_DAG_ID=weather_dag
AIRFLOW_CTX_TASK_ID=create_table
AIRFLOW_CTX_EXECUTION_DATE=2023-04-13T03:00:00+00:00
AIRFLOW_CTX_TRY_NUMBER=1
AIRFLOW_CTX_DAG_RUN_ID=scheduled__2023-04-13T03:00:00+00:00
[2023-04-13T11:49:23.854+0000] {sql.py:254} INFO - Executing: CREATE TABLE IF NOT EXISTS measures (
                                         timestamp TIMESTAMP NOT NULL,
                                         temp FLOAT
                                        );
[2023-04-13T11:49:23.879+0000] {base.py:73} INFO - Using connection ID 'measure_db' for task execution.
[2023-04-13T11:49:26.299+0000] {base.py:73} INFO - Using connection ID 'measure_db' for task execution.
[2023-04-13T11:49:26.327+0000] {sql.py:375} INFO - Running statement: CREATE TABLE IF NOT EXISTS measures (
                                         timestamp TIMESTAMP NOT NULL,
                                         temp FLOAT
                                        );, parameters: None
[2023-04-13T11:49:26.385+0000] {taskinstance.py:1332} INFO - Marking task as SUCCESS. dag_id=weather_dag, task_id=create_table, execution_date=20230413T030000, start_date=20230413T114922, end_date=20230413T114926
[2023-04-13T11:49:26.598+0000] {local_task_job.py:212} INFO - Task exited with return code 0
[2023-04-13T11:49:26.847+0000] {taskinstance.py:2596} INFO - 1 downstream tasks scheduled from follow-on schedule check
