[2023-04-14T18:16:40.913+0000] {taskinstance.py:1090} INFO - Dependencies all met for dep_context=non-requeueable deps ti=<TaskInstance: weather_dag.choose_endpoint_Zhmerynka scheduled__2023-04-14T16:00:00+00:00 [queued]>
[2023-04-14T18:16:40.939+0000] {taskinstance.py:1090} INFO - Dependencies all met for dep_context=requeueable deps ti=<TaskInstance: weather_dag.choose_endpoint_Zhmerynka scheduled__2023-04-14T16:00:00+00:00 [queued]>
[2023-04-14T18:16:40.940+0000] {taskinstance.py:1288} INFO - 
--------------------------------------------------------------------------------
[2023-04-14T18:16:40.942+0000] {taskinstance.py:1289} INFO - Starting attempt 1 of 1
[2023-04-14T18:16:40.944+0000] {taskinstance.py:1290} INFO - 
--------------------------------------------------------------------------------
[2023-04-14T18:16:41.011+0000] {taskinstance.py:1309} INFO - Executing <Task(BranchPythonOperator): choose_endpoint_Zhmerynka> on 2023-04-14 16:00:00+00:00
[2023-04-14T18:16:41.031+0000] {standard_task_runner.py:55} INFO - Started process 15438 to run task
[2023-04-14T18:16:41.046+0000] {standard_task_runner.py:82} INFO - Running: ['***', 'tasks', 'run', 'weather_dag', 'choose_endpoint_Zhmerynka', 'scheduled__2023-04-14T16:00:00+00:00', '--job-id', '563', '--raw', '--subdir', 'DAGS_FOLDER/weather_dag.py', '--cfg-path', '/tmp/tmpbdjqmzy_']
[2023-04-14T18:16:41.054+0000] {standard_task_runner.py:83} INFO - Job 563: Subtask choose_endpoint_Zhmerynka
[2023-04-14T18:16:41.350+0000] {task_command.py:389} INFO - Running <TaskInstance: weather_dag.choose_endpoint_Zhmerynka scheduled__2023-04-14T16:00:00+00:00 [running]> on host ffea11fb791c
[2023-04-14T18:16:41.922+0000] {taskinstance.py:1518} INFO - Exporting the following env vars:
AIRFLOW_CTX_DAG_OWNER=***
AIRFLOW_CTX_DAG_ID=weather_dag
AIRFLOW_CTX_TASK_ID=choose_endpoint_Zhmerynka
AIRFLOW_CTX_EXECUTION_DATE=2023-04-14T16:00:00+00:00
AIRFLOW_CTX_TRY_NUMBER=1
AIRFLOW_CTX_DAG_RUN_ID=scheduled__2023-04-14T16:00:00+00:00
[2023-04-14T18:16:41.928+0000] {warnings.py:110} WARNING - /home/***/.local/lib/python3.7/site-packages/***/utils/context.py:313: AirflowContextDeprecationWarning: Accessing 'execution_date' from the template is deprecated and will be removed in a future version. Please use 'data_interval_start' or 'logical_date' instead.
  warnings.warn(_create_deprecation_warning(k, replacements))

[2023-04-14T18:16:41.929+0000] {python.py:177} INFO - Done. Returned value was: retrieve_historical_weather_data_Zhmerynka
[2023-04-14T18:16:41.931+0000] {python.py:211} INFO - Branch callable return retrieve_historical_weather_data_Zhmerynka
[2023-04-14T18:16:41.933+0000] {skipmixin.py:155} INFO - Following branch retrieve_historical_weather_data_Zhmerynka
[2023-04-14T18:16:41.935+0000] {skipmixin.py:211} INFO - Skipping tasks ['retrieve_weather_data_Zhmerynka']
[2023-04-14T18:16:42.079+0000] {taskinstance.py:1332} INFO - Marking task as SUCCESS. dag_id=weather_dag, task_id=choose_endpoint_Zhmerynka, execution_date=20230414T160000, start_date=20230414T181640, end_date=20230414T181642
[2023-04-14T18:16:42.284+0000] {local_task_job.py:212} INFO - Task exited with return code 0
[2023-04-14T18:16:42.548+0000] {taskinstance.py:2596} INFO - 0 downstream tasks scheduled from follow-on schedule check
