[2023-04-14T01:08:39.774+0000] {taskinstance.py:1090} INFO - Dependencies all met for dep_context=non-requeueable deps ti=<TaskInstance: weather_dag.inject_data_Lviv scheduled__2023-04-14T00:00:00+00:00 [queued]>
[2023-04-14T01:08:39.806+0000] {taskinstance.py:1090} INFO - Dependencies all met for dep_context=requeueable deps ti=<TaskInstance: weather_dag.inject_data_Lviv scheduled__2023-04-14T00:00:00+00:00 [queued]>
[2023-04-14T01:08:39.809+0000] {taskinstance.py:1288} INFO - 
--------------------------------------------------------------------------------
[2023-04-14T01:08:39.812+0000] {taskinstance.py:1289} INFO - Starting attempt 1 of 1
[2023-04-14T01:08:39.814+0000] {taskinstance.py:1290} INFO - 
--------------------------------------------------------------------------------
[2023-04-14T01:08:39.874+0000] {taskinstance.py:1309} INFO - Executing <Task(SqliteOperator): inject_data_Lviv> on 2023-04-14 00:00:00+00:00
[2023-04-14T01:08:39.890+0000] {standard_task_runner.py:55} INFO - Started process 7472 to run task
[2023-04-14T01:08:39.916+0000] {standard_task_runner.py:82} INFO - Running: ['***', 'tasks', 'run', 'weather_dag', 'inject_data_Lviv', 'scheduled__2023-04-14T00:00:00+00:00', '--job-id', '423', '--raw', '--subdir', 'DAGS_FOLDER/weather_dag.py', '--cfg-path', '/tmp/tmpw3dq8r05']
[2023-04-14T01:08:39.919+0000] {standard_task_runner.py:83} INFO - Job 423: Subtask inject_data_Lviv
[2023-04-14T01:08:40.075+0000] {task_command.py:389} INFO - Running <TaskInstance: weather_dag.inject_data_Lviv scheduled__2023-04-14T00:00:00+00:00 [running]> on host ffea11fb791c
[2023-04-14T01:08:40.357+0000] {taskinstance.py:1518} INFO - Exporting the following env vars:
AIRFLOW_CTX_DAG_OWNER=***
AIRFLOW_CTX_DAG_ID=weather_dag
AIRFLOW_CTX_TASK_ID=inject_data_Lviv
AIRFLOW_CTX_EXECUTION_DATE=2023-04-14T00:00:00+00:00
AIRFLOW_CTX_TRY_NUMBER=1
AIRFLOW_CTX_DAG_RUN_ID=scheduled__2023-04-14T00:00:00+00:00
[2023-04-14T01:08:40.360+0000] {sql.py:254} INFO - Executing: 
                INSERT INTO measures_ext (city, timestamp, temp, humidity, cloudiness, wind_speed) VALUES
                    ("Lviv",
                    1681435418,
                    281.83,
                    77,
                    "overcast clouds",
                    1.77);
            
[2023-04-14T01:08:40.380+0000] {base.py:73} INFO - Using connection ID 'measure_db' for task execution.
[2023-04-14T01:08:40.999+0000] {base.py:73} INFO - Using connection ID 'measure_db' for task execution.
[2023-04-14T01:08:41.007+0000] {sql.py:375} INFO - Running statement: 
                INSERT INTO measures_ext (city, timestamp, temp, humidity, cloudiness, wind_speed) VALUES
                    ("Lviv",
                    1681435418,
                    281.83,
                    77,
                    "overcast clouds",
                    1.77);
            , parameters: None
[2023-04-14T01:08:41.044+0000] {sql.py:384} INFO - Rows affected: 1
[2023-04-14T01:08:41.140+0000] {taskinstance.py:1332} INFO - Marking task as SUCCESS. dag_id=weather_dag, task_id=inject_data_Lviv, execution_date=20230414T000000, start_date=20230414T010839, end_date=20230414T010841
[2023-04-14T01:08:41.194+0000] {local_task_job.py:212} INFO - Task exited with return code 0
[2023-04-14T01:08:41.229+0000] {taskinstance.py:2596} INFO - 0 downstream tasks scheduled from follow-on schedule check
