[2023-04-13T11:59:20.311+0000] {taskinstance.py:1090} INFO - Dependencies all met for dep_context=non-requeueable deps ti=<TaskInstance: weather_dag.inject_data manual__2023-04-13T11:59:14.321724+00:00 [queued]>
[2023-04-13T11:59:20.321+0000] {taskinstance.py:1090} INFO - Dependencies all met for dep_context=requeueable deps ti=<TaskInstance: weather_dag.inject_data manual__2023-04-13T11:59:14.321724+00:00 [queued]>
[2023-04-13T11:59:20.323+0000] {taskinstance.py:1288} INFO - 
--------------------------------------------------------------------------------
[2023-04-13T11:59:20.324+0000] {taskinstance.py:1289} INFO - Starting attempt 1 of 1
[2023-04-13T11:59:20.325+0000] {taskinstance.py:1290} INFO - 
--------------------------------------------------------------------------------
[2023-04-13T11:59:20.339+0000] {taskinstance.py:1309} INFO - Executing <Task(SqliteOperator): inject_data> on 2023-04-13 11:59:14.321724+00:00
[2023-04-13T11:59:20.345+0000] {standard_task_runner.py:55} INFO - Started process 406 to run task
[2023-04-13T11:59:20.348+0000] {standard_task_runner.py:82} INFO - Running: ['***', 'tasks', 'run', 'weather_dag', 'inject_data', 'manual__2023-04-13T11:59:14.321724+00:00', '--job-id', '134', '--raw', '--subdir', 'DAGS_FOLDER/weather_dag.py', '--cfg-path', '/tmp/tmpex066mav']
[2023-04-13T11:59:20.350+0000] {standard_task_runner.py:83} INFO - Job 134: Subtask inject_data
[2023-04-13T11:59:20.419+0000] {task_command.py:389} INFO - Running <TaskInstance: weather_dag.inject_data manual__2023-04-13T11:59:14.321724+00:00 [running]> on host ffea11fb791c
[2023-04-13T11:59:20.509+0000] {taskinstance.py:1518} INFO - Exporting the following env vars:
AIRFLOW_CTX_DAG_OWNER=***
AIRFLOW_CTX_DAG_ID=weather_dag
AIRFLOW_CTX_TASK_ID=inject_data
AIRFLOW_CTX_EXECUTION_DATE=2023-04-13T11:59:14.321724+00:00
AIRFLOW_CTX_TRY_NUMBER=1
AIRFLOW_CTX_DAG_RUN_ID=manual__2023-04-13T11:59:14.321724+00:00
[2023-04-13T11:59:20.512+0000] {sql.py:254} INFO - Executing: 
        INSERT INTO measures (timestamp, temp) VALUES
        (1681386955,
        287.4);
        
[2023-04-13T11:59:20.523+0000] {base.py:73} INFO - Using connection ID 'measure_db' for task execution.
[2023-04-13T11:59:20.712+0000] {base.py:73} INFO - Using connection ID 'measure_db' for task execution.
[2023-04-13T11:59:20.718+0000] {sql.py:375} INFO - Running statement: 
        INSERT INTO measures (timestamp, temp) VALUES
        (1681386955,
        287.4);
        , parameters: None
[2023-04-13T11:59:20.737+0000] {sql.py:384} INFO - Rows affected: 1
[2023-04-13T11:59:20.765+0000] {taskinstance.py:1332} INFO - Marking task as SUCCESS. dag_id=weather_dag, task_id=inject_data, execution_date=20230413T115914, start_date=20230413T115920, end_date=20230413T115920
[2023-04-13T11:59:20.808+0000] {local_task_job.py:212} INFO - Task exited with return code 0
[2023-04-13T11:59:20.827+0000] {taskinstance.py:2596} INFO - 0 downstream tasks scheduled from follow-on schedule check
