[2023-04-14T01:08:28.194+0000] {taskinstance.py:1090} INFO - Dependencies all met for dep_context=non-requeueable deps ti=<TaskInstance: fst_dag.sleep1 scheduled__2023-04-13T00:00:00+00:00 [queued]>
[2023-04-14T01:08:28.213+0000] {taskinstance.py:1090} INFO - Dependencies all met for dep_context=requeueable deps ti=<TaskInstance: fst_dag.sleep1 scheduled__2023-04-13T00:00:00+00:00 [queued]>
[2023-04-14T01:08:28.214+0000] {taskinstance.py:1288} INFO - 
--------------------------------------------------------------------------------
[2023-04-14T01:08:28.217+0000] {taskinstance.py:1289} INFO - Starting attempt 1 of 1
[2023-04-14T01:08:28.218+0000] {taskinstance.py:1290} INFO - 
--------------------------------------------------------------------------------
[2023-04-14T01:08:28.237+0000] {taskinstance.py:1309} INFO - Executing <Task(BashOperator): sleep1> on 2023-04-13 00:00:00+00:00
[2023-04-14T01:08:28.245+0000] {standard_task_runner.py:55} INFO - Started process 7444 to run task
[2023-04-14T01:08:28.252+0000] {standard_task_runner.py:82} INFO - Running: ['***', 'tasks', 'run', 'fst_dag', 'sleep1', 'scheduled__2023-04-13T00:00:00+00:00', '--job-id', '412', '--raw', '--subdir', 'DAGS_FOLDER/dummy.py', '--cfg-path', '/tmp/tmpb5zr5lpw']
[2023-04-14T01:08:28.255+0000] {standard_task_runner.py:83} INFO - Job 412: Subtask sleep1
[2023-04-14T01:08:28.424+0000] {task_command.py:389} INFO - Running <TaskInstance: fst_dag.sleep1 scheduled__2023-04-13T00:00:00+00:00 [running]> on host ffea11fb791c
[2023-04-14T01:08:28.955+0000] {taskinstance.py:1518} INFO - Exporting the following env vars:
AIRFLOW_CTX_DAG_OWNER=***
AIRFLOW_CTX_DAG_ID=fst_dag
AIRFLOW_CTX_TASK_ID=sleep1
AIRFLOW_CTX_EXECUTION_DATE=2023-04-13T00:00:00+00:00
AIRFLOW_CTX_TRY_NUMBER=1
AIRFLOW_CTX_DAG_RUN_ID=scheduled__2023-04-13T00:00:00+00:00
[2023-04-14T01:08:28.960+0000] {subprocess.py:63} INFO - Tmp dir root location: 
 /tmp
[2023-04-14T01:08:28.963+0000] {subprocess.py:75} INFO - Running command: ['/bin/bash', '-c', 'sleep 4']
[2023-04-14T01:08:28.981+0000] {subprocess.py:86} INFO - Output:
[2023-04-14T01:08:33.006+0000] {subprocess.py:97} INFO - Command exited with return code 0
[2023-04-14T01:08:35.828+0000] {taskinstance.py:1332} INFO - Marking task as SUCCESS. dag_id=fst_dag, task_id=sleep1, execution_date=20230413T000000, start_date=20230414T010828, end_date=20230414T010835
[2023-04-14T01:08:36.835+0000] {local_task_job.py:212} INFO - Task exited with return code 0
[2023-04-14T01:08:36.873+0000] {taskinstance.py:2596} INFO - 0 downstream tasks scheduled from follow-on schedule check
