[2023-04-13T21:17:07.798+0000] {taskinstance.py:1090} INFO - Dependencies all met for dep_context=non-requeueable deps ti=<TaskInstance: weather_dag.create_table scheduled__2023-04-13T20:00:00+00:00 [queued]>
[2023-04-13T21:17:07.826+0000] {taskinstance.py:1090} INFO - Dependencies all met for dep_context=requeueable deps ti=<TaskInstance: weather_dag.create_table scheduled__2023-04-13T20:00:00+00:00 [queued]>
[2023-04-13T21:17:07.829+0000] {taskinstance.py:1288} INFO - 
--------------------------------------------------------------------------------
[2023-04-13T21:17:07.832+0000] {taskinstance.py:1289} INFO - Starting attempt 1 of 1
[2023-04-13T21:17:07.835+0000] {taskinstance.py:1290} INFO - 
--------------------------------------------------------------------------------
[2023-04-13T21:17:07.873+0000] {taskinstance.py:1309} INFO - Executing <Task(SqliteOperator): create_table> on 2023-04-13 20:00:00+00:00
[2023-04-13T21:17:07.886+0000] {standard_task_runner.py:55} INFO - Started process 7312 to run task
[2023-04-13T21:17:07.901+0000] {standard_task_runner.py:82} INFO - Running: ['***', 'tasks', 'run', 'weather_dag', 'create_table', 'scheduled__2023-04-13T20:00:00+00:00', '--job-id', '364', '--raw', '--subdir', 'DAGS_FOLDER/weather_dag.py', '--cfg-path', '/tmp/tmp0byqxi3t']
[2023-04-13T21:17:07.905+0000] {standard_task_runner.py:83} INFO - Job 364: Subtask create_table
[2023-04-13T21:17:08.068+0000] {task_command.py:389} INFO - Running <TaskInstance: weather_dag.create_table scheduled__2023-04-13T20:00:00+00:00 [running]> on host ffea11fb791c
[2023-04-13T21:17:08.238+0000] {taskinstance.py:1518} INFO - Exporting the following env vars:
AIRFLOW_CTX_DAG_OWNER=***
AIRFLOW_CTX_DAG_ID=weather_dag
AIRFLOW_CTX_TASK_ID=create_table
AIRFLOW_CTX_EXECUTION_DATE=2023-04-13T20:00:00+00:00
AIRFLOW_CTX_TRY_NUMBER=1
AIRFLOW_CTX_DAG_RUN_ID=scheduled__2023-04-13T20:00:00+00:00
[2023-04-13T21:17:08.243+0000] {sql.py:254} INFO - Executing: CREATE TABLE IF NOT EXISTS measures_ext (
                                         city VARCHAR(20) NOT NULL,
                                         timestamp TIMESTAMP NOT NULL,
                                         temp FLOAT,
                                         humidity INT,
                                         cloudiness VARCHAR(25),
                                         wind_speed FLOAT
                                        );
[2023-04-13T21:17:08.259+0000] {base.py:73} INFO - Using connection ID 'measure_db' for task execution.
[2023-04-13T21:17:08.497+0000] {base.py:73} INFO - Using connection ID 'measure_db' for task execution.
[2023-04-13T21:17:08.507+0000] {sql.py:375} INFO - Running statement: CREATE TABLE IF NOT EXISTS measures_ext (
                                         city VARCHAR(20) NOT NULL,
                                         timestamp TIMESTAMP NOT NULL,
                                         temp FLOAT,
                                         humidity INT,
                                         cloudiness VARCHAR(25),
                                         wind_speed FLOAT
                                        );, parameters: None
[2023-04-13T21:17:08.526+0000] {taskinstance.py:1332} INFO - Marking task as SUCCESS. dag_id=weather_dag, task_id=create_table, execution_date=20230413T200000, start_date=20230413T211707, end_date=20230413T211708
[2023-04-13T21:17:08.559+0000] {local_task_job.py:212} INFO - Task exited with return code 0
[2023-04-13T21:17:08.593+0000] {taskinstance.py:2596} INFO - 5 downstream tasks scheduled from follow-on schedule check
