[2023-04-14T15:47:18.925+0000] {taskinstance.py:1090} INFO - Dependencies all met for dep_context=non-requeueable deps ti=<TaskInstance: weather_dag.choose_endpoint_Lviv manual__2023-04-14T15:47:14.568579+00:00 [queued]>
[2023-04-14T15:47:18.982+0000] {taskinstance.py:1090} INFO - Dependencies all met for dep_context=requeueable deps ti=<TaskInstance: weather_dag.choose_endpoint_Lviv manual__2023-04-14T15:47:14.568579+00:00 [queued]>
[2023-04-14T15:47:18.986+0000] {taskinstance.py:1288} INFO - 
--------------------------------------------------------------------------------
[2023-04-14T15:47:18.988+0000] {taskinstance.py:1289} INFO - Starting attempt 1 of 1
[2023-04-14T15:47:18.990+0000] {taskinstance.py:1290} INFO - 
--------------------------------------------------------------------------------
[2023-04-14T15:47:19.041+0000] {taskinstance.py:1309} INFO - Executing <Task(BranchPythonOperator): choose_endpoint_Lviv> on 2023-04-14 15:47:14.568579+00:00
[2023-04-14T15:47:19.056+0000] {standard_task_runner.py:55} INFO - Started process 15304 to run task
[2023-04-14T15:47:19.069+0000] {standard_task_runner.py:82} INFO - Running: ['***', 'tasks', 'run', 'weather_dag', 'choose_endpoint_Lviv', 'manual__2023-04-14T15:47:14.568579+00:00', '--job-id', '544', '--raw', '--subdir', 'DAGS_FOLDER/weather_dag.py', '--cfg-path', '/tmp/tmpevw97szu']
[2023-04-14T15:47:19.075+0000] {standard_task_runner.py:83} INFO - Job 544: Subtask choose_endpoint_Lviv
[2023-04-14T15:47:19.312+0000] {task_command.py:389} INFO - Running <TaskInstance: weather_dag.choose_endpoint_Lviv manual__2023-04-14T15:47:14.568579+00:00 [running]> on host ffea11fb791c
[2023-04-14T15:47:19.707+0000] {taskinstance.py:1518} INFO - Exporting the following env vars:
AIRFLOW_CTX_DAG_OWNER=***
AIRFLOW_CTX_DAG_ID=weather_dag
AIRFLOW_CTX_TASK_ID=choose_endpoint_Lviv
AIRFLOW_CTX_EXECUTION_DATE=2023-04-14T15:47:14.568579+00:00
AIRFLOW_CTX_TRY_NUMBER=1
AIRFLOW_CTX_DAG_RUN_ID=manual__2023-04-14T15:47:14.568579+00:00
[2023-04-14T15:47:19.711+0000] {warnings.py:110} WARNING - /home/***/.local/lib/python3.7/site-packages/***/utils/context.py:313: AirflowContextDeprecationWarning: Accessing 'execution_date' from the template is deprecated and will be removed in a future version. Please use 'data_interval_start' or 'logical_date' instead.
  warnings.warn(_create_deprecation_warning(k, replacements))

[2023-04-14T15:47:19.714+0000] {python.py:177} INFO - Done. Returned value was: retrieve_historical_weather_data_Lviv
[2023-04-14T15:47:19.720+0000] {python.py:211} INFO - Branch callable return retrieve_historical_weather_data_Lviv
[2023-04-14T15:47:19.729+0000] {skipmixin.py:155} INFO - Following branch retrieve_historical_weather_data_Lviv
[2023-04-14T15:47:19.735+0000] {skipmixin.py:211} INFO - Skipping tasks ['retrieve_weather_data_Lviv']
[2023-04-14T15:47:19.912+0000] {taskinstance.py:1332} INFO - Marking task as SUCCESS. dag_id=weather_dag, task_id=choose_endpoint_Lviv, execution_date=20230414T154714, start_date=20230414T154718, end_date=20230414T154719
[2023-04-14T15:47:19.968+0000] {local_task_job.py:212} INFO - Task exited with return code 0
[2023-04-14T15:47:20.300+0000] {taskinstance.py:2596} INFO - 1 downstream tasks scheduled from follow-on schedule check
