[2023-04-13T22:39:31.869+0000] {taskinstance.py:1090} INFO - Dependencies all met for dep_context=non-requeueable deps ti=<TaskInstance: weather_dag.inject_data_Lviv scheduled__2023-04-13T21:00:00+00:00 [queued]>
[2023-04-13T22:39:31.911+0000] {taskinstance.py:1090} INFO - Dependencies all met for dep_context=requeueable deps ti=<TaskInstance: weather_dag.inject_data_Lviv scheduled__2023-04-13T21:00:00+00:00 [queued]>
[2023-04-13T22:39:31.916+0000] {taskinstance.py:1288} INFO - 
--------------------------------------------------------------------------------
[2023-04-13T22:39:31.922+0000] {taskinstance.py:1289} INFO - Starting attempt 1 of 1
[2023-04-13T22:39:31.926+0000] {taskinstance.py:1290} INFO - 
--------------------------------------------------------------------------------
[2023-04-13T22:39:31.985+0000] {taskinstance.py:1309} INFO - Executing <Task(SqliteOperator): inject_data_Lviv> on 2023-04-13 21:00:00+00:00
[2023-04-13T22:39:32.000+0000] {standard_task_runner.py:55} INFO - Started process 7378 to run task
[2023-04-13T22:39:32.006+0000] {standard_task_runner.py:82} INFO - Running: ['***', 'tasks', 'run', 'weather_dag', 'inject_data_Lviv', 'scheduled__2023-04-13T21:00:00+00:00', '--job-id', '391', '--raw', '--subdir', 'DAGS_FOLDER/weather_dag.py', '--cfg-path', '/tmp/tmps5dugeo5']
[2023-04-13T22:39:32.015+0000] {standard_task_runner.py:83} INFO - Job 391: Subtask inject_data_Lviv
[2023-04-13T22:39:32.245+0000] {task_command.py:389} INFO - Running <TaskInstance: weather_dag.inject_data_Lviv scheduled__2023-04-13T21:00:00+00:00 [running]> on host ffea11fb791c
[2023-04-13T22:39:32.615+0000] {taskinstance.py:1518} INFO - Exporting the following env vars:
AIRFLOW_CTX_DAG_OWNER=***
AIRFLOW_CTX_DAG_ID=weather_dag
AIRFLOW_CTX_TASK_ID=inject_data_Lviv
AIRFLOW_CTX_EXECUTION_DATE=2023-04-13T21:00:00+00:00
AIRFLOW_CTX_TRY_NUMBER=1
AIRFLOW_CTX_DAG_RUN_ID=scheduled__2023-04-13T21:00:00+00:00
[2023-04-13T22:39:32.620+0000] {sql.py:254} INFO - Executing: 
                INSERT INTO measures_ext (city, timestamp, temp, humidity, cloudiness, wind_speed) VALUES
                    ("Lviv",
                    1681426488,
                    282.5,
                    74,
                    "overcast clouds",
                    0.8);
            
[2023-04-13T22:39:32.648+0000] {base.py:73} INFO - Using connection ID 'measure_db' for task execution.
[2023-04-13T22:39:32.925+0000] {base.py:73} INFO - Using connection ID 'measure_db' for task execution.
[2023-04-13T22:39:32.933+0000] {sql.py:375} INFO - Running statement: 
                INSERT INTO measures_ext (city, timestamp, temp, humidity, cloudiness, wind_speed) VALUES
                    ("Lviv",
                    1681426488,
                    282.5,
                    74,
                    "overcast clouds",
                    0.8);
            , parameters: None
[2023-04-13T22:39:32.954+0000] {sql.py:384} INFO - Rows affected: 1
[2023-04-13T22:39:32.988+0000] {taskinstance.py:1332} INFO - Marking task as SUCCESS. dag_id=weather_dag, task_id=inject_data_Lviv, execution_date=20230413T210000, start_date=20230413T223931, end_date=20230413T223932
[2023-04-13T22:39:33.040+0000] {local_task_job.py:212} INFO - Task exited with return code 0
[2023-04-13T22:39:33.073+0000] {taskinstance.py:2596} INFO - 0 downstream tasks scheduled from follow-on schedule check
