[2023-04-13T12:00:01.027+0000] {taskinstance.py:1090} INFO - Dependencies all met for dep_context=non-requeueable deps ti=<TaskInstance: weather_dag.create_table scheduled__2023-04-13T11:00:00+00:00 [queued]>
[2023-04-13T12:00:01.050+0000] {taskinstance.py:1090} INFO - Dependencies all met for dep_context=requeueable deps ti=<TaskInstance: weather_dag.create_table scheduled__2023-04-13T11:00:00+00:00 [queued]>
[2023-04-13T12:00:01.052+0000] {taskinstance.py:1288} INFO - 
--------------------------------------------------------------------------------
[2023-04-13T12:00:01.054+0000] {taskinstance.py:1289} INFO - Starting attempt 1 of 1
[2023-04-13T12:00:01.055+0000] {taskinstance.py:1290} INFO - 
--------------------------------------------------------------------------------
[2023-04-13T12:00:01.077+0000] {taskinstance.py:1309} INFO - Executing <Task(SqliteOperator): create_table> on 2023-04-13 11:00:00+00:00
[2023-04-13T12:00:01.088+0000] {standard_task_runner.py:55} INFO - Started process 429 to run task
[2023-04-13T12:00:01.095+0000] {standard_task_runner.py:82} INFO - Running: ['***', 'tasks', 'run', 'weather_dag', 'create_table', 'scheduled__2023-04-13T11:00:00+00:00', '--job-id', '135', '--raw', '--subdir', 'DAGS_FOLDER/weather_dag.py', '--cfg-path', '/tmp/tmp524v0nwo']
[2023-04-13T12:00:01.098+0000] {standard_task_runner.py:83} INFO - Job 135: Subtask create_table
[2023-04-13T12:00:01.200+0000] {task_command.py:389} INFO - Running <TaskInstance: weather_dag.create_table scheduled__2023-04-13T11:00:00+00:00 [running]> on host ffea11fb791c
[2023-04-13T12:00:01.326+0000] {taskinstance.py:1518} INFO - Exporting the following env vars:
AIRFLOW_CTX_DAG_OWNER=***
AIRFLOW_CTX_DAG_ID=weather_dag
AIRFLOW_CTX_TASK_ID=create_table
AIRFLOW_CTX_EXECUTION_DATE=2023-04-13T11:00:00+00:00
AIRFLOW_CTX_TRY_NUMBER=1
AIRFLOW_CTX_DAG_RUN_ID=scheduled__2023-04-13T11:00:00+00:00
[2023-04-13T12:00:01.328+0000] {sql.py:254} INFO - Executing: CREATE TABLE IF NOT EXISTS measures (
                                         timestamp TIMESTAMP NOT NULL,
                                         temp FLOAT
                                        );
[2023-04-13T12:00:01.350+0000] {base.py:73} INFO - Using connection ID 'measure_db' for task execution.
[2023-04-13T12:00:01.681+0000] {base.py:73} INFO - Using connection ID 'measure_db' for task execution.
[2023-04-13T12:00:01.694+0000] {sql.py:375} INFO - Running statement: CREATE TABLE IF NOT EXISTS measures (
                                         timestamp TIMESTAMP NOT NULL,
                                         temp FLOAT
                                        );, parameters: None
[2023-04-13T12:00:01.730+0000] {taskinstance.py:1332} INFO - Marking task as SUCCESS. dag_id=weather_dag, task_id=create_table, execution_date=20230413T110000, start_date=20230413T120001, end_date=20230413T120001
[2023-04-13T12:00:01.800+0000] {local_task_job.py:212} INFO - Task exited with return code 0
[2023-04-13T12:00:01.847+0000] {taskinstance.py:2596} INFO - 1 downstream tasks scheduled from follow-on schedule check
