[2023-04-13T20:22:25.317+0000] {taskinstance.py:1090} INFO - Dependencies all met for dep_context=non-requeueable deps ti=<TaskInstance: weather_dag.retrieve_weather_data_Kyiv manual__2023-04-13T20:22:22.476610+00:00 [queued]>
[2023-04-13T20:22:25.361+0000] {taskinstance.py:1090} INFO - Dependencies all met for dep_context=requeueable deps ti=<TaskInstance: weather_dag.retrieve_weather_data_Kyiv manual__2023-04-13T20:22:22.476610+00:00 [queued]>
[2023-04-13T20:22:25.364+0000] {taskinstance.py:1288} INFO - 
--------------------------------------------------------------------------------
[2023-04-13T20:22:25.366+0000] {taskinstance.py:1289} INFO - Starting attempt 1 of 1
[2023-04-13T20:22:25.368+0000] {taskinstance.py:1290} INFO - 
--------------------------------------------------------------------------------
[2023-04-13T20:22:25.419+0000] {taskinstance.py:1309} INFO - Executing <Task(SimpleHttpOperator): retrieve_weather_data_Kyiv> on 2023-04-13 20:22:22.476610+00:00
[2023-04-13T20:22:25.428+0000] {standard_task_runner.py:55} INFO - Started process 6755 to run task
[2023-04-13T20:22:25.451+0000] {standard_task_runner.py:82} INFO - Running: ['***', 'tasks', 'run', 'weather_dag', 'retrieve_weather_data_Kyiv', 'manual__2023-04-13T20:22:22.476610+00:00', '--job-id', '286', '--raw', '--subdir', 'DAGS_FOLDER/weather_dag.py', '--cfg-path', '/tmp/tmpq9qh9qqc']
[2023-04-13T20:22:25.454+0000] {standard_task_runner.py:83} INFO - Job 286: Subtask retrieve_weather_data_Kyiv
[2023-04-13T20:22:25.668+0000] {task_command.py:389} INFO - Running <TaskInstance: weather_dag.retrieve_weather_data_Kyiv manual__2023-04-13T20:22:22.476610+00:00 [running]> on host ffea11fb791c
[2023-04-13T20:22:25.929+0000] {taskinstance.py:1518} INFO - Exporting the following env vars:
AIRFLOW_CTX_DAG_OWNER=***
AIRFLOW_CTX_DAG_ID=weather_dag
AIRFLOW_CTX_TASK_ID=retrieve_weather_data_Kyiv
AIRFLOW_CTX_EXECUTION_DATE=2023-04-13T20:22:22.476610+00:00
AIRFLOW_CTX_TRY_NUMBER=1
AIRFLOW_CTX_DAG_RUN_ID=manual__2023-04-13T20:22:22.476610+00:00
[2023-04-13T20:22:25.938+0000] {http.py:123} INFO - Calling HTTP method
[2023-04-13T20:22:25.977+0000] {base.py:73} INFO - Using connection ID 'weather_http_api' for task execution.
[2023-04-13T20:22:29.274+0000] {http.py:127} INFO - {"coord":{"lon":30.5167,"lat":50.4333},"weather":[{"id":804,"main":"Clouds","description":"overcast clouds","icon":"04n"}],"base":"stations","main":{"temp":283.32,"feels_like":282.56,"temp_min":282.4,"temp_max":283.55,"pressure":995,"humidity":83},"visibility":10000,"wind":{"speed":2.68,"deg":20,"gust":5.24},"clouds":{"all":100},"dt":1681417079,"sys":{"type":2,"id":2003742,"country":"UA","sunrise":1681355355,"sunset":1681404448},"timezone":10800,"id":703448,"name":"Kyiv","cod":200}
[2023-04-13T20:22:29.376+0000] {taskinstance.py:1332} INFO - Marking task as SUCCESS. dag_id=weather_dag, task_id=retrieve_weather_data_Kyiv, execution_date=20230413T202222, start_date=20230413T202225, end_date=20230413T202229
[2023-04-13T20:22:31.528+0000] {local_task_job.py:212} INFO - Task exited with return code 0
[2023-04-13T20:22:32.101+0000] {taskinstance.py:2596} INFO - 1 downstream tasks scheduled from follow-on schedule check
