[2023-04-14T06:23:26.069+0000] {taskinstance.py:1090} INFO - Dependencies all met for dep_context=non-requeueable deps ti=<TaskInstance: weather_dag.retrieve_weather_data_Kyiv scheduled__2023-04-14T05:00:00+00:00 [queued]>
[2023-04-14T06:23:26.227+0000] {taskinstance.py:1090} INFO - Dependencies all met for dep_context=requeueable deps ti=<TaskInstance: weather_dag.retrieve_weather_data_Kyiv scheduled__2023-04-14T05:00:00+00:00 [queued]>
[2023-04-14T06:23:26.240+0000] {taskinstance.py:1288} INFO - 
--------------------------------------------------------------------------------
[2023-04-14T06:23:26.243+0000] {taskinstance.py:1289} INFO - Starting attempt 1 of 1
[2023-04-14T06:23:26.250+0000] {taskinstance.py:1290} INFO - 
--------------------------------------------------------------------------------
[2023-04-14T06:23:26.345+0000] {taskinstance.py:1309} INFO - Executing <Task(SimpleHttpOperator): retrieve_weather_data_Kyiv> on 2023-04-14 05:00:00+00:00
[2023-04-14T06:23:26.362+0000] {standard_task_runner.py:55} INFO - Started process 7629 to run task
[2023-04-14T06:23:26.389+0000] {standard_task_runner.py:82} INFO - Running: ['***', 'tasks', 'run', 'weather_dag', 'retrieve_weather_data_Kyiv', 'scheduled__2023-04-14T05:00:00+00:00', '--job-id', '476', '--raw', '--subdir', 'DAGS_FOLDER/weather_dag.py', '--cfg-path', '/tmp/tmpoq5oahcw']
[2023-04-14T06:23:26.393+0000] {standard_task_runner.py:83} INFO - Job 476: Subtask retrieve_weather_data_Kyiv
[2023-04-14T06:23:26.733+0000] {task_command.py:389} INFO - Running <TaskInstance: weather_dag.retrieve_weather_data_Kyiv scheduled__2023-04-14T05:00:00+00:00 [running]> on host ffea11fb791c
[2023-04-14T06:23:27.133+0000] {taskinstance.py:1518} INFO - Exporting the following env vars:
AIRFLOW_CTX_DAG_OWNER=***
AIRFLOW_CTX_DAG_ID=weather_dag
AIRFLOW_CTX_TASK_ID=retrieve_weather_data_Kyiv
AIRFLOW_CTX_EXECUTION_DATE=2023-04-14T05:00:00+00:00
AIRFLOW_CTX_TRY_NUMBER=1
AIRFLOW_CTX_DAG_RUN_ID=scheduled__2023-04-14T05:00:00+00:00
[2023-04-14T06:23:27.137+0000] {http.py:123} INFO - Calling HTTP method
[2023-04-14T06:23:27.176+0000] {base.py:73} INFO - Using connection ID 'weather_http_api' for task execution.
[2023-04-14T06:23:27.491+0000] {http.py:127} INFO - {"coord":{"lon":30.5167,"lat":50.4333},"weather":[{"id":500,"main":"Rain","description":"light rain","icon":"10d"}],"base":"stations","main":{"temp":282.06,"feels_like":282.06,"temp_min":280.18,"temp_max":282.38,"pressure":997,"humidity":81},"visibility":10000,"wind":{"speed":0.45,"deg":327,"gust":1.79},"rain":{"1h":0.11},"clouds":{"all":100},"dt":1681453007,"sys":{"type":2,"id":2003742,"country":"UA","sunrise":1681441629,"sunset":1681490944},"timezone":10800,"id":703448,"name":"Kyiv","cod":200}
[2023-04-14T06:23:27.536+0000] {taskinstance.py:1332} INFO - Marking task as SUCCESS. dag_id=weather_dag, task_id=retrieve_weather_data_Kyiv, execution_date=20230414T050000, start_date=20230414T062326, end_date=20230414T062327
[2023-04-14T06:23:30.622+0000] {local_task_job.py:212} INFO - Task exited with return code 0
[2023-04-14T06:23:32.781+0000] {taskinstance.py:2596} INFO - 0 downstream tasks scheduled from follow-on schedule check
