[2023-04-13T19:58:17.301+0000] {taskinstance.py:1090} INFO - Dependencies all met for dep_context=non-requeueable deps ti=<TaskInstance: weather_dag.transform_data_Lviv scheduled__2023-04-13T18:00:00+00:00 [queued]>
[2023-04-13T19:58:17.407+0000] {taskinstance.py:1090} INFO - Dependencies all met for dep_context=requeueable deps ti=<TaskInstance: weather_dag.transform_data_Lviv scheduled__2023-04-13T18:00:00+00:00 [queued]>
[2023-04-13T19:58:17.413+0000] {taskinstance.py:1288} INFO - 
--------------------------------------------------------------------------------
[2023-04-13T19:58:17.416+0000] {taskinstance.py:1289} INFO - Starting attempt 1 of 1
[2023-04-13T19:58:17.419+0000] {taskinstance.py:1290} INFO - 
--------------------------------------------------------------------------------
[2023-04-13T19:58:17.539+0000] {taskinstance.py:1309} INFO - Executing <Task(PythonOperator): transform_data_Lviv> on 2023-04-13 18:00:00+00:00
[2023-04-13T19:58:17.560+0000] {standard_task_runner.py:55} INFO - Started process 6078 to run task
[2023-04-13T19:58:17.583+0000] {standard_task_runner.py:82} INFO - Running: ['***', 'tasks', 'run', 'weather_dag', 'transform_data_Lviv', 'scheduled__2023-04-13T18:00:00+00:00', '--job-id', '218', '--raw', '--subdir', 'DAGS_FOLDER/weather_dag.py', '--cfg-path', '/tmp/tmpi5g7ud1w']
[2023-04-13T19:58:17.587+0000] {standard_task_runner.py:83} INFO - Job 218: Subtask transform_data_Lviv
[2023-04-13T19:58:17.893+0000] {task_command.py:389} INFO - Running <TaskInstance: weather_dag.transform_data_Lviv scheduled__2023-04-13T18:00:00+00:00 [running]> on host ffea11fb791c
[2023-04-13T19:58:18.240+0000] {taskinstance.py:1518} INFO - Exporting the following env vars:
AIRFLOW_CTX_DAG_OWNER=***
AIRFLOW_CTX_DAG_ID=weather_dag
AIRFLOW_CTX_TASK_ID=transform_data_Lviv
AIRFLOW_CTX_EXECUTION_DATE=2023-04-13T18:00:00+00:00
AIRFLOW_CTX_TRY_NUMBER=1
AIRFLOW_CTX_DAG_RUN_ID=scheduled__2023-04-13T18:00:00+00:00
[2023-04-13T19:58:18.250+0000] {logging_mixin.py:137} INFO - {'conf': <***.configuration.AirflowConfigParser object at 0xffffb3d9af10>, 'dag': <DAG: weather_dag>, 'dag_run': <DagRun weather_dag @ 2023-04-13 18:00:00+00:00: scheduled__2023-04-13T18:00:00+00:00, state:running, queued_at: 2023-04-13 19:58:06.882715+00:00. externally triggered: False>, 'data_interval_end': DateTime(2023, 4, 13, 19, 0, 0, tzinfo=Timezone('UTC')), 'data_interval_start': DateTime(2023, 4, 13, 18, 0, 0, tzinfo=Timezone('UTC')), 'ds': '2023-04-13', 'ds_nodash': '20230413', 'execution_date': <Proxy at 0xffffa1942b90 with factory functools.partial(<function lazy_mapping_from_context.<locals>._deprecated_proxy_factory at 0xffffa1948680>, 'execution_date', DateTime(2023, 4, 13, 18, 0, 0, tzinfo=Timezone('UTC')))>, 'expanded_ti_count': None, 'inlets': [], 'logical_date': DateTime(2023, 4, 13, 18, 0, 0, tzinfo=Timezone('UTC')), 'macros': <module '***.macros' from '/home/***/.local/lib/python3.7/site-packages/***/macros/__init__.py'>, 'next_ds': <Proxy at 0xffffa1942b40 with factory functools.partial(<function lazy_mapping_from_context.<locals>._deprecated_proxy_factory at 0xffffa1948680>, 'next_ds', '2023-04-13')>, 'next_ds_nodash': <Proxy at 0xffffa19838c0 with factory functools.partial(<function lazy_mapping_from_context.<locals>._deprecated_proxy_factory at 0xffffa1948680>, 'next_ds_nodash', '20230413')>, 'next_execution_date': <Proxy at 0xffffa19839b0 with factory functools.partial(<function lazy_mapping_from_context.<locals>._deprecated_proxy_factory at 0xffffa1948680>, 'next_execution_date', DateTime(2023, 4, 13, 19, 0, 0, tzinfo=Timezone('UTC')))>, 'outlets': [], 'params': {}, 'prev_data_interval_start_success': DateTime(2023, 4, 13, 14, 0, 0, tzinfo=Timezone('UTC')), 'prev_data_interval_end_success': DateTime(2023, 4, 13, 15, 0, 0, tzinfo=Timezone('UTC')), 'prev_ds': <Proxy at 0xffffa19333c0 with factory functools.partial(<function lazy_mapping_from_context.<locals>._deprecated_proxy_factory at 0xffffa1948680>, 'prev_ds', '2023-04-13')>, 'prev_ds_nodash': <Proxy at 0xffffa1933d70 with factory functools.partial(<function lazy_mapping_from_context.<locals>._deprecated_proxy_factory at 0xffffa1948680>, 'prev_ds_nodash', '20230413')>, 'prev_execution_date': <Proxy at 0xffffa19332d0 with factory functools.partial(<function lazy_mapping_from_context.<locals>._deprecated_proxy_factory at 0xffffa1948680>, 'prev_execution_date', DateTime(2023, 4, 13, 17, 0, 0, tzinfo=Timezone('UTC')))>, 'prev_execution_date_success': <Proxy at 0xffffa19867d0 with factory functools.partial(<function lazy_mapping_from_context.<locals>._deprecated_proxy_factory at 0xffffa1948680>, 'prev_execution_date_success', None)>, 'prev_start_date_success': DateTime(2023, 4, 13, 15, 47, 45, 112743, tzinfo=Timezone('UTC')), 'run_id': 'scheduled__2023-04-13T18:00:00+00:00', 'task': <Task(PythonOperator): transform_data_Lviv>, 'task_instance': <TaskInstance: weather_dag.transform_data_Lviv scheduled__2023-04-13T18:00:00+00:00 [running]>, 'task_instance_key_str': 'weather_dag__transform_data_Lviv__20230413', 'test_mode': False, 'ti': <TaskInstance: weather_dag.transform_data_Lviv scheduled__2023-04-13T18:00:00+00:00 [running]>, 'tomorrow_ds': <Proxy at 0xffffa1986230 with factory functools.partial(<function lazy_mapping_from_context.<locals>._deprecated_proxy_factory at 0xffffa1948680>, 'tomorrow_ds', '2023-04-14')>, 'tomorrow_ds_nodash': <Proxy at 0xffffa1988cd0 with factory functools.partial(<function lazy_mapping_from_context.<locals>._deprecated_proxy_factory at 0xffffa1948680>, 'tomorrow_ds_nodash', '20230414')>, 'triggering_dataset_events': <Proxy at 0xffffa1973cd0 with factory <function TaskInstance.get_template_context.<locals>.get_triggering_events at 0xffffa195a200>>, 'ts': '2023-04-13T18:00:00+00:00', 'ts_nodash': '20230413T180000', 'ts_nodash_with_tz': '20230413T180000+0000', 'var': {'json': None, 'value': None}, 'conn': None, 'yesterday_ds': <Proxy at 0xffffa1988c30 with factory functools.partial(<function lazy_mapping_from_context.<locals>._deprecated_proxy_factory at 0xffffa1948680>, 'yesterday_ds', '2023-04-12')>, 'yesterday_ds_nodash': <Proxy at 0xffffa1931fa0 with factory functools.partial(<function lazy_mapping_from_context.<locals>._deprecated_proxy_factory at 0xffffa1948680>, 'yesterday_ds_nodash', '20230412')>, 'templates_dict': None}
[2023-04-13T19:58:18.321+0000] {taskinstance.py:1776} ERROR - Task failed with exception
Traceback (most recent call last):
  File "/home/airflow/.local/lib/python3.7/site-packages/airflow/operators/python.py", line 175, in execute
    return_value = self.execute_callable()
  File "/home/airflow/.local/lib/python3.7/site-packages/airflow/operators/python.py", line 192, in execute_callable
    return self.python_callable(*self.op_args, **self.op_kwargs)
  File "/opt/airflow/dags/weather_dag.py", line 23, in transforming_data
    timestamp = info["dt"]
TypeError: 'NoneType' object is not subscriptable
[2023-04-13T19:58:18.346+0000] {taskinstance.py:1332} INFO - Marking task as FAILED. dag_id=weather_dag, task_id=transform_data_Lviv, execution_date=20230413T180000, start_date=20230413T195817, end_date=20230413T195818
[2023-04-13T19:58:18.376+0000] {standard_task_runner.py:105} ERROR - Failed to execute job 218 for task transform_data_Lviv ('NoneType' object is not subscriptable; 6078)
[2023-04-13T19:58:18.407+0000] {local_task_job.py:212} INFO - Task exited with return code 1
[2023-04-13T19:58:18.525+0000] {taskinstance.py:2596} INFO - 0 downstream tasks scheduled from follow-on schedule check
