[2023-04-12T07:39:46.321+0000] {taskinstance.py:1090} INFO - Dependencies all met for dep_context=non-requeueable deps ti=<TaskInstance: weather_dag.retrieve_weather_data manual__2023-04-12T07:39:44.242657+00:00 [queued]>
[2023-04-12T07:39:46.342+0000] {taskinstance.py:1090} INFO - Dependencies all met for dep_context=requeueable deps ti=<TaskInstance: weather_dag.retrieve_weather_data manual__2023-04-12T07:39:44.242657+00:00 [queued]>
[2023-04-12T07:39:46.346+0000] {taskinstance.py:1288} INFO - 
--------------------------------------------------------------------------------
[2023-04-12T07:39:46.347+0000] {taskinstance.py:1289} INFO - Starting attempt 1 of 1
[2023-04-12T07:39:46.349+0000] {taskinstance.py:1290} INFO - 
--------------------------------------------------------------------------------
[2023-04-12T07:39:46.376+0000] {taskinstance.py:1309} INFO - Executing <Task(SimpleHttpOperator): retrieve_weather_data> on 2023-04-12 07:39:44.242657+00:00
[2023-04-12T07:39:46.387+0000] {standard_task_runner.py:55} INFO - Started process 2202 to run task
[2023-04-12T07:39:46.393+0000] {standard_task_runner.py:82} INFO - Running: ['***', 'tasks', 'run', 'weather_dag', 'retrieve_weather_data', 'manual__2023-04-12T07:39:44.242657+00:00', '--job-id', '20', '--raw', '--subdir', 'DAGS_FOLDER/weather_dag.py', '--cfg-path', '/tmp/tmpiujaedq5']
[2023-04-12T07:39:46.395+0000] {standard_task_runner.py:83} INFO - Job 20: Subtask retrieve_weather_data
[2023-04-12T07:39:46.530+0000] {task_command.py:389} INFO - Running <TaskInstance: weather_dag.retrieve_weather_data manual__2023-04-12T07:39:44.242657+00:00 [running]> on host 0607b07c4f39
[2023-04-12T07:39:46.699+0000] {taskinstance.py:1518} INFO - Exporting the following env vars:
AIRFLOW_CTX_DAG_OWNER=***
AIRFLOW_CTX_DAG_ID=weather_dag
AIRFLOW_CTX_TASK_ID=retrieve_weather_data
AIRFLOW_CTX_EXECUTION_DATE=2023-04-12T07:39:44.242657+00:00
AIRFLOW_CTX_TRY_NUMBER=1
AIRFLOW_CTX_DAG_RUN_ID=manual__2023-04-12T07:39:44.242657+00:00
[2023-04-12T07:39:46.704+0000] {http.py:123} INFO - Calling HTTP method
[2023-04-12T07:39:46.736+0000] {base.py:73} INFO - Using connection ID 'weather_http_api' for task execution.
[2023-04-12T07:39:47.113+0000] {taskinstance.py:1332} INFO - Marking task as SUCCESS. dag_id=weather_dag, task_id=retrieve_weather_data, execution_date=20230412T073944, start_date=20230412T073946, end_date=20230412T073947
[2023-04-12T07:39:48.197+0000] {local_task_job.py:212} INFO - Task exited with return code 0
[2023-04-12T07:39:48.239+0000] {taskinstance.py:2596} INFO - 0 downstream tasks scheduled from follow-on schedule check
