[2023-04-13T12:00:08.032+0000] {taskinstance.py:1090} INFO - Dependencies all met for dep_context=non-requeueable deps ti=<TaskInstance: weather_dag.inject_data scheduled__2023-04-13T11:00:00+00:00 [queued]>
[2023-04-13T12:00:08.058+0000] {taskinstance.py:1090} INFO - Dependencies all met for dep_context=requeueable deps ti=<TaskInstance: weather_dag.inject_data scheduled__2023-04-13T11:00:00+00:00 [queued]>
[2023-04-13T12:00:08.060+0000] {taskinstance.py:1288} INFO - 
--------------------------------------------------------------------------------
[2023-04-13T12:00:08.063+0000] {taskinstance.py:1289} INFO - Starting attempt 1 of 1
[2023-04-13T12:00:08.065+0000] {taskinstance.py:1290} INFO - 
--------------------------------------------------------------------------------
[2023-04-13T12:00:08.086+0000] {taskinstance.py:1309} INFO - Executing <Task(SqliteOperator): inject_data> on 2023-04-13 11:00:00+00:00
[2023-04-13T12:00:08.098+0000] {standard_task_runner.py:55} INFO - Started process 438 to run task
[2023-04-13T12:00:08.109+0000] {standard_task_runner.py:82} INFO - Running: ['***', 'tasks', 'run', 'weather_dag', 'inject_data', 'scheduled__2023-04-13T11:00:00+00:00', '--job-id', '138', '--raw', '--subdir', 'DAGS_FOLDER/weather_dag.py', '--cfg-path', '/tmp/tmpmqxxgmtc']
[2023-04-13T12:00:08.112+0000] {standard_task_runner.py:83} INFO - Job 138: Subtask inject_data
[2023-04-13T12:00:08.218+0000] {task_command.py:389} INFO - Running <TaskInstance: weather_dag.inject_data scheduled__2023-04-13T11:00:00+00:00 [running]> on host ffea11fb791c
[2023-04-13T12:00:08.367+0000] {taskinstance.py:1518} INFO - Exporting the following env vars:
AIRFLOW_CTX_DAG_OWNER=***
AIRFLOW_CTX_DAG_ID=weather_dag
AIRFLOW_CTX_TASK_ID=inject_data
AIRFLOW_CTX_EXECUTION_DATE=2023-04-13T11:00:00+00:00
AIRFLOW_CTX_TRY_NUMBER=1
AIRFLOW_CTX_DAG_RUN_ID=scheduled__2023-04-13T11:00:00+00:00
[2023-04-13T12:00:08.372+0000] {sql.py:254} INFO - Executing: 
        INSERT INTO measures (timestamp, temp) VALUES
        (1681386955,
        287.4);
        
[2023-04-13T12:00:08.389+0000] {base.py:73} INFO - Using connection ID 'measure_db' for task execution.
[2023-04-13T12:00:08.634+0000] {base.py:73} INFO - Using connection ID 'measure_db' for task execution.
[2023-04-13T12:00:08.640+0000] {sql.py:375} INFO - Running statement: 
        INSERT INTO measures (timestamp, temp) VALUES
        (1681386955,
        287.4);
        , parameters: None
[2023-04-13T12:00:08.660+0000] {sql.py:384} INFO - Rows affected: 1
[2023-04-13T12:00:08.688+0000] {taskinstance.py:1332} INFO - Marking task as SUCCESS. dag_id=weather_dag, task_id=inject_data, execution_date=20230413T110000, start_date=20230413T120008, end_date=20230413T120008
[2023-04-13T12:00:08.726+0000] {local_task_job.py:212} INFO - Task exited with return code 0
[2023-04-13T12:00:08.744+0000] {taskinstance.py:2596} INFO - 0 downstream tasks scheduled from follow-on schedule check
