[2023-04-13T21:17:24.090+0000] {taskinstance.py:1090} INFO - Dependencies all met for dep_context=non-requeueable deps ti=<TaskInstance: weather_dag.inject_data_Kyiv scheduled__2023-04-13T20:00:00+00:00 [queued]>
[2023-04-13T21:17:24.118+0000] {taskinstance.py:1090} INFO - Dependencies all met for dep_context=requeueable deps ti=<TaskInstance: weather_dag.inject_data_Kyiv scheduled__2023-04-13T20:00:00+00:00 [queued]>
[2023-04-13T21:17:24.120+0000] {taskinstance.py:1288} INFO - 
--------------------------------------------------------------------------------
[2023-04-13T21:17:24.123+0000] {taskinstance.py:1289} INFO - Starting attempt 1 of 1
[2023-04-13T21:17:24.125+0000] {taskinstance.py:1290} INFO - 
--------------------------------------------------------------------------------
[2023-04-13T21:17:24.173+0000] {taskinstance.py:1309} INFO - Executing <Task(SqliteOperator): inject_data_Kyiv> on 2023-04-13 20:00:00+00:00
[2023-04-13T21:17:24.187+0000] {standard_task_runner.py:55} INFO - Started process 7340 to run task
[2023-04-13T21:17:24.207+0000] {standard_task_runner.py:82} INFO - Running: ['***', 'tasks', 'run', 'weather_dag', 'inject_data_Kyiv', 'scheduled__2023-04-13T20:00:00+00:00', '--job-id', '377', '--raw', '--subdir', 'DAGS_FOLDER/weather_dag.py', '--cfg-path', '/tmp/tmpxdcmoaye']
[2023-04-13T21:17:24.217+0000] {standard_task_runner.py:83} INFO - Job 377: Subtask inject_data_Kyiv
[2023-04-13T21:17:24.426+0000] {task_command.py:389} INFO - Running <TaskInstance: weather_dag.inject_data_Kyiv scheduled__2023-04-13T20:00:00+00:00 [running]> on host ffea11fb791c
[2023-04-13T21:17:24.833+0000] {taskinstance.py:1518} INFO - Exporting the following env vars:
AIRFLOW_CTX_DAG_OWNER=***
AIRFLOW_CTX_DAG_ID=weather_dag
AIRFLOW_CTX_TASK_ID=inject_data_Kyiv
AIRFLOW_CTX_EXECUTION_DATE=2023-04-13T20:00:00+00:00
AIRFLOW_CTX_TRY_NUMBER=1
AIRFLOW_CTX_DAG_RUN_ID=scheduled__2023-04-13T20:00:00+00:00
[2023-04-13T21:17:24.840+0000] {sql.py:254} INFO - Executing: 
                INSERT INTO measures_ext (city, timestamp, temp, humidity, cloudiness, wind_speed) VALUES
                    ("Kyiv",
                    1681420852,
                    283.32,
                    82,
                    "light rain",
                    0.45);
            
[2023-04-13T21:17:24.884+0000] {base.py:73} INFO - Using connection ID 'measure_db' for task execution.
[2023-04-13T21:17:25.497+0000] {base.py:73} INFO - Using connection ID 'measure_db' for task execution.
[2023-04-13T21:17:25.510+0000] {sql.py:375} INFO - Running statement: 
                INSERT INTO measures_ext (city, timestamp, temp, humidity, cloudiness, wind_speed) VALUES
                    ("Kyiv",
                    1681420852,
                    283.32,
                    82,
                    "light rain",
                    0.45);
            , parameters: None
[2023-04-13T21:17:25.535+0000] {sql.py:384} INFO - Rows affected: 1
[2023-04-13T21:17:25.572+0000] {taskinstance.py:1332} INFO - Marking task as SUCCESS. dag_id=weather_dag, task_id=inject_data_Kyiv, execution_date=20230413T200000, start_date=20230413T211724, end_date=20230413T211725
[2023-04-13T21:17:25.640+0000] {local_task_job.py:212} INFO - Task exited with return code 0
[2023-04-13T21:17:25.666+0000] {taskinstance.py:2596} INFO - 0 downstream tasks scheduled from follow-on schedule check
