[2023-04-14T06:24:45.219+0000] {taskinstance.py:1090} INFO - Dependencies all met for dep_context=non-requeueable deps ti=<TaskInstance: weather_dag.inject_data_Zhmerynka manual__2023-04-14T06:24:32.426204+00:00 [queued]>
[2023-04-14T06:24:45.241+0000] {taskinstance.py:1090} INFO - Dependencies all met for dep_context=requeueable deps ti=<TaskInstance: weather_dag.inject_data_Zhmerynka manual__2023-04-14T06:24:32.426204+00:00 [queued]>
[2023-04-14T06:24:45.243+0000] {taskinstance.py:1288} INFO - 
--------------------------------------------------------------------------------
[2023-04-14T06:24:45.245+0000] {taskinstance.py:1289} INFO - Starting attempt 1 of 1
[2023-04-14T06:24:45.248+0000] {taskinstance.py:1290} INFO - 
--------------------------------------------------------------------------------
[2023-04-14T06:24:45.294+0000] {taskinstance.py:1309} INFO - Executing <Task(SqliteOperator): inject_data_Zhmerynka> on 2023-04-14 06:24:32.426204+00:00
[2023-04-14T06:24:45.305+0000] {standard_task_runner.py:55} INFO - Started process 7719 to run task
[2023-04-14T06:24:45.320+0000] {standard_task_runner.py:82} INFO - Running: ['***', 'tasks', 'run', 'weather_dag', 'inject_data_Zhmerynka', 'manual__2023-04-14T06:24:32.426204+00:00', '--job-id', '504', '--raw', '--subdir', 'DAGS_FOLDER/weather_dag.py', '--cfg-path', '/tmp/tmp24xdqfqh']
[2023-04-14T06:24:45.322+0000] {standard_task_runner.py:83} INFO - Job 504: Subtask inject_data_Zhmerynka
[2023-04-14T06:24:45.443+0000] {task_command.py:389} INFO - Running <TaskInstance: weather_dag.inject_data_Zhmerynka manual__2023-04-14T06:24:32.426204+00:00 [running]> on host ffea11fb791c
[2023-04-14T06:24:45.617+0000] {taskinstance.py:1518} INFO - Exporting the following env vars:
AIRFLOW_CTX_DAG_OWNER=***
AIRFLOW_CTX_DAG_ID=weather_dag
AIRFLOW_CTX_TASK_ID=inject_data_Zhmerynka
AIRFLOW_CTX_EXECUTION_DATE=2023-04-14T06:24:32.426204+00:00
AIRFLOW_CTX_TRY_NUMBER=1
AIRFLOW_CTX_DAG_RUN_ID=manual__2023-04-14T06:24:32.426204+00:00
[2023-04-14T06:24:45.621+0000] {sql.py:254} INFO - Executing: 
                INSERT INTO measures_ext (city, timestamp, temp, humidity, cloudiness, wind_speed) VALUES
                    ("Zhmerynka",
                    1681453247,
                    281.63,
                    89,
                    "overcast clouds",
                    2.15);
            
[2023-04-14T06:24:45.636+0000] {base.py:73} INFO - Using connection ID 'measure_db' for task execution.
[2023-04-14T06:24:46.023+0000] {base.py:73} INFO - Using connection ID 'measure_db' for task execution.
[2023-04-14T06:24:46.029+0000] {sql.py:375} INFO - Running statement: 
                INSERT INTO measures_ext (city, timestamp, temp, humidity, cloudiness, wind_speed) VALUES
                    ("Zhmerynka",
                    1681453247,
                    281.63,
                    89,
                    "overcast clouds",
                    2.15);
            , parameters: None
[2023-04-14T06:24:46.070+0000] {sql.py:384} INFO - Rows affected: 1
[2023-04-14T06:24:46.125+0000] {taskinstance.py:1332} INFO - Marking task as SUCCESS. dag_id=weather_dag, task_id=inject_data_Zhmerynka, execution_date=20230414T062432, start_date=20230414T062445, end_date=20230414T062446
[2023-04-14T06:24:46.176+0000] {local_task_job.py:212} INFO - Task exited with return code 0
[2023-04-14T06:24:46.202+0000] {taskinstance.py:2596} INFO - 0 downstream tasks scheduled from follow-on schedule check
