[2023-04-13T15:31:14.207+0000] {taskinstance.py:1090} INFO - Dependencies all met for dep_context=non-requeueable deps ti=<TaskInstance: weather_dag.retrieve_historical_weather_data manual__2023-04-13T15:31:09.919847+00:00 [queued]>
[2023-04-13T15:31:14.219+0000] {taskinstance.py:1090} INFO - Dependencies all met for dep_context=requeueable deps ti=<TaskInstance: weather_dag.retrieve_historical_weather_data manual__2023-04-13T15:31:09.919847+00:00 [queued]>
[2023-04-13T15:31:14.220+0000] {taskinstance.py:1288} INFO - 
--------------------------------------------------------------------------------
[2023-04-13T15:31:14.221+0000] {taskinstance.py:1289} INFO - Starting attempt 1 of 1
[2023-04-13T15:31:14.222+0000] {taskinstance.py:1290} INFO - 
--------------------------------------------------------------------------------
[2023-04-13T15:31:14.232+0000] {taskinstance.py:1309} INFO - Executing <Task(SimpleHttpOperator): retrieve_historical_weather_data> on 2023-04-13 15:31:09.919847+00:00
[2023-04-13T15:31:14.238+0000] {standard_task_runner.py:55} INFO - Started process 4488 to run task
[2023-04-13T15:31:14.241+0000] {standard_task_runner.py:82} INFO - Running: ['***', 'tasks', 'run', 'weather_dag', 'retrieve_historical_weather_data', 'manual__2023-04-13T15:31:09.919847+00:00', '--job-id', '187', '--raw', '--subdir', 'DAGS_FOLDER/weather_dag.py', '--cfg-path', '/tmp/tmpoeiojfad']
[2023-04-13T15:31:14.244+0000] {standard_task_runner.py:83} INFO - Job 187: Subtask retrieve_historical_weather_data
[2023-04-13T15:31:14.315+0000] {task_command.py:389} INFO - Running <TaskInstance: weather_dag.retrieve_historical_weather_data manual__2023-04-13T15:31:09.919847+00:00 [running]> on host ffea11fb791c
[2023-04-13T15:31:14.378+0000] {taskinstance.py:1518} INFO - Exporting the following env vars:
AIRFLOW_CTX_DAG_OWNER=***
AIRFLOW_CTX_DAG_ID=weather_dag
AIRFLOW_CTX_TASK_ID=retrieve_historical_weather_data
AIRFLOW_CTX_EXECUTION_DATE=2023-04-13T15:31:09.919847+00:00
AIRFLOW_CTX_TRY_NUMBER=1
AIRFLOW_CTX_DAG_RUN_ID=manual__2023-04-13T15:31:09.919847+00:00
[2023-04-13T15:31:14.384+0000] {http.py:123} INFO - Calling HTTP method
[2023-04-13T15:31:14.407+0000] {taskinstance.py:1776} ERROR - Task failed with exception
Traceback (most recent call last):
  File "/home/airflow/.local/lib/python3.7/site-packages/airflow/providers/http/operators/http.py", line 125, in execute
    response = http.run(self.endpoint, self.data, self.headers, self.extra_options)
  File "/home/airflow/.local/lib/python3.7/site-packages/airflow/providers/http/hooks/http.py", line 137, in run
    session = self.get_conn(headers)
  File "/home/airflow/.local/lib/python3.7/site-packages/airflow/providers/http/hooks/http.py", line 91, in get_conn
    conn = self.get_connection(self.http_conn_id)
  File "/home/airflow/.local/lib/python3.7/site-packages/airflow/hooks/base.py", line 72, in get_connection
    conn = Connection.get_connection_from_secrets(conn_id)
  File "/home/airflow/.local/lib/python3.7/site-packages/airflow/models/connection.py", line 435, in get_connection_from_secrets
    raise AirflowNotFoundException(f"The conn_id `{conn_id}` isn't defined")
airflow.exceptions.AirflowNotFoundException: The conn_id `historical_weather_http_api` isn't defined
[2023-04-13T15:31:14.412+0000] {taskinstance.py:1332} INFO - Marking task as FAILED. dag_id=weather_dag, task_id=retrieve_historical_weather_data, execution_date=20230413T153109, start_date=20230413T153114, end_date=20230413T153114
[2023-04-13T15:31:14.422+0000] {standard_task_runner.py:105} ERROR - Failed to execute job 187 for task retrieve_historical_weather_data (The conn_id `historical_weather_http_api` isn't defined; 4488)
[2023-04-13T15:31:14.456+0000] {local_task_job.py:212} INFO - Task exited with return code 1
[2023-04-13T15:31:14.473+0000] {taskinstance.py:2596} INFO - 0 downstream tasks scheduled from follow-on schedule check
