[2023-04-13T20:26:38.868+0000] {taskinstance.py:1090} INFO - Dependencies all met for dep_context=non-requeueable deps ti=<TaskInstance: weather_dag.retrieve_weather_data_Lviv manual__2023-04-13T20:26:35.466733+00:00 [queued]>
[2023-04-13T20:26:38.897+0000] {taskinstance.py:1090} INFO - Dependencies all met for dep_context=requeueable deps ti=<TaskInstance: weather_dag.retrieve_weather_data_Lviv manual__2023-04-13T20:26:35.466733+00:00 [queued]>
[2023-04-13T20:26:38.898+0000] {taskinstance.py:1288} INFO - 
--------------------------------------------------------------------------------
[2023-04-13T20:26:38.900+0000] {taskinstance.py:1289} INFO - Starting attempt 1 of 1
[2023-04-13T20:26:38.901+0000] {taskinstance.py:1290} INFO - 
--------------------------------------------------------------------------------
[2023-04-13T20:26:38.937+0000] {taskinstance.py:1309} INFO - Executing <Task(SimpleHttpOperator): retrieve_weather_data_Lviv> on 2023-04-13 20:26:35.466733+00:00
[2023-04-13T20:26:38.951+0000] {standard_task_runner.py:55} INFO - Started process 6885 to run task
[2023-04-13T20:26:38.963+0000] {standard_task_runner.py:82} INFO - Running: ['***', 'tasks', 'run', 'weather_dag', 'retrieve_weather_data_Lviv', 'manual__2023-04-13T20:26:35.466733+00:00', '--job-id', '301', '--raw', '--subdir', 'DAGS_FOLDER/weather_dag.py', '--cfg-path', '/tmp/tmpdimt5qth']
[2023-04-13T20:26:38.966+0000] {standard_task_runner.py:83} INFO - Job 301: Subtask retrieve_weather_data_Lviv
[2023-04-13T20:26:39.178+0000] {task_command.py:389} INFO - Running <TaskInstance: weather_dag.retrieve_weather_data_Lviv manual__2023-04-13T20:26:35.466733+00:00 [running]> on host ffea11fb791c
[2023-04-13T20:26:39.399+0000] {taskinstance.py:1518} INFO - Exporting the following env vars:
AIRFLOW_CTX_DAG_OWNER=***
AIRFLOW_CTX_DAG_ID=weather_dag
AIRFLOW_CTX_TASK_ID=retrieve_weather_data_Lviv
AIRFLOW_CTX_EXECUTION_DATE=2023-04-13T20:26:35.466733+00:00
AIRFLOW_CTX_TRY_NUMBER=1
AIRFLOW_CTX_DAG_RUN_ID=manual__2023-04-13T20:26:35.466733+00:00
[2023-04-13T20:26:39.406+0000] {http.py:123} INFO - Calling HTTP method
[2023-04-13T20:26:39.476+0000] {base.py:73} INFO - Using connection ID 'weather_http_api' for task execution.
[2023-04-13T20:26:39.764+0000] {http.py:127} INFO - {"coord":{"lon":24.0232,"lat":49.8383},"weather":[{"id":804,"main":"Clouds","description":"overcast clouds","icon":"04n"}],"base":"stations","main":{"temp":283.26,"feels_like":282.15,"temp_min":283.26,"temp_max":283.26,"pressure":1008,"humidity":70,"sea_level":1008,"grnd_level":974},"visibility":10000,"wind":{"speed":0.72,"deg":163,"gust":2.13},"clouds":{"all":97},"dt":1681417017,"sys":{"country":"UA","sunrise":1681356971,"sunset":1681405948},"timezone":10800,"id":702550,"name":"Lviv","cod":200}
[2023-04-13T20:26:39.805+0000] {taskinstance.py:1332} INFO - Marking task as SUCCESS. dag_id=weather_dag, task_id=retrieve_weather_data_Lviv, execution_date=20230413T202635, start_date=20230413T202638, end_date=20230413T202639
[2023-04-13T20:26:40.861+0000] {local_task_job.py:212} INFO - Task exited with return code 0
[2023-04-13T20:26:40.896+0000] {taskinstance.py:2596} INFO - 1 downstream tasks scheduled from follow-on schedule check
