[2023-04-13T08:32:07.666+0000] {taskinstance.py:1090} INFO - Dependencies all met for dep_context=non-requeueable deps ti=<TaskInstance: weather_dag.transform_data manual__2023-04-13T08:32:02.834927+00:00 [queued]>
[2023-04-13T08:32:07.676+0000] {taskinstance.py:1090} INFO - Dependencies all met for dep_context=requeueable deps ti=<TaskInstance: weather_dag.transform_data manual__2023-04-13T08:32:02.834927+00:00 [queued]>
[2023-04-13T08:32:07.678+0000] {taskinstance.py:1288} INFO - 
--------------------------------------------------------------------------------
[2023-04-13T08:32:07.679+0000] {taskinstance.py:1289} INFO - Starting attempt 1 of 1
[2023-04-13T08:32:07.680+0000] {taskinstance.py:1290} INFO - 
--------------------------------------------------------------------------------
[2023-04-13T08:32:07.692+0000] {taskinstance.py:1309} INFO - Executing <Task(PythonOperator): transform_data> on 2023-04-13 08:32:02.834927+00:00
[2023-04-13T08:32:07.698+0000] {standard_task_runner.py:55} INFO - Started process 2339 to run task
[2023-04-13T08:32:07.703+0000] {standard_task_runner.py:82} INFO - Running: ['***', 'tasks', 'run', 'weather_dag', 'transform_data', 'manual__2023-04-13T08:32:02.834927+00:00', '--job-id', '69', '--raw', '--subdir', 'DAGS_FOLDER/weather_dag.py', '--cfg-path', '/tmp/tmp9gfb2yqr']
[2023-04-13T08:32:07.706+0000] {standard_task_runner.py:83} INFO - Job 69: Subtask transform_data
[2023-04-13T08:32:07.778+0000] {task_command.py:389} INFO - Running <TaskInstance: weather_dag.transform_data manual__2023-04-13T08:32:02.834927+00:00 [running]> on host 0607b07c4f39
[2023-04-13T08:32:07.846+0000] {taskinstance.py:1518} INFO - Exporting the following env vars:
AIRFLOW_CTX_DAG_OWNER=***
AIRFLOW_CTX_DAG_ID=weather_dag
AIRFLOW_CTX_TASK_ID=transform_data
AIRFLOW_CTX_EXECUTION_DATE=2023-04-13T08:32:02.834927+00:00
AIRFLOW_CTX_TRY_NUMBER=1
AIRFLOW_CTX_DAG_RUN_ID=manual__2023-04-13T08:32:02.834927+00:00
[2023-04-13T08:32:07.849+0000] {logging_mixin.py:137} INFO - {'conf': <***.configuration.AirflowConfigParser object at 0xffff99efcfd0>, 'dag': <DAG: weather_dag>, 'dag_run': <DagRun weather_dag @ 2023-04-13 08:32:02.834927+00:00: manual__2023-04-13T08:32:02.834927+00:00, state:running, queued_at: 2023-04-13 08:32:02.842923+00:00. externally triggered: True>, 'data_interval_end': DateTime(2023, 4, 12, 19, 0, 0, tzinfo=Timezone('UTC')), 'data_interval_start': DateTime(2023, 4, 11, 19, 0, 0, tzinfo=Timezone('UTC')), 'ds': '2023-04-13', 'ds_nodash': '20230413', 'execution_date': <Proxy at 0xffff872b9be0 with factory functools.partial(<function lazy_mapping_from_context.<locals>._deprecated_proxy_factory at 0xffff872bbb00>, 'execution_date', DateTime(2023, 4, 13, 8, 32, 2, 834927, tzinfo=Timezone('UTC')))>, 'expanded_ti_count': None, 'inlets': [], 'logical_date': DateTime(2023, 4, 13, 8, 32, 2, 834927, tzinfo=Timezone('UTC')), 'macros': <module '***.macros' from '/home/***/.local/lib/python3.7/site-packages/***/macros/__init__.py'>, 'next_ds': <Proxy at 0xffff872b9c30 with factory functools.partial(<function lazy_mapping_from_context.<locals>._deprecated_proxy_factory at 0xffff872bbb00>, 'next_ds', '2023-04-13')>, 'next_ds_nodash': <Proxy at 0xffff872f5b40 with factory functools.partial(<function lazy_mapping_from_context.<locals>._deprecated_proxy_factory at 0xffff872bbb00>, 'next_ds_nodash', '20230413')>, 'next_execution_date': <Proxy at 0xffff872f5730 with factory functools.partial(<function lazy_mapping_from_context.<locals>._deprecated_proxy_factory at 0xffff872bbb00>, 'next_execution_date', DateTime(2023, 4, 13, 8, 32, 2, 834927, tzinfo=Timezone('UTC')))>, 'outlets': [], 'params': {}, 'prev_data_interval_start_success': DateTime(2023, 4, 10, 19, 0, 0, tzinfo=Timezone('UTC')), 'prev_data_interval_end_success': DateTime(2023, 4, 11, 19, 0, 0, tzinfo=Timezone('UTC')), 'prev_ds': <Proxy at 0xffff872f9dc0 with factory functools.partial(<function lazy_mapping_from_context.<locals>._deprecated_proxy_factory at 0xffff872bbb00>, 'prev_ds', '2023-04-13')>, 'prev_ds_nodash': <Proxy at 0xffff872ff9b0 with factory functools.partial(<function lazy_mapping_from_context.<locals>._deprecated_proxy_factory at 0xffff872bbb00>, 'prev_ds_nodash', '20230413')>, 'prev_execution_date': <Proxy at 0xffff872fff50 with factory functools.partial(<function lazy_mapping_from_context.<locals>._deprecated_proxy_factory at 0xffff872bbb00>, 'prev_execution_date', DateTime(2023, 4, 13, 8, 32, 2, 834927, tzinfo=Timezone('UTC')))>, 'prev_execution_date_success': <Proxy at 0xffff872ffa50 with factory functools.partial(<function lazy_mapping_from_context.<locals>._deprecated_proxy_factory at 0xffff872bbb00>, 'prev_execution_date_success', None)>, 'prev_start_date_success': DateTime(2023, 4, 12, 7, 39, 45, 345166, tzinfo=Timezone('UTC')), 'run_id': 'manual__2023-04-13T08:32:02.834927+00:00', 'task': <Task(PythonOperator): transform_data>, 'task_instance': <TaskInstance: weather_dag.transform_data manual__2023-04-13T08:32:02.834927+00:00 [running]>, 'task_instance_key_str': 'weather_dag__transform_data__20230413', 'test_mode': False, 'ti': <TaskInstance: weather_dag.transform_data manual__2023-04-13T08:32:02.834927+00:00 [running]>, 'tomorrow_ds': <Proxy at 0xffff8732a410 with factory functools.partial(<function lazy_mapping_from_context.<locals>._deprecated_proxy_factory at 0xffff872bbb00>, 'tomorrow_ds', '2023-04-14')>, 'tomorrow_ds_nodash': <Proxy at 0xffff8732ae10 with factory functools.partial(<function lazy_mapping_from_context.<locals>._deprecated_proxy_factory at 0xffff872bbb00>, 'tomorrow_ds_nodash', '20230414')>, 'triggering_dataset_events': <Proxy at 0xffff873669b0 with factory <function TaskInstance.get_template_context.<locals>.get_triggering_events at 0xffff873425f0>>, 'ts': '2023-04-13T08:32:02.834927+00:00', 'ts_nodash': '20230413T083202', 'ts_nodash_with_tz': '20230413T083202.834927+0000', 'var': {'json': None, 'value': None}, 'conn': None, 'yesterday_ds': <Proxy at 0xffff8732a320 with factory functools.partial(<function lazy_mapping_from_context.<locals>._deprecated_proxy_factory at 0xffff872bbb00>, 'yesterday_ds', '2023-04-12')>, 'yesterday_ds_nodash': <Proxy at 0xffff8732a050 with factory functools.partial(<function lazy_mapping_from_context.<locals>._deprecated_proxy_factory at 0xffff872bbb00>, 'yesterday_ds_nodash', '20230412')>, 'templates_dict': None}
[2023-04-13T08:32:07.852+0000] {logging_mixin.py:137} INFO - <TaskInstance: weather_dag.transform_data manual__2023-04-13T08:32:02.834927+00:00 [running]>
[2023-04-13T08:32:07.866+0000] {logging_mixin.py:137} INFO - {'coord': {'lon': 24.0232, 'lat': 49.8383}, 'weather': [{'id': 800, 'main': 'Clear', 'description': 'clear sky', 'icon': '01d'}], 'base': 'stations', 'main': {'temp': 285.14, 'feels_like': 283.94, 'temp_min': 285.14, 'temp_max': 285.14, 'pressure': 1007, 'humidity': 59, 'sea_level': 1007, 'grnd_level': 973}, 'visibility': 10000, 'wind': {'speed': 2.58, 'deg': 270, 'gust': 3.12}, 'clouds': {'all': 9}, 'dt': 1681374618, 'sys': {'country': 'UA', 'sunrise': 1681356971, 'sunset': 1681405948}, 'timezone': 10800, 'id': 702550, 'name': 'Lviv', 'cod': 200}
[2023-04-13T08:32:07.869+0000] {python.py:177} INFO - Done. Returned value was: (1681374618, 285.14)
[2023-04-13T08:32:07.892+0000] {taskinstance.py:1332} INFO - Marking task as SUCCESS. dag_id=weather_dag, task_id=transform_data, execution_date=20230413T083202, start_date=20230413T083207, end_date=20230413T083207
[2023-04-13T08:32:07.918+0000] {local_task_job.py:212} INFO - Task exited with return code 0
[2023-04-13T08:32:07.952+0000] {taskinstance.py:2596} INFO - 0 downstream tasks scheduled from follow-on schedule check
