[2023-04-13T19:58:16.424+0000] {taskinstance.py:1090} INFO - Dependencies all met for dep_context=non-requeueable deps ti=<TaskInstance: weather_dag.transform_data_Kharkiv scheduled__2023-04-13T18:00:00+00:00 [queued]>
[2023-04-13T19:58:16.477+0000] {taskinstance.py:1090} INFO - Dependencies all met for dep_context=requeueable deps ti=<TaskInstance: weather_dag.transform_data_Kharkiv scheduled__2023-04-13T18:00:00+00:00 [queued]>
[2023-04-13T19:58:16.479+0000] {taskinstance.py:1288} INFO - 
--------------------------------------------------------------------------------
[2023-04-13T19:58:16.482+0000] {taskinstance.py:1289} INFO - Starting attempt 1 of 1
[2023-04-13T19:58:16.484+0000] {taskinstance.py:1290} INFO - 
--------------------------------------------------------------------------------
[2023-04-13T19:58:16.551+0000] {taskinstance.py:1309} INFO - Executing <Task(PythonOperator): transform_data_Kharkiv> on 2023-04-13 18:00:00+00:00
[2023-04-13T19:58:16.580+0000] {standard_task_runner.py:55} INFO - Started process 6075 to run task
[2023-04-13T19:58:16.586+0000] {standard_task_runner.py:82} INFO - Running: ['***', 'tasks', 'run', 'weather_dag', 'transform_data_Kharkiv', 'scheduled__2023-04-13T18:00:00+00:00', '--job-id', '216', '--raw', '--subdir', 'DAGS_FOLDER/weather_dag.py', '--cfg-path', '/tmp/tmp2xs7x_39']
[2023-04-13T19:58:16.596+0000] {standard_task_runner.py:83} INFO - Job 216: Subtask transform_data_Kharkiv
[2023-04-13T19:58:16.894+0000] {task_command.py:389} INFO - Running <TaskInstance: weather_dag.transform_data_Kharkiv scheduled__2023-04-13T18:00:00+00:00 [running]> on host ffea11fb791c
[2023-04-13T19:58:17.391+0000] {taskinstance.py:1518} INFO - Exporting the following env vars:
AIRFLOW_CTX_DAG_OWNER=***
AIRFLOW_CTX_DAG_ID=weather_dag
AIRFLOW_CTX_TASK_ID=transform_data_Kharkiv
AIRFLOW_CTX_EXECUTION_DATE=2023-04-13T18:00:00+00:00
AIRFLOW_CTX_TRY_NUMBER=1
AIRFLOW_CTX_DAG_RUN_ID=scheduled__2023-04-13T18:00:00+00:00
[2023-04-13T19:58:17.409+0000] {logging_mixin.py:137} INFO - {'conf': <***.configuration.AirflowConfigParser object at 0xffffb3d9af10>, 'dag': <DAG: weather_dag>, 'dag_run': <DagRun weather_dag @ 2023-04-13 18:00:00+00:00: scheduled__2023-04-13T18:00:00+00:00, state:running, queued_at: 2023-04-13 19:58:06.882715+00:00. externally triggered: False>, 'data_interval_end': DateTime(2023, 4, 13, 19, 0, 0, tzinfo=Timezone('UTC')), 'data_interval_start': DateTime(2023, 4, 13, 18, 0, 0, tzinfo=Timezone('UTC')), 'ds': '2023-04-13', 'ds_nodash': '20230413', 'execution_date': <Proxy at 0xffffa1991460 with factory functools.partial(<function lazy_mapping_from_context.<locals>._deprecated_proxy_factory at 0xffffa198eb90>, 'execution_date', DateTime(2023, 4, 13, 18, 0, 0, tzinfo=Timezone('UTC')))>, 'expanded_ti_count': None, 'inlets': [], 'logical_date': DateTime(2023, 4, 13, 18, 0, 0, tzinfo=Timezone('UTC')), 'macros': <module '***.macros' from '/home/***/.local/lib/python3.7/site-packages/***/macros/__init__.py'>, 'next_ds': <Proxy at 0xffffa1991410 with factory functools.partial(<function lazy_mapping_from_context.<locals>._deprecated_proxy_factory at 0xffffa198eb90>, 'next_ds', '2023-04-13')>, 'next_ds_nodash': <Proxy at 0xffffa1a4fe60 with factory functools.partial(<function lazy_mapping_from_context.<locals>._deprecated_proxy_factory at 0xffffa198eb90>, 'next_ds_nodash', '20230413')>, 'next_execution_date': <Proxy at 0xffffa1a43190 with factory functools.partial(<function lazy_mapping_from_context.<locals>._deprecated_proxy_factory at 0xffffa198eb90>, 'next_execution_date', DateTime(2023, 4, 13, 19, 0, 0, tzinfo=Timezone('UTC')))>, 'outlets': [], 'params': {}, 'prev_data_interval_start_success': DateTime(2023, 4, 13, 14, 0, 0, tzinfo=Timezone('UTC')), 'prev_data_interval_end_success': DateTime(2023, 4, 13, 15, 0, 0, tzinfo=Timezone('UTC')), 'prev_ds': <Proxy at 0xffffa1a43280 with factory functools.partial(<function lazy_mapping_from_context.<locals>._deprecated_proxy_factory at 0xffffa198eb90>, 'prev_ds', '2023-04-13')>, 'prev_ds_nodash': <Proxy at 0xffffa1a43780 with factory functools.partial(<function lazy_mapping_from_context.<locals>._deprecated_proxy_factory at 0xffffa198eb90>, 'prev_ds_nodash', '20230413')>, 'prev_execution_date': <Proxy at 0xffffa1a525a0 with factory functools.partial(<function lazy_mapping_from_context.<locals>._deprecated_proxy_factory at 0xffffa198eb90>, 'prev_execution_date', DateTime(2023, 4, 13, 17, 0, 0, tzinfo=Timezone('UTC')))>, 'prev_execution_date_success': <Proxy at 0xffffa1a52a50 with factory functools.partial(<function lazy_mapping_from_context.<locals>._deprecated_proxy_factory at 0xffffa198eb90>, 'prev_execution_date_success', None)>, 'prev_start_date_success': DateTime(2023, 4, 13, 15, 47, 45, 112743, tzinfo=Timezone('UTC')), 'run_id': 'scheduled__2023-04-13T18:00:00+00:00', 'task': <Task(PythonOperator): transform_data_Kharkiv>, 'task_instance': <TaskInstance: weather_dag.transform_data_Kharkiv scheduled__2023-04-13T18:00:00+00:00 [running]>, 'task_instance_key_str': 'weather_dag__transform_data_Kharkiv__20230413', 'test_mode': False, 'ti': <TaskInstance: weather_dag.transform_data_Kharkiv scheduled__2023-04-13T18:00:00+00:00 [running]>, 'tomorrow_ds': <Proxy at 0xffffa1a52500 with factory functools.partial(<function lazy_mapping_from_context.<locals>._deprecated_proxy_factory at 0xffffa198eb90>, 'tomorrow_ds', '2023-04-14')>, 'tomorrow_ds_nodash': <Proxy at 0xffffa1980c30 with factory functools.partial(<function lazy_mapping_from_context.<locals>._deprecated_proxy_factory at 0xffffa198eb90>, 'tomorrow_ds_nodash', '20230414')>, 'triggering_dataset_events': <Proxy at 0xffffa1a41c30 with factory <function TaskInstance.get_template_context.<locals>.get_triggering_events at 0xffffa1a270e0>>, 'ts': '2023-04-13T18:00:00+00:00', 'ts_nodash': '20230413T180000', 'ts_nodash_with_tz': '20230413T180000+0000', 'var': {'json': None, 'value': None}, 'conn': None, 'yesterday_ds': <Proxy at 0xffffa1980b40 with factory functools.partial(<function lazy_mapping_from_context.<locals>._deprecated_proxy_factory at 0xffffa198eb90>, 'yesterday_ds', '2023-04-12')>, 'yesterday_ds_nodash': <Proxy at 0xffffa1980870 with factory functools.partial(<function lazy_mapping_from_context.<locals>._deprecated_proxy_factory at 0xffffa198eb90>, 'yesterday_ds_nodash', '20230412')>, 'templates_dict': None}
[2023-04-13T19:58:17.533+0000] {taskinstance.py:1776} ERROR - Task failed with exception
Traceback (most recent call last):
  File "/home/airflow/.local/lib/python3.7/site-packages/airflow/operators/python.py", line 175, in execute
    return_value = self.execute_callable()
  File "/home/airflow/.local/lib/python3.7/site-packages/airflow/operators/python.py", line 192, in execute_callable
    return self.python_callable(*self.op_args, **self.op_kwargs)
  File "/opt/airflow/dags/weather_dag.py", line 23, in transforming_data
    timestamp = info["dt"]
TypeError: 'NoneType' object is not subscriptable
[2023-04-13T19:58:17.580+0000] {taskinstance.py:1332} INFO - Marking task as FAILED. dag_id=weather_dag, task_id=transform_data_Kharkiv, execution_date=20230413T180000, start_date=20230413T195816, end_date=20230413T195817
[2023-04-13T19:58:17.626+0000] {standard_task_runner.py:105} ERROR - Failed to execute job 216 for task transform_data_Kharkiv ('NoneType' object is not subscriptable; 6075)
[2023-04-13T19:58:17.699+0000] {local_task_job.py:212} INFO - Task exited with return code 1
[2023-04-13T19:58:17.795+0000] {taskinstance.py:2596} INFO - 0 downstream tasks scheduled from follow-on schedule check
