[2023-04-13T21:17:24.091+0000] {taskinstance.py:1090} INFO - Dependencies all met for dep_context=non-requeueable deps ti=<TaskInstance: weather_dag.inject_data_Kharkiv scheduled__2023-04-13T20:00:00+00:00 [queued]>
[2023-04-13T21:17:24.128+0000] {taskinstance.py:1090} INFO - Dependencies all met for dep_context=requeueable deps ti=<TaskInstance: weather_dag.inject_data_Kharkiv scheduled__2023-04-13T20:00:00+00:00 [queued]>
[2023-04-13T21:17:24.130+0000] {taskinstance.py:1288} INFO - 
--------------------------------------------------------------------------------
[2023-04-13T21:17:24.132+0000] {taskinstance.py:1289} INFO - Starting attempt 1 of 1
[2023-04-13T21:17:24.135+0000] {taskinstance.py:1290} INFO - 
--------------------------------------------------------------------------------
[2023-04-13T21:17:24.204+0000] {taskinstance.py:1309} INFO - Executing <Task(SqliteOperator): inject_data_Kharkiv> on 2023-04-13 20:00:00+00:00
[2023-04-13T21:17:24.215+0000] {standard_task_runner.py:55} INFO - Started process 7341 to run task
[2023-04-13T21:17:24.231+0000] {standard_task_runner.py:82} INFO - Running: ['***', 'tasks', 'run', 'weather_dag', 'inject_data_Kharkiv', 'scheduled__2023-04-13T20:00:00+00:00', '--job-id', '378', '--raw', '--subdir', 'DAGS_FOLDER/weather_dag.py', '--cfg-path', '/tmp/tmpc7efq969']
[2023-04-13T21:17:24.235+0000] {standard_task_runner.py:83} INFO - Job 378: Subtask inject_data_Kharkiv
[2023-04-13T21:17:24.441+0000] {task_command.py:389} INFO - Running <TaskInstance: weather_dag.inject_data_Kharkiv scheduled__2023-04-13T20:00:00+00:00 [running]> on host ffea11fb791c
[2023-04-13T21:17:24.834+0000] {taskinstance.py:1518} INFO - Exporting the following env vars:
AIRFLOW_CTX_DAG_OWNER=***
AIRFLOW_CTX_DAG_ID=weather_dag
AIRFLOW_CTX_TASK_ID=inject_data_Kharkiv
AIRFLOW_CTX_EXECUTION_DATE=2023-04-13T20:00:00+00:00
AIRFLOW_CTX_TRY_NUMBER=1
AIRFLOW_CTX_DAG_RUN_ID=scheduled__2023-04-13T20:00:00+00:00
[2023-04-13T21:17:24.844+0000] {sql.py:254} INFO - Executing: 
                INSERT INTO measures_ext (city, timestamp, temp, humidity, cloudiness, wind_speed) VALUES
                    ("Kharkiv",
                    1681421477,
                    282.01,
                    91,
                    "light rain",
                    2.86);
            
[2023-04-13T21:17:24.864+0000] {base.py:73} INFO - Using connection ID 'measure_db' for task execution.
[2023-04-13T21:17:25.407+0000] {base.py:73} INFO - Using connection ID 'measure_db' for task execution.
[2023-04-13T21:17:25.416+0000] {sql.py:375} INFO - Running statement: 
                INSERT INTO measures_ext (city, timestamp, temp, humidity, cloudiness, wind_speed) VALUES
                    ("Kharkiv",
                    1681421477,
                    282.01,
                    91,
                    "light rain",
                    2.86);
            , parameters: None
[2023-04-13T21:17:25.443+0000] {sql.py:384} INFO - Rows affected: 1
[2023-04-13T21:17:25.481+0000] {taskinstance.py:1332} INFO - Marking task as SUCCESS. dag_id=weather_dag, task_id=inject_data_Kharkiv, execution_date=20230413T200000, start_date=20230413T211724, end_date=20230413T211725
[2023-04-13T21:17:25.546+0000] {local_task_job.py:212} INFO - Task exited with return code 0
[2023-04-13T21:17:25.580+0000] {taskinstance.py:2596} INFO - 0 downstream tasks scheduled from follow-on schedule check
