[2023-04-13T22:39:24.849+0000] {taskinstance.py:1090} INFO - Dependencies all met for dep_context=non-requeueable deps ti=<TaskInstance: weather_dag.retrieve_weather_data_Lviv scheduled__2023-04-13T21:00:00+00:00 [queued]>
[2023-04-13T22:39:24.949+0000] {taskinstance.py:1090} INFO - Dependencies all met for dep_context=requeueable deps ti=<TaskInstance: weather_dag.retrieve_weather_data_Lviv scheduled__2023-04-13T21:00:00+00:00 [queued]>
[2023-04-13T22:39:24.954+0000] {taskinstance.py:1288} INFO - 
--------------------------------------------------------------------------------
[2023-04-13T22:39:24.957+0000] {taskinstance.py:1289} INFO - Starting attempt 1 of 1
[2023-04-13T22:39:24.960+0000] {taskinstance.py:1290} INFO - 
--------------------------------------------------------------------------------
[2023-04-13T22:39:25.049+0000] {taskinstance.py:1309} INFO - Executing <Task(SimpleHttpOperator): retrieve_weather_data_Lviv> on 2023-04-13 21:00:00+00:00
[2023-04-13T22:39:25.073+0000] {standard_task_runner.py:55} INFO - Started process 7362 to run task
[2023-04-13T22:39:25.101+0000] {standard_task_runner.py:82} INFO - Running: ['***', 'tasks', 'run', 'weather_dag', 'retrieve_weather_data_Lviv', 'scheduled__2023-04-13T21:00:00+00:00', '--job-id', '381', '--raw', '--subdir', 'DAGS_FOLDER/weather_dag.py', '--cfg-path', '/tmp/tmpdf9r8go2']
[2023-04-13T22:39:25.117+0000] {standard_task_runner.py:83} INFO - Job 381: Subtask retrieve_weather_data_Lviv
[2023-04-13T22:39:25.343+0000] {task_command.py:389} INFO - Running <TaskInstance: weather_dag.retrieve_weather_data_Lviv scheduled__2023-04-13T21:00:00+00:00 [running]> on host ffea11fb791c
[2023-04-13T22:39:25.537+0000] {taskinstance.py:1518} INFO - Exporting the following env vars:
AIRFLOW_CTX_DAG_OWNER=***
AIRFLOW_CTX_DAG_ID=weather_dag
AIRFLOW_CTX_TASK_ID=retrieve_weather_data_Lviv
AIRFLOW_CTX_EXECUTION_DATE=2023-04-13T21:00:00+00:00
AIRFLOW_CTX_TRY_NUMBER=1
AIRFLOW_CTX_DAG_RUN_ID=scheduled__2023-04-13T21:00:00+00:00
[2023-04-13T22:39:25.543+0000] {http.py:123} INFO - Calling HTTP method
[2023-04-13T22:39:25.573+0000] {base.py:73} INFO - Using connection ID 'weather_http_api' for task execution.
[2023-04-13T22:39:25.942+0000] {http.py:127} INFO - {"coord":{"lon":24.0232,"lat":49.8383},"weather":[{"id":804,"main":"Clouds","description":"overcast clouds","icon":"04n"}],"base":"stations","main":{"temp":282.5,"feels_like":282.5,"temp_min":282.5,"temp_max":282.5,"pressure":1008,"humidity":74,"sea_level":1008,"grnd_level":974},"visibility":10000,"wind":{"speed":0.8,"deg":129,"gust":0.94},"clouds":{"all":99},"dt":1681426488,"sys":{"country":"UA","sunrise":1681443247,"sunset":1681492442},"timezone":10800,"id":702550,"name":"Lviv","cod":200}
[2023-04-13T22:39:25.986+0000] {taskinstance.py:1332} INFO - Marking task as SUCCESS. dag_id=weather_dag, task_id=retrieve_weather_data_Lviv, execution_date=20230413T210000, start_date=20230413T223924, end_date=20230413T223925
[2023-04-13T22:39:27.053+0000] {local_task_job.py:212} INFO - Task exited with return code 0
[2023-04-13T22:39:29.436+0000] {taskinstance.py:2596} INFO - 0 downstream tasks scheduled from follow-on schedule check
