[2023-04-13T15:36:47.669+0000] {taskinstance.py:1090} INFO - Dependencies all met for dep_context=non-requeueable deps ti=<TaskInstance: weather_dag.retrieve_weather_data manual__2023-04-13T15:36:44.993551+00:00 [queued]>
[2023-04-13T15:36:47.678+0000] {taskinstance.py:1090} INFO - Dependencies all met for dep_context=requeueable deps ti=<TaskInstance: weather_dag.retrieve_weather_data manual__2023-04-13T15:36:44.993551+00:00 [queued]>
[2023-04-13T15:36:47.679+0000] {taskinstance.py:1288} INFO - 
--------------------------------------------------------------------------------
[2023-04-13T15:36:47.679+0000] {taskinstance.py:1289} INFO - Starting attempt 1 of 1
[2023-04-13T15:36:47.681+0000] {taskinstance.py:1290} INFO - 
--------------------------------------------------------------------------------
[2023-04-13T15:36:47.689+0000] {taskinstance.py:1309} INFO - Executing <Task(SimpleHttpOperator): retrieve_weather_data> on 2023-04-13 15:36:44.993551+00:00
[2023-04-13T15:36:47.692+0000] {standard_task_runner.py:55} INFO - Started process 4622 to run task
[2023-04-13T15:36:47.695+0000] {standard_task_runner.py:82} INFO - Running: ['***', 'tasks', 'run', 'weather_dag', 'retrieve_weather_data', 'manual__2023-04-13T15:36:44.993551+00:00', '--job-id', '194', '--raw', '--subdir', 'DAGS_FOLDER/weather_dag.py', '--cfg-path', '/tmp/tmptx6b1rlu']
[2023-04-13T15:36:47.696+0000] {standard_task_runner.py:83} INFO - Job 194: Subtask retrieve_weather_data
[2023-04-13T15:36:47.740+0000] {task_command.py:389} INFO - Running <TaskInstance: weather_dag.retrieve_weather_data manual__2023-04-13T15:36:44.993551+00:00 [running]> on host ffea11fb791c
[2023-04-13T15:36:47.781+0000] {taskinstance.py:1518} INFO - Exporting the following env vars:
AIRFLOW_CTX_DAG_OWNER=***
AIRFLOW_CTX_DAG_ID=weather_dag
AIRFLOW_CTX_TASK_ID=retrieve_weather_data
AIRFLOW_CTX_EXECUTION_DATE=2023-04-13T15:36:44.993551+00:00
AIRFLOW_CTX_TRY_NUMBER=1
AIRFLOW_CTX_DAG_RUN_ID=manual__2023-04-13T15:36:44.993551+00:00
[2023-04-13T15:36:47.783+0000] {http.py:123} INFO - Calling HTTP method
[2023-04-13T15:36:47.790+0000] {base.py:73} INFO - Using connection ID 'weather_http_api' for task execution.
[2023-04-13T15:36:47.987+0000] {http.py:127} INFO - {"coord":{"lon":24.0232,"lat":49.8383},"weather":[{"id":802,"main":"Clouds","description":"scattered clouds","icon":"03d"}],"base":"stations","main":{"temp":287.19,"feels_like":285.93,"temp_min":287.19,"temp_max":287.19,"pressure":1006,"humidity":49,"sea_level":1006,"grnd_level":972},"visibility":10000,"wind":{"speed":1.15,"deg":321,"gust":1.81},"clouds":{"all":50},"dt":1681399727,"sys":{"country":"UA","sunrise":1681356971,"sunset":1681405948},"timezone":10800,"id":702550,"name":"Lviv","cod":200}
[2023-04-13T15:36:48.006+0000] {taskinstance.py:1332} INFO - Marking task as SUCCESS. dag_id=weather_dag, task_id=retrieve_weather_data, execution_date=20230413T153644, start_date=20230413T153647, end_date=20230413T153648
[2023-04-13T15:36:48.042+0000] {local_task_job.py:212} INFO - Task exited with return code 0
[2023-04-13T15:36:49.067+0000] {taskinstance.py:2596} INFO - 0 downstream tasks scheduled from follow-on schedule check
