[2023-04-13T20:29:46.611+0000] {taskinstance.py:1090} INFO - Dependencies all met for dep_context=non-requeueable deps ti=<TaskInstance: weather_dag.inject_data_Kyiv manual__2023-04-13T20:29:34.713243+00:00 [queued]>
[2023-04-13T20:29:46.727+0000] {taskinstance.py:1090} INFO - Dependencies all met for dep_context=requeueable deps ti=<TaskInstance: weather_dag.inject_data_Kyiv manual__2023-04-13T20:29:34.713243+00:00 [queued]>
[2023-04-13T20:29:46.733+0000] {taskinstance.py:1288} INFO - 
--------------------------------------------------------------------------------
[2023-04-13T20:29:46.739+0000] {taskinstance.py:1289} INFO - Starting attempt 1 of 1
[2023-04-13T20:29:46.742+0000] {taskinstance.py:1290} INFO - 
--------------------------------------------------------------------------------
[2023-04-13T20:29:46.840+0000] {taskinstance.py:1309} INFO - Executing <Task(SqliteOperator): inject_data_Kyiv> on 2023-04-13 20:29:34.713243+00:00
[2023-04-13T20:29:46.866+0000] {standard_task_runner.py:55} INFO - Started process 7036 to run task
[2023-04-13T20:29:46.882+0000] {standard_task_runner.py:82} INFO - Running: ['***', 'tasks', 'run', 'weather_dag', 'inject_data_Kyiv', 'manual__2023-04-13T20:29:34.713243+00:00', '--job-id', '345', '--raw', '--subdir', 'DAGS_FOLDER/weather_dag.py', '--cfg-path', '/tmp/tmp66fry4n2']
[2023-04-13T20:29:46.912+0000] {standard_task_runner.py:83} INFO - Job 345: Subtask inject_data_Kyiv
[2023-04-13T20:29:47.285+0000] {task_command.py:389} INFO - Running <TaskInstance: weather_dag.inject_data_Kyiv manual__2023-04-13T20:29:34.713243+00:00 [running]> on host ffea11fb791c
[2023-04-13T20:29:47.634+0000] {taskinstance.py:1518} INFO - Exporting the following env vars:
AIRFLOW_CTX_DAG_OWNER=***
AIRFLOW_CTX_DAG_ID=weather_dag
AIRFLOW_CTX_TASK_ID=inject_data_Kyiv
AIRFLOW_CTX_EXECUTION_DATE=2023-04-13T20:29:34.713243+00:00
AIRFLOW_CTX_TRY_NUMBER=1
AIRFLOW_CTX_DAG_RUN_ID=manual__2023-04-13T20:29:34.713243+00:00
[2023-04-13T20:29:47.639+0000] {sql.py:254} INFO - Executing: 
                INSERT INTO measures_ext (city, timestamp, temp, humidity, cloudiness, wind_speed) VALUES
                    ("Kyiv",
                    1681417682,
                    283.52,
                    83,
                    "overcast clouds",
                    2.68);
            
[2023-04-13T20:29:47.666+0000] {base.py:73} INFO - Using connection ID 'measure_db' for task execution.
[2023-04-13T20:29:48.530+0000] {base.py:73} INFO - Using connection ID 'measure_db' for task execution.
[2023-04-13T20:29:48.540+0000] {sql.py:375} INFO - Running statement: 
                INSERT INTO measures_ext (city, timestamp, temp, humidity, cloudiness, wind_speed) VALUES
                    ("Kyiv",
                    1681417682,
                    283.52,
                    83,
                    "overcast clouds",
                    2.68);
            , parameters: None
[2023-04-13T20:29:48.561+0000] {sql.py:384} INFO - Rows affected: 1
[2023-04-13T20:29:48.599+0000] {taskinstance.py:1332} INFO - Marking task as SUCCESS. dag_id=weather_dag, task_id=inject_data_Kyiv, execution_date=20230413T202934, start_date=20230413T202946, end_date=20230413T202948
[2023-04-13T20:29:48.691+0000] {local_task_job.py:212} INFO - Task exited with return code 0
[2023-04-13T20:29:48.733+0000] {taskinstance.py:2596} INFO - 0 downstream tasks scheduled from follow-on schedule check
