[2023-04-13T13:41:56.509+0000] {taskinstance.py:1090} INFO - Dependencies all met for dep_context=non-requeueable deps ti=<TaskInstance: weather_dag.inject_data manual__2023-04-13T13:41:50.254177+00:00 [queued]>
[2023-04-13T13:41:56.524+0000] {taskinstance.py:1090} INFO - Dependencies all met for dep_context=requeueable deps ti=<TaskInstance: weather_dag.inject_data manual__2023-04-13T13:41:50.254177+00:00 [queued]>
[2023-04-13T13:41:56.527+0000] {taskinstance.py:1288} INFO - 
--------------------------------------------------------------------------------
[2023-04-13T13:41:56.528+0000] {taskinstance.py:1289} INFO - Starting attempt 1 of 1
[2023-04-13T13:41:56.530+0000] {taskinstance.py:1290} INFO - 
--------------------------------------------------------------------------------
[2023-04-13T13:41:56.550+0000] {taskinstance.py:1309} INFO - Executing <Task(SqliteOperator): inject_data> on 2023-04-13 13:41:50.254177+00:00
[2023-04-13T13:41:56.557+0000] {standard_task_runner.py:55} INFO - Started process 2010 to run task
[2023-04-13T13:41:56.562+0000] {standard_task_runner.py:82} INFO - Running: ['***', 'tasks', 'run', 'weather_dag', 'inject_data', 'manual__2023-04-13T13:41:50.254177+00:00', '--job-id', '173', '--raw', '--subdir', 'DAGS_FOLDER/weather_dag.py', '--cfg-path', '/tmp/tmpe56q35xc']
[2023-04-13T13:41:56.564+0000] {standard_task_runner.py:83} INFO - Job 173: Subtask inject_data
[2023-04-13T13:41:56.651+0000] {task_command.py:389} INFO - Running <TaskInstance: weather_dag.inject_data manual__2023-04-13T13:41:50.254177+00:00 [running]> on host ffea11fb791c
[2023-04-13T13:41:56.790+0000] {taskinstance.py:1518} INFO - Exporting the following env vars:
AIRFLOW_CTX_DAG_OWNER=***
AIRFLOW_CTX_DAG_ID=weather_dag
AIRFLOW_CTX_TASK_ID=inject_data
AIRFLOW_CTX_EXECUTION_DATE=2023-04-13T13:41:50.254177+00:00
AIRFLOW_CTX_TRY_NUMBER=1
AIRFLOW_CTX_DAG_RUN_ID=manual__2023-04-13T13:41:50.254177+00:00
[2023-04-13T13:41:56.794+0000] {sql.py:254} INFO - Executing: 
        INSERT INTO measures_ext (timestamp, temp, humidity, cloudiness, wind_speed) VALUES
        (1681392968,
        287.66,
        45,
        "scattered clouds",
        1.71);
        
[2023-04-13T13:41:56.806+0000] {base.py:73} INFO - Using connection ID 'measure_db' for task execution.
[2023-04-13T13:41:57.044+0000] {base.py:73} INFO - Using connection ID 'measure_db' for task execution.
[2023-04-13T13:41:57.049+0000] {sql.py:375} INFO - Running statement: 
        INSERT INTO measures_ext (timestamp, temp, humidity, cloudiness, wind_speed) VALUES
        (1681392968,
        287.66,
        45,
        "scattered clouds",
        1.71);
        , parameters: None
[2023-04-13T13:41:57.066+0000] {sql.py:384} INFO - Rows affected: 1
[2023-04-13T13:41:57.095+0000] {taskinstance.py:1332} INFO - Marking task as SUCCESS. dag_id=weather_dag, task_id=inject_data, execution_date=20230413T134150, start_date=20230413T134156, end_date=20230413T134157
[2023-04-13T13:41:57.140+0000] {local_task_job.py:212} INFO - Task exited with return code 0
[2023-04-13T13:41:57.167+0000] {taskinstance.py:2596} INFO - 0 downstream tasks scheduled from follow-on schedule check
