[2023-04-13T11:32:36.826+0000] {taskinstance.py:1090} INFO - Dependencies all met for dep_context=non-requeueable deps ti=<TaskInstance: weather_dag.transform_data manual__2023-04-13T11:32:31.034082+00:00 [queued]>
[2023-04-13T11:32:36.844+0000] {taskinstance.py:1090} INFO - Dependencies all met for dep_context=requeueable deps ti=<TaskInstance: weather_dag.transform_data manual__2023-04-13T11:32:31.034082+00:00 [queued]>
[2023-04-13T11:32:36.846+0000] {taskinstance.py:1288} INFO - 
--------------------------------------------------------------------------------
[2023-04-13T11:32:36.849+0000] {taskinstance.py:1289} INFO - Starting attempt 1 of 1
[2023-04-13T11:32:36.852+0000] {taskinstance.py:1290} INFO - 
--------------------------------------------------------------------------------
[2023-04-13T11:32:36.879+0000] {taskinstance.py:1309} INFO - Executing <Task(PythonOperator): transform_data> on 2023-04-13 11:32:31.034082+00:00
[2023-04-13T11:32:36.888+0000] {standard_task_runner.py:55} INFO - Started process 3077 to run task
[2023-04-13T11:32:36.894+0000] {standard_task_runner.py:82} INFO - Running: ['***', 'tasks', 'run', 'weather_dag', 'transform_data', 'manual__2023-04-13T11:32:31.034082+00:00', '--job-id', '76', '--raw', '--subdir', 'DAGS_FOLDER/weather_dag.py', '--cfg-path', '/tmp/tmpy3ia3gl8']
[2023-04-13T11:32:36.896+0000] {standard_task_runner.py:83} INFO - Job 76: Subtask transform_data
[2023-04-13T11:32:36.990+0000] {task_command.py:389} INFO - Running <TaskInstance: weather_dag.transform_data manual__2023-04-13T11:32:31.034082+00:00 [running]> on host 0607b07c4f39
[2023-04-13T11:32:37.067+0000] {taskinstance.py:1518} INFO - Exporting the following env vars:
AIRFLOW_CTX_DAG_OWNER=***
AIRFLOW_CTX_DAG_ID=weather_dag
AIRFLOW_CTX_TASK_ID=transform_data
AIRFLOW_CTX_EXECUTION_DATE=2023-04-13T11:32:31.034082+00:00
AIRFLOW_CTX_TRY_NUMBER=1
AIRFLOW_CTX_DAG_RUN_ID=manual__2023-04-13T11:32:31.034082+00:00
[2023-04-13T11:32:37.071+0000] {logging_mixin.py:137} INFO - {'conf': <***.configuration.AirflowConfigParser object at 0xffff99efcfd0>, 'dag': <DAG: weather_dag>, 'dag_run': <DagRun weather_dag @ 2023-04-13 11:32:31.034082+00:00: manual__2023-04-13T11:32:31.034082+00:00, state:running, queued_at: 2023-04-13 11:32:31.044125+00:00. externally triggered: True>, 'data_interval_end': DateTime(2023, 4, 12, 19, 0, 0, tzinfo=Timezone('UTC')), 'data_interval_start': DateTime(2023, 4, 11, 19, 0, 0, tzinfo=Timezone('UTC')), 'ds': '2023-04-13', 'ds_nodash': '20230413', 'execution_date': <Proxy at 0xffff872bb410 with factory functools.partial(<function lazy_mapping_from_context.<locals>._deprecated_proxy_factory at 0xffff872b7c20>, 'execution_date', DateTime(2023, 4, 13, 11, 32, 31, 34082, tzinfo=Timezone('UTC')))>, 'expanded_ti_count': None, 'inlets': [], 'logical_date': DateTime(2023, 4, 13, 11, 32, 31, 34082, tzinfo=Timezone('UTC')), 'macros': <module '***.macros' from '/home/***/.local/lib/python3.7/site-packages/***/macros/__init__.py'>, 'next_ds': <Proxy at 0xffff872bb370 with factory functools.partial(<function lazy_mapping_from_context.<locals>._deprecated_proxy_factory at 0xffff872b7c20>, 'next_ds', '2023-04-13')>, 'next_ds_nodash': <Proxy at 0xffff872bb3c0 with factory functools.partial(<function lazy_mapping_from_context.<locals>._deprecated_proxy_factory at 0xffff872b7c20>, 'next_ds_nodash', '20230413')>, 'next_execution_date': <Proxy at 0xffff872f8320 with factory functools.partial(<function lazy_mapping_from_context.<locals>._deprecated_proxy_factory at 0xffff872b7c20>, 'next_execution_date', DateTime(2023, 4, 13, 11, 32, 31, 34082, tzinfo=Timezone('UTC')))>, 'outlets': [], 'params': {}, 'prev_data_interval_start_success': DateTime(2023, 4, 10, 19, 0, 0, tzinfo=Timezone('UTC')), 'prev_data_interval_end_success': DateTime(2023, 4, 11, 19, 0, 0, tzinfo=Timezone('UTC')), 'prev_ds': <Proxy at 0xffff872f3eb0 with factory functools.partial(<function lazy_mapping_from_context.<locals>._deprecated_proxy_factory at 0xffff872b7c20>, 'prev_ds', '2023-04-13')>, 'prev_ds_nodash': <Proxy at 0xffff872f7550 with factory functools.partial(<function lazy_mapping_from_context.<locals>._deprecated_proxy_factory at 0xffff872b7c20>, 'prev_ds_nodash', '20230413')>, 'prev_execution_date': <Proxy at 0xffff872ff230 with factory functools.partial(<function lazy_mapping_from_context.<locals>._deprecated_proxy_factory at 0xffff872b7c20>, 'prev_execution_date', DateTime(2023, 4, 13, 11, 32, 31, 34082, tzinfo=Timezone('UTC')))>, 'prev_execution_date_success': <Proxy at 0xffff872ff6e0 with factory functools.partial(<function lazy_mapping_from_context.<locals>._deprecated_proxy_factory at 0xffff872b7c20>, 'prev_execution_date_success', None)>, 'prev_start_date_success': DateTime(2023, 4, 12, 7, 39, 45, 345166, tzinfo=Timezone('UTC')), 'run_id': 'manual__2023-04-13T11:32:31.034082+00:00', 'task': <Task(PythonOperator): transform_data>, 'task_instance': <TaskInstance: weather_dag.transform_data manual__2023-04-13T11:32:31.034082+00:00 [running]>, 'task_instance_key_str': 'weather_dag__transform_data__20230413', 'test_mode': False, 'ti': <TaskInstance: weather_dag.transform_data manual__2023-04-13T11:32:31.034082+00:00 [running]>, 'tomorrow_ds': <Proxy at 0xffff872ff050 with factory functools.partial(<function lazy_mapping_from_context.<locals>._deprecated_proxy_factory at 0xffff872b7c20>, 'tomorrow_ds', '2023-04-14')>, 'tomorrow_ds_nodash': <Proxy at 0xffff87329b40 with factory functools.partial(<function lazy_mapping_from_context.<locals>._deprecated_proxy_factory at 0xffff872b7c20>, 'tomorrow_ds_nodash', '20230414')>, 'triggering_dataset_events': <Proxy at 0xffff8736a190 with factory <function TaskInstance.get_template_context.<locals>.get_triggering_events at 0xffff8734e170>>, 'ts': '2023-04-13T11:32:31.034082+00:00', 'ts_nodash': '20230413T113231', 'ts_nodash_with_tz': '20230413T113231.034082+0000', 'var': {'json': None, 'value': None}, 'conn': None, 'yesterday_ds': <Proxy at 0xffff87329a50 with factory functools.partial(<function lazy_mapping_from_context.<locals>._deprecated_proxy_factory at 0xffff872b7c20>, 'yesterday_ds', '2023-04-12')>, 'yesterday_ds_nodash': <Proxy at 0xffff87329780 with factory functools.partial(<function lazy_mapping_from_context.<locals>._deprecated_proxy_factory at 0xffff872b7c20>, 'yesterday_ds_nodash', '20230412')>, 'templates_dict': None}
[2023-04-13T11:32:37.075+0000] {logging_mixin.py:137} INFO - <TaskInstance: weather_dag.transform_data manual__2023-04-13T11:32:31.034082+00:00 [running]>
[2023-04-13T11:32:37.092+0000] {logging_mixin.py:137} INFO - {'coord': {'lon': 24.0232, 'lat': 49.8383}, 'weather': [{'id': 801, 'main': 'Clouds', 'description': 'few clouds', 'icon': '02d'}], 'base': 'stations', 'main': {'temp': 286.84, 'feels_like': 285.57, 'temp_min': 286.84, 'temp_max': 286.84, 'pressure': 1006, 'humidity': 50, 'sea_level': 1006, 'grnd_level': 973}, 'visibility': 10000, 'wind': {'speed': 2.05, 'deg': 282, 'gust': 2.42}, 'clouds': {'all': 15}, 'dt': 1681385281, 'sys': {'country': 'UA', 'sunrise': 1681356971, 'sunset': 1681405948}, 'timezone': 10800, 'id': 702550, 'name': 'Lviv', 'cod': 200}
[2023-04-13T11:32:37.094+0000] {python.py:177} INFO - Done. Returned value was: (1681385281, 286.84)
[2023-04-13T11:32:37.123+0000] {taskinstance.py:1332} INFO - Marking task as SUCCESS. dag_id=weather_dag, task_id=transform_data, execution_date=20230413T113231, start_date=20230413T113236, end_date=20230413T113237
[2023-04-13T11:32:37.149+0000] {local_task_job.py:212} INFO - Task exited with return code 0
[2023-04-13T11:32:37.179+0000] {taskinstance.py:2596} INFO - 1 downstream tasks scheduled from follow-on schedule check
