[2023-04-13T23:45:06.557+0000] {taskinstance.py:1090} INFO - Dependencies all met for dep_context=non-requeueable deps ti=<TaskInstance: weather_dag.transform_data_Kharkiv scheduled__2023-04-13T22:00:00+00:00 [queued]>
[2023-04-13T23:45:06.582+0000] {taskinstance.py:1090} INFO - Dependencies all met for dep_context=requeueable deps ti=<TaskInstance: weather_dag.transform_data_Kharkiv scheduled__2023-04-13T22:00:00+00:00 [queued]>
[2023-04-13T23:45:06.585+0000] {taskinstance.py:1288} INFO - 
--------------------------------------------------------------------------------
[2023-04-13T23:45:06.587+0000] {taskinstance.py:1289} INFO - Starting attempt 1 of 1
[2023-04-13T23:45:06.589+0000] {taskinstance.py:1290} INFO - 
--------------------------------------------------------------------------------
[2023-04-13T23:45:06.621+0000] {taskinstance.py:1309} INFO - Executing <Task(PythonOperator): transform_data_Kharkiv> on 2023-04-13 22:00:00+00:00
[2023-04-13T23:45:06.635+0000] {standard_task_runner.py:55} INFO - Started process 7410 to run task
[2023-04-13T23:45:06.644+0000] {standard_task_runner.py:82} INFO - Running: ['***', 'tasks', 'run', 'weather_dag', 'transform_data_Kharkiv', 'scheduled__2023-04-13T22:00:00+00:00', '--job-id', '400', '--raw', '--subdir', 'DAGS_FOLDER/weather_dag.py', '--cfg-path', '/tmp/tmpufx2t3jn']
[2023-04-13T23:45:06.647+0000] {standard_task_runner.py:83} INFO - Job 400: Subtask transform_data_Kharkiv
[2023-04-13T23:45:06.779+0000] {task_command.py:389} INFO - Running <TaskInstance: weather_dag.transform_data_Kharkiv scheduled__2023-04-13T22:00:00+00:00 [running]> on host ffea11fb791c
[2023-04-13T23:45:06.951+0000] {taskinstance.py:1518} INFO - Exporting the following env vars:
AIRFLOW_CTX_DAG_OWNER=***
AIRFLOW_CTX_DAG_ID=weather_dag
AIRFLOW_CTX_TASK_ID=transform_data_Kharkiv
AIRFLOW_CTX_EXECUTION_DATE=2023-04-13T22:00:00+00:00
AIRFLOW_CTX_TRY_NUMBER=1
AIRFLOW_CTX_DAG_RUN_ID=scheduled__2023-04-13T22:00:00+00:00
[2023-04-13T23:45:06.959+0000] {logging_mixin.py:137} INFO - {'conf': <***.configuration.AirflowConfigParser object at 0xffffb3d9af10>, 'dag': <DAG: weather_dag>, 'dag_run': <DagRun weather_dag @ 2023-04-13 22:00:00+00:00: scheduled__2023-04-13T22:00:00+00:00, state:running, queued_at: 2023-04-13 23:44:52.893408+00:00. externally triggered: False>, 'data_interval_end': DateTime(2023, 4, 13, 23, 0, 0, tzinfo=Timezone('UTC')), 'data_interval_start': DateTime(2023, 4, 13, 22, 0, 0, tzinfo=Timezone('UTC')), 'ds': '2023-04-13', 'ds_nodash': '20230413', 'execution_date': <Proxy at 0xffffa198fc30 with factory functools.partial(<function lazy_mapping_from_context.<locals>._deprecated_proxy_factory at 0xffffa1993d40>, 'execution_date', DateTime(2023, 4, 13, 22, 0, 0, tzinfo=Timezone('UTC')))>, 'expanded_ti_count': None, 'inlets': [], 'logical_date': DateTime(2023, 4, 13, 22, 0, 0, tzinfo=Timezone('UTC')), 'macros': <module '***.macros' from '/home/***/.local/lib/python3.7/site-packages/***/macros/__init__.py'>, 'next_ds': <Proxy at 0xffffa198fbe0 with factory functools.partial(<function lazy_mapping_from_context.<locals>._deprecated_proxy_factory at 0xffffa1993d40>, 'next_ds', '2023-04-13')>, 'next_ds_nodash': <Proxy at 0xffffa1a4c690 with factory functools.partial(<function lazy_mapping_from_context.<locals>._deprecated_proxy_factory at 0xffffa1993d40>, 'next_ds_nodash', '20230413')>, 'next_execution_date': <Proxy at 0xffffa1a4caa0 with factory functools.partial(<function lazy_mapping_from_context.<locals>._deprecated_proxy_factory at 0xffffa1993d40>, 'next_execution_date', DateTime(2023, 4, 13, 23, 0, 0, tzinfo=Timezone('UTC')))>, 'outlets': [], 'params': {}, 'prev_data_interval_start_success': DateTime(2023, 4, 13, 19, 0, 0, tzinfo=Timezone('UTC')), 'prev_data_interval_end_success': DateTime(2023, 4, 13, 20, 0, 0, tzinfo=Timezone('UTC')), 'prev_ds': <Proxy at 0xffffa1a43870 with factory functools.partial(<function lazy_mapping_from_context.<locals>._deprecated_proxy_factory at 0xffffa1993d40>, 'prev_ds', '2023-04-13')>, 'prev_ds_nodash': <Proxy at 0xffffa1a433c0 with factory functools.partial(<function lazy_mapping_from_context.<locals>._deprecated_proxy_factory at 0xffffa1993d40>, 'prev_ds_nodash', '20230413')>, 'prev_execution_date': <Proxy at 0xffffa1a53d70 with factory functools.partial(<function lazy_mapping_from_context.<locals>._deprecated_proxy_factory at 0xffffa1993d40>, 'prev_execution_date', DateTime(2023, 4, 13, 21, 0, 0, tzinfo=Timezone('UTC')))>, 'prev_execution_date_success': <Proxy at 0xffffa1a53cd0 with factory functools.partial(<function lazy_mapping_from_context.<locals>._deprecated_proxy_factory at 0xffffa1993d40>, 'prev_execution_date_success', DateTime(2023, 4, 13, 20, 40, 45, 638759, tzinfo=Timezone('UTC')))>, 'prev_start_date_success': DateTime(2023, 4, 13, 20, 40, 46, 82954, tzinfo=Timezone('UTC')), 'run_id': 'scheduled__2023-04-13T22:00:00+00:00', 'task': <Task(PythonOperator): transform_data_Kharkiv>, 'task_instance': <TaskInstance: weather_dag.transform_data_Kharkiv scheduled__2023-04-13T22:00:00+00:00 [running]>, 'task_instance_key_str': 'weather_dag__transform_data_Kharkiv__20230413', 'test_mode': False, 'ti': <TaskInstance: weather_dag.transform_data_Kharkiv scheduled__2023-04-13T22:00:00+00:00 [running]>, 'tomorrow_ds': <Proxy at 0xffffa1982460 with factory functools.partial(<function lazy_mapping_from_context.<locals>._deprecated_proxy_factory at 0xffffa1993d40>, 'tomorrow_ds', '2023-04-14')>, 'tomorrow_ds_nodash': <Proxy at 0xffffa1982e10 with factory functools.partial(<function lazy_mapping_from_context.<locals>._deprecated_proxy_factory at 0xffffa1993d40>, 'tomorrow_ds_nodash', '20230414')>, 'triggering_dataset_events': <Proxy at 0xffffa1a41e10 with factory <function TaskInstance.get_template_context.<locals>.get_triggering_events at 0xffffa1a22200>>, 'ts': '2023-04-13T22:00:00+00:00', 'ts_nodash': '20230413T220000', 'ts_nodash_with_tz': '20230413T220000+0000', 'var': {'json': None, 'value': None}, 'conn': None, 'yesterday_ds': <Proxy at 0xffffa1982370 with factory functools.partial(<function lazy_mapping_from_context.<locals>._deprecated_proxy_factory at 0xffffa1993d40>, 'yesterday_ds', '2023-04-12')>, 'yesterday_ds_nodash': <Proxy at 0xffffa19820a0 with factory functools.partial(<function lazy_mapping_from_context.<locals>._deprecated_proxy_factory at 0xffffa1993d40>, 'yesterday_ds_nodash', '20230412')>, 'templates_dict': None}
[2023-04-13T23:45:06.998+0000] {python.py:177} INFO - Done. Returned value was: (1681431122, 281.46, 90, 'light rain', 4.31)
[2023-04-13T23:45:07.045+0000] {taskinstance.py:1332} INFO - Marking task as SUCCESS. dag_id=weather_dag, task_id=transform_data_Kharkiv, execution_date=20230413T220000, start_date=20230413T234506, end_date=20230413T234507
[2023-04-13T23:45:07.145+0000] {local_task_job.py:212} INFO - Task exited with return code 0
[2023-04-13T23:45:07.257+0000] {taskinstance.py:2596} INFO - 0 downstream tasks scheduled from follow-on schedule check
