[2023-04-13T23:44:58.574+0000] {taskinstance.py:1090} INFO - Dependencies all met for dep_context=non-requeueable deps ti=<TaskInstance: weather_dag.retrieve_weather_data_Kyiv scheduled__2023-04-13T22:00:00+00:00 [queued]>
[2023-04-13T23:44:58.634+0000] {taskinstance.py:1090} INFO - Dependencies all met for dep_context=requeueable deps ti=<TaskInstance: weather_dag.retrieve_weather_data_Kyiv scheduled__2023-04-13T22:00:00+00:00 [queued]>
[2023-04-13T23:44:58.637+0000] {taskinstance.py:1288} INFO - 
--------------------------------------------------------------------------------
[2023-04-13T23:44:58.639+0000] {taskinstance.py:1289} INFO - Starting attempt 1 of 1
[2023-04-13T23:44:58.645+0000] {taskinstance.py:1290} INFO - 
--------------------------------------------------------------------------------
[2023-04-13T23:44:58.770+0000] {taskinstance.py:1309} INFO - Executing <Task(SimpleHttpOperator): retrieve_weather_data_Kyiv> on 2023-04-13 22:00:00+00:00
[2023-04-13T23:44:58.822+0000] {standard_task_runner.py:55} INFO - Started process 7404 to run task
[2023-04-13T23:44:58.862+0000] {standard_task_runner.py:82} INFO - Running: ['***', 'tasks', 'run', 'weather_dag', 'retrieve_weather_data_Kyiv', 'scheduled__2023-04-13T22:00:00+00:00', '--job-id', '398', '--raw', '--subdir', 'DAGS_FOLDER/weather_dag.py', '--cfg-path', '/tmp/tmpw_5fs9oi']
[2023-04-13T23:44:58.871+0000] {standard_task_runner.py:83} INFO - Job 398: Subtask retrieve_weather_data_Kyiv
[2023-04-13T23:44:59.476+0000] {task_command.py:389} INFO - Running <TaskInstance: weather_dag.retrieve_weather_data_Kyiv scheduled__2023-04-13T22:00:00+00:00 [running]> on host ffea11fb791c
[2023-04-13T23:44:59.713+0000] {taskinstance.py:1518} INFO - Exporting the following env vars:
AIRFLOW_CTX_DAG_OWNER=***
AIRFLOW_CTX_DAG_ID=weather_dag
AIRFLOW_CTX_TASK_ID=retrieve_weather_data_Kyiv
AIRFLOW_CTX_EXECUTION_DATE=2023-04-13T22:00:00+00:00
AIRFLOW_CTX_TRY_NUMBER=1
AIRFLOW_CTX_DAG_RUN_ID=scheduled__2023-04-13T22:00:00+00:00
[2023-04-13T23:44:59.719+0000] {http.py:123} INFO - Calling HTTP method
[2023-04-13T23:44:59.760+0000] {base.py:73} INFO - Using connection ID 'weather_http_api' for task execution.
[2023-04-13T23:45:03.185+0000] {http.py:127} INFO - {"coord":{"lon":30.5167,"lat":50.4333},"weather":[{"id":804,"main":"Clouds","description":"overcast clouds","icon":"04n"}],"base":"stations","main":{"temp":282.41,"feels_like":282.41,"temp_min":281.29,"temp_max":282.44,"pressure":995,"humidity":81},"visibility":10000,"wind":{"speed":0.45,"deg":51,"gust":0.89},"clouds":{"all":100},"dt":1681431005,"sys":{"type":2,"id":2003742,"country":"UA","sunrise":1681441629,"sunset":1681490944},"timezone":10800,"id":703448,"name":"Kyiv","cod":200}
[2023-04-13T23:45:03.261+0000] {taskinstance.py:1332} INFO - Marking task as SUCCESS. dag_id=weather_dag, task_id=retrieve_weather_data_Kyiv, execution_date=20230413T220000, start_date=20230413T234458, end_date=20230413T234503
[2023-04-13T23:45:05.586+0000] {local_task_job.py:212} INFO - Task exited with return code 0
[2023-04-13T23:45:06.227+0000] {taskinstance.py:2596} INFO - 1 downstream tasks scheduled from follow-on schedule check
