[2023-04-13T06:11:29.796+0000] {taskinstance.py:1090} INFO - Dependencies all met for dep_context=non-requeueable deps ti=<TaskInstance: weather_dag.retrieve_weather_data manual__2023-04-13T06:11:28.462632+00:00 [queued]>
[2023-04-13T06:11:29.827+0000] {taskinstance.py:1090} INFO - Dependencies all met for dep_context=requeueable deps ti=<TaskInstance: weather_dag.retrieve_weather_data manual__2023-04-13T06:11:28.462632+00:00 [queued]>
[2023-04-13T06:11:29.829+0000] {taskinstance.py:1288} INFO - 
--------------------------------------------------------------------------------
[2023-04-13T06:11:29.831+0000] {taskinstance.py:1289} INFO - Starting attempt 1 of 1
[2023-04-13T06:11:29.832+0000] {taskinstance.py:1290} INFO - 
--------------------------------------------------------------------------------
[2023-04-13T06:11:29.877+0000] {taskinstance.py:1309} INFO - Executing <Task(SimpleHttpOperator): retrieve_weather_data> on 2023-04-13 06:11:28.462632+00:00
[2023-04-13T06:11:29.894+0000] {standard_task_runner.py:55} INFO - Started process 522 to run task
[2023-04-13T06:11:29.905+0000] {standard_task_runner.py:82} INFO - Running: ['***', 'tasks', 'run', 'weather_dag', 'retrieve_weather_data', 'manual__2023-04-13T06:11:28.462632+00:00', '--job-id', '26', '--raw', '--subdir', 'DAGS_FOLDER/weather_dag.py', '--cfg-path', '/tmp/tmpr9k9vv5z']
[2023-04-13T06:11:29.909+0000] {standard_task_runner.py:83} INFO - Job 26: Subtask retrieve_weather_data
[2023-04-13T06:11:30.135+0000] {task_command.py:389} INFO - Running <TaskInstance: weather_dag.retrieve_weather_data manual__2023-04-13T06:11:28.462632+00:00 [running]> on host 0607b07c4f39
[2023-04-13T06:11:30.359+0000] {taskinstance.py:1518} INFO - Exporting the following env vars:
AIRFLOW_CTX_DAG_OWNER=***
AIRFLOW_CTX_DAG_ID=weather_dag
AIRFLOW_CTX_TASK_ID=retrieve_weather_data
AIRFLOW_CTX_EXECUTION_DATE=2023-04-13T06:11:28.462632+00:00
AIRFLOW_CTX_TRY_NUMBER=1
AIRFLOW_CTX_DAG_RUN_ID=manual__2023-04-13T06:11:28.462632+00:00
[2023-04-13T06:11:30.365+0000] {http.py:123} INFO - Calling HTTP method
[2023-04-13T06:11:30.396+0000] {base.py:73} INFO - Using connection ID 'weather_http_api' for task execution.
[2023-04-13T06:11:31.499+0000] {http.py:127} INFO - {"coord":{"lon":24.0232,"lat":49.8383},"weather":[{"id":803,"main":"Clouds","description":"broken clouds","icon":"04d"}],"base":"stations","main":{"temp":280.79,"feels_like":278.91,"temp_min":280.79,"temp_max":280.79,"pressure":1008,"humidity":78,"sea_level":1008,"grnd_level":973},"visibility":10000,"wind":{"speed":2.87,"deg":265,"gust":4.02},"clouds":{"all":78},"dt":1681366075,"sys":{"country":"UA","sunrise":1681356971,"sunset":1681405948},"timezone":10800,"id":702550,"name":"Lviv","cod":200}
[2023-04-13T06:11:31.526+0000] {taskinstance.py:1332} INFO - Marking task as SUCCESS. dag_id=weather_dag, task_id=retrieve_weather_data, execution_date=20230413T061128, start_date=20230413T061129, end_date=20230413T061131
[2023-04-13T06:11:31.575+0000] {local_task_job.py:212} INFO - Task exited with return code 0
[2023-04-13T06:11:32.572+0000] {taskinstance.py:2596} INFO - 0 downstream tasks scheduled from follow-on schedule check
