[2023-04-14T05:01:11.815+0000] {taskinstance.py:1090} INFO - Dependencies all met for dep_context=non-requeueable deps ti=<TaskInstance: weather_dag.retrieve_weather_data_Zhmerynka scheduled__2023-04-14T04:00:00+00:00 [queued]>
[2023-04-14T05:01:11.914+0000] {taskinstance.py:1090} INFO - Dependencies all met for dep_context=requeueable deps ti=<TaskInstance: weather_dag.retrieve_weather_data_Zhmerynka scheduled__2023-04-14T04:00:00+00:00 [queued]>
[2023-04-14T05:01:11.919+0000] {taskinstance.py:1288} INFO - 
--------------------------------------------------------------------------------
[2023-04-14T05:01:11.925+0000] {taskinstance.py:1289} INFO - Starting attempt 1 of 1
[2023-04-14T05:01:11.936+0000] {taskinstance.py:1290} INFO - 
--------------------------------------------------------------------------------
[2023-04-14T05:01:12.474+0000] {taskinstance.py:1309} INFO - Executing <Task(SimpleHttpOperator): retrieve_weather_data_Zhmerynka> on 2023-04-14 04:00:00+00:00
[2023-04-14T05:01:12.574+0000] {standard_task_runner.py:55} INFO - Started process 7565 to run task
[2023-04-14T05:01:12.718+0000] {standard_task_runner.py:82} INFO - Running: ['***', 'tasks', 'run', 'weather_dag', 'retrieve_weather_data_Zhmerynka', 'scheduled__2023-04-14T04:00:00+00:00', '--job-id', '454', '--raw', '--subdir', 'DAGS_FOLDER/weather_dag.py', '--cfg-path', '/tmp/tmpxq2l23dj']
[2023-04-14T05:01:12.763+0000] {standard_task_runner.py:83} INFO - Job 454: Subtask retrieve_weather_data_Zhmerynka
[2023-04-14T05:01:13.412+0000] {task_command.py:389} INFO - Running <TaskInstance: weather_dag.retrieve_weather_data_Zhmerynka scheduled__2023-04-14T04:00:00+00:00 [running]> on host ffea11fb791c
[2023-04-14T05:01:14.003+0000] {taskinstance.py:1518} INFO - Exporting the following env vars:
AIRFLOW_CTX_DAG_OWNER=***
AIRFLOW_CTX_DAG_ID=weather_dag
AIRFLOW_CTX_TASK_ID=retrieve_weather_data_Zhmerynka
AIRFLOW_CTX_EXECUTION_DATE=2023-04-14T04:00:00+00:00
AIRFLOW_CTX_TRY_NUMBER=1
AIRFLOW_CTX_DAG_RUN_ID=scheduled__2023-04-14T04:00:00+00:00
[2023-04-14T05:01:14.023+0000] {http.py:123} INFO - Calling HTTP method
[2023-04-14T05:01:14.105+0000] {base.py:73} INFO - Using connection ID 'weather_http_api' for task execution.
[2023-04-14T05:01:14.670+0000] {http.py:127} INFO - {"coord":{"lon":28.112,"lat":49.037},"weather":[{"id":804,"main":"Clouds","description":"overcast clouds","icon":"04d"}],"base":"stations","main":{"temp":281.1,"feels_like":280.26,"temp_min":281.1,"temp_max":281.1,"pressure":1010,"humidity":92,"sea_level":1010,"grnd_level":972},"visibility":10000,"wind":{"speed":1.68,"deg":51,"gust":2.7},"clouds":{"all":100},"dt":1681449522,"sys":{"country":"UA","sunrise":1681442349,"sunset":1681491378},"timezone":10800,"id":687116,"name":"Zhmerynka","cod":200}
[2023-04-14T05:01:14.819+0000] {taskinstance.py:1332} INFO - Marking task as SUCCESS. dag_id=weather_dag, task_id=retrieve_weather_data_Zhmerynka, execution_date=20230414T040000, start_date=20230414T050111, end_date=20230414T050114
[2023-04-14T05:01:15.835+0000] {local_task_job.py:212} INFO - Task exited with return code 0
[2023-04-14T05:01:15.887+0000] {taskinstance.py:2596} INFO - 1 downstream tasks scheduled from follow-on schedule check
