[2023-04-13T20:22:34.691+0000] {taskinstance.py:1090} INFO - Dependencies all met for dep_context=non-requeueable deps ti=<TaskInstance: weather_dag.transform_data_Kyiv manual__2023-04-13T20:22:22.476610+00:00 [queued]>
[2023-04-13T20:22:34.771+0000] {taskinstance.py:1090} INFO - Dependencies all met for dep_context=requeueable deps ti=<TaskInstance: weather_dag.transform_data_Kyiv manual__2023-04-13T20:22:22.476610+00:00 [queued]>
[2023-04-13T20:22:34.776+0000] {taskinstance.py:1288} INFO - 
--------------------------------------------------------------------------------
[2023-04-13T20:22:34.779+0000] {taskinstance.py:1289} INFO - Starting attempt 1 of 1
[2023-04-13T20:22:34.781+0000] {taskinstance.py:1290} INFO - 
--------------------------------------------------------------------------------
[2023-04-13T20:22:34.887+0000] {taskinstance.py:1309} INFO - Executing <Task(PythonOperator): transform_data_Kyiv> on 2023-04-13 20:22:22.476610+00:00
[2023-04-13T20:22:34.899+0000] {standard_task_runner.py:55} INFO - Started process 6779 to run task
[2023-04-13T20:22:34.947+0000] {standard_task_runner.py:82} INFO - Running: ['***', 'tasks', 'run', 'weather_dag', 'transform_data_Kyiv', 'manual__2023-04-13T20:22:22.476610+00:00', '--job-id', '294', '--raw', '--subdir', 'DAGS_FOLDER/weather_dag.py', '--cfg-path', '/tmp/tmp5td7458c']
[2023-04-13T20:22:34.967+0000] {standard_task_runner.py:83} INFO - Job 294: Subtask transform_data_Kyiv
[2023-04-13T20:22:35.218+0000] {task_command.py:389} INFO - Running <TaskInstance: weather_dag.transform_data_Kyiv manual__2023-04-13T20:22:22.476610+00:00 [running]> on host ffea11fb791c
[2023-04-13T20:22:35.565+0000] {taskinstance.py:1518} INFO - Exporting the following env vars:
AIRFLOW_CTX_DAG_OWNER=***
AIRFLOW_CTX_DAG_ID=weather_dag
AIRFLOW_CTX_TASK_ID=transform_data_Kyiv
AIRFLOW_CTX_EXECUTION_DATE=2023-04-13T20:22:22.476610+00:00
AIRFLOW_CTX_TRY_NUMBER=1
AIRFLOW_CTX_DAG_RUN_ID=manual__2023-04-13T20:22:22.476610+00:00
[2023-04-13T20:22:35.575+0000] {logging_mixin.py:137} INFO - {'conf': <***.configuration.AirflowConfigParser object at 0xffffb3d9af10>, 'dag': <DAG: weather_dag>, 'dag_run': <DagRun weather_dag @ 2023-04-13 20:22:22.476610+00:00: manual__2023-04-13T20:22:22.476610+00:00, state:running, queued_at: 2023-04-13 20:22:22.505890+00:00. externally triggered: True>, 'data_interval_end': DateTime(2023, 4, 13, 20, 0, 0, tzinfo=Timezone('UTC')), 'data_interval_start': DateTime(2023, 4, 13, 19, 0, 0, tzinfo=Timezone('UTC')), 'ds': '2023-04-13', 'ds_nodash': '20230413', 'execution_date': <Proxy at 0xffffa1a544b0 with factory functools.partial(<function lazy_mapping_from_context.<locals>._deprecated_proxy_factory at 0xffffa198eb00>, 'execution_date', DateTime(2023, 4, 13, 20, 22, 22, 476610, tzinfo=Timezone('UTC')))>, 'expanded_ti_count': None, 'inlets': [], 'logical_date': DateTime(2023, 4, 13, 20, 22, 22, 476610, tzinfo=Timezone('UTC')), 'macros': <module '***.macros' from '/home/***/.local/lib/python3.7/site-packages/***/macros/__init__.py'>, 'next_ds': <Proxy at 0xffffa198aeb0 with factory functools.partial(<function lazy_mapping_from_context.<locals>._deprecated_proxy_factory at 0xffffa198eb00>, 'next_ds', '2023-04-13')>, 'next_ds_nodash': <Proxy at 0xffffa198ae10 with factory functools.partial(<function lazy_mapping_from_context.<locals>._deprecated_proxy_factory at 0xffffa198eb00>, 'next_ds_nodash', '20230413')>, 'next_execution_date': <Proxy at 0xffffa198ae60 with factory functools.partial(<function lazy_mapping_from_context.<locals>._deprecated_proxy_factory at 0xffffa198eb00>, 'next_execution_date', DateTime(2023, 4, 13, 20, 22, 22, 476610, tzinfo=Timezone('UTC')))>, 'outlets': [], 'params': {}, 'prev_data_interval_start_success': DateTime(2023, 4, 13, 19, 0, 0, tzinfo=Timezone('UTC')), 'prev_data_interval_end_success': DateTime(2023, 4, 13, 20, 0, 0, tzinfo=Timezone('UTC')), 'prev_ds': <Proxy at 0xffffa1a44af0 with factory functools.partial(<function lazy_mapping_from_context.<locals>._deprecated_proxy_factory at 0xffffa198eb00>, 'prev_ds', '2023-04-13')>, 'prev_ds_nodash': <Proxy at 0xffffa1a44a50 with factory functools.partial(<function lazy_mapping_from_context.<locals>._deprecated_proxy_factory at 0xffffa198eb00>, 'prev_ds_nodash', '20230413')>, 'prev_execution_date': <Proxy at 0xffffa1a3e640 with factory functools.partial(<function lazy_mapping_from_context.<locals>._deprecated_proxy_factory at 0xffffa198eb00>, 'prev_execution_date', DateTime(2023, 4, 13, 20, 22, 22, 476610, tzinfo=Timezone('UTC')))>, 'prev_execution_date_success': <Proxy at 0xffffa1a3afa0 with factory functools.partial(<function lazy_mapping_from_context.<locals>._deprecated_proxy_factory at 0xffffa198eb00>, 'prev_execution_date_success', DateTime(2023, 4, 13, 20, 19, 1, 842128, tzinfo=Timezone('UTC')))>, 'prev_start_date_success': DateTime(2023, 4, 13, 20, 19, 2, 234557, tzinfo=Timezone('UTC')), 'run_id': 'manual__2023-04-13T20:22:22.476610+00:00', 'task': <Task(PythonOperator): transform_data_Kyiv>, 'task_instance': <TaskInstance: weather_dag.transform_data_Kyiv manual__2023-04-13T20:22:22.476610+00:00 [running]>, 'task_instance_key_str': 'weather_dag__transform_data_Kyiv__20230413', 'test_mode': False, 'ti': <TaskInstance: weather_dag.transform_data_Kyiv manual__2023-04-13T20:22:22.476610+00:00 [running]>, 'tomorrow_ds': <Proxy at 0xffffa1a3af00 with factory functools.partial(<function lazy_mapping_from_context.<locals>._deprecated_proxy_factory at 0xffffa198eb00>, 'tomorrow_ds', '2023-04-14')>, 'tomorrow_ds_nodash': <Proxy at 0xffffa197c690 with factory functools.partial(<function lazy_mapping_from_context.<locals>._deprecated_proxy_factory at 0xffffa198eb00>, 'tomorrow_ds_nodash', '20230414')>, 'triggering_dataset_events': <Proxy at 0xffffa1a38b90 with factory <function TaskInstance.get_template_context.<locals>.get_triggering_events at 0xffffa1a225f0>>, 'ts': '2023-04-13T20:22:22.476610+00:00', 'ts_nodash': '20230413T202222', 'ts_nodash_with_tz': '20230413T202222.476610+0000', 'var': {'json': None, 'value': None}, 'conn': None, 'yesterday_ds': <Proxy at 0xffffa197c5a0 with factory functools.partial(<function lazy_mapping_from_context.<locals>._deprecated_proxy_factory at 0xffffa198eb00>, 'yesterday_ds', '2023-04-12')>, 'yesterday_ds_nodash': <Proxy at 0xffffa197c2d0 with factory functools.partial(<function lazy_mapping_from_context.<locals>._deprecated_proxy_factory at 0xffffa198eb00>, 'yesterday_ds_nodash', '20230412')>, 'templates_dict': None}
[2023-04-13T20:22:35.655+0000] {python.py:177} INFO - Done. Returned value was: (1681417079, 283.32, 83, 'overcast clouds', 2.68)
[2023-04-13T20:22:35.799+0000] {taskinstance.py:1332} INFO - Marking task as SUCCESS. dag_id=weather_dag, task_id=transform_data_Kyiv, execution_date=20230413T202222, start_date=20230413T202234, end_date=20230413T202235
[2023-04-13T20:22:35.936+0000] {local_task_job.py:212} INFO - Task exited with return code 0
[2023-04-13T20:22:36.137+0000] {taskinstance.py:2596} INFO - 1 downstream tasks scheduled from follow-on schedule check
