[2023-04-14T20:17:18.517+0000] {taskinstance.py:1090} INFO - Dependencies all met for dep_context=non-requeueable deps ti=<TaskInstance: weather_dag.create_table scheduled__2023-04-14T19:00:00+00:00 [queued]>
[2023-04-14T20:17:18.552+0000] {taskinstance.py:1090} INFO - Dependencies all met for dep_context=requeueable deps ti=<TaskInstance: weather_dag.create_table scheduled__2023-04-14T19:00:00+00:00 [queued]>
[2023-04-14T20:17:18.555+0000] {taskinstance.py:1288} INFO - 
--------------------------------------------------------------------------------
[2023-04-14T20:17:18.557+0000] {taskinstance.py:1289} INFO - Starting attempt 1 of 1
[2023-04-14T20:17:18.560+0000] {taskinstance.py:1290} INFO - 
--------------------------------------------------------------------------------
[2023-04-14T20:17:18.617+0000] {taskinstance.py:1309} INFO - Executing <Task(SqliteOperator): create_table> on 2023-04-14 19:00:00+00:00
[2023-04-14T20:17:18.629+0000] {standard_task_runner.py:55} INFO - Started process 15518 to run task
[2023-04-14T20:17:18.652+0000] {standard_task_runner.py:82} INFO - Running: ['***', 'tasks', 'run', 'weather_dag', 'create_table', 'scheduled__2023-04-14T19:00:00+00:00', '--job-id', '594', '--raw', '--subdir', 'DAGS_FOLDER/weather_dag.py', '--cfg-path', '/tmp/tmpeikw7iny']
[2023-04-14T20:17:18.655+0000] {standard_task_runner.py:83} INFO - Job 594: Subtask create_table
[2023-04-14T20:17:18.842+0000] {task_command.py:389} INFO - Running <TaskInstance: weather_dag.create_table scheduled__2023-04-14T19:00:00+00:00 [running]> on host ffea11fb791c
[2023-04-14T20:17:19.080+0000] {taskinstance.py:1518} INFO - Exporting the following env vars:
AIRFLOW_CTX_DAG_OWNER=***
AIRFLOW_CTX_DAG_ID=weather_dag
AIRFLOW_CTX_TASK_ID=create_table
AIRFLOW_CTX_EXECUTION_DATE=2023-04-14T19:00:00+00:00
AIRFLOW_CTX_TRY_NUMBER=1
AIRFLOW_CTX_DAG_RUN_ID=scheduled__2023-04-14T19:00:00+00:00
[2023-04-14T20:17:19.084+0000] {sql.py:254} INFO - Executing: CREATE TABLE IF NOT EXISTS measures_ext (
                                         city VARCHAR(20) NOT NULL,
                                         timestamp TIMESTAMP NOT NULL,
                                         temp FLOAT,
                                         humidity INT,
                                         cloudiness VARCHAR(25),
                                         wind_speed FLOAT
                                        );
[2023-04-14T20:17:19.114+0000] {base.py:73} INFO - Using connection ID 'measure_db' for task execution.
[2023-04-14T20:17:19.608+0000] {base.py:73} INFO - Using connection ID 'measure_db' for task execution.
[2023-04-14T20:17:19.621+0000] {sql.py:375} INFO - Running statement: CREATE TABLE IF NOT EXISTS measures_ext (
                                         city VARCHAR(20) NOT NULL,
                                         timestamp TIMESTAMP NOT NULL,
                                         temp FLOAT,
                                         humidity INT,
                                         cloudiness VARCHAR(25),
                                         wind_speed FLOAT
                                        );, parameters: None
[2023-04-14T20:17:19.645+0000] {taskinstance.py:1332} INFO - Marking task as SUCCESS. dag_id=weather_dag, task_id=create_table, execution_date=20230414T190000, start_date=20230414T201718, end_date=20230414T201719
[2023-04-14T20:17:19.707+0000] {local_task_job.py:212} INFO - Task exited with return code 0
[2023-04-14T20:17:19.762+0000] {taskinstance.py:2596} INFO - 5 downstream tasks scheduled from follow-on schedule check
