[2023-04-14T01:08:30.943+0000] {taskinstance.py:1090} INFO - Dependencies all met for dep_context=non-requeueable deps ti=<TaskInstance: weather_dag.retrieve_weather_data_Lviv scheduled__2023-04-14T00:00:00+00:00 [queued]>
[2023-04-14T01:08:30.969+0000] {taskinstance.py:1090} INFO - Dependencies all met for dep_context=requeueable deps ti=<TaskInstance: weather_dag.retrieve_weather_data_Lviv scheduled__2023-04-14T00:00:00+00:00 [queued]>
[2023-04-14T01:08:30.972+0000] {taskinstance.py:1288} INFO - 
--------------------------------------------------------------------------------
[2023-04-14T01:08:30.973+0000] {taskinstance.py:1289} INFO - Starting attempt 1 of 1
[2023-04-14T01:08:30.975+0000] {taskinstance.py:1290} INFO - 
--------------------------------------------------------------------------------
[2023-04-14T01:08:31.003+0000] {taskinstance.py:1309} INFO - Executing <Task(SimpleHttpOperator): retrieve_weather_data_Lviv> on 2023-04-14 00:00:00+00:00
[2023-04-14T01:08:31.011+0000] {standard_task_runner.py:55} INFO - Started process 7456 to run task
[2023-04-14T01:08:31.018+0000] {standard_task_runner.py:82} INFO - Running: ['***', 'tasks', 'run', 'weather_dag', 'retrieve_weather_data_Lviv', 'scheduled__2023-04-14T00:00:00+00:00', '--job-id', '415', '--raw', '--subdir', 'DAGS_FOLDER/weather_dag.py', '--cfg-path', '/tmp/tmpex71icfb']
[2023-04-14T01:08:31.021+0000] {standard_task_runner.py:83} INFO - Job 415: Subtask retrieve_weather_data_Lviv
[2023-04-14T01:08:31.149+0000] {task_command.py:389} INFO - Running <TaskInstance: weather_dag.retrieve_weather_data_Lviv scheduled__2023-04-14T00:00:00+00:00 [running]> on host ffea11fb791c
[2023-04-14T01:08:31.287+0000] {taskinstance.py:1518} INFO - Exporting the following env vars:
AIRFLOW_CTX_DAG_OWNER=***
AIRFLOW_CTX_DAG_ID=weather_dag
AIRFLOW_CTX_TASK_ID=retrieve_weather_data_Lviv
AIRFLOW_CTX_EXECUTION_DATE=2023-04-14T00:00:00+00:00
AIRFLOW_CTX_TRY_NUMBER=1
AIRFLOW_CTX_DAG_RUN_ID=scheduled__2023-04-14T00:00:00+00:00
[2023-04-14T01:08:31.289+0000] {http.py:123} INFO - Calling HTTP method
[2023-04-14T01:08:31.300+0000] {base.py:73} INFO - Using connection ID 'weather_http_api' for task execution.
[2023-04-14T01:08:31.492+0000] {http.py:127} INFO - {"coord":{"lon":24.0232,"lat":49.8383},"weather":[{"id":804,"main":"Clouds","description":"overcast clouds","icon":"04n"}],"base":"stations","main":{"temp":281.83,"feels_like":281.01,"temp_min":281.83,"temp_max":281.83,"pressure":1008,"humidity":77,"sea_level":1008,"grnd_level":973},"visibility":10000,"wind":{"speed":1.77,"deg":117,"gust":1.81},"clouds":{"all":92},"dt":1681435418,"sys":{"country":"UA","sunrise":1681443247,"sunset":1681492442},"timezone":10800,"id":702550,"name":"Lviv","cod":200}
[2023-04-14T01:08:31.534+0000] {taskinstance.py:1332} INFO - Marking task as SUCCESS. dag_id=weather_dag, task_id=retrieve_weather_data_Lviv, execution_date=20230414T000000, start_date=20230414T010830, end_date=20230414T010831
[2023-04-14T01:08:32.590+0000] {local_task_job.py:212} INFO - Task exited with return code 0
[2023-04-14T01:08:35.809+0000] {taskinstance.py:2596} INFO - 0 downstream tasks scheduled from follow-on schedule check
