[2023-04-13T15:37:18.945+0000] {taskinstance.py:1090} INFO - Dependencies all met for dep_context=non-requeueable deps ti=<TaskInstance: weather_dag.retrieve_historical_weather_data manual__2023-04-13T15:37:16.242584+00:00 [queued]>
[2023-04-13T15:37:18.954+0000] {taskinstance.py:1090} INFO - Dependencies all met for dep_context=requeueable deps ti=<TaskInstance: weather_dag.retrieve_historical_weather_data manual__2023-04-13T15:37:16.242584+00:00 [queued]>
[2023-04-13T15:37:18.955+0000] {taskinstance.py:1288} INFO - 
--------------------------------------------------------------------------------
[2023-04-13T15:37:18.955+0000] {taskinstance.py:1289} INFO - Starting attempt 1 of 1
[2023-04-13T15:37:18.956+0000] {taskinstance.py:1290} INFO - 
--------------------------------------------------------------------------------
[2023-04-13T15:37:18.964+0000] {taskinstance.py:1309} INFO - Executing <Task(SimpleHttpOperator): retrieve_historical_weather_data> on 2023-04-13 15:37:16.242584+00:00
[2023-04-13T15:37:18.968+0000] {standard_task_runner.py:55} INFO - Started process 4640 to run task
[2023-04-13T15:37:18.970+0000] {standard_task_runner.py:82} INFO - Running: ['***', 'tasks', 'run', 'weather_dag', 'retrieve_historical_weather_data', 'manual__2023-04-13T15:37:16.242584+00:00', '--job-id', '197', '--raw', '--subdir', 'DAGS_FOLDER/weather_dag.py', '--cfg-path', '/tmp/tmp276k0p6d']
[2023-04-13T15:37:18.971+0000] {standard_task_runner.py:83} INFO - Job 197: Subtask retrieve_historical_weather_data
[2023-04-13T15:37:19.015+0000] {task_command.py:389} INFO - Running <TaskInstance: weather_dag.retrieve_historical_weather_data manual__2023-04-13T15:37:16.242584+00:00 [running]> on host ffea11fb791c
[2023-04-13T15:37:19.056+0000] {taskinstance.py:1518} INFO - Exporting the following env vars:
AIRFLOW_CTX_DAG_OWNER=***
AIRFLOW_CTX_DAG_ID=weather_dag
AIRFLOW_CTX_TASK_ID=retrieve_historical_weather_data
AIRFLOW_CTX_EXECUTION_DATE=2023-04-13T15:37:16.242584+00:00
AIRFLOW_CTX_TRY_NUMBER=1
AIRFLOW_CTX_DAG_RUN_ID=manual__2023-04-13T15:37:16.242584+00:00
[2023-04-13T15:37:19.057+0000] {http.py:123} INFO - Calling HTTP method
[2023-04-13T15:37:19.064+0000] {base.py:73} INFO - Using connection ID 'history_weather_http_api' for task execution.
[2023-04-13T15:37:22.254+0000] {http.py:170} ERROR - HTTP error: Unauthorized
[2023-04-13T15:37:22.256+0000] {http.py:171} ERROR - {"cod":401, "message": "Invalid API key. Please see http://openweathermap.org/faq#error401 for more info."}
[2023-04-13T15:37:22.266+0000] {taskinstance.py:1776} ERROR - Task failed with exception
Traceback (most recent call last):
  File "/home/airflow/.local/lib/python3.7/site-packages/airflow/providers/http/hooks/http.py", line 168, in check_response
    response.raise_for_status()
  File "/home/airflow/.local/lib/python3.7/site-packages/requests/models.py", line 1021, in raise_for_status
    raise HTTPError(http_error_msg, response=self)
requests.exceptions.HTTPError: 401 Client Error: Unauthorized for url: https://history.openweathermap.org/data/3.0/history/timemachine?q=Lviv&dt=%3Cfunction+%3Clambda%3E+at+0xffffa1dade60%3E&appid=034a764f2b2c1c3fa00cbea1824b4e57

During handling of the above exception, another exception occurred:

Traceback (most recent call last):
  File "/home/airflow/.local/lib/python3.7/site-packages/airflow/providers/http/operators/http.py", line 125, in execute
    response = http.run(self.endpoint, self.data, self.headers, self.extra_options)
  File "/home/airflow/.local/lib/python3.7/site-packages/airflow/providers/http/hooks/http.py", line 158, in run
    return self.run_and_check(session, prepped_request, extra_options)
  File "/home/airflow/.local/lib/python3.7/site-packages/airflow/providers/http/hooks/http.py", line 211, in run_and_check
    self.check_response(response)
  File "/home/airflow/.local/lib/python3.7/site-packages/airflow/providers/http/hooks/http.py", line 172, in check_response
    raise AirflowException(str(response.status_code) + ":" + response.reason)
airflow.exceptions.AirflowException: 401:Unauthorized
[2023-04-13T15:37:22.271+0000] {taskinstance.py:1332} INFO - Marking task as FAILED. dag_id=weather_dag, task_id=retrieve_historical_weather_data, execution_date=20230413T153716, start_date=20230413T153718, end_date=20230413T153722
[2023-04-13T15:37:22.284+0000] {standard_task_runner.py:105} ERROR - Failed to execute job 197 for task retrieve_historical_weather_data (401:Unauthorized; 4640)
[2023-04-13T15:37:22.318+0000] {local_task_job.py:212} INFO - Task exited with return code 1
[2023-04-13T15:37:22.335+0000] {taskinstance.py:2596} INFO - 0 downstream tasks scheduled from follow-on schedule check
