[2023-04-14T01:08:28.264+0000] {taskinstance.py:1090} INFO - Dependencies all met for dep_context=non-requeueable deps ti=<TaskInstance: weather_dag.create_table scheduled__2023-04-14T00:00:00+00:00 [queued]>
[2023-04-14T01:08:28.277+0000] {taskinstance.py:1090} INFO - Dependencies all met for dep_context=requeueable deps ti=<TaskInstance: weather_dag.create_table scheduled__2023-04-14T00:00:00+00:00 [queued]>
[2023-04-14T01:08:28.280+0000] {taskinstance.py:1288} INFO - 
--------------------------------------------------------------------------------
[2023-04-14T01:08:28.281+0000] {taskinstance.py:1289} INFO - Starting attempt 1 of 1
[2023-04-14T01:08:28.283+0000] {taskinstance.py:1290} INFO - 
--------------------------------------------------------------------------------
[2023-04-14T01:08:28.303+0000] {taskinstance.py:1309} INFO - Executing <Task(SqliteOperator): create_table> on 2023-04-14 00:00:00+00:00
[2023-04-14T01:08:28.314+0000] {standard_task_runner.py:55} INFO - Started process 7446 to run task
[2023-04-14T01:08:28.323+0000] {standard_task_runner.py:82} INFO - Running: ['***', 'tasks', 'run', 'weather_dag', 'create_table', 'scheduled__2023-04-14T00:00:00+00:00', '--job-id', '413', '--raw', '--subdir', 'DAGS_FOLDER/weather_dag.py', '--cfg-path', '/tmp/tmpdge92w8p']
[2023-04-14T01:08:28.336+0000] {standard_task_runner.py:83} INFO - Job 413: Subtask create_table
[2023-04-14T01:08:28.778+0000] {task_command.py:389} INFO - Running <TaskInstance: weather_dag.create_table scheduled__2023-04-14T00:00:00+00:00 [running]> on host ffea11fb791c
[2023-04-14T01:08:28.975+0000] {taskinstance.py:1518} INFO - Exporting the following env vars:
AIRFLOW_CTX_DAG_OWNER=***
AIRFLOW_CTX_DAG_ID=weather_dag
AIRFLOW_CTX_TASK_ID=create_table
AIRFLOW_CTX_EXECUTION_DATE=2023-04-14T00:00:00+00:00
AIRFLOW_CTX_TRY_NUMBER=1
AIRFLOW_CTX_DAG_RUN_ID=scheduled__2023-04-14T00:00:00+00:00
[2023-04-14T01:08:28.978+0000] {sql.py:254} INFO - Executing: CREATE TABLE IF NOT EXISTS measures_ext (
                                         city VARCHAR(20) NOT NULL,
                                         timestamp TIMESTAMP NOT NULL,
                                         temp FLOAT,
                                         humidity INT,
                                         cloudiness VARCHAR(25),
                                         wind_speed FLOAT
                                        );
[2023-04-14T01:08:29.025+0000] {base.py:73} INFO - Using connection ID 'measure_db' for task execution.
[2023-04-14T01:08:29.274+0000] {base.py:73} INFO - Using connection ID 'measure_db' for task execution.
[2023-04-14T01:08:29.283+0000] {sql.py:375} INFO - Running statement: CREATE TABLE IF NOT EXISTS measures_ext (
                                         city VARCHAR(20) NOT NULL,
                                         timestamp TIMESTAMP NOT NULL,
                                         temp FLOAT,
                                         humidity INT,
                                         cloudiness VARCHAR(25),
                                         wind_speed FLOAT
                                        );, parameters: None
[2023-04-14T01:08:29.299+0000] {taskinstance.py:1332} INFO - Marking task as SUCCESS. dag_id=weather_dag, task_id=create_table, execution_date=20230414T000000, start_date=20230414T010828, end_date=20230414T010829
[2023-04-14T01:08:29.332+0000] {local_task_job.py:212} INFO - Task exited with return code 0
[2023-04-14T01:08:29.365+0000] {taskinstance.py:2596} INFO - 5 downstream tasks scheduled from follow-on schedule check
