[2023-04-14T06:23:26.317+0000] {taskinstance.py:1090} INFO - Dependencies all met for dep_context=non-requeueable deps ti=<TaskInstance: weather_dag.retrieve_weather_data_Kharkiv scheduled__2023-04-14T05:00:00+00:00 [queued]>
[2023-04-14T06:23:26.362+0000] {taskinstance.py:1090} INFO - Dependencies all met for dep_context=requeueable deps ti=<TaskInstance: weather_dag.retrieve_weather_data_Kharkiv scheduled__2023-04-14T05:00:00+00:00 [queued]>
[2023-04-14T06:23:26.366+0000] {taskinstance.py:1288} INFO - 
--------------------------------------------------------------------------------
[2023-04-14T06:23:26.369+0000] {taskinstance.py:1289} INFO - Starting attempt 1 of 1
[2023-04-14T06:23:26.372+0000] {taskinstance.py:1290} INFO - 
--------------------------------------------------------------------------------
[2023-04-14T06:23:26.429+0000] {taskinstance.py:1309} INFO - Executing <Task(SimpleHttpOperator): retrieve_weather_data_Kharkiv> on 2023-04-14 05:00:00+00:00
[2023-04-14T06:23:26.455+0000] {standard_task_runner.py:55} INFO - Started process 7632 to run task
[2023-04-14T06:23:26.519+0000] {standard_task_runner.py:82} INFO - Running: ['***', 'tasks', 'run', 'weather_dag', 'retrieve_weather_data_Kharkiv', 'scheduled__2023-04-14T05:00:00+00:00', '--job-id', '478', '--raw', '--subdir', 'DAGS_FOLDER/weather_dag.py', '--cfg-path', '/tmp/tmp0imipxst']
[2023-04-14T06:23:26.534+0000] {standard_task_runner.py:83} INFO - Job 478: Subtask retrieve_weather_data_Kharkiv
[2023-04-14T06:23:26.793+0000] {task_command.py:389} INFO - Running <TaskInstance: weather_dag.retrieve_weather_data_Kharkiv scheduled__2023-04-14T05:00:00+00:00 [running]> on host ffea11fb791c
[2023-04-14T06:23:27.186+0000] {taskinstance.py:1518} INFO - Exporting the following env vars:
AIRFLOW_CTX_DAG_OWNER=***
AIRFLOW_CTX_DAG_ID=weather_dag
AIRFLOW_CTX_TASK_ID=retrieve_weather_data_Kharkiv
AIRFLOW_CTX_EXECUTION_DATE=2023-04-14T05:00:00+00:00
AIRFLOW_CTX_TRY_NUMBER=1
AIRFLOW_CTX_DAG_RUN_ID=scheduled__2023-04-14T05:00:00+00:00
[2023-04-14T06:23:27.194+0000] {http.py:123} INFO - Calling HTTP method
[2023-04-14T06:23:27.225+0000] {base.py:73} INFO - Using connection ID 'weather_http_api' for task execution.
[2023-04-14T06:23:27.464+0000] {http.py:127} INFO - {"coord":{"lon":36.25,"lat":50},"weather":[{"id":500,"main":"Rain","description":"light rain","icon":"10d"}],"base":"stations","main":{"temp":280.8,"feels_like":277.8,"temp_min":280.8,"temp_max":280.8,"pressure":1006,"humidity":87,"sea_level":1006,"grnd_level":988},"visibility":10000,"wind":{"speed":4.99,"deg":22,"gust":8.2},"rain":{"1h":0.37},"clouds":{"all":100},"dt":1681453108,"sys":{"country":"UA","sunrise":1681440301,"sunset":1681489521},"timezone":10800,"id":706483,"name":"Kharkiv","cod":200}
[2023-04-14T06:23:27.511+0000] {taskinstance.py:1332} INFO - Marking task as SUCCESS. dag_id=weather_dag, task_id=retrieve_weather_data_Kharkiv, execution_date=20230414T050000, start_date=20230414T062326, end_date=20230414T062327
[2023-04-14T06:23:30.628+0000] {local_task_job.py:212} INFO - Task exited with return code 0
[2023-04-14T06:23:33.077+0000] {taskinstance.py:2596} INFO - 0 downstream tasks scheduled from follow-on schedule check
