[2023-04-13T15:40:44.718+0000] {taskinstance.py:1090} INFO - Dependencies all met for dep_context=non-requeueable deps ti=<TaskInstance: weather_dag.create_table manual__2023-04-13T15:40:43.524941+00:00 [queued]>
[2023-04-13T15:40:44.724+0000] {taskinstance.py:1090} INFO - Dependencies all met for dep_context=requeueable deps ti=<TaskInstance: weather_dag.create_table manual__2023-04-13T15:40:43.524941+00:00 [queued]>
[2023-04-13T15:40:44.725+0000] {taskinstance.py:1288} INFO - 
--------------------------------------------------------------------------------
[2023-04-13T15:40:44.726+0000] {taskinstance.py:1289} INFO - Starting attempt 1 of 1
[2023-04-13T15:40:44.726+0000] {taskinstance.py:1290} INFO - 
--------------------------------------------------------------------------------
[2023-04-13T15:40:44.736+0000] {taskinstance.py:1309} INFO - Executing <Task(SqliteOperator): create_table> on 2023-04-13 15:40:43.524941+00:00
[2023-04-13T15:40:44.740+0000] {standard_task_runner.py:55} INFO - Started process 4732 to run task
[2023-04-13T15:40:44.743+0000] {standard_task_runner.py:82} INFO - Running: ['***', 'tasks', 'run', 'weather_dag', 'create_table', 'manual__2023-04-13T15:40:43.524941+00:00', '--job-id', '201', '--raw', '--subdir', 'DAGS_FOLDER/weather_dag.py', '--cfg-path', '/tmp/tmpxs0i1j9d']
[2023-04-13T15:40:44.745+0000] {standard_task_runner.py:83} INFO - Job 201: Subtask create_table
[2023-04-13T15:40:44.796+0000] {task_command.py:389} INFO - Running <TaskInstance: weather_dag.create_table manual__2023-04-13T15:40:43.524941+00:00 [running]> on host ffea11fb791c
[2023-04-13T15:40:44.840+0000] {taskinstance.py:1518} INFO - Exporting the following env vars:
AIRFLOW_CTX_DAG_OWNER=***
AIRFLOW_CTX_DAG_ID=weather_dag
AIRFLOW_CTX_TASK_ID=create_table
AIRFLOW_CTX_EXECUTION_DATE=2023-04-13T15:40:43.524941+00:00
AIRFLOW_CTX_TRY_NUMBER=1
AIRFLOW_CTX_DAG_RUN_ID=manual__2023-04-13T15:40:43.524941+00:00
[2023-04-13T15:40:44.841+0000] {sql.py:254} INFO - Executing: CREATE TABLE IF NOT EXISTS measures_ext (
                                         timestamp TIMESTAMP NOT NULL,
                                         temp FLOAT,
                                         humidity INT,
                                         cloudiness VARCHAR(25),
                                         wind_speed FLOAT
                                        );
[2023-04-13T15:40:44.847+0000] {base.py:73} INFO - Using connection ID 'measure_db' for task execution.
[2023-04-13T15:40:44.964+0000] {base.py:73} INFO - Using connection ID 'measure_db' for task execution.
[2023-04-13T15:40:44.969+0000] {sql.py:375} INFO - Running statement: CREATE TABLE IF NOT EXISTS measures_ext (
                                         timestamp TIMESTAMP NOT NULL,
                                         temp FLOAT,
                                         humidity INT,
                                         cloudiness VARCHAR(25),
                                         wind_speed FLOAT
                                        );, parameters: None
[2023-04-13T15:40:44.980+0000] {taskinstance.py:1332} INFO - Marking task as SUCCESS. dag_id=weather_dag, task_id=create_table, execution_date=20230413T154043, start_date=20230413T154044, end_date=20230413T154044
[2023-04-13T15:40:44.998+0000] {local_task_job.py:212} INFO - Task exited with return code 0
[2023-04-13T15:40:45.018+0000] {taskinstance.py:2596} INFO - 1 downstream tasks scheduled from follow-on schedule check
