[2023-04-13T20:40:59.583+0000] {taskinstance.py:1090} INFO - Dependencies all met for dep_context=non-requeueable deps ti=<TaskInstance: weather_dag.inject_data_Zhmerynka manual__2023-04-13T20:40:45.638759+00:00 [queued]>
[2023-04-13T20:40:59.599+0000] {taskinstance.py:1090} INFO - Dependencies all met for dep_context=requeueable deps ti=<TaskInstance: weather_dag.inject_data_Zhmerynka manual__2023-04-13T20:40:45.638759+00:00 [queued]>
[2023-04-13T20:40:59.600+0000] {taskinstance.py:1288} INFO - 
--------------------------------------------------------------------------------
[2023-04-13T20:40:59.602+0000] {taskinstance.py:1289} INFO - Starting attempt 1 of 1
[2023-04-13T20:40:59.604+0000] {taskinstance.py:1290} INFO - 
--------------------------------------------------------------------------------
[2023-04-13T20:40:59.628+0000] {taskinstance.py:1309} INFO - Executing <Task(SqliteOperator): inject_data_Zhmerynka> on 2023-04-13 20:40:45.638759+00:00
[2023-04-13T20:40:59.637+0000] {standard_task_runner.py:55} INFO - Started process 7247 to run task
[2023-04-13T20:40:59.645+0000] {standard_task_runner.py:82} INFO - Running: ['***', 'tasks', 'run', 'weather_dag', 'inject_data_Zhmerynka', 'manual__2023-04-13T20:40:45.638759+00:00', '--job-id', '362', '--raw', '--subdir', 'DAGS_FOLDER/weather_dag.py', '--cfg-path', '/tmp/tmpmju09lzv']
[2023-04-13T20:40:59.648+0000] {standard_task_runner.py:83} INFO - Job 362: Subtask inject_data_Zhmerynka
[2023-04-13T20:40:59.768+0000] {task_command.py:389} INFO - Running <TaskInstance: weather_dag.inject_data_Zhmerynka manual__2023-04-13T20:40:45.638759+00:00 [running]> on host ffea11fb791c
[2023-04-13T20:40:59.944+0000] {taskinstance.py:1518} INFO - Exporting the following env vars:
AIRFLOW_CTX_DAG_OWNER=***
AIRFLOW_CTX_DAG_ID=weather_dag
AIRFLOW_CTX_TASK_ID=inject_data_Zhmerynka
AIRFLOW_CTX_EXECUTION_DATE=2023-04-13T20:40:45.638759+00:00
AIRFLOW_CTX_TRY_NUMBER=1
AIRFLOW_CTX_DAG_RUN_ID=manual__2023-04-13T20:40:45.638759+00:00
[2023-04-13T20:40:59.946+0000] {sql.py:254} INFO - Executing: 
                INSERT INTO measures_ext (city, timestamp, temp, humidity, cloudiness, wind_speed) VALUES
                    ("Zhmerynka",
                    1681418453,
                    281.19,
                    89,
                    "overcast clouds",
                    1.68);
            
[2023-04-13T20:40:59.962+0000] {base.py:73} INFO - Using connection ID 'measure_db' for task execution.
[2023-04-13T20:41:00.257+0000] {base.py:73} INFO - Using connection ID 'measure_db' for task execution.
[2023-04-13T20:41:00.264+0000] {sql.py:375} INFO - Running statement: 
                INSERT INTO measures_ext (city, timestamp, temp, humidity, cloudiness, wind_speed) VALUES
                    ("Zhmerynka",
                    1681418453,
                    281.19,
                    89,
                    "overcast clouds",
                    1.68);
            , parameters: None
[2023-04-13T20:41:00.315+0000] {sql.py:384} INFO - Rows affected: 1
[2023-04-13T20:41:00.352+0000] {taskinstance.py:1332} INFO - Marking task as SUCCESS. dag_id=weather_dag, task_id=inject_data_Zhmerynka, execution_date=20230413T204045, start_date=20230413T204059, end_date=20230413T204100
[2023-04-13T20:41:00.419+0000] {local_task_job.py:212} INFO - Task exited with return code 0
[2023-04-13T20:41:00.453+0000] {taskinstance.py:2596} INFO - 0 downstream tasks scheduled from follow-on schedule check
