[2023-04-13T12:00:05.599+0000] {taskinstance.py:1090} INFO - Dependencies all met for dep_context=non-requeueable deps ti=<TaskInstance: weather_dag.transform_data scheduled__2023-04-13T11:00:00+00:00 [queued]>
[2023-04-13T12:00:05.643+0000] {taskinstance.py:1090} INFO - Dependencies all met for dep_context=requeueable deps ti=<TaskInstance: weather_dag.transform_data scheduled__2023-04-13T11:00:00+00:00 [queued]>
[2023-04-13T12:00:05.648+0000] {taskinstance.py:1288} INFO - 
--------------------------------------------------------------------------------
[2023-04-13T12:00:05.684+0000] {taskinstance.py:1289} INFO - Starting attempt 1 of 1
[2023-04-13T12:00:05.736+0000] {taskinstance.py:1290} INFO - 
--------------------------------------------------------------------------------
[2023-04-13T12:00:05.932+0000] {taskinstance.py:1309} INFO - Executing <Task(PythonOperator): transform_data> on 2023-04-13 11:00:00+00:00
[2023-04-13T12:00:05.948+0000] {standard_task_runner.py:55} INFO - Started process 436 to run task
[2023-04-13T12:00:05.959+0000] {standard_task_runner.py:82} INFO - Running: ['***', 'tasks', 'run', 'weather_dag', 'transform_data', 'scheduled__2023-04-13T11:00:00+00:00', '--job-id', '137', '--raw', '--subdir', 'DAGS_FOLDER/weather_dag.py', '--cfg-path', '/tmp/tmpy2bx8f5m']
[2023-04-13T12:00:05.964+0000] {standard_task_runner.py:83} INFO - Job 137: Subtask transform_data
[2023-04-13T12:00:06.093+0000] {task_command.py:389} INFO - Running <TaskInstance: weather_dag.transform_data scheduled__2023-04-13T11:00:00+00:00 [running]> on host ffea11fb791c
[2023-04-13T12:00:06.182+0000] {taskinstance.py:1518} INFO - Exporting the following env vars:
AIRFLOW_CTX_DAG_OWNER=***
AIRFLOW_CTX_DAG_ID=weather_dag
AIRFLOW_CTX_TASK_ID=transform_data
AIRFLOW_CTX_EXECUTION_DATE=2023-04-13T11:00:00+00:00
AIRFLOW_CTX_TRY_NUMBER=1
AIRFLOW_CTX_DAG_RUN_ID=scheduled__2023-04-13T11:00:00+00:00
[2023-04-13T12:00:06.186+0000] {logging_mixin.py:137} INFO - {'conf': <***.configuration.AirflowConfigParser object at 0xffffb3d9af10>, 'dag': <DAG: weather_dag>, 'dag_run': <DagRun weather_dag @ 2023-04-13 11:00:00+00:00: scheduled__2023-04-13T11:00:00+00:00, state:running, queued_at: 2023-04-13 12:00:00.430596+00:00. externally triggered: False>, 'data_interval_end': DateTime(2023, 4, 13, 12, 0, 0, tzinfo=Timezone('UTC')), 'data_interval_start': DateTime(2023, 4, 13, 11, 0, 0, tzinfo=Timezone('UTC')), 'ds': '2023-04-13', 'ds_nodash': '20230413', 'execution_date': <Proxy at 0xffffa191cf00 with factory functools.partial(<function lazy_mapping_from_context.<locals>._deprecated_proxy_factory at 0xffffa191bdd0>, 'execution_date', DateTime(2023, 4, 13, 11, 0, 0, tzinfo=Timezone('UTC')))>, 'expanded_ti_count': None, 'inlets': [], 'logical_date': DateTime(2023, 4, 13, 11, 0, 0, tzinfo=Timezone('UTC')), 'macros': <module '***.macros' from '/home/***/.local/lib/python3.7/site-packages/***/macros/__init__.py'>, 'next_ds': <Proxy at 0xffffa191c230 with factory functools.partial(<function lazy_mapping_from_context.<locals>._deprecated_proxy_factory at 0xffffa191bdd0>, 'next_ds', '2023-04-13')>, 'next_ds_nodash': <Proxy at 0xffffa191c190 with factory functools.partial(<function lazy_mapping_from_context.<locals>._deprecated_proxy_factory at 0xffffa191bdd0>, 'next_ds_nodash', '20230413')>, 'next_execution_date': <Proxy at 0xffffa191c1e0 with factory functools.partial(<function lazy_mapping_from_context.<locals>._deprecated_proxy_factory at 0xffffa191bdd0>, 'next_execution_date', DateTime(2023, 4, 13, 12, 0, 0, tzinfo=Timezone('UTC')))>, 'outlets': [], 'params': {}, 'prev_data_interval_start_success': DateTime(2023, 4, 10, 19, 0, 0, tzinfo=Timezone('UTC')), 'prev_data_interval_end_success': DateTime(2023, 4, 11, 19, 0, 0, tzinfo=Timezone('UTC')), 'prev_ds': <Proxy at 0xffffa1a53fa0 with factory functools.partial(<function lazy_mapping_from_context.<locals>._deprecated_proxy_factory at 0xffffa191bdd0>, 'prev_ds', '2023-04-13')>, 'prev_ds_nodash': <Proxy at 0xffffa1a4d1e0 with factory functools.partial(<function lazy_mapping_from_context.<locals>._deprecated_proxy_factory at 0xffffa191bdd0>, 'prev_ds_nodash', '20230413')>, 'prev_execution_date': <Proxy at 0xffffa1a55280 with factory functools.partial(<function lazy_mapping_from_context.<locals>._deprecated_proxy_factory at 0xffffa191bdd0>, 'prev_execution_date', DateTime(2023, 4, 13, 10, 0, 0, tzinfo=Timezone('UTC')))>, 'prev_execution_date_success': <Proxy at 0xffffa195ed20 with factory functools.partial(<function lazy_mapping_from_context.<locals>._deprecated_proxy_factory at 0xffffa191bdd0>, 'prev_execution_date_success', None)>, 'prev_start_date_success': DateTime(2023, 4, 12, 7, 39, 45, 345166, tzinfo=Timezone('UTC')), 'run_id': 'scheduled__2023-04-13T11:00:00+00:00', 'task': <Task(PythonOperator): transform_data>, 'task_instance': <TaskInstance: weather_dag.transform_data scheduled__2023-04-13T11:00:00+00:00 [running]>, 'task_instance_key_str': 'weather_dag__transform_data__20230413', 'test_mode': False, 'ti': <TaskInstance: weather_dag.transform_data scheduled__2023-04-13T11:00:00+00:00 [running]>, 'tomorrow_ds': <Proxy at 0xffffa195edc0 with factory functools.partial(<function lazy_mapping_from_context.<locals>._deprecated_proxy_factory at 0xffffa191bdd0>, 'tomorrow_ds', '2023-04-14')>, 'tomorrow_ds_nodash': <Proxy at 0xffffa198a910 with factory functools.partial(<function lazy_mapping_from_context.<locals>._deprecated_proxy_factory at 0xffffa191bdd0>, 'tomorrow_ds_nodash', '20230414')>, 'triggering_dataset_events': <Proxy at 0xffffa1a4d4b0 with factory <function TaskInstance.get_template_context.<locals>.get_triggering_events at 0xffffa1a298c0>>, 'ts': '2023-04-13T11:00:00+00:00', 'ts_nodash': '20230413T110000', 'ts_nodash_with_tz': '20230413T110000+0000', 'var': {'json': None, 'value': None}, 'conn': None, 'yesterday_ds': <Proxy at 0xffffa198a820 with factory functools.partial(<function lazy_mapping_from_context.<locals>._deprecated_proxy_factory at 0xffffa191bdd0>, 'yesterday_ds', '2023-04-12')>, 'yesterday_ds_nodash': <Proxy at 0xffffa198a550 with factory functools.partial(<function lazy_mapping_from_context.<locals>._deprecated_proxy_factory at 0xffffa191bdd0>, 'yesterday_ds_nodash', '20230412')>, 'templates_dict': None}
[2023-04-13T12:00:06.189+0000] {logging_mixin.py:137} INFO - <TaskInstance: weather_dag.transform_data scheduled__2023-04-13T11:00:00+00:00 [running]>
[2023-04-13T12:00:06.205+0000] {logging_mixin.py:137} INFO - {'coord': {'lon': 24.0232, 'lat': 49.8383}, 'weather': [{'id': 800, 'main': 'Clear', 'description': 'clear sky', 'icon': '01d'}], 'base': 'stations', 'main': {'temp': 287.4, 'feels_like': 286.13, 'temp_min': 287.4, 'temp_max': 287.4, 'pressure': 1006, 'humidity': 48, 'sea_level': 1006, 'grnd_level': 973}, 'visibility': 10000, 'wind': {'speed': 2.28, 'deg': 266, 'gust': 2.81}, 'clouds': {'all': 7}, 'dt': 1681386955, 'sys': {'country': 'UA', 'sunrise': 1681356971, 'sunset': 1681405948}, 'timezone': 10800, 'id': 702550, 'name': 'Lviv', 'cod': 200}
[2023-04-13T12:00:06.207+0000] {python.py:177} INFO - Done. Returned value was: (1681386955, 287.4)
[2023-04-13T12:00:06.238+0000] {taskinstance.py:1332} INFO - Marking task as SUCCESS. dag_id=weather_dag, task_id=transform_data, execution_date=20230413T110000, start_date=20230413T120005, end_date=20230413T120006
[2023-04-13T12:00:06.292+0000] {local_task_job.py:212} INFO - Task exited with return code 0
[2023-04-13T12:00:06.319+0000] {taskinstance.py:2596} INFO - 1 downstream tasks scheduled from follow-on schedule check
