[2023-04-13T19:58:07.924+0000] {taskinstance.py:1090} INFO - Dependencies all met for dep_context=non-requeueable deps ti=<TaskInstance: weather_dag.create_table scheduled__2023-04-13T18:00:00+00:00 [queued]>
[2023-04-13T19:58:07.940+0000] {taskinstance.py:1090} INFO - Dependencies all met for dep_context=requeueable deps ti=<TaskInstance: weather_dag.create_table scheduled__2023-04-13T18:00:00+00:00 [queued]>
[2023-04-13T19:58:07.944+0000] {taskinstance.py:1288} INFO - 
--------------------------------------------------------------------------------
[2023-04-13T19:58:07.946+0000] {taskinstance.py:1289} INFO - Starting attempt 1 of 1
[2023-04-13T19:58:07.948+0000] {taskinstance.py:1290} INFO - 
--------------------------------------------------------------------------------
[2023-04-13T19:58:07.968+0000] {taskinstance.py:1309} INFO - Executing <Task(SqliteOperator): create_table> on 2023-04-13 18:00:00+00:00
[2023-04-13T19:58:07.979+0000] {standard_task_runner.py:55} INFO - Started process 6060 to run task
[2023-04-13T19:58:07.986+0000] {standard_task_runner.py:82} INFO - Running: ['***', 'tasks', 'run', 'weather_dag', 'create_table', 'scheduled__2023-04-13T18:00:00+00:00', '--job-id', '210', '--raw', '--subdir', 'DAGS_FOLDER/weather_dag.py', '--cfg-path', '/tmp/tmpc37fnc1k']
[2023-04-13T19:58:07.989+0000] {standard_task_runner.py:83} INFO - Job 210: Subtask create_table
[2023-04-13T19:58:08.108+0000] {task_command.py:389} INFO - Running <TaskInstance: weather_dag.create_table scheduled__2023-04-13T18:00:00+00:00 [running]> on host ffea11fb791c
[2023-04-13T19:58:08.215+0000] {taskinstance.py:1518} INFO - Exporting the following env vars:
AIRFLOW_CTX_DAG_OWNER=***
AIRFLOW_CTX_DAG_ID=weather_dag
AIRFLOW_CTX_TASK_ID=create_table
AIRFLOW_CTX_EXECUTION_DATE=2023-04-13T18:00:00+00:00
AIRFLOW_CTX_TRY_NUMBER=1
AIRFLOW_CTX_DAG_RUN_ID=scheduled__2023-04-13T18:00:00+00:00
[2023-04-13T19:58:08.218+0000] {sql.py:254} INFO - Executing: CREATE TABLE IF NOT EXISTS measures_ext (
                                         timestamp TIMESTAMP NOT NULL,
                                         temp FLOAT,
                                         humidity INT,
                                         cloudiness VARCHAR(25),
                                         wind_speed FLOAT
                                        );
[2023-04-13T19:58:08.236+0000] {base.py:73} INFO - Using connection ID 'measure_db' for task execution.
[2023-04-13T19:58:08.552+0000] {base.py:73} INFO - Using connection ID 'measure_db' for task execution.
[2023-04-13T19:58:08.561+0000] {sql.py:375} INFO - Running statement: CREATE TABLE IF NOT EXISTS measures_ext (
                                         timestamp TIMESTAMP NOT NULL,
                                         temp FLOAT,
                                         humidity INT,
                                         cloudiness VARCHAR(25),
                                         wind_speed FLOAT
                                        );, parameters: None
[2023-04-13T19:58:08.586+0000] {taskinstance.py:1332} INFO - Marking task as SUCCESS. dag_id=weather_dag, task_id=create_table, execution_date=20230413T180000, start_date=20230413T195807, end_date=20230413T195808
[2023-04-13T19:58:08.646+0000] {local_task_job.py:212} INFO - Task exited with return code 0
[2023-04-13T19:58:08.683+0000] {taskinstance.py:2596} INFO - 5 downstream tasks scheduled from follow-on schedule check
