[2023-04-13T12:13:16.836+0000] {taskinstance.py:1090} INFO - Dependencies all met for dep_context=non-requeueable deps ti=<TaskInstance: weather_dag.create_table manual__2023-04-13T12:13:15.229356+00:00 [queued]>
[2023-04-13T12:13:16.850+0000] {taskinstance.py:1090} INFO - Dependencies all met for dep_context=requeueable deps ti=<TaskInstance: weather_dag.create_table manual__2023-04-13T12:13:15.229356+00:00 [queued]>
[2023-04-13T12:13:16.852+0000] {taskinstance.py:1288} INFO - 
--------------------------------------------------------------------------------
[2023-04-13T12:13:16.854+0000] {taskinstance.py:1289} INFO - Starting attempt 1 of 1
[2023-04-13T12:13:16.856+0000] {taskinstance.py:1290} INFO - 
--------------------------------------------------------------------------------
[2023-04-13T12:13:16.876+0000] {taskinstance.py:1309} INFO - Executing <Task(SqliteOperator): create_table> on 2023-04-13 12:13:15.229356+00:00
[2023-04-13T12:13:16.885+0000] {standard_task_runner.py:55} INFO - Started process 762 to run task
[2023-04-13T12:13:16.890+0000] {standard_task_runner.py:82} INFO - Running: ['***', 'tasks', 'run', 'weather_dag', 'create_table', 'manual__2023-04-13T12:13:15.229356+00:00', '--job-id', '154', '--raw', '--subdir', 'DAGS_FOLDER/weather_dag.py', '--cfg-path', '/tmp/tmp95ihf4r2']
[2023-04-13T12:13:16.893+0000] {standard_task_runner.py:83} INFO - Job 154: Subtask create_table
[2023-04-13T12:13:16.974+0000] {task_command.py:389} INFO - Running <TaskInstance: weather_dag.create_table manual__2023-04-13T12:13:15.229356+00:00 [running]> on host ffea11fb791c
[2023-04-13T12:13:17.053+0000] {taskinstance.py:1518} INFO - Exporting the following env vars:
AIRFLOW_CTX_DAG_OWNER=***
AIRFLOW_CTX_DAG_ID=weather_dag
AIRFLOW_CTX_TASK_ID=create_table
AIRFLOW_CTX_EXECUTION_DATE=2023-04-13T12:13:15.229356+00:00
AIRFLOW_CTX_TRY_NUMBER=1
AIRFLOW_CTX_DAG_RUN_ID=manual__2023-04-13T12:13:15.229356+00:00
[2023-04-13T12:13:17.056+0000] {sql.py:254} INFO - Executing: CREATE TABLE IF NOT EXISTS measures_ext (
                                         timestamp TIMESTAMP NOT NULL,
                                         temp FLOAT,
                                         humidity INT,
                                         cloudiness VARCHAR(25),
                                         wind_speed FLOAT
                                        );
[2023-04-13T12:13:17.070+0000] {base.py:73} INFO - Using connection ID 'measure_db' for task execution.
[2023-04-13T12:13:17.277+0000] {base.py:73} INFO - Using connection ID 'measure_db' for task execution.
[2023-04-13T12:13:17.283+0000] {sql.py:375} INFO - Running statement: CREATE TABLE IF NOT EXISTS measures_ext (
                                         timestamp TIMESTAMP NOT NULL,
                                         temp FLOAT,
                                         humidity INT,
                                         cloudiness VARCHAR(25),
                                         wind_speed FLOAT
                                        );, parameters: None
[2023-04-13T12:13:17.301+0000] {taskinstance.py:1332} INFO - Marking task as SUCCESS. dag_id=weather_dag, task_id=create_table, execution_date=20230413T121315, start_date=20230413T121316, end_date=20230413T121317
[2023-04-13T12:13:17.355+0000] {local_task_job.py:212} INFO - Task exited with return code 0
[2023-04-13T12:13:17.384+0000] {taskinstance.py:2596} INFO - 1 downstream tasks scheduled from follow-on schedule check
