[2023-04-13T06:16:06.811+0000] {taskinstance.py:1090} INFO - Dependencies all met for dep_context=non-requeueable deps ti=<TaskInstance: weather_dag.retrieve_weather_data manual__2023-04-13T06:16:04.808025+00:00 [queued]>
[2023-04-13T06:16:06.855+0000] {taskinstance.py:1090} INFO - Dependencies all met for dep_context=requeueable deps ti=<TaskInstance: weather_dag.retrieve_weather_data manual__2023-04-13T06:16:04.808025+00:00 [queued]>
[2023-04-13T06:16:06.859+0000] {taskinstance.py:1288} INFO - 
--------------------------------------------------------------------------------
[2023-04-13T06:16:06.863+0000] {taskinstance.py:1289} INFO - Starting attempt 1 of 1
[2023-04-13T06:16:06.867+0000] {taskinstance.py:1290} INFO - 
--------------------------------------------------------------------------------
[2023-04-13T06:16:06.937+0000] {taskinstance.py:1309} INFO - Executing <Task(SimpleHttpOperator): retrieve_weather_data> on 2023-04-13 06:16:04.808025+00:00
[2023-04-13T06:16:06.947+0000] {standard_task_runner.py:55} INFO - Started process 638 to run task
[2023-04-13T06:16:06.959+0000] {standard_task_runner.py:82} INFO - Running: ['***', 'tasks', 'run', 'weather_dag', 'retrieve_weather_data', 'manual__2023-04-13T06:16:04.808025+00:00', '--job-id', '36', '--raw', '--subdir', 'DAGS_FOLDER/weather_dag.py', '--cfg-path', '/tmp/tmppxmb9y9d']
[2023-04-13T06:16:06.966+0000] {standard_task_runner.py:83} INFO - Job 36: Subtask retrieve_weather_data
[2023-04-13T06:16:07.156+0000] {task_command.py:389} INFO - Running <TaskInstance: weather_dag.retrieve_weather_data manual__2023-04-13T06:16:04.808025+00:00 [running]> on host 0607b07c4f39
[2023-04-13T06:16:07.353+0000] {taskinstance.py:1518} INFO - Exporting the following env vars:
AIRFLOW_CTX_DAG_OWNER=***
AIRFLOW_CTX_DAG_ID=weather_dag
AIRFLOW_CTX_TASK_ID=retrieve_weather_data
AIRFLOW_CTX_EXECUTION_DATE=2023-04-13T06:16:04.808025+00:00
AIRFLOW_CTX_TRY_NUMBER=1
AIRFLOW_CTX_DAG_RUN_ID=manual__2023-04-13T06:16:04.808025+00:00
[2023-04-13T06:16:07.360+0000] {http.py:123} INFO - Calling HTTP method
[2023-04-13T06:16:07.392+0000] {base.py:73} INFO - Using connection ID 'weather_http_api' for task execution.
[2023-04-13T06:16:07.628+0000] {http.py:127} INFO - {"coord":{"lon":24.0232,"lat":49.8383},"weather":[{"id":803,"main":"Clouds","description":"broken clouds","icon":"04d"}],"base":"stations","main":{"temp":280.79,"feels_like":278.91,"temp_min":280.79,"temp_max":280.79,"pressure":1008,"humidity":78,"sea_level":1008,"grnd_level":973},"visibility":10000,"wind":{"speed":2.87,"deg":265,"gust":4.02},"clouds":{"all":78},"dt":1681366075,"sys":{"country":"UA","sunrise":1681356971,"sunset":1681405948},"timezone":10800,"id":702550,"name":"Lviv","cod":200}
[2023-04-13T06:16:07.661+0000] {taskinstance.py:1332} INFO - Marking task as SUCCESS. dag_id=weather_dag, task_id=retrieve_weather_data, execution_date=20230413T061604, start_date=20230413T061606, end_date=20230413T061607
[2023-04-13T06:16:08.725+0000] {local_task_job.py:212} INFO - Task exited with return code 0
[2023-04-13T06:16:08.755+0000] {taskinstance.py:2596} INFO - 0 downstream tasks scheduled from follow-on schedule check
