[2023-04-14T06:23:26.244+0000] {taskinstance.py:1090} INFO - Dependencies all met for dep_context=non-requeueable deps ti=<TaskInstance: weather_dag.retrieve_weather_data_Zhmerynka scheduled__2023-04-14T05:00:00+00:00 [queued]>
[2023-04-14T06:23:26.304+0000] {taskinstance.py:1090} INFO - Dependencies all met for dep_context=requeueable deps ti=<TaskInstance: weather_dag.retrieve_weather_data_Zhmerynka scheduled__2023-04-14T05:00:00+00:00 [queued]>
[2023-04-14T06:23:26.312+0000] {taskinstance.py:1288} INFO - 
--------------------------------------------------------------------------------
[2023-04-14T06:23:26.316+0000] {taskinstance.py:1289} INFO - Starting attempt 1 of 1
[2023-04-14T06:23:26.318+0000] {taskinstance.py:1290} INFO - 
--------------------------------------------------------------------------------
[2023-04-14T06:23:26.389+0000] {taskinstance.py:1309} INFO - Executing <Task(SimpleHttpOperator): retrieve_weather_data_Zhmerynka> on 2023-04-14 05:00:00+00:00
[2023-04-14T06:23:26.411+0000] {standard_task_runner.py:55} INFO - Started process 7631 to run task
[2023-04-14T06:23:26.436+0000] {standard_task_runner.py:82} INFO - Running: ['***', 'tasks', 'run', 'weather_dag', 'retrieve_weather_data_Zhmerynka', 'scheduled__2023-04-14T05:00:00+00:00', '--job-id', '477', '--raw', '--subdir', 'DAGS_FOLDER/weather_dag.py', '--cfg-path', '/tmp/tmpdjpjxden']
[2023-04-14T06:23:26.443+0000] {standard_task_runner.py:83} INFO - Job 477: Subtask retrieve_weather_data_Zhmerynka
[2023-04-14T06:23:26.746+0000] {task_command.py:389} INFO - Running <TaskInstance: weather_dag.retrieve_weather_data_Zhmerynka scheduled__2023-04-14T05:00:00+00:00 [running]> on host ffea11fb791c
[2023-04-14T06:23:27.115+0000] {taskinstance.py:1518} INFO - Exporting the following env vars:
AIRFLOW_CTX_DAG_OWNER=***
AIRFLOW_CTX_DAG_ID=weather_dag
AIRFLOW_CTX_TASK_ID=retrieve_weather_data_Zhmerynka
AIRFLOW_CTX_EXECUTION_DATE=2023-04-14T05:00:00+00:00
AIRFLOW_CTX_TRY_NUMBER=1
AIRFLOW_CTX_DAG_RUN_ID=scheduled__2023-04-14T05:00:00+00:00
[2023-04-14T06:23:27.124+0000] {http.py:123} INFO - Calling HTTP method
[2023-04-14T06:23:27.169+0000] {base.py:73} INFO - Using connection ID 'weather_http_api' for task execution.
[2023-04-14T06:23:27.472+0000] {http.py:127} INFO - {"coord":{"lon":28.112,"lat":49.037},"weather":[{"id":804,"main":"Clouds","description":"overcast clouds","icon":"04d"}],"base":"stations","main":{"temp":281.63,"feels_like":280.44,"temp_min":281.63,"temp_max":281.63,"pressure":1010,"humidity":89,"sea_level":1010,"grnd_level":973},"visibility":10000,"wind":{"speed":2.15,"deg":54,"gust":2.76},"clouds":{"all":100},"dt":1681453247,"sys":{"country":"UA","sunrise":1681442349,"sunset":1681491378},"timezone":10800,"id":687116,"name":"Zhmerynka","cod":200}
[2023-04-14T06:23:27.520+0000] {taskinstance.py:1332} INFO - Marking task as SUCCESS. dag_id=weather_dag, task_id=retrieve_weather_data_Zhmerynka, execution_date=20230414T050000, start_date=20230414T062326, end_date=20230414T062327
[2023-04-14T06:23:30.627+0000] {local_task_job.py:212} INFO - Task exited with return code 0
[2023-04-14T06:23:32.682+0000] {taskinstance.py:2596} INFO - 0 downstream tasks scheduled from follow-on schedule check
