[2023-04-13T20:22:36.768+0000] {taskinstance.py:1090} INFO - Dependencies all met for dep_context=non-requeueable deps ti=<TaskInstance: weather_dag.inject_data_Zhmerynka manual__2023-04-13T20:22:22.476610+00:00 [queued]>
[2023-04-13T20:22:36.857+0000] {taskinstance.py:1090} INFO - Dependencies all met for dep_context=requeueable deps ti=<TaskInstance: weather_dag.inject_data_Zhmerynka manual__2023-04-13T20:22:22.476610+00:00 [queued]>
[2023-04-13T20:22:36.860+0000] {taskinstance.py:1288} INFO - 
--------------------------------------------------------------------------------
[2023-04-13T20:22:36.863+0000] {taskinstance.py:1289} INFO - Starting attempt 1 of 1
[2023-04-13T20:22:36.865+0000] {taskinstance.py:1290} INFO - 
--------------------------------------------------------------------------------
[2023-04-13T20:22:36.991+0000] {taskinstance.py:1309} INFO - Executing <Task(SqliteOperator): inject_data_Zhmerynka> on 2023-04-13 20:22:22.476610+00:00
[2023-04-13T20:22:37.023+0000] {standard_task_runner.py:55} INFO - Started process 6783 to run task
[2023-04-13T20:22:37.048+0000] {standard_task_runner.py:82} INFO - Running: ['***', 'tasks', 'run', 'weather_dag', 'inject_data_Zhmerynka', 'manual__2023-04-13T20:22:22.476610+00:00', '--job-id', '295', '--raw', '--subdir', 'DAGS_FOLDER/weather_dag.py', '--cfg-path', '/tmp/tmp_nmcjwyb']
[2023-04-13T20:22:37.051+0000] {standard_task_runner.py:83} INFO - Job 295: Subtask inject_data_Zhmerynka
[2023-04-13T20:22:37.386+0000] {task_command.py:389} INFO - Running <TaskInstance: weather_dag.inject_data_Zhmerynka manual__2023-04-13T20:22:22.476610+00:00 [running]> on host ffea11fb791c
[2023-04-13T20:22:38.085+0000] {taskinstance.py:1518} INFO - Exporting the following env vars:
AIRFLOW_CTX_DAG_OWNER=***
AIRFLOW_CTX_DAG_ID=weather_dag
AIRFLOW_CTX_TASK_ID=inject_data_Zhmerynka
AIRFLOW_CTX_EXECUTION_DATE=2023-04-13T20:22:22.476610+00:00
AIRFLOW_CTX_TRY_NUMBER=1
AIRFLOW_CTX_DAG_RUN_ID=manual__2023-04-13T20:22:22.476610+00:00
[2023-04-13T20:22:38.092+0000] {sql.py:254} INFO - Executing: 
                INSERT INTO measures_ext (timestamp, temp, humidity, cloudiness, wind_speed) VALUES
                    (1681417148,
                    281.24,
                    89,
                    "overcast clouds",
                    1.61);
            
[2023-04-13T20:22:38.115+0000] {base.py:73} INFO - Using connection ID 'measure_db' for task execution.
[2023-04-13T20:22:39.176+0000] {base.py:73} INFO - Using connection ID 'measure_db' for task execution.
[2023-04-13T20:22:39.186+0000] {sql.py:375} INFO - Running statement: 
                INSERT INTO measures_ext (timestamp, temp, humidity, cloudiness, wind_speed) VALUES
                    (1681417148,
                    281.24,
                    89,
                    "overcast clouds",
                    1.61);
            , parameters: None
[2023-04-13T20:22:39.213+0000] {sql.py:384} INFO - Rows affected: 1
[2023-04-13T20:22:39.275+0000] {taskinstance.py:1332} INFO - Marking task as SUCCESS. dag_id=weather_dag, task_id=inject_data_Zhmerynka, execution_date=20230413T202222, start_date=20230413T202236, end_date=20230413T202239
[2023-04-13T20:22:39.371+0000] {local_task_job.py:212} INFO - Task exited with return code 0
[2023-04-13T20:22:39.441+0000] {taskinstance.py:2596} INFO - 0 downstream tasks scheduled from follow-on schedule check
