[2023-04-13T14:39:32.198+0000] {taskinstance.py:1090} INFO - Dependencies all met for dep_context=non-requeueable deps ti=<TaskInstance: weather_dag.retrieve_weather_data scheduled__2023-04-13T13:00:00+00:00 [queued]>
[2023-04-13T14:39:32.213+0000] {taskinstance.py:1090} INFO - Dependencies all met for dep_context=requeueable deps ti=<TaskInstance: weather_dag.retrieve_weather_data scheduled__2023-04-13T13:00:00+00:00 [queued]>
[2023-04-13T14:39:32.215+0000] {taskinstance.py:1288} INFO - 
--------------------------------------------------------------------------------
[2023-04-13T14:39:32.216+0000] {taskinstance.py:1289} INFO - Starting attempt 1 of 1
[2023-04-13T14:39:32.217+0000] {taskinstance.py:1290} INFO - 
--------------------------------------------------------------------------------
[2023-04-13T14:39:32.242+0000] {taskinstance.py:1309} INFO - Executing <Task(SimpleHttpOperator): retrieve_weather_data> on 2023-04-13 13:00:00+00:00
[2023-04-13T14:39:32.255+0000] {standard_task_runner.py:55} INFO - Started process 3301 to run task
[2023-04-13T14:39:32.262+0000] {standard_task_runner.py:82} INFO - Running: ['***', 'tasks', 'run', 'weather_dag', 'retrieve_weather_data', 'scheduled__2023-04-13T13:00:00+00:00', '--job-id', '179', '--raw', '--subdir', 'DAGS_FOLDER/weather_dag.py', '--cfg-path', '/tmp/tmpoqmzl68q']
[2023-04-13T14:39:32.265+0000] {standard_task_runner.py:83} INFO - Job 179: Subtask retrieve_weather_data
[2023-04-13T14:39:32.404+0000] {task_command.py:389} INFO - Running <TaskInstance: weather_dag.retrieve_weather_data scheduled__2023-04-13T13:00:00+00:00 [running]> on host ffea11fb791c
[2023-04-13T14:39:32.515+0000] {taskinstance.py:1518} INFO - Exporting the following env vars:
AIRFLOW_CTX_DAG_OWNER=***
AIRFLOW_CTX_DAG_ID=weather_dag
AIRFLOW_CTX_TASK_ID=retrieve_weather_data
AIRFLOW_CTX_EXECUTION_DATE=2023-04-13T13:00:00+00:00
AIRFLOW_CTX_TRY_NUMBER=1
AIRFLOW_CTX_DAG_RUN_ID=scheduled__2023-04-13T13:00:00+00:00
[2023-04-13T14:39:32.520+0000] {http.py:123} INFO - Calling HTTP method
[2023-04-13T14:39:32.546+0000] {base.py:73} INFO - Using connection ID 'weather_http_api' for task execution.
[2023-04-13T14:39:32.824+0000] {http.py:127} INFO - {"coord":{"lon":24.0232,"lat":49.8383},"weather":[{"id":802,"main":"Clouds","description":"scattered clouds","icon":"03d"}],"base":"stations","main":{"temp":287.19,"feels_like":285.93,"temp_min":287.19,"temp_max":287.19,"pressure":1006,"humidity":49,"sea_level":1006,"grnd_level":972},"visibility":10000,"wind":{"speed":1.15,"deg":321,"gust":1.81},"clouds":{"all":50},"dt":1681396602,"sys":{"country":"UA","sunrise":1681356971,"sunset":1681405948},"timezone":10800,"id":702550,"name":"Lviv","cod":200}
[2023-04-13T14:39:32.860+0000] {taskinstance.py:1332} INFO - Marking task as SUCCESS. dag_id=weather_dag, task_id=retrieve_weather_data, execution_date=20230413T130000, start_date=20230413T143932, end_date=20230413T143932
[2023-04-13T14:39:32.895+0000] {local_task_job.py:212} INFO - Task exited with return code 0
[2023-04-13T14:39:33.902+0000] {taskinstance.py:2596} INFO - 0 downstream tasks scheduled from follow-on schedule check
