[2023-04-13T22:39:25.028+0000] {taskinstance.py:1090} INFO - Dependencies all met for dep_context=non-requeueable deps ti=<TaskInstance: weather_dag.retrieve_weather_data_Zhmerynka scheduled__2023-04-13T21:00:00+00:00 [queued]>
[2023-04-13T22:39:25.074+0000] {taskinstance.py:1090} INFO - Dependencies all met for dep_context=requeueable deps ti=<TaskInstance: weather_dag.retrieve_weather_data_Zhmerynka scheduled__2023-04-13T21:00:00+00:00 [queued]>
[2023-04-13T22:39:25.077+0000] {taskinstance.py:1288} INFO - 
--------------------------------------------------------------------------------
[2023-04-13T22:39:25.083+0000] {taskinstance.py:1289} INFO - Starting attempt 1 of 1
[2023-04-13T22:39:25.100+0000] {taskinstance.py:1290} INFO - 
--------------------------------------------------------------------------------
[2023-04-13T22:39:25.186+0000] {taskinstance.py:1309} INFO - Executing <Task(SimpleHttpOperator): retrieve_weather_data_Zhmerynka> on 2023-04-13 21:00:00+00:00
[2023-04-13T22:39:25.214+0000] {standard_task_runner.py:55} INFO - Started process 7363 to run task
[2023-04-13T22:39:25.251+0000] {standard_task_runner.py:82} INFO - Running: ['***', 'tasks', 'run', 'weather_dag', 'retrieve_weather_data_Zhmerynka', 'scheduled__2023-04-13T21:00:00+00:00', '--job-id', '382', '--raw', '--subdir', 'DAGS_FOLDER/weather_dag.py', '--cfg-path', '/tmp/tmp5zcze5vk']
[2023-04-13T22:39:25.255+0000] {standard_task_runner.py:83} INFO - Job 382: Subtask retrieve_weather_data_Zhmerynka
[2023-04-13T22:39:25.469+0000] {task_command.py:389} INFO - Running <TaskInstance: weather_dag.retrieve_weather_data_Zhmerynka scheduled__2023-04-13T21:00:00+00:00 [running]> on host ffea11fb791c
[2023-04-13T22:39:25.697+0000] {taskinstance.py:1518} INFO - Exporting the following env vars:
AIRFLOW_CTX_DAG_OWNER=***
AIRFLOW_CTX_DAG_ID=weather_dag
AIRFLOW_CTX_TASK_ID=retrieve_weather_data_Zhmerynka
AIRFLOW_CTX_EXECUTION_DATE=2023-04-13T21:00:00+00:00
AIRFLOW_CTX_TRY_NUMBER=1
AIRFLOW_CTX_DAG_RUN_ID=scheduled__2023-04-13T21:00:00+00:00
[2023-04-13T22:39:25.701+0000] {http.py:123} INFO - Calling HTTP method
[2023-04-13T22:39:25.726+0000] {base.py:73} INFO - Using connection ID 'weather_http_api' for task execution.
[2023-04-13T22:39:26.989+0000] {http.py:127} INFO - {"coord":{"lon":28.112,"lat":49.037},"weather":[{"id":804,"main":"Clouds","description":"overcast clouds","icon":"04n"}],"base":"stations","main":{"temp":281.02,"feels_like":280.03,"temp_min":281.02,"temp_max":281.02,"pressure":1009,"humidity":90,"sea_level":1009,"grnd_level":971},"visibility":10000,"wind":{"speed":1.82,"deg":340,"gust":2.32},"clouds":{"all":100},"dt":1681426488,"sys":{"country":"UA","sunrise":1681442349,"sunset":1681491378},"timezone":10800,"id":687116,"name":"Zhmerynka","cod":200}
[2023-04-13T22:39:27.032+0000] {taskinstance.py:1332} INFO - Marking task as SUCCESS. dag_id=weather_dag, task_id=retrieve_weather_data_Zhmerynka, execution_date=20230413T210000, start_date=20230413T223925, end_date=20230413T223927
[2023-04-13T22:39:29.326+0000] {local_task_job.py:212} INFO - Task exited with return code 0
[2023-04-13T22:39:29.550+0000] {taskinstance.py:2596} INFO - 1 downstream tasks scheduled from follow-on schedule check
