[2023-04-14T02:13:47.719+0000] {taskinstance.py:1090} INFO - Dependencies all met for dep_context=non-requeueable deps ti=<TaskInstance: weather_dag.retrieve_weather_data_Lviv scheduled__2023-04-14T01:00:00+00:00 [queued]>
[2023-04-14T02:13:47.757+0000] {taskinstance.py:1090} INFO - Dependencies all met for dep_context=requeueable deps ti=<TaskInstance: weather_dag.retrieve_weather_data_Lviv scheduled__2023-04-14T01:00:00+00:00 [queued]>
[2023-04-14T02:13:47.760+0000] {taskinstance.py:1288} INFO - 
--------------------------------------------------------------------------------
[2023-04-14T02:13:47.763+0000] {taskinstance.py:1289} INFO - Starting attempt 1 of 1
[2023-04-14T02:13:47.766+0000] {taskinstance.py:1290} INFO - 
--------------------------------------------------------------------------------
[2023-04-14T02:13:47.805+0000] {taskinstance.py:1309} INFO - Executing <Task(SimpleHttpOperator): retrieve_weather_data_Lviv> on 2023-04-14 01:00:00+00:00
[2023-04-14T02:13:47.814+0000] {standard_task_runner.py:55} INFO - Started process 7498 to run task
[2023-04-14T02:13:47.822+0000] {standard_task_runner.py:82} INFO - Running: ['***', 'tasks', 'run', 'weather_dag', 'retrieve_weather_data_Lviv', 'scheduled__2023-04-14T01:00:00+00:00', '--job-id', '428', '--raw', '--subdir', 'DAGS_FOLDER/weather_dag.py', '--cfg-path', '/tmp/tmp2mdo3bo0']
[2023-04-14T02:13:47.833+0000] {standard_task_runner.py:83} INFO - Job 428: Subtask retrieve_weather_data_Lviv
[2023-04-14T02:13:48.153+0000] {task_command.py:389} INFO - Running <TaskInstance: weather_dag.retrieve_weather_data_Lviv scheduled__2023-04-14T01:00:00+00:00 [running]> on host ffea11fb791c
[2023-04-14T02:13:48.711+0000] {taskinstance.py:1518} INFO - Exporting the following env vars:
AIRFLOW_CTX_DAG_OWNER=***
AIRFLOW_CTX_DAG_ID=weather_dag
AIRFLOW_CTX_TASK_ID=retrieve_weather_data_Lviv
AIRFLOW_CTX_EXECUTION_DATE=2023-04-14T01:00:00+00:00
AIRFLOW_CTX_TRY_NUMBER=1
AIRFLOW_CTX_DAG_RUN_ID=scheduled__2023-04-14T01:00:00+00:00
[2023-04-14T02:13:48.715+0000] {http.py:123} INFO - Calling HTTP method
[2023-04-14T02:13:48.748+0000] {base.py:73} INFO - Using connection ID 'weather_http_api' for task execution.
[2023-04-14T02:13:49.805+0000] {http.py:127} INFO - {"coord":{"lon":24.0232,"lat":49.8383},"weather":[{"id":803,"main":"Clouds","description":"broken clouds","icon":"04n"}],"base":"stations","main":{"temp":280.83,"feels_like":279.52,"temp_min":280.83,"temp_max":280.83,"pressure":1008,"humidity":79,"sea_level":1008,"grnd_level":974},"visibility":10000,"wind":{"speed":2.13,"deg":115,"gust":2.44},"clouds":{"all":63},"dt":1681439415,"sys":{"country":"UA","sunrise":1681443247,"sunset":1681492442},"timezone":10800,"id":702550,"name":"Lviv","cod":200}
[2023-04-14T02:13:49.870+0000] {taskinstance.py:1332} INFO - Marking task as SUCCESS. dag_id=weather_dag, task_id=retrieve_weather_data_Lviv, execution_date=20230414T010000, start_date=20230414T021347, end_date=20230414T021349
[2023-04-14T02:13:49.940+0000] {local_task_job.py:212} INFO - Task exited with return code 0
[2023-04-14T02:13:55.103+0000] {taskinstance.py:2596} INFO - 0 downstream tasks scheduled from follow-on schedule check
