[2023-04-13T05:50:57.302+0000] {taskinstance.py:1090} INFO - Dependencies all met for dep_context=non-requeueable deps ti=<TaskInstance: fst_dag.sleep scheduled__2023-04-12T00:00:00+00:00 [queued]>
[2023-04-13T05:50:57.349+0000] {taskinstance.py:1090} INFO - Dependencies all met for dep_context=requeueable deps ti=<TaskInstance: fst_dag.sleep scheduled__2023-04-12T00:00:00+00:00 [queued]>
[2023-04-13T05:50:57.355+0000] {taskinstance.py:1288} INFO - 
--------------------------------------------------------------------------------
[2023-04-13T05:50:57.357+0000] {taskinstance.py:1289} INFO - Starting attempt 1 of 1
[2023-04-13T05:50:57.371+0000] {taskinstance.py:1290} INFO - 
--------------------------------------------------------------------------------
[2023-04-13T05:50:57.427+0000] {taskinstance.py:1309} INFO - Executing <Task(BashOperator): sleep> on 2023-04-12 00:00:00+00:00
[2023-04-13T05:50:57.440+0000] {standard_task_runner.py:55} INFO - Started process 55 to run task
[2023-04-13T05:50:57.449+0000] {standard_task_runner.py:82} INFO - Running: ['***', 'tasks', 'run', 'fst_dag', 'sleep', 'scheduled__2023-04-12T00:00:00+00:00', '--job-id', '23', '--raw', '--subdir', 'DAGS_FOLDER/dummy.py', '--cfg-path', '/tmp/tmpyrjd3w81']
[2023-04-13T05:50:57.452+0000] {standard_task_runner.py:83} INFO - Job 23: Subtask sleep
[2023-04-13T05:50:57.756+0000] {task_command.py:389} INFO - Running <TaskInstance: fst_dag.sleep scheduled__2023-04-12T00:00:00+00:00 [running]> on host 0607b07c4f39
[2023-04-13T05:50:58.229+0000] {taskinstance.py:1518} INFO - Exporting the following env vars:
AIRFLOW_CTX_DAG_OWNER=***
AIRFLOW_CTX_DAG_ID=fst_dag
AIRFLOW_CTX_TASK_ID=sleep
AIRFLOW_CTX_EXECUTION_DATE=2023-04-12T00:00:00+00:00
AIRFLOW_CTX_TRY_NUMBER=1
AIRFLOW_CTX_DAG_RUN_ID=scheduled__2023-04-12T00:00:00+00:00
[2023-04-13T05:50:58.246+0000] {subprocess.py:63} INFO - Tmp dir root location: 
 /tmp
[2023-04-13T05:50:58.280+0000] {subprocess.py:75} INFO - Running command: ['/bin/bash', '-c', 'sleep 5']
[2023-04-13T05:50:58.371+0000] {subprocess.py:86} INFO - Output:
[2023-04-13T05:51:03.399+0000] {subprocess.py:97} INFO - Command exited with return code 0
[2023-04-13T05:51:03.440+0000] {taskinstance.py:1332} INFO - Marking task as SUCCESS. dag_id=fst_dag, task_id=sleep, execution_date=20230412T000000, start_date=20230413T055057, end_date=20230413T055103
[2023-04-13T05:51:03.479+0000] {local_task_job.py:212} INFO - Task exited with return code 0
[2023-04-13T05:51:03.508+0000] {taskinstance.py:2596} INFO - 0 downstream tasks scheduled from follow-on schedule check
