[2023-04-14T20:17:21.770+0000] {taskinstance.py:1090} INFO - Dependencies all met for dep_context=non-requeueable deps ti=<TaskInstance: weather_dag.choose_endpoint_Zhmerynka scheduled__2023-04-14T19:00:00+00:00 [queued]>
[2023-04-14T20:17:21.817+0000] {taskinstance.py:1090} INFO - Dependencies all met for dep_context=requeueable deps ti=<TaskInstance: weather_dag.choose_endpoint_Zhmerynka scheduled__2023-04-14T19:00:00+00:00 [queued]>
[2023-04-14T20:17:21.819+0000] {taskinstance.py:1288} INFO - 
--------------------------------------------------------------------------------
[2023-04-14T20:17:21.826+0000] {taskinstance.py:1289} INFO - Starting attempt 1 of 1
[2023-04-14T20:17:21.827+0000] {taskinstance.py:1290} INFO - 
--------------------------------------------------------------------------------
[2023-04-14T20:17:21.866+0000] {taskinstance.py:1309} INFO - Executing <Task(BranchPythonOperator): choose_endpoint_Zhmerynka> on 2023-04-14 19:00:00+00:00
[2023-04-14T20:17:21.880+0000] {standard_task_runner.py:55} INFO - Started process 15525 to run task
[2023-04-14T20:17:21.890+0000] {standard_task_runner.py:82} INFO - Running: ['***', 'tasks', 'run', 'weather_dag', 'choose_endpoint_Zhmerynka', 'scheduled__2023-04-14T19:00:00+00:00', '--job-id', '596', '--raw', '--subdir', 'DAGS_FOLDER/weather_dag.py', '--cfg-path', '/tmp/tmpgk7356i0']
[2023-04-14T20:17:21.893+0000] {standard_task_runner.py:83} INFO - Job 596: Subtask choose_endpoint_Zhmerynka
[2023-04-14T20:17:22.089+0000] {task_command.py:389} INFO - Running <TaskInstance: weather_dag.choose_endpoint_Zhmerynka scheduled__2023-04-14T19:00:00+00:00 [running]> on host ffea11fb791c
[2023-04-14T20:17:22.253+0000] {taskinstance.py:1518} INFO - Exporting the following env vars:
AIRFLOW_CTX_DAG_OWNER=***
AIRFLOW_CTX_DAG_ID=weather_dag
AIRFLOW_CTX_TASK_ID=choose_endpoint_Zhmerynka
AIRFLOW_CTX_EXECUTION_DATE=2023-04-14T19:00:00+00:00
AIRFLOW_CTX_TRY_NUMBER=1
AIRFLOW_CTX_DAG_RUN_ID=scheduled__2023-04-14T19:00:00+00:00
[2023-04-14T20:17:22.256+0000] {warnings.py:110} WARNING - /home/***/.local/lib/python3.7/site-packages/***/utils/context.py:313: AirflowContextDeprecationWarning: Accessing 'execution_date' from the template is deprecated and will be removed in a future version. Please use 'data_interval_start' or 'logical_date' instead.
  warnings.warn(_create_deprecation_warning(k, replacements))

[2023-04-14T20:17:22.258+0000] {python.py:177} INFO - Done. Returned value was: retrieve_historical_weather_data_Zhmerynka
[2023-04-14T20:17:22.259+0000] {python.py:211} INFO - Branch callable return retrieve_historical_weather_data_Zhmerynka
[2023-04-14T20:17:22.261+0000] {skipmixin.py:155} INFO - Following branch retrieve_historical_weather_data_Zhmerynka
[2023-04-14T20:17:22.262+0000] {skipmixin.py:211} INFO - Skipping tasks ['retrieve_weather_data_Zhmerynka']
[2023-04-14T20:17:22.370+0000] {taskinstance.py:1332} INFO - Marking task as SUCCESS. dag_id=weather_dag, task_id=choose_endpoint_Zhmerynka, execution_date=20230414T190000, start_date=20230414T201721, end_date=20230414T201722
[2023-04-14T20:17:22.423+0000] {local_task_job.py:212} INFO - Task exited with return code 0
[2023-04-14T20:17:22.509+0000] {taskinstance.py:2596} INFO - 1 downstream tasks scheduled from follow-on schedule check
