[2023-04-14T02:13:48.085+0000] {taskinstance.py:1090} INFO - Dependencies all met for dep_context=non-requeueable deps ti=<TaskInstance: weather_dag.retrieve_weather_data_Zhmerynka scheduled__2023-04-14T01:00:00+00:00 [queued]>
[2023-04-14T02:13:48.107+0000] {taskinstance.py:1090} INFO - Dependencies all met for dep_context=requeueable deps ti=<TaskInstance: weather_dag.retrieve_weather_data_Zhmerynka scheduled__2023-04-14T01:00:00+00:00 [queued]>
[2023-04-14T02:13:48.113+0000] {taskinstance.py:1288} INFO - 
--------------------------------------------------------------------------------
[2023-04-14T02:13:48.116+0000] {taskinstance.py:1289} INFO - Starting attempt 1 of 1
[2023-04-14T02:13:48.120+0000] {taskinstance.py:1290} INFO - 
--------------------------------------------------------------------------------
[2023-04-14T02:13:48.194+0000] {taskinstance.py:1309} INFO - Executing <Task(SimpleHttpOperator): retrieve_weather_data_Zhmerynka> on 2023-04-14 01:00:00+00:00
[2023-04-14T02:13:48.414+0000] {standard_task_runner.py:55} INFO - Started process 7500 to run task
[2023-04-14T02:13:48.422+0000] {standard_task_runner.py:82} INFO - Running: ['***', 'tasks', 'run', 'weather_dag', 'retrieve_weather_data_Zhmerynka', 'scheduled__2023-04-14T01:00:00+00:00', '--job-id', '430', '--raw', '--subdir', 'DAGS_FOLDER/weather_dag.py', '--cfg-path', '/tmp/tmpzc7v0nvv']
[2023-04-14T02:13:48.424+0000] {standard_task_runner.py:83} INFO - Job 430: Subtask retrieve_weather_data_Zhmerynka
[2023-04-14T02:13:48.756+0000] {task_command.py:389} INFO - Running <TaskInstance: weather_dag.retrieve_weather_data_Zhmerynka scheduled__2023-04-14T01:00:00+00:00 [running]> on host ffea11fb791c
[2023-04-14T02:13:49.039+0000] {taskinstance.py:1518} INFO - Exporting the following env vars:
AIRFLOW_CTX_DAG_OWNER=***
AIRFLOW_CTX_DAG_ID=weather_dag
AIRFLOW_CTX_TASK_ID=retrieve_weather_data_Zhmerynka
AIRFLOW_CTX_EXECUTION_DATE=2023-04-14T01:00:00+00:00
AIRFLOW_CTX_TRY_NUMBER=1
AIRFLOW_CTX_DAG_RUN_ID=scheduled__2023-04-14T01:00:00+00:00
[2023-04-14T02:13:49.047+0000] {http.py:123} INFO - Calling HTTP method
[2023-04-14T02:13:49.067+0000] {base.py:73} INFO - Using connection ID 'weather_http_api' for task execution.
[2023-04-14T02:13:53.943+0000] {http.py:127} INFO - {"coord":{"lon":28.112,"lat":49.037},"weather":[{"id":804,"main":"Clouds","description":"overcast clouds","icon":"04n"}],"base":"stations","main":{"temp":280.73,"feels_like":279.49,"temp_min":280.73,"temp_max":280.73,"pressure":1009,"humidity":93,"sea_level":1009,"grnd_level":972},"visibility":10000,"wind":{"speed":2.04,"deg":31,"gust":2.7},"clouds":{"all":100},"dt":1681439416,"sys":{"country":"UA","sunrise":1681442349,"sunset":1681491378},"timezone":10800,"id":687116,"name":"Zhmerynka","cod":200}
[2023-04-14T02:13:54.013+0000] {taskinstance.py:1332} INFO - Marking task as SUCCESS. dag_id=weather_dag, task_id=retrieve_weather_data_Zhmerynka, execution_date=20230414T010000, start_date=20230414T021348, end_date=20230414T021354
[2023-04-14T02:13:55.305+0000] {local_task_job.py:212} INFO - Task exited with return code 0
[2023-04-14T02:13:55.398+0000] {taskinstance.py:2596} INFO - 1 downstream tasks scheduled from follow-on schedule check
