[2023-04-14T06:23:26.079+0000] {taskinstance.py:1090} INFO - Dependencies all met for dep_context=non-requeueable deps ti=<TaskInstance: weather_dag.retrieve_weather_data_Odesa scheduled__2023-04-14T05:00:00+00:00 [queued]>
[2023-04-14T06:23:26.211+0000] {taskinstance.py:1090} INFO - Dependencies all met for dep_context=requeueable deps ti=<TaskInstance: weather_dag.retrieve_weather_data_Odesa scheduled__2023-04-14T05:00:00+00:00 [queued]>
[2023-04-14T06:23:26.223+0000] {taskinstance.py:1288} INFO - 
--------------------------------------------------------------------------------
[2023-04-14T06:23:26.230+0000] {taskinstance.py:1289} INFO - Starting attempt 1 of 1
[2023-04-14T06:23:26.237+0000] {taskinstance.py:1290} INFO - 
--------------------------------------------------------------------------------
[2023-04-14T06:23:26.353+0000] {taskinstance.py:1309} INFO - Executing <Task(SimpleHttpOperator): retrieve_weather_data_Odesa> on 2023-04-14 05:00:00+00:00
[2023-04-14T06:23:26.371+0000] {standard_task_runner.py:55} INFO - Started process 7630 to run task
[2023-04-14T06:23:26.384+0000] {standard_task_runner.py:82} INFO - Running: ['***', 'tasks', 'run', 'weather_dag', 'retrieve_weather_data_Odesa', 'scheduled__2023-04-14T05:00:00+00:00', '--job-id', '474', '--raw', '--subdir', 'DAGS_FOLDER/weather_dag.py', '--cfg-path', '/tmp/tmp5jbzakol']
[2023-04-14T06:23:26.389+0000] {standard_task_runner.py:83} INFO - Job 474: Subtask retrieve_weather_data_Odesa
[2023-04-14T06:23:26.750+0000] {task_command.py:389} INFO - Running <TaskInstance: weather_dag.retrieve_weather_data_Odesa scheduled__2023-04-14T05:00:00+00:00 [running]> on host ffea11fb791c
[2023-04-14T06:23:27.191+0000] {taskinstance.py:1518} INFO - Exporting the following env vars:
AIRFLOW_CTX_DAG_OWNER=***
AIRFLOW_CTX_DAG_ID=weather_dag
AIRFLOW_CTX_TASK_ID=retrieve_weather_data_Odesa
AIRFLOW_CTX_EXECUTION_DATE=2023-04-14T05:00:00+00:00
AIRFLOW_CTX_TRY_NUMBER=1
AIRFLOW_CTX_DAG_RUN_ID=scheduled__2023-04-14T05:00:00+00:00
[2023-04-14T06:23:27.200+0000] {http.py:123} INFO - Calling HTTP method
[2023-04-14T06:23:27.222+0000] {base.py:73} INFO - Using connection ID 'weather_http_api' for task execution.
[2023-04-14T06:23:29.513+0000] {http.py:127} INFO - {"coord":{"lon":30.7326,"lat":46.4775},"weather":[{"id":804,"main":"Clouds","description":"overcast clouds","icon":"04d"}],"base":"stations","main":{"temp":284.12,"feels_like":283.23,"temp_min":284.12,"temp_max":284.12,"pressure":1010,"humidity":75,"sea_level":1010,"grnd_level":1004},"visibility":10000,"wind":{"speed":2.13,"deg":308,"gust":2.83},"clouds":{"all":93},"dt":1681453331,"sys":{"country":"UA","sunrise":1681441962,"sunset":1681490507},"timezone":10800,"id":698740,"name":"Odesa","cod":200}
[2023-04-14T06:23:30.600+0000] {taskinstance.py:1332} INFO - Marking task as SUCCESS. dag_id=weather_dag, task_id=retrieve_weather_data_Odesa, execution_date=20230414T050000, start_date=20230414T062326, end_date=20230414T062330
[2023-04-14T06:23:32.680+0000] {local_task_job.py:212} INFO - Task exited with return code 0
[2023-04-14T06:23:33.289+0000] {taskinstance.py:2596} INFO - 1 downstream tasks scheduled from follow-on schedule check
