[2023-04-13T13:41:55.552+0000] {taskinstance.py:1090} INFO - Dependencies all met for dep_context=non-requeueable deps ti=<TaskInstance: weather_dag.transform_data manual__2023-04-13T13:41:50.254177+00:00 [queued]>
[2023-04-13T13:41:55.564+0000] {taskinstance.py:1090} INFO - Dependencies all met for dep_context=requeueable deps ti=<TaskInstance: weather_dag.transform_data manual__2023-04-13T13:41:50.254177+00:00 [queued]>
[2023-04-13T13:41:55.566+0000] {taskinstance.py:1288} INFO - 
--------------------------------------------------------------------------------
[2023-04-13T13:41:55.568+0000] {taskinstance.py:1289} INFO - Starting attempt 1 of 1
[2023-04-13T13:41:55.570+0000] {taskinstance.py:1290} INFO - 
--------------------------------------------------------------------------------
[2023-04-13T13:41:55.585+0000] {taskinstance.py:1309} INFO - Executing <Task(PythonOperator): transform_data> on 2023-04-13 13:41:50.254177+00:00
[2023-04-13T13:41:55.593+0000] {standard_task_runner.py:55} INFO - Started process 2005 to run task
[2023-04-13T13:41:55.597+0000] {standard_task_runner.py:82} INFO - Running: ['***', 'tasks', 'run', 'weather_dag', 'transform_data', 'manual__2023-04-13T13:41:50.254177+00:00', '--job-id', '172', '--raw', '--subdir', 'DAGS_FOLDER/weather_dag.py', '--cfg-path', '/tmp/tmpzuwxq4sp']
[2023-04-13T13:41:55.599+0000] {standard_task_runner.py:83} INFO - Job 172: Subtask transform_data
[2023-04-13T13:41:55.703+0000] {task_command.py:389} INFO - Running <TaskInstance: weather_dag.transform_data manual__2023-04-13T13:41:50.254177+00:00 [running]> on host ffea11fb791c
[2023-04-13T13:41:55.796+0000] {taskinstance.py:1518} INFO - Exporting the following env vars:
AIRFLOW_CTX_DAG_OWNER=***
AIRFLOW_CTX_DAG_ID=weather_dag
AIRFLOW_CTX_TASK_ID=transform_data
AIRFLOW_CTX_EXECUTION_DATE=2023-04-13T13:41:50.254177+00:00
AIRFLOW_CTX_TRY_NUMBER=1
AIRFLOW_CTX_DAG_RUN_ID=manual__2023-04-13T13:41:50.254177+00:00
[2023-04-13T13:41:55.800+0000] {logging_mixin.py:137} INFO - {'conf': <***.configuration.AirflowConfigParser object at 0xffffb3d9af10>, 'dag': <DAG: weather_dag>, 'dag_run': <DagRun weather_dag @ 2023-04-13 13:41:50.254177+00:00: manual__2023-04-13T13:41:50.254177+00:00, state:running, queued_at: 2023-04-13 13:41:50.271785+00:00. externally triggered: True>, 'data_interval_end': DateTime(2023, 4, 13, 13, 0, 0, tzinfo=Timezone('UTC')), 'data_interval_start': DateTime(2023, 4, 13, 12, 0, 0, tzinfo=Timezone('UTC')), 'ds': '2023-04-13', 'ds_nodash': '20230413', 'execution_date': <Proxy at 0xffffa1918e60 with factory functools.partial(<function lazy_mapping_from_context.<locals>._deprecated_proxy_factory at 0xffffa1995dd0>, 'execution_date', DateTime(2023, 4, 13, 13, 41, 50, 254177, tzinfo=Timezone('UTC')))>, 'expanded_ti_count': None, 'inlets': [], 'logical_date': DateTime(2023, 4, 13, 13, 41, 50, 254177, tzinfo=Timezone('UTC')), 'macros': <module '***.macros' from '/home/***/.local/lib/python3.7/site-packages/***/macros/__init__.py'>, 'next_ds': <Proxy at 0xffffa19181e0 with factory functools.partial(<function lazy_mapping_from_context.<locals>._deprecated_proxy_factory at 0xffffa1995dd0>, 'next_ds', '2023-04-13')>, 'next_ds_nodash': <Proxy at 0xffffa1918140 with factory functools.partial(<function lazy_mapping_from_context.<locals>._deprecated_proxy_factory at 0xffffa1995dd0>, 'next_ds_nodash', '20230413')>, 'next_execution_date': <Proxy at 0xffffa1918190 with factory functools.partial(<function lazy_mapping_from_context.<locals>._deprecated_proxy_factory at 0xffffa1995dd0>, 'next_execution_date', DateTime(2023, 4, 13, 13, 41, 50, 254177, tzinfo=Timezone('UTC')))>, 'outlets': [], 'params': {}, 'prev_data_interval_start_success': DateTime(2023, 4, 13, 12, 0, 0, tzinfo=Timezone('UTC')), 'prev_data_interval_end_success': DateTime(2023, 4, 13, 13, 0, 0, tzinfo=Timezone('UTC')), 'prev_ds': <Proxy at 0xffffa1a54f50 with factory functools.partial(<function lazy_mapping_from_context.<locals>._deprecated_proxy_factory at 0xffffa1995dd0>, 'prev_ds', '2023-04-13')>, 'prev_ds_nodash': <Proxy at 0xffffa1a51370 with factory functools.partial(<function lazy_mapping_from_context.<locals>._deprecated_proxy_factory at 0xffffa1995dd0>, 'prev_ds_nodash', '20230413')>, 'prev_execution_date': <Proxy at 0xffffa1a42eb0 with factory functools.partial(<function lazy_mapping_from_context.<locals>._deprecated_proxy_factory at 0xffffa1995dd0>, 'prev_execution_date', DateTime(2023, 4, 13, 13, 41, 50, 254177, tzinfo=Timezone('UTC')))>, 'prev_execution_date_success': <Proxy at 0xffffa1959dc0 with factory functools.partial(<function lazy_mapping_from_context.<locals>._deprecated_proxy_factory at 0xffffa1995dd0>, 'prev_execution_date_success', DateTime(2023, 4, 13, 13, 40, 9, 827115, tzinfo=Timezone('UTC')))>, 'prev_start_date_success': DateTime(2023, 4, 13, 13, 40, 10, 357033, tzinfo=Timezone('UTC')), 'run_id': 'manual__2023-04-13T13:41:50.254177+00:00', 'task': <Task(PythonOperator): transform_data>, 'task_instance': <TaskInstance: weather_dag.transform_data manual__2023-04-13T13:41:50.254177+00:00 [running]>, 'task_instance_key_str': 'weather_dag__transform_data__20230413', 'test_mode': False, 'ti': <TaskInstance: weather_dag.transform_data manual__2023-04-13T13:41:50.254177+00:00 [running]>, 'tomorrow_ds': <Proxy at 0xffffa1959eb0 with factory functools.partial(<function lazy_mapping_from_context.<locals>._deprecated_proxy_factory at 0xffffa1995dd0>, 'tomorrow_ds', '2023-04-14')>, 'tomorrow_ds_nodash': <Proxy at 0xffffa19858c0 with factory functools.partial(<function lazy_mapping_from_context.<locals>._deprecated_proxy_factory at 0xffffa1995dd0>, 'tomorrow_ds_nodash', '20230414')>, 'triggering_dataset_events': <Proxy at 0xffffa1a48500 with factory <function TaskInstance.get_template_context.<locals>.get_triggering_events at 0xffffa1a258c0>>, 'ts': '2023-04-13T13:41:50.254177+00:00', 'ts_nodash': '20230413T134150', 'ts_nodash_with_tz': '20230413T134150.254177+0000', 'var': {'json': None, 'value': None}, 'conn': None, 'yesterday_ds': <Proxy at 0xffffa19857d0 with factory functools.partial(<function lazy_mapping_from_context.<locals>._deprecated_proxy_factory at 0xffffa1995dd0>, 'yesterday_ds', '2023-04-12')>, 'yesterday_ds_nodash': <Proxy at 0xffffa1985500 with factory functools.partial(<function lazy_mapping_from_context.<locals>._deprecated_proxy_factory at 0xffffa1995dd0>, 'yesterday_ds_nodash', '20230412')>, 'templates_dict': None}
[2023-04-13T13:41:55.805+0000] {warnings.py:110} WARNING - /home/***/.local/lib/python3.7/site-packages/***/utils/context.py:313: AirflowContextDeprecationWarning: Accessing 'execution_date' from the template is deprecated and will be removed in a future version. Please use 'data_interval_start' or 'logical_date' instead.
  warnings.warn(_create_deprecation_warning(k, replacements))

[2023-04-13T13:41:55.808+0000] {logging_mixin.py:137} INFO - 2023-04-13T13:41:50.254177+00:00
[2023-04-13T13:41:55.809+0000] {logging_mixin.py:137} INFO - <class 'Proxy'>
[2023-04-13T13:41:55.830+0000] {python.py:177} INFO - Done. Returned value was: (1681392968, 287.66, 45, 'scattered clouds', 1.71)
[2023-04-13T13:41:55.858+0000] {taskinstance.py:1332} INFO - Marking task as SUCCESS. dag_id=weather_dag, task_id=transform_data, execution_date=20230413T134150, start_date=20230413T134155, end_date=20230413T134155
[2023-04-13T13:41:55.893+0000] {local_task_job.py:212} INFO - Task exited with return code 0
[2023-04-13T13:41:55.925+0000] {taskinstance.py:2596} INFO - 1 downstream tasks scheduled from follow-on schedule check
