[2023-04-13T06:13:36.707+0000] {taskinstance.py:1090} INFO - Dependencies all met for dep_context=non-requeueable deps ti=<TaskInstance: weather_dag.transform_data manual__2023-04-13T06:13:34.922433+00:00 [queued]>
[2023-04-13T06:13:36.750+0000] {taskinstance.py:1090} INFO - Dependencies all met for dep_context=requeueable deps ti=<TaskInstance: weather_dag.transform_data manual__2023-04-13T06:13:34.922433+00:00 [queued]>
[2023-04-13T06:13:36.753+0000] {taskinstance.py:1288} INFO - 
--------------------------------------------------------------------------------
[2023-04-13T06:13:36.755+0000] {taskinstance.py:1289} INFO - Starting attempt 1 of 1
[2023-04-13T06:13:36.757+0000] {taskinstance.py:1290} INFO - 
--------------------------------------------------------------------------------
[2023-04-13T06:13:36.812+0000] {taskinstance.py:1309} INFO - Executing <Task(PythonOperator): transform_data> on 2023-04-13 06:13:34.922433+00:00
[2023-04-13T06:13:36.849+0000] {standard_task_runner.py:55} INFO - Started process 581 to run task
[2023-04-13T06:13:36.862+0000] {standard_task_runner.py:82} INFO - Running: ['***', 'tasks', 'run', 'weather_dag', 'transform_data', 'manual__2023-04-13T06:13:34.922433+00:00', '--job-id', '31', '--raw', '--subdir', 'DAGS_FOLDER/weather_dag.py', '--cfg-path', '/tmp/tmpcby4ojdv']
[2023-04-13T06:13:36.866+0000] {standard_task_runner.py:83} INFO - Job 31: Subtask transform_data
[2023-04-13T06:13:37.075+0000] {task_command.py:389} INFO - Running <TaskInstance: weather_dag.transform_data manual__2023-04-13T06:13:34.922433+00:00 [running]> on host 0607b07c4f39
[2023-04-13T06:13:37.255+0000] {taskinstance.py:1518} INFO - Exporting the following env vars:
AIRFLOW_CTX_DAG_OWNER=***
AIRFLOW_CTX_DAG_ID=weather_dag
AIRFLOW_CTX_TASK_ID=transform_data
AIRFLOW_CTX_EXECUTION_DATE=2023-04-13T06:13:34.922433+00:00
AIRFLOW_CTX_TRY_NUMBER=1
AIRFLOW_CTX_DAG_RUN_ID=manual__2023-04-13T06:13:34.922433+00:00
[2023-04-13T06:13:37.261+0000] {logging_mixin.py:137} INFO - <TaskInstance: weather_dag.transform_data manual__2023-04-13T06:13:34.922433+00:00 [running]>
[2023-04-13T06:13:37.287+0000] {taskinstance.py:1776} ERROR - Task failed with exception
Traceback (most recent call last):
  File "/home/airflow/.local/lib/python3.7/site-packages/airflow/operators/python.py", line 175, in execute
    return_value = self.execute_callable()
  File "/home/airflow/.local/lib/python3.7/site-packages/airflow/operators/python.py", line 192, in execute_callable
    return self.python_callable(*self.op_args, **self.op_kwargs)
  File "/opt/airflow/dags/weather_dag.py", line 18, in transform_data
    timestamp = info["dt"]
TypeError: 'NoneType' object is not subscriptable
[2023-04-13T06:13:37.311+0000] {taskinstance.py:1332} INFO - Marking task as FAILED. dag_id=weather_dag, task_id=transform_data, execution_date=20230413T061334, start_date=20230413T061336, end_date=20230413T061337
[2023-04-13T06:13:37.334+0000] {standard_task_runner.py:105} ERROR - Failed to execute job 31 for task transform_data ('NoneType' object is not subscriptable; 581)
[2023-04-13T06:13:37.369+0000] {local_task_job.py:212} INFO - Task exited with return code 1
[2023-04-13T06:13:37.401+0000] {taskinstance.py:2596} INFO - 0 downstream tasks scheduled from follow-on schedule check
