[2023-04-14T06:23:37.651+0000] {taskinstance.py:1090} INFO - Dependencies all met for dep_context=non-requeueable deps ti=<TaskInstance: weather_dag.inject_data_Kharkiv scheduled__2023-04-14T05:00:00+00:00 [queued]>
[2023-04-14T06:23:37.740+0000] {taskinstance.py:1090} INFO - Dependencies all met for dep_context=requeueable deps ti=<TaskInstance: weather_dag.inject_data_Kharkiv scheduled__2023-04-14T05:00:00+00:00 [queued]>
[2023-04-14T06:23:37.743+0000] {taskinstance.py:1288} INFO - 
--------------------------------------------------------------------------------
[2023-04-14T06:23:37.746+0000] {taskinstance.py:1289} INFO - Starting attempt 1 of 1
[2023-04-14T06:23:37.748+0000] {taskinstance.py:1290} INFO - 
--------------------------------------------------------------------------------
[2023-04-14T06:23:37.841+0000] {taskinstance.py:1309} INFO - Executing <Task(SqliteOperator): inject_data_Kharkiv> on 2023-04-14 05:00:00+00:00
[2023-04-14T06:23:37.859+0000] {standard_task_runner.py:55} INFO - Started process 7660 to run task
[2023-04-14T06:23:37.902+0000] {standard_task_runner.py:82} INFO - Running: ['***', 'tasks', 'run', 'weather_dag', 'inject_data_Kharkiv', 'scheduled__2023-04-14T05:00:00+00:00', '--job-id', '486', '--raw', '--subdir', 'DAGS_FOLDER/weather_dag.py', '--cfg-path', '/tmp/tmp3yprvkhg']
[2023-04-14T06:23:37.921+0000] {standard_task_runner.py:83} INFO - Job 486: Subtask inject_data_Kharkiv
[2023-04-14T06:23:38.145+0000] {task_command.py:389} INFO - Running <TaskInstance: weather_dag.inject_data_Kharkiv scheduled__2023-04-14T05:00:00+00:00 [running]> on host ffea11fb791c
[2023-04-14T06:23:38.571+0000] {taskinstance.py:1518} INFO - Exporting the following env vars:
AIRFLOW_CTX_DAG_OWNER=***
AIRFLOW_CTX_DAG_ID=weather_dag
AIRFLOW_CTX_TASK_ID=inject_data_Kharkiv
AIRFLOW_CTX_EXECUTION_DATE=2023-04-14T05:00:00+00:00
AIRFLOW_CTX_TRY_NUMBER=1
AIRFLOW_CTX_DAG_RUN_ID=scheduled__2023-04-14T05:00:00+00:00
[2023-04-14T06:23:38.574+0000] {sql.py:254} INFO - Executing: 
                INSERT INTO measures_ext (city, timestamp, temp, humidity, cloudiness, wind_speed) VALUES
                    ("Kharkiv",
                    1681453108,
                    280.8,
                    87,
                    "light rain",
                    4.99);
            
[2023-04-14T06:23:38.598+0000] {base.py:73} INFO - Using connection ID 'measure_db' for task execution.
[2023-04-14T06:23:39.498+0000] {base.py:73} INFO - Using connection ID 'measure_db' for task execution.
[2023-04-14T06:23:39.512+0000] {sql.py:375} INFO - Running statement: 
                INSERT INTO measures_ext (city, timestamp, temp, humidity, cloudiness, wind_speed) VALUES
                    ("Kharkiv",
                    1681453108,
                    280.8,
                    87,
                    "light rain",
                    4.99);
            , parameters: None
[2023-04-14T06:23:39.556+0000] {sql.py:384} INFO - Rows affected: 1
[2023-04-14T06:23:39.631+0000] {taskinstance.py:1332} INFO - Marking task as SUCCESS. dag_id=weather_dag, task_id=inject_data_Kharkiv, execution_date=20230414T050000, start_date=20230414T062337, end_date=20230414T062339
[2023-04-14T06:23:39.773+0000] {local_task_job.py:212} INFO - Task exited with return code 0
[2023-04-14T06:23:39.832+0000] {taskinstance.py:2596} INFO - 0 downstream tasks scheduled from follow-on schedule check
