[2023-04-13T13:40:15.479+0000] {taskinstance.py:1090} INFO - Dependencies all met for dep_context=non-requeueable deps ti=<TaskInstance: weather_dag.transform_data manual__2023-04-13T13:40:09.827115+00:00 [queued]>
[2023-04-13T13:40:15.494+0000] {taskinstance.py:1090} INFO - Dependencies all met for dep_context=requeueable deps ti=<TaskInstance: weather_dag.transform_data manual__2023-04-13T13:40:09.827115+00:00 [queued]>
[2023-04-13T13:40:15.497+0000] {taskinstance.py:1288} INFO - 
--------------------------------------------------------------------------------
[2023-04-13T13:40:15.499+0000] {taskinstance.py:1289} INFO - Starting attempt 1 of 1
[2023-04-13T13:40:15.501+0000] {taskinstance.py:1290} INFO - 
--------------------------------------------------------------------------------
[2023-04-13T13:40:15.520+0000] {taskinstance.py:1309} INFO - Executing <Task(PythonOperator): transform_data> on 2023-04-13 13:40:09.827115+00:00
[2023-04-13T13:40:15.530+0000] {standard_task_runner.py:55} INFO - Started process 1952 to run task
[2023-04-13T13:40:15.538+0000] {standard_task_runner.py:82} INFO - Running: ['***', 'tasks', 'run', 'weather_dag', 'transform_data', 'manual__2023-04-13T13:40:09.827115+00:00', '--job-id', '168', '--raw', '--subdir', 'DAGS_FOLDER/weather_dag.py', '--cfg-path', '/tmp/tmpr6ag7huk']
[2023-04-13T13:40:15.541+0000] {standard_task_runner.py:83} INFO - Job 168: Subtask transform_data
[2023-04-13T13:40:15.650+0000] {task_command.py:389} INFO - Running <TaskInstance: weather_dag.transform_data manual__2023-04-13T13:40:09.827115+00:00 [running]> on host ffea11fb791c
[2023-04-13T13:40:15.756+0000] {taskinstance.py:1518} INFO - Exporting the following env vars:
AIRFLOW_CTX_DAG_OWNER=***
AIRFLOW_CTX_DAG_ID=weather_dag
AIRFLOW_CTX_TASK_ID=transform_data
AIRFLOW_CTX_EXECUTION_DATE=2023-04-13T13:40:09.827115+00:00
AIRFLOW_CTX_TRY_NUMBER=1
AIRFLOW_CTX_DAG_RUN_ID=manual__2023-04-13T13:40:09.827115+00:00
[2023-04-13T13:40:15.761+0000] {logging_mixin.py:137} INFO - {'conf': <***.configuration.AirflowConfigParser object at 0xffffb3d9af10>, 'dag': <DAG: weather_dag>, 'dag_run': <DagRun weather_dag @ 2023-04-13 13:40:09.827115+00:00: manual__2023-04-13T13:40:09.827115+00:00, state:running, queued_at: 2023-04-13 13:40:09.858290+00:00. externally triggered: True>, 'data_interval_end': DateTime(2023, 4, 13, 13, 0, 0, tzinfo=Timezone('UTC')), 'data_interval_start': DateTime(2023, 4, 13, 12, 0, 0, tzinfo=Timezone('UTC')), 'ds': '2023-04-13', 'ds_nodash': '20230413', 'execution_date': <Proxy at 0xffffa19173c0 with factory functools.partial(<function lazy_mapping_from_context.<locals>._deprecated_proxy_factory at 0xffffa1995e60>, 'execution_date', DateTime(2023, 4, 13, 13, 40, 9, 827115, tzinfo=Timezone('UTC')))>, 'expanded_ti_count': None, 'inlets': [], 'logical_date': DateTime(2023, 4, 13, 13, 40, 9, 827115, tzinfo=Timezone('UTC')), 'macros': <module '***.macros' from '/home/***/.local/lib/python3.7/site-packages/***/macros/__init__.py'>, 'next_ds': <Proxy at 0xffffa1917320 with factory functools.partial(<function lazy_mapping_from_context.<locals>._deprecated_proxy_factory at 0xffffa1995e60>, 'next_ds', '2023-04-13')>, 'next_ds_nodash': <Proxy at 0xffffa1917370 with factory functools.partial(<function lazy_mapping_from_context.<locals>._deprecated_proxy_factory at 0xffffa1995e60>, 'next_ds_nodash', '20230413')>, 'next_execution_date': <Proxy at 0xffffa1a53190 with factory functools.partial(<function lazy_mapping_from_context.<locals>._deprecated_proxy_factory at 0xffffa1995e60>, 'next_execution_date', DateTime(2023, 4, 13, 13, 40, 9, 827115, tzinfo=Timezone('UTC')))>, 'outlets': [], 'params': {}, 'prev_data_interval_start_success': DateTime(2023, 4, 13, 11, 0, 0, tzinfo=Timezone('UTC')), 'prev_data_interval_end_success': DateTime(2023, 4, 13, 12, 0, 0, tzinfo=Timezone('UTC')), 'prev_ds': <Proxy at 0xffffa1a53550 with factory functools.partial(<function lazy_mapping_from_context.<locals>._deprecated_proxy_factory at 0xffffa1995e60>, 'prev_ds', '2023-04-13')>, 'prev_ds_nodash': <Proxy at 0xffffa1a4b280 with factory functools.partial(<function lazy_mapping_from_context.<locals>._deprecated_proxy_factory at 0xffffa1995e60>, 'prev_ds_nodash', '20230413')>, 'prev_execution_date': <Proxy at 0xffffa195a050 with factory functools.partial(<function lazy_mapping_from_context.<locals>._deprecated_proxy_factory at 0xffffa1995e60>, 'prev_execution_date', DateTime(2023, 4, 13, 13, 40, 9, 827115, tzinfo=Timezone('UTC')))>, 'prev_execution_date_success': <Proxy at 0xffffa195a640 with factory functools.partial(<function lazy_mapping_from_context.<locals>._deprecated_proxy_factory at 0xffffa1995e60>, 'prev_execution_date_success', DateTime(2023, 4, 13, 12, 14, 9, 967399, tzinfo=Timezone('UTC')))>, 'prev_start_date_success': DateTime(2023, 4, 13, 12, 14, 11, 115266, tzinfo=Timezone('UTC')), 'run_id': 'manual__2023-04-13T13:40:09.827115+00:00', 'task': <Task(PythonOperator): transform_data>, 'task_instance': <TaskInstance: weather_dag.transform_data manual__2023-04-13T13:40:09.827115+00:00 [running]>, 'task_instance_key_str': 'weather_dag__transform_data__20230413', 'test_mode': False, 'ti': <TaskInstance: weather_dag.transform_data manual__2023-04-13T13:40:09.827115+00:00 [running]>, 'tomorrow_ds': <Proxy at 0xffffa195a320 with factory functools.partial(<function lazy_mapping_from_context.<locals>._deprecated_proxy_factory at 0xffffa1995e60>, 'tomorrow_ds', '2023-04-14')>, 'tomorrow_ds_nodash': <Proxy at 0xffffa1986aa0 with factory functools.partial(<function lazy_mapping_from_context.<locals>._deprecated_proxy_factory at 0xffffa1995e60>, 'tomorrow_ds_nodash', '20230414')>, 'triggering_dataset_events': <Proxy at 0xffffa1a450f0 with factory <function TaskInstance.get_template_context.<locals>.get_triggering_events at 0xffffa1a25950>>, 'ts': '2023-04-13T13:40:09.827115+00:00', 'ts_nodash': '20230413T134009', 'ts_nodash_with_tz': '20230413T134009.827115+0000', 'var': {'json': None, 'value': None}, 'conn': None, 'yesterday_ds': <Proxy at 0xffffa19869b0 with factory functools.partial(<function lazy_mapping_from_context.<locals>._deprecated_proxy_factory at 0xffffa1995e60>, 'yesterday_ds', '2023-04-12')>, 'yesterday_ds_nodash': <Proxy at 0xffffa19866e0 with factory functools.partial(<function lazy_mapping_from_context.<locals>._deprecated_proxy_factory at 0xffffa1995e60>, 'yesterday_ds_nodash', '20230412')>, 'templates_dict': None}
[2023-04-13T13:40:15.767+0000] {warnings.py:110} WARNING - /home/***/.local/lib/python3.7/site-packages/***/utils/context.py:313: AirflowContextDeprecationWarning: Accessing 'execution_date' from the template is deprecated and will be removed in a future version. Please use 'data_interval_start' or 'logical_date' instead.
  warnings.warn(_create_deprecation_warning(k, replacements))

[2023-04-13T13:40:15.769+0000] {logging_mixin.py:137} INFO - 2023-04-13T13:40:09.827115+00:00
[2023-04-13T13:40:15.795+0000] {python.py:177} INFO - Done. Returned value was: (1681392968, 287.66, 45, 'scattered clouds', 1.71)
[2023-04-13T13:40:15.838+0000] {taskinstance.py:1332} INFO - Marking task as SUCCESS. dag_id=weather_dag, task_id=transform_data, execution_date=20230413T134009, start_date=20230413T134015, end_date=20230413T134015
[2023-04-13T13:40:15.873+0000] {local_task_job.py:212} INFO - Task exited with return code 0
[2023-04-13T13:40:15.905+0000] {taskinstance.py:2596} INFO - 1 downstream tasks scheduled from follow-on schedule check
