[2023-04-13T20:40:58.211+0000] {taskinstance.py:1090} INFO - Dependencies all met for dep_context=non-requeueable deps ti=<TaskInstance: weather_dag.transform_data_Zhmerynka manual__2023-04-13T20:40:45.638759+00:00 [queued]>
[2023-04-13T20:40:58.227+0000] {taskinstance.py:1090} INFO - Dependencies all met for dep_context=requeueable deps ti=<TaskInstance: weather_dag.transform_data_Zhmerynka manual__2023-04-13T20:40:45.638759+00:00 [queued]>
[2023-04-13T20:40:58.229+0000] {taskinstance.py:1288} INFO - 
--------------------------------------------------------------------------------
[2023-04-13T20:40:58.231+0000] {taskinstance.py:1289} INFO - Starting attempt 1 of 1
[2023-04-13T20:40:58.233+0000] {taskinstance.py:1290} INFO - 
--------------------------------------------------------------------------------
[2023-04-13T20:40:58.259+0000] {taskinstance.py:1309} INFO - Executing <Task(PythonOperator): transform_data_Zhmerynka> on 2023-04-13 20:40:45.638759+00:00
[2023-04-13T20:40:58.270+0000] {standard_task_runner.py:55} INFO - Started process 7240 to run task
[2023-04-13T20:40:58.283+0000] {standard_task_runner.py:82} INFO - Running: ['***', 'tasks', 'run', 'weather_dag', 'transform_data_Zhmerynka', 'manual__2023-04-13T20:40:45.638759+00:00', '--job-id', '358', '--raw', '--subdir', 'DAGS_FOLDER/weather_dag.py', '--cfg-path', '/tmp/tmpb26p71yq']
[2023-04-13T20:40:58.285+0000] {standard_task_runner.py:83} INFO - Job 358: Subtask transform_data_Zhmerynka
[2023-04-13T20:40:58.415+0000] {task_command.py:389} INFO - Running <TaskInstance: weather_dag.transform_data_Zhmerynka manual__2023-04-13T20:40:45.638759+00:00 [running]> on host ffea11fb791c
[2023-04-13T20:40:58.528+0000] {taskinstance.py:1518} INFO - Exporting the following env vars:
AIRFLOW_CTX_DAG_OWNER=***
AIRFLOW_CTX_DAG_ID=weather_dag
AIRFLOW_CTX_TASK_ID=transform_data_Zhmerynka
AIRFLOW_CTX_EXECUTION_DATE=2023-04-13T20:40:45.638759+00:00
AIRFLOW_CTX_TRY_NUMBER=1
AIRFLOW_CTX_DAG_RUN_ID=manual__2023-04-13T20:40:45.638759+00:00
[2023-04-13T20:40:58.532+0000] {logging_mixin.py:137} INFO - {'conf': <***.configuration.AirflowConfigParser object at 0xffffb3d9af10>, 'dag': <DAG: weather_dag>, 'dag_run': <DagRun weather_dag @ 2023-04-13 20:40:45.638759+00:00: manual__2023-04-13T20:40:45.638759+00:00, state:running, queued_at: 2023-04-13 20:40:45.682997+00:00. externally triggered: True>, 'data_interval_end': DateTime(2023, 4, 13, 20, 0, 0, tzinfo=Timezone('UTC')), 'data_interval_start': DateTime(2023, 4, 13, 19, 0, 0, tzinfo=Timezone('UTC')), 'ds': '2023-04-13', 'ds_nodash': '20230413', 'execution_date': <Proxy at 0xffffa197d690 with factory functools.partial(<function lazy_mapping_from_context.<locals>._deprecated_proxy_factory at 0xffffa198e950>, 'execution_date', DateTime(2023, 4, 13, 20, 40, 45, 638759, tzinfo=Timezone('UTC')))>, 'expanded_ti_count': None, 'inlets': [], 'logical_date': DateTime(2023, 4, 13, 20, 40, 45, 638759, tzinfo=Timezone('UTC')), 'macros': <module '***.macros' from '/home/***/.local/lib/python3.7/site-packages/***/macros/__init__.py'>, 'next_ds': <Proxy at 0xffffa197d640 with factory functools.partial(<function lazy_mapping_from_context.<locals>._deprecated_proxy_factory at 0xffffa198e950>, 'next_ds', '2023-04-13')>, 'next_ds_nodash': <Proxy at 0xffffa1a4b320 with factory functools.partial(<function lazy_mapping_from_context.<locals>._deprecated_proxy_factory at 0xffffa198e950>, 'next_ds_nodash', '20230413')>, 'next_execution_date': <Proxy at 0xffffa1a4b280 with factory functools.partial(<function lazy_mapping_from_context.<locals>._deprecated_proxy_factory at 0xffffa198e950>, 'next_execution_date', DateTime(2023, 4, 13, 20, 40, 45, 638759, tzinfo=Timezone('UTC')))>, 'outlets': [], 'params': {}, 'prev_data_interval_start_success': DateTime(2023, 4, 13, 19, 0, 0, tzinfo=Timezone('UTC')), 'prev_data_interval_end_success': DateTime(2023, 4, 13, 20, 0, 0, tzinfo=Timezone('UTC')), 'prev_ds': <Proxy at 0xffffa1a47410 with factory functools.partial(<function lazy_mapping_from_context.<locals>._deprecated_proxy_factory at 0xffffa198e950>, 'prev_ds', '2023-04-13')>, 'prev_ds_nodash': <Proxy at 0xffffa1a47e10 with factory functools.partial(<function lazy_mapping_from_context.<locals>._deprecated_proxy_factory at 0xffffa198e950>, 'prev_ds_nodash', '20230413')>, 'prev_execution_date': <Proxy at 0xffffa1a4c7d0 with factory functools.partial(<function lazy_mapping_from_context.<locals>._deprecated_proxy_factory at 0xffffa198e950>, 'prev_execution_date', DateTime(2023, 4, 13, 20, 40, 45, 638759, tzinfo=Timezone('UTC')))>, 'prev_execution_date_success': <Proxy at 0xffffa1a4cc80 with factory functools.partial(<function lazy_mapping_from_context.<locals>._deprecated_proxy_factory at 0xffffa198e950>, 'prev_execution_date_success', DateTime(2023, 4, 13, 20, 29, 34, 713243, tzinfo=Timezone('UTC')))>, 'prev_start_date_success': DateTime(2023, 4, 13, 20, 29, 34, 861479, tzinfo=Timezone('UTC')), 'run_id': 'manual__2023-04-13T20:40:45.638759+00:00', 'task': <Task(PythonOperator): transform_data_Zhmerynka>, 'task_instance': <TaskInstance: weather_dag.transform_data_Zhmerynka manual__2023-04-13T20:40:45.638759+00:00 [running]>, 'task_instance_key_str': 'weather_dag__transform_data_Zhmerynka__20230413', 'test_mode': False, 'ti': <TaskInstance: weather_dag.transform_data_Zhmerynka manual__2023-04-13T20:40:45.638759+00:00 [running]>, 'tomorrow_ds': <Proxy at 0xffffa1a4c730 with factory functools.partial(<function lazy_mapping_from_context.<locals>._deprecated_proxy_factory at 0xffffa198e950>, 'tomorrow_ds', '2023-04-14')>, 'tomorrow_ds_nodash': <Proxy at 0xffffa197ae60 with factory functools.partial(<function lazy_mapping_from_context.<locals>._deprecated_proxy_factory at 0xffffa198e950>, 'tomorrow_ds_nodash', '20230414')>, 'triggering_dataset_events': <Proxy at 0xffffa1a393c0 with factory <function TaskInstance.get_template_context.<locals>.get_triggering_events at 0xffffa1a23440>>, 'ts': '2023-04-13T20:40:45.638759+00:00', 'ts_nodash': '20230413T204045', 'ts_nodash_with_tz': '20230413T204045.638759+0000', 'var': {'json': None, 'value': None}, 'conn': None, 'yesterday_ds': <Proxy at 0xffffa197ad70 with factory functools.partial(<function lazy_mapping_from_context.<locals>._deprecated_proxy_factory at 0xffffa198e950>, 'yesterday_ds', '2023-04-12')>, 'yesterday_ds_nodash': <Proxy at 0xffffa197aaa0 with factory functools.partial(<function lazy_mapping_from_context.<locals>._deprecated_proxy_factory at 0xffffa198e950>, 'yesterday_ds_nodash', '20230412')>, 'templates_dict': None}
[2023-04-13T20:40:58.554+0000] {python.py:177} INFO - Done. Returned value was: (1681418453, 281.19, 89, 'overcast clouds', 1.68)
[2023-04-13T20:40:58.604+0000] {taskinstance.py:1332} INFO - Marking task as SUCCESS. dag_id=weather_dag, task_id=transform_data_Zhmerynka, execution_date=20230413T204045, start_date=20230413T204058, end_date=20230413T204058
[2023-04-13T20:40:58.651+0000] {local_task_job.py:212} INFO - Task exited with return code 0
[2023-04-13T20:40:58.692+0000] {taskinstance.py:2596} INFO - 1 downstream tasks scheduled from follow-on schedule check
