[2023-04-13T21:17:19.819+0000] {taskinstance.py:1090} INFO - Dependencies all met for dep_context=non-requeueable deps ti=<TaskInstance: weather_dag.transform_data_Kyiv scheduled__2023-04-13T20:00:00+00:00 [queued]>
[2023-04-13T21:17:19.845+0000] {taskinstance.py:1090} INFO - Dependencies all met for dep_context=requeueable deps ti=<TaskInstance: weather_dag.transform_data_Kyiv scheduled__2023-04-13T20:00:00+00:00 [queued]>
[2023-04-13T21:17:19.848+0000] {taskinstance.py:1288} INFO - 
--------------------------------------------------------------------------------
[2023-04-13T21:17:19.850+0000] {taskinstance.py:1289} INFO - Starting attempt 1 of 1
[2023-04-13T21:17:19.854+0000] {taskinstance.py:1290} INFO - 
--------------------------------------------------------------------------------
[2023-04-13T21:17:19.891+0000] {taskinstance.py:1309} INFO - Executing <Task(PythonOperator): transform_data_Kyiv> on 2023-04-13 20:00:00+00:00
[2023-04-13T21:17:19.916+0000] {standard_task_runner.py:55} INFO - Started process 7331 to run task
[2023-04-13T21:17:19.936+0000] {standard_task_runner.py:82} INFO - Running: ['***', 'tasks', 'run', 'weather_dag', 'transform_data_Kyiv', 'scheduled__2023-04-13T20:00:00+00:00', '--job-id', '374', '--raw', '--subdir', 'DAGS_FOLDER/weather_dag.py', '--cfg-path', '/tmp/tmpwqat6fr2']
[2023-04-13T21:17:19.944+0000] {standard_task_runner.py:83} INFO - Job 374: Subtask transform_data_Kyiv
[2023-04-13T21:17:20.212+0000] {task_command.py:389} INFO - Running <TaskInstance: weather_dag.transform_data_Kyiv scheduled__2023-04-13T20:00:00+00:00 [running]> on host ffea11fb791c
[2023-04-13T21:17:20.742+0000] {taskinstance.py:1518} INFO - Exporting the following env vars:
AIRFLOW_CTX_DAG_OWNER=***
AIRFLOW_CTX_DAG_ID=weather_dag
AIRFLOW_CTX_TASK_ID=transform_data_Kyiv
AIRFLOW_CTX_EXECUTION_DATE=2023-04-13T20:00:00+00:00
AIRFLOW_CTX_TRY_NUMBER=1
AIRFLOW_CTX_DAG_RUN_ID=scheduled__2023-04-13T20:00:00+00:00
[2023-04-13T21:17:20.760+0000] {logging_mixin.py:137} INFO - {'conf': <***.configuration.AirflowConfigParser object at 0xffffb3d9af10>, 'dag': <DAG: weather_dag>, 'dag_run': <DagRun weather_dag @ 2023-04-13 20:00:00+00:00: scheduled__2023-04-13T20:00:00+00:00, state:running, queued_at: 2023-04-13 21:17:06.146903+00:00. externally triggered: False>, 'data_interval_end': DateTime(2023, 4, 13, 21, 0, 0, tzinfo=Timezone('UTC')), 'data_interval_start': DateTime(2023, 4, 13, 20, 0, 0, tzinfo=Timezone('UTC')), 'ds': '2023-04-13', 'ds_nodash': '20230413', 'execution_date': <Proxy at 0xffffaf126410 with factory functools.partial(<function lazy_mapping_from_context.<locals>._deprecated_proxy_factory at 0xffffaf10dcb0>, 'execution_date', DateTime(2023, 4, 13, 20, 0, 0, tzinfo=Timezone('UTC')))>, 'expanded_ti_count': None, 'inlets': [], 'logical_date': DateTime(2023, 4, 13, 20, 0, 0, tzinfo=Timezone('UTC')), 'macros': <module '***.macros' from '/home/***/.local/lib/python3.7/site-packages/***/macros/__init__.py'>, 'next_ds': <Proxy at 0xffffaf1264b0 with factory functools.partial(<function lazy_mapping_from_context.<locals>._deprecated_proxy_factory at 0xffffaf10dcb0>, 'next_ds', '2023-04-13')>, 'next_ds_nodash': <Proxy at 0xffffaf126460 with factory functools.partial(<function lazy_mapping_from_context.<locals>._deprecated_proxy_factory at 0xffffaf10dcb0>, 'next_ds_nodash', '20230413')>, 'next_execution_date': <Proxy at 0xffffaf164640 with factory functools.partial(<function lazy_mapping_from_context.<locals>._deprecated_proxy_factory at 0xffffaf10dcb0>, 'next_execution_date', DateTime(2023, 4, 13, 21, 0, 0, tzinfo=Timezone('UTC')))>, 'outlets': [], 'params': {}, 'prev_data_interval_start_success': DateTime(2023, 4, 13, 14, 0, 0, tzinfo=Timezone('UTC')), 'prev_data_interval_end_success': DateTime(2023, 4, 13, 15, 0, 0, tzinfo=Timezone('UTC')), 'prev_ds': <Proxy at 0xffffaf164730 with factory functools.partial(<function lazy_mapping_from_context.<locals>._deprecated_proxy_factory at 0xffffaf10dcb0>, 'prev_ds', '2023-04-13')>, 'prev_ds_nodash': <Proxy at 0xffffaf115dc0 with factory functools.partial(<function lazy_mapping_from_context.<locals>._deprecated_proxy_factory at 0xffffaf10dcb0>, 'prev_ds_nodash', '20230413')>, 'prev_execution_date': <Proxy at 0xffffaf115c30 with factory functools.partial(<function lazy_mapping_from_context.<locals>._deprecated_proxy_factory at 0xffffaf10dcb0>, 'prev_execution_date', DateTime(2023, 4, 13, 19, 0, 0, tzinfo=Timezone('UTC')))>, 'prev_execution_date_success': <Proxy at 0xffffaf15d910 with factory functools.partial(<function lazy_mapping_from_context.<locals>._deprecated_proxy_factory at 0xffffaf10dcb0>, 'prev_execution_date_success', None)>, 'prev_start_date_success': DateTime(2023, 4, 13, 15, 47, 45, 112743, tzinfo=Timezone('UTC')), 'run_id': 'scheduled__2023-04-13T20:00:00+00:00', 'task': <Task(PythonOperator): transform_data_Kyiv>, 'task_instance': <TaskInstance: weather_dag.transform_data_Kyiv scheduled__2023-04-13T20:00:00+00:00 [running]>, 'task_instance_key_str': 'weather_dag__transform_data_Kyiv__20230413', 'test_mode': False, 'ti': <TaskInstance: weather_dag.transform_data_Kyiv scheduled__2023-04-13T20:00:00+00:00 [running]>, 'tomorrow_ds': <Proxy at 0xffffaf15d140 with factory functools.partial(<function lazy_mapping_from_context.<locals>._deprecated_proxy_factory at 0xffffaf10dcb0>, 'tomorrow_ds', '2023-04-14')>, 'tomorrow_ds_nodash': <Proxy at 0xffffaf166cd0 with factory functools.partial(<function lazy_mapping_from_context.<locals>._deprecated_proxy_factory at 0xffffaf10dcb0>, 'tomorrow_ds_nodash', '20230414')>, 'triggering_dataset_events': <Proxy at 0xffffaf152d70 with factory <function TaskInstance.get_template_context.<locals>.get_triggering_events at 0xffffaf1b2ef0>>, 'ts': '2023-04-13T20:00:00+00:00', 'ts_nodash': '20230413T200000', 'ts_nodash_with_tz': '20230413T200000+0000', 'var': {'json': None, 'value': None}, 'conn': None, 'yesterday_ds': <Proxy at 0xffffaf166c30 with factory functools.partial(<function lazy_mapping_from_context.<locals>._deprecated_proxy_factory at 0xffffaf10dcb0>, 'yesterday_ds', '2023-04-12')>, 'yesterday_ds_nodash': <Proxy at 0xffffaf1a7be0 with factory functools.partial(<function lazy_mapping_from_context.<locals>._deprecated_proxy_factory at 0xffffaf10dcb0>, 'yesterday_ds_nodash', '20230412')>, 'templates_dict': None}
[2023-04-13T21:17:20.944+0000] {python.py:177} INFO - Done. Returned value was: (1681420852, 283.32, 82, 'light rain', 0.45)
[2023-04-13T21:17:21.077+0000] {taskinstance.py:1332} INFO - Marking task as SUCCESS. dag_id=weather_dag, task_id=transform_data_Kyiv, execution_date=20230413T200000, start_date=20230413T211719, end_date=20230413T211721
[2023-04-13T21:17:21.218+0000] {local_task_job.py:212} INFO - Task exited with return code 0
[2023-04-13T21:17:21.294+0000] {taskinstance.py:2596} INFO - 0 downstream tasks scheduled from follow-on schedule check
