[2023-04-13T20:03:44.622+0000] {taskinstance.py:1090} INFO - Dependencies all met for dep_context=non-requeueable deps ti=<TaskInstance: weather_dag.retrieve_weather_data_Odesa manual__2023-04-13T20:03:41.496045+00:00 [queued]>
[2023-04-13T20:03:44.661+0000] {taskinstance.py:1090} INFO - Dependencies all met for dep_context=requeueable deps ti=<TaskInstance: weather_dag.retrieve_weather_data_Odesa manual__2023-04-13T20:03:41.496045+00:00 [queued]>
[2023-04-13T20:03:44.664+0000] {taskinstance.py:1288} INFO - 
--------------------------------------------------------------------------------
[2023-04-13T20:03:44.665+0000] {taskinstance.py:1289} INFO - Starting attempt 1 of 1
[2023-04-13T20:03:44.668+0000] {taskinstance.py:1290} INFO - 
--------------------------------------------------------------------------------
[2023-04-13T20:03:44.701+0000] {taskinstance.py:1309} INFO - Executing <Task(SimpleHttpOperator): retrieve_weather_data_Odesa> on 2023-04-13 20:03:41.496045+00:00
[2023-04-13T20:03:44.709+0000] {standard_task_runner.py:55} INFO - Started process 6273 to run task
[2023-04-13T20:03:44.730+0000] {standard_task_runner.py:82} INFO - Running: ['***', 'tasks', 'run', 'weather_dag', 'retrieve_weather_data_Odesa', 'manual__2023-04-13T20:03:41.496045+00:00', '--job-id', '254', '--raw', '--subdir', 'DAGS_FOLDER/weather_dag.py', '--cfg-path', '/tmp/tmp48xopxlf']
[2023-04-13T20:03:44.735+0000] {standard_task_runner.py:83} INFO - Job 254: Subtask retrieve_weather_data_Odesa
[2023-04-13T20:03:44.930+0000] {task_command.py:389} INFO - Running <TaskInstance: weather_dag.retrieve_weather_data_Odesa manual__2023-04-13T20:03:41.496045+00:00 [running]> on host ffea11fb791c
[2023-04-13T20:03:45.093+0000] {taskinstance.py:1518} INFO - Exporting the following env vars:
AIRFLOW_CTX_DAG_OWNER=***
AIRFLOW_CTX_DAG_ID=weather_dag
AIRFLOW_CTX_TASK_ID=retrieve_weather_data_Odesa
AIRFLOW_CTX_EXECUTION_DATE=2023-04-13T20:03:41.496045+00:00
AIRFLOW_CTX_TRY_NUMBER=1
AIRFLOW_CTX_DAG_RUN_ID=manual__2023-04-13T20:03:41.496045+00:00
[2023-04-13T20:03:45.095+0000] {http.py:123} INFO - Calling HTTP method
[2023-04-13T20:03:45.112+0000] {base.py:73} INFO - Using connection ID 'weather_http_api' for task execution.
[2023-04-13T20:03:46.375+0000] {http.py:127} INFO - {"coord":{"lon":30.7326,"lat":46.4775},"weather":[{"id":802,"main":"Clouds","description":"scattered clouds","icon":"03n"}],"base":"stations","main":{"temp":283.15,"feels_like":281.54,"temp_min":283.15,"temp_max":283.15,"pressure":1008,"humidity":79,"sea_level":1008,"grnd_level":1002},"visibility":10000,"wind":{"speed":3.22,"deg":297,"gust":4.59},"clouds":{"all":45},"dt":1681415670,"sys":{"country":"UA","sunrise":1681355673,"sunset":1681404026},"timezone":10800,"id":698740,"name":"Odesa","cod":200}
[2023-04-13T20:03:46.463+0000] {taskinstance.py:1332} INFO - Marking task as SUCCESS. dag_id=weather_dag, task_id=retrieve_weather_data_Odesa, execution_date=20230413T200341, start_date=20230413T200344, end_date=20230413T200346
[2023-04-13T20:03:49.585+0000] {local_task_job.py:212} INFO - Task exited with return code 0
[2023-04-13T20:03:50.687+0000] {taskinstance.py:2596} INFO - 0 downstream tasks scheduled from follow-on schedule check
