[2023-04-14T06:24:42.326+0000] {taskinstance.py:1090} INFO - Dependencies all met for dep_context=non-requeueable deps ti=<TaskInstance: weather_dag.transform_data_Odesa manual__2023-04-14T06:24:32.426204+00:00 [queued]>
[2023-04-14T06:24:42.347+0000] {taskinstance.py:1090} INFO - Dependencies all met for dep_context=requeueable deps ti=<TaskInstance: weather_dag.transform_data_Odesa manual__2023-04-14T06:24:32.426204+00:00 [queued]>
[2023-04-14T06:24:42.349+0000] {taskinstance.py:1288} INFO - 
--------------------------------------------------------------------------------
[2023-04-14T06:24:42.350+0000] {taskinstance.py:1289} INFO - Starting attempt 1 of 1
[2023-04-14T06:24:42.352+0000] {taskinstance.py:1290} INFO - 
--------------------------------------------------------------------------------
[2023-04-14T06:24:42.377+0000] {taskinstance.py:1309} INFO - Executing <Task(PythonOperator): transform_data_Odesa> on 2023-04-14 06:24:32.426204+00:00
[2023-04-14T06:24:42.389+0000] {standard_task_runner.py:55} INFO - Started process 7698 to run task
[2023-04-14T06:24:42.399+0000] {standard_task_runner.py:82} INFO - Running: ['***', 'tasks', 'run', 'weather_dag', 'transform_data_Odesa', 'manual__2023-04-14T06:24:32.426204+00:00', '--job-id', '497', '--raw', '--subdir', 'DAGS_FOLDER/weather_dag.py', '--cfg-path', '/tmp/tmppdqb870y']
[2023-04-14T06:24:42.402+0000] {standard_task_runner.py:83} INFO - Job 497: Subtask transform_data_Odesa
[2023-04-14T06:24:42.485+0000] {task_command.py:389} INFO - Running <TaskInstance: weather_dag.transform_data_Odesa manual__2023-04-14T06:24:32.426204+00:00 [running]> on host ffea11fb791c
[2023-04-14T06:24:42.621+0000] {taskinstance.py:1518} INFO - Exporting the following env vars:
AIRFLOW_CTX_DAG_OWNER=***
AIRFLOW_CTX_DAG_ID=weather_dag
AIRFLOW_CTX_TASK_ID=transform_data_Odesa
AIRFLOW_CTX_EXECUTION_DATE=2023-04-14T06:24:32.426204+00:00
AIRFLOW_CTX_TRY_NUMBER=1
AIRFLOW_CTX_DAG_RUN_ID=manual__2023-04-14T06:24:32.426204+00:00
[2023-04-14T06:24:42.628+0000] {logging_mixin.py:137} INFO - {'conf': <***.configuration.AirflowConfigParser object at 0xffffb3d9af10>, 'dag': <DAG: weather_dag>, 'dag_run': <DagRun weather_dag @ 2023-04-14 06:24:32.426204+00:00: manual__2023-04-14T06:24:32.426204+00:00, state:running, queued_at: 2023-04-14 06:24:32.448286+00:00. externally triggered: True>, 'data_interval_end': DateTime(2023, 4, 14, 6, 0, 0, tzinfo=Timezone('UTC')), 'data_interval_start': DateTime(2023, 4, 14, 5, 0, 0, tzinfo=Timezone('UTC')), 'ds': '2023-04-14', 'ds_nodash': '20230414', 'execution_date': <Proxy at 0xffffa197d690 with factory functools.partial(<function lazy_mapping_from_context.<locals>._deprecated_proxy_factory at 0xffffa198e950>, 'execution_date', DateTime(2023, 4, 14, 6, 24, 32, 426204, tzinfo=Timezone('UTC')))>, 'expanded_ti_count': None, 'inlets': [], 'logical_date': DateTime(2023, 4, 14, 6, 24, 32, 426204, tzinfo=Timezone('UTC')), 'macros': <module '***.macros' from '/home/***/.local/lib/python3.7/site-packages/***/macros/__init__.py'>, 'next_ds': <Proxy at 0xffffa197d640 with factory functools.partial(<function lazy_mapping_from_context.<locals>._deprecated_proxy_factory at 0xffffa198e950>, 'next_ds', '2023-04-14')>, 'next_ds_nodash': <Proxy at 0xffffa1a4b370 with factory functools.partial(<function lazy_mapping_from_context.<locals>._deprecated_proxy_factory at 0xffffa198e950>, 'next_ds_nodash', '20230414')>, 'next_execution_date': <Proxy at 0xffffa1a4b2d0 with factory functools.partial(<function lazy_mapping_from_context.<locals>._deprecated_proxy_factory at 0xffffa198e950>, 'next_execution_date', DateTime(2023, 4, 14, 6, 24, 32, 426204, tzinfo=Timezone('UTC')))>, 'outlets': [], 'params': {}, 'prev_data_interval_start_success': DateTime(2023, 4, 14, 5, 0, 0, tzinfo=Timezone('UTC')), 'prev_data_interval_end_success': DateTime(2023, 4, 14, 6, 0, 0, tzinfo=Timezone('UTC')), 'prev_ds': <Proxy at 0xffffa1a47460 with factory functools.partial(<function lazy_mapping_from_context.<locals>._deprecated_proxy_factory at 0xffffa198e950>, 'prev_ds', '2023-04-14')>, 'prev_ds_nodash': <Proxy at 0xffffa1a47e60 with factory functools.partial(<function lazy_mapping_from_context.<locals>._deprecated_proxy_factory at 0xffffa198e950>, 'prev_ds_nodash', '20230414')>, 'prev_execution_date': <Proxy at 0xffffa1a4c7d0 with factory functools.partial(<function lazy_mapping_from_context.<locals>._deprecated_proxy_factory at 0xffffa198e950>, 'prev_execution_date', DateTime(2023, 4, 14, 6, 24, 32, 426204, tzinfo=Timezone('UTC')))>, 'prev_execution_date_success': <Proxy at 0xffffa1a4cc80 with factory functools.partial(<function lazy_mapping_from_context.<locals>._deprecated_proxy_factory at 0xffffa198e950>, 'prev_execution_date_success', DateTime(2023, 4, 14, 5, 0, 0, tzinfo=Timezone('UTC')))>, 'prev_start_date_success': DateTime(2023, 4, 14, 6, 23, 17, 941983, tzinfo=Timezone('UTC')), 'run_id': 'manual__2023-04-14T06:24:32.426204+00:00', 'task': <Task(PythonOperator): transform_data_Odesa>, 'task_instance': <TaskInstance: weather_dag.transform_data_Odesa manual__2023-04-14T06:24:32.426204+00:00 [running]>, 'task_instance_key_str': 'weather_dag__transform_data_Odesa__20230414', 'test_mode': False, 'ti': <TaskInstance: weather_dag.transform_data_Odesa manual__2023-04-14T06:24:32.426204+00:00 [running]>, 'tomorrow_ds': <Proxy at 0xffffa1a4c730 with factory functools.partial(<function lazy_mapping_from_context.<locals>._deprecated_proxy_factory at 0xffffa198e950>, 'tomorrow_ds', '2023-04-15')>, 'tomorrow_ds_nodash': <Proxy at 0xffffa197ae60 with factory functools.partial(<function lazy_mapping_from_context.<locals>._deprecated_proxy_factory at 0xffffa198e950>, 'tomorrow_ds_nodash', '20230415')>, 'triggering_dataset_events': <Proxy at 0xffffa1a39410 with factory <function TaskInstance.get_template_context.<locals>.get_triggering_events at 0xffffa1a23440>>, 'ts': '2023-04-14T06:24:32.426204+00:00', 'ts_nodash': '20230414T062432', 'ts_nodash_with_tz': '20230414T062432.426204+0000', 'var': {'json': None, 'value': None}, 'conn': None, 'yesterday_ds': <Proxy at 0xffffa197ad70 with factory functools.partial(<function lazy_mapping_from_context.<locals>._deprecated_proxy_factory at 0xffffa198e950>, 'yesterday_ds', '2023-04-13')>, 'yesterday_ds_nodash': <Proxy at 0xffffa197aaa0 with factory functools.partial(<function lazy_mapping_from_context.<locals>._deprecated_proxy_factory at 0xffffa198e950>, 'yesterday_ds_nodash', '20230413')>, 'templates_dict': None}
[2023-04-14T06:24:42.685+0000] {python.py:177} INFO - Done. Returned value was: (1681453331, 284.12, 75, 'overcast clouds', 2.13)
[2023-04-14T06:24:42.798+0000] {taskinstance.py:1332} INFO - Marking task as SUCCESS. dag_id=weather_dag, task_id=transform_data_Odesa, execution_date=20230414T062432, start_date=20230414T062442, end_date=20230414T062442
[2023-04-14T06:24:42.981+0000] {local_task_job.py:212} INFO - Task exited with return code 0
[2023-04-14T06:24:43.031+0000] {taskinstance.py:2596} INFO - 1 downstream tasks scheduled from follow-on schedule check
