[2023-04-13T23:44:57.970+0000] {taskinstance.py:1090} INFO - Dependencies all met for dep_context=non-requeueable deps ti=<TaskInstance: weather_dag.retrieve_weather_data_Lviv scheduled__2023-04-13T22:00:00+00:00 [queued]>
[2023-04-13T23:44:58.048+0000] {taskinstance.py:1090} INFO - Dependencies all met for dep_context=requeueable deps ti=<TaskInstance: weather_dag.retrieve_weather_data_Lviv scheduled__2023-04-13T22:00:00+00:00 [queued]>
[2023-04-13T23:44:58.052+0000] {taskinstance.py:1288} INFO - 
--------------------------------------------------------------------------------
[2023-04-13T23:44:58.055+0000] {taskinstance.py:1289} INFO - Starting attempt 1 of 1
[2023-04-13T23:44:58.056+0000] {taskinstance.py:1290} INFO - 
--------------------------------------------------------------------------------
[2023-04-13T23:44:58.146+0000] {taskinstance.py:1309} INFO - Executing <Task(SimpleHttpOperator): retrieve_weather_data_Lviv> on 2023-04-13 22:00:00+00:00
[2023-04-13T23:44:58.161+0000] {standard_task_runner.py:55} INFO - Started process 7403 to run task
[2023-04-13T23:44:58.211+0000] {standard_task_runner.py:82} INFO - Running: ['***', 'tasks', 'run', 'weather_dag', 'retrieve_weather_data_Lviv', 'scheduled__2023-04-13T22:00:00+00:00', '--job-id', '396', '--raw', '--subdir', 'DAGS_FOLDER/weather_dag.py', '--cfg-path', '/tmp/tmp9dwyy_y0']
[2023-04-13T23:44:58.216+0000] {standard_task_runner.py:83} INFO - Job 396: Subtask retrieve_weather_data_Lviv
[2023-04-13T23:44:58.605+0000] {task_command.py:389} INFO - Running <TaskInstance: weather_dag.retrieve_weather_data_Lviv scheduled__2023-04-13T22:00:00+00:00 [running]> on host ffea11fb791c
[2023-04-13T23:44:58.996+0000] {taskinstance.py:1518} INFO - Exporting the following env vars:
AIRFLOW_CTX_DAG_OWNER=***
AIRFLOW_CTX_DAG_ID=weather_dag
AIRFLOW_CTX_TASK_ID=retrieve_weather_data_Lviv
AIRFLOW_CTX_EXECUTION_DATE=2023-04-13T22:00:00+00:00
AIRFLOW_CTX_TRY_NUMBER=1
AIRFLOW_CTX_DAG_RUN_ID=scheduled__2023-04-13T22:00:00+00:00
[2023-04-13T23:44:59.001+0000] {http.py:123} INFO - Calling HTTP method
[2023-04-13T23:44:59.097+0000] {base.py:73} INFO - Using connection ID 'weather_http_api' for task execution.
[2023-04-13T23:45:00.132+0000] {http.py:127} INFO - {"coord":{"lon":24.0232,"lat":49.8383},"weather":[{"id":804,"main":"Clouds","description":"overcast clouds","icon":"04n"}],"base":"stations","main":{"temp":282.46,"feels_like":282.46,"temp_min":282.46,"temp_max":282.46,"pressure":1008,"humidity":75,"sea_level":1008,"grnd_level":973},"visibility":10000,"wind":{"speed":1.15,"deg":112,"gust":1.17},"clouds":{"all":98},"dt":1681431335,"sys":{"country":"UA","sunrise":1681443247,"sunset":1681492442},"timezone":10800,"id":702550,"name":"Lviv","cod":200}
[2023-04-13T23:45:00.205+0000] {taskinstance.py:1332} INFO - Marking task as SUCCESS. dag_id=weather_dag, task_id=retrieve_weather_data_Lviv, execution_date=20230413T220000, start_date=20230413T234457, end_date=20230413T234500
[2023-04-13T23:45:03.286+0000] {local_task_job.py:212} INFO - Task exited with return code 0
[2023-04-13T23:45:05.698+0000] {taskinstance.py:2596} INFO - 0 downstream tasks scheduled from follow-on schedule check
