[2023-04-14T06:23:37.547+0000] {taskinstance.py:1090} INFO - Dependencies all met for dep_context=non-requeueable deps ti=<TaskInstance: weather_dag.inject_data_Kyiv scheduled__2023-04-14T05:00:00+00:00 [queued]>
[2023-04-14T06:23:37.654+0000] {taskinstance.py:1090} INFO - Dependencies all met for dep_context=requeueable deps ti=<TaskInstance: weather_dag.inject_data_Kyiv scheduled__2023-04-14T05:00:00+00:00 [queued]>
[2023-04-14T06:23:37.658+0000] {taskinstance.py:1288} INFO - 
--------------------------------------------------------------------------------
[2023-04-14T06:23:37.661+0000] {taskinstance.py:1289} INFO - Starting attempt 1 of 1
[2023-04-14T06:23:37.664+0000] {taskinstance.py:1290} INFO - 
--------------------------------------------------------------------------------
[2023-04-14T06:23:37.759+0000] {taskinstance.py:1309} INFO - Executing <Task(SqliteOperator): inject_data_Kyiv> on 2023-04-14 05:00:00+00:00
[2023-04-14T06:23:37.778+0000] {standard_task_runner.py:55} INFO - Started process 7658 to run task
[2023-04-14T06:23:37.800+0000] {standard_task_runner.py:82} INFO - Running: ['***', 'tasks', 'run', 'weather_dag', 'inject_data_Kyiv', 'scheduled__2023-04-14T05:00:00+00:00', '--job-id', '484', '--raw', '--subdir', 'DAGS_FOLDER/weather_dag.py', '--cfg-path', '/tmp/tmp1ygkcmei']
[2023-04-14T06:23:37.807+0000] {standard_task_runner.py:83} INFO - Job 484: Subtask inject_data_Kyiv
[2023-04-14T06:23:38.005+0000] {task_command.py:389} INFO - Running <TaskInstance: weather_dag.inject_data_Kyiv scheduled__2023-04-14T05:00:00+00:00 [running]> on host ffea11fb791c
[2023-04-14T06:23:38.372+0000] {taskinstance.py:1518} INFO - Exporting the following env vars:
AIRFLOW_CTX_DAG_OWNER=***
AIRFLOW_CTX_DAG_ID=weather_dag
AIRFLOW_CTX_TASK_ID=inject_data_Kyiv
AIRFLOW_CTX_EXECUTION_DATE=2023-04-14T05:00:00+00:00
AIRFLOW_CTX_TRY_NUMBER=1
AIRFLOW_CTX_DAG_RUN_ID=scheduled__2023-04-14T05:00:00+00:00
[2023-04-14T06:23:38.379+0000] {sql.py:254} INFO - Executing: 
                INSERT INTO measures_ext (city, timestamp, temp, humidity, cloudiness, wind_speed) VALUES
                    ("Kyiv",
                    1681453007,
                    282.06,
                    81,
                    "light rain",
                    0.45);
            
[2023-04-14T06:23:38.411+0000] {base.py:73} INFO - Using connection ID 'measure_db' for task execution.
[2023-04-14T06:23:39.146+0000] {base.py:73} INFO - Using connection ID 'measure_db' for task execution.
[2023-04-14T06:23:39.153+0000] {sql.py:375} INFO - Running statement: 
                INSERT INTO measures_ext (city, timestamp, temp, humidity, cloudiness, wind_speed) VALUES
                    ("Kyiv",
                    1681453007,
                    282.06,
                    81,
                    "light rain",
                    0.45);
            , parameters: None
[2023-04-14T06:23:39.183+0000] {sql.py:384} INFO - Rows affected: 1
[2023-04-14T06:23:39.254+0000] {taskinstance.py:1332} INFO - Marking task as SUCCESS. dag_id=weather_dag, task_id=inject_data_Kyiv, execution_date=20230414T050000, start_date=20230414T062337, end_date=20230414T062339
[2023-04-14T06:23:39.355+0000] {local_task_job.py:212} INFO - Task exited with return code 0
[2023-04-14T06:23:39.449+0000] {taskinstance.py:2596} INFO - 0 downstream tasks scheduled from follow-on schedule check
