[2023-04-13T23:44:58.694+0000] {taskinstance.py:1090} INFO - Dependencies all met for dep_context=non-requeueable deps ti=<TaskInstance: weather_dag.retrieve_weather_data_Odesa scheduled__2023-04-13T22:00:00+00:00 [queued]>
[2023-04-13T23:44:58.824+0000] {taskinstance.py:1090} INFO - Dependencies all met for dep_context=requeueable deps ti=<TaskInstance: weather_dag.retrieve_weather_data_Odesa scheduled__2023-04-13T22:00:00+00:00 [queued]>
[2023-04-13T23:44:58.841+0000] {taskinstance.py:1288} INFO - 
--------------------------------------------------------------------------------
[2023-04-13T23:44:58.844+0000] {taskinstance.py:1289} INFO - Starting attempt 1 of 1
[2023-04-13T23:44:58.846+0000] {taskinstance.py:1290} INFO - 
--------------------------------------------------------------------------------
[2023-04-13T23:44:58.992+0000] {taskinstance.py:1309} INFO - Executing <Task(SimpleHttpOperator): retrieve_weather_data_Odesa> on 2023-04-13 22:00:00+00:00
[2023-04-13T23:44:59.035+0000] {standard_task_runner.py:55} INFO - Started process 7406 to run task
[2023-04-13T23:44:59.058+0000] {standard_task_runner.py:82} INFO - Running: ['***', 'tasks', 'run', 'weather_dag', 'retrieve_weather_data_Odesa', 'scheduled__2023-04-13T22:00:00+00:00', '--job-id', '399', '--raw', '--subdir', 'DAGS_FOLDER/weather_dag.py', '--cfg-path', '/tmp/tmpvhutos1s']
[2023-04-13T23:44:59.068+0000] {standard_task_runner.py:83} INFO - Job 399: Subtask retrieve_weather_data_Odesa
[2023-04-13T23:44:59.618+0000] {task_command.py:389} INFO - Running <TaskInstance: weather_dag.retrieve_weather_data_Odesa scheduled__2023-04-13T22:00:00+00:00 [running]> on host ffea11fb791c
[2023-04-13T23:44:59.842+0000] {taskinstance.py:1518} INFO - Exporting the following env vars:
AIRFLOW_CTX_DAG_OWNER=***
AIRFLOW_CTX_DAG_ID=weather_dag
AIRFLOW_CTX_TASK_ID=retrieve_weather_data_Odesa
AIRFLOW_CTX_EXECUTION_DATE=2023-04-13T22:00:00+00:00
AIRFLOW_CTX_TRY_NUMBER=1
AIRFLOW_CTX_DAG_RUN_ID=scheduled__2023-04-13T22:00:00+00:00
[2023-04-13T23:44:59.848+0000] {http.py:123} INFO - Calling HTTP method
[2023-04-13T23:44:59.868+0000] {base.py:73} INFO - Using connection ID 'weather_http_api' for task execution.
[2023-04-13T23:45:00.126+0000] {http.py:127} INFO - {"coord":{"lon":30.7326,"lat":46.4775},"weather":[{"id":803,"main":"Clouds","description":"broken clouds","icon":"04n"}],"base":"stations","main":{"temp":282.17,"feels_like":280.16,"temp_min":282.17,"temp_max":282.17,"pressure":1009,"humidity":83,"sea_level":1009,"grnd_level":1002},"visibility":10000,"wind":{"speed":3.58,"deg":276,"gust":5.33},"clouds":{"all":58},"dt":1681431284,"sys":{"country":"UA","sunrise":1681441962,"sunset":1681490507},"timezone":10800,"id":698740,"name":"Odesa","cod":200}
[2023-04-13T23:45:00.197+0000] {taskinstance.py:1332} INFO - Marking task as SUCCESS. dag_id=weather_dag, task_id=retrieve_weather_data_Odesa, execution_date=20230413T220000, start_date=20230413T234458, end_date=20230413T234500
[2023-04-13T23:45:03.267+0000] {local_task_job.py:212} INFO - Task exited with return code 0
[2023-04-13T23:45:06.010+0000] {taskinstance.py:2596} INFO - 0 downstream tasks scheduled from follow-on schedule check
