[2023-04-13T19:58:10.253+0000] {taskinstance.py:1090} INFO - Dependencies all met for dep_context=non-requeueable deps ti=<TaskInstance: weather_dag.retrieve_weather_data_Kyiv scheduled__2023-04-13T18:00:00+00:00 [queued]>
[2023-04-13T19:58:10.280+0000] {taskinstance.py:1090} INFO - Dependencies all met for dep_context=requeueable deps ti=<TaskInstance: weather_dag.retrieve_weather_data_Kyiv scheduled__2023-04-13T18:00:00+00:00 [queued]>
[2023-04-13T19:58:10.282+0000] {taskinstance.py:1288} INFO - 
--------------------------------------------------------------------------------
[2023-04-13T19:58:10.284+0000] {taskinstance.py:1289} INFO - Starting attempt 1 of 1
[2023-04-13T19:58:10.286+0000] {taskinstance.py:1290} INFO - 
--------------------------------------------------------------------------------
[2023-04-13T19:58:10.308+0000] {taskinstance.py:1309} INFO - Executing <Task(SimpleHttpOperator): retrieve_weather_data_Kyiv> on 2023-04-13 18:00:00+00:00
[2023-04-13T19:58:10.317+0000] {standard_task_runner.py:55} INFO - Started process 6068 to run task
[2023-04-13T19:58:10.330+0000] {standard_task_runner.py:82} INFO - Running: ['***', 'tasks', 'run', 'weather_dag', 'retrieve_weather_data_Kyiv', 'scheduled__2023-04-13T18:00:00+00:00', '--job-id', '213', '--raw', '--subdir', 'DAGS_FOLDER/weather_dag.py', '--cfg-path', '/tmp/tmpl7e5phqd']
[2023-04-13T19:58:10.332+0000] {standard_task_runner.py:83} INFO - Job 213: Subtask retrieve_weather_data_Kyiv
[2023-04-13T19:58:10.495+0000] {task_command.py:389} INFO - Running <TaskInstance: weather_dag.retrieve_weather_data_Kyiv scheduled__2023-04-13T18:00:00+00:00 [running]> on host ffea11fb791c
[2023-04-13T19:58:10.800+0000] {taskinstance.py:1518} INFO - Exporting the following env vars:
AIRFLOW_CTX_DAG_OWNER=***
AIRFLOW_CTX_DAG_ID=weather_dag
AIRFLOW_CTX_TASK_ID=retrieve_weather_data_Kyiv
AIRFLOW_CTX_EXECUTION_DATE=2023-04-13T18:00:00+00:00
AIRFLOW_CTX_TRY_NUMBER=1
AIRFLOW_CTX_DAG_RUN_ID=scheduled__2023-04-13T18:00:00+00:00
[2023-04-13T19:58:10.804+0000] {http.py:123} INFO - Calling HTTP method
[2023-04-13T19:58:10.840+0000] {base.py:73} INFO - Using connection ID 'weather_http_api' for task execution.
[2023-04-13T19:58:13.129+0000] {http.py:127} INFO - {"coord":{"lon":30.5167,"lat":50.4333},"weather":[{"id":804,"main":"Clouds","description":"overcast clouds","icon":"04n"}],"base":"stations","main":{"temp":283.52,"feels_like":282.75,"temp_min":282.4,"temp_max":283.55,"pressure":995,"humidity":82},"visibility":10000,"wind":{"speed":0.45,"deg":356,"gust":2.24},"clouds":{"all":100},"dt":1681415766,"sys":{"type":2,"id":2003742,"country":"UA","sunrise":1681355355,"sunset":1681404448},"timezone":10800,"id":703448,"name":"Kyiv","cod":200}
[2023-04-13T19:58:14.210+0000] {taskinstance.py:1332} INFO - Marking task as SUCCESS. dag_id=weather_dag, task_id=retrieve_weather_data_Kyiv, execution_date=20230413T180000, start_date=20230413T195810, end_date=20230413T195814
[2023-04-13T19:58:15.486+0000] {local_task_job.py:212} INFO - Task exited with return code 0
[2023-04-13T19:58:16.488+0000] {taskinstance.py:2596} INFO - 0 downstream tasks scheduled from follow-on schedule check
