[2023-04-14T20:17:21.856+0000] {taskinstance.py:1090} INFO - Dependencies all met for dep_context=non-requeueable deps ti=<TaskInstance: weather_dag.choose_endpoint_Lviv scheduled__2023-04-14T19:00:00+00:00 [queued]>
[2023-04-14T20:17:21.888+0000] {taskinstance.py:1090} INFO - Dependencies all met for dep_context=requeueable deps ti=<TaskInstance: weather_dag.choose_endpoint_Lviv scheduled__2023-04-14T19:00:00+00:00 [queued]>
[2023-04-14T20:17:21.890+0000] {taskinstance.py:1288} INFO - 
--------------------------------------------------------------------------------
[2023-04-14T20:17:21.894+0000] {taskinstance.py:1289} INFO - Starting attempt 1 of 1
[2023-04-14T20:17:21.896+0000] {taskinstance.py:1290} INFO - 
--------------------------------------------------------------------------------
[2023-04-14T20:17:21.938+0000] {taskinstance.py:1309} INFO - Executing <Task(BranchPythonOperator): choose_endpoint_Lviv> on 2023-04-14 19:00:00+00:00
[2023-04-14T20:17:21.950+0000] {standard_task_runner.py:55} INFO - Started process 15526 to run task
[2023-04-14T20:17:21.973+0000] {standard_task_runner.py:82} INFO - Running: ['***', 'tasks', 'run', 'weather_dag', 'choose_endpoint_Lviv', 'scheduled__2023-04-14T19:00:00+00:00', '--job-id', '597', '--raw', '--subdir', 'DAGS_FOLDER/weather_dag.py', '--cfg-path', '/tmp/tmpwg2pnw7w']
[2023-04-14T20:17:21.975+0000] {standard_task_runner.py:83} INFO - Job 597: Subtask choose_endpoint_Lviv
[2023-04-14T20:17:22.148+0000] {task_command.py:389} INFO - Running <TaskInstance: weather_dag.choose_endpoint_Lviv scheduled__2023-04-14T19:00:00+00:00 [running]> on host ffea11fb791c
[2023-04-14T20:17:22.297+0000] {taskinstance.py:1518} INFO - Exporting the following env vars:
AIRFLOW_CTX_DAG_OWNER=***
AIRFLOW_CTX_DAG_ID=weather_dag
AIRFLOW_CTX_TASK_ID=choose_endpoint_Lviv
AIRFLOW_CTX_EXECUTION_DATE=2023-04-14T19:00:00+00:00
AIRFLOW_CTX_TRY_NUMBER=1
AIRFLOW_CTX_DAG_RUN_ID=scheduled__2023-04-14T19:00:00+00:00
[2023-04-14T20:17:22.301+0000] {warnings.py:110} WARNING - /home/***/.local/lib/python3.7/site-packages/***/utils/context.py:313: AirflowContextDeprecationWarning: Accessing 'execution_date' from the template is deprecated and will be removed in a future version. Please use 'data_interval_start' or 'logical_date' instead.
  warnings.warn(_create_deprecation_warning(k, replacements))

[2023-04-14T20:17:22.303+0000] {python.py:177} INFO - Done. Returned value was: retrieve_historical_weather_data_Lviv
[2023-04-14T20:17:22.304+0000] {python.py:211} INFO - Branch callable return retrieve_historical_weather_data_Lviv
[2023-04-14T20:17:22.307+0000] {skipmixin.py:155} INFO - Following branch retrieve_historical_weather_data_Lviv
[2023-04-14T20:17:22.309+0000] {skipmixin.py:211} INFO - Skipping tasks ['retrieve_weather_data_Lviv']
[2023-04-14T20:17:22.400+0000] {taskinstance.py:1332} INFO - Marking task as SUCCESS. dag_id=weather_dag, task_id=choose_endpoint_Lviv, execution_date=20230414T190000, start_date=20230414T201721, end_date=20230414T201722
[2023-04-14T20:17:22.464+0000] {local_task_job.py:212} INFO - Task exited with return code 0
[2023-04-14T20:17:22.560+0000] {taskinstance.py:2596} INFO - 1 downstream tasks scheduled from follow-on schedule check
