[2023-04-13T11:49:02.176+0000] {taskinstance.py:1090} INFO - Dependencies all met for dep_context=non-requeueable deps ti=<TaskInstance: weather_dag.create_table manual__2023-04-13T11:49:00.661005+00:00 [queued]>
[2023-04-13T11:49:02.191+0000] {taskinstance.py:1090} INFO - Dependencies all met for dep_context=requeueable deps ti=<TaskInstance: weather_dag.create_table manual__2023-04-13T11:49:00.661005+00:00 [queued]>
[2023-04-13T11:49:02.193+0000] {taskinstance.py:1288} INFO - 
--------------------------------------------------------------------------------
[2023-04-13T11:49:02.195+0000] {taskinstance.py:1289} INFO - Starting attempt 1 of 1
[2023-04-13T11:49:02.197+0000] {taskinstance.py:1290} INFO - 
--------------------------------------------------------------------------------
[2023-04-13T11:49:02.217+0000] {taskinstance.py:1309} INFO - Executing <Task(SqliteOperator): create_table> on 2023-04-13 11:49:00.661005+00:00
[2023-04-13T11:49:02.224+0000] {standard_task_runner.py:55} INFO - Started process 182 to run task
[2023-04-13T11:49:02.229+0000] {standard_task_runner.py:82} INFO - Running: ['***', 'tasks', 'run', 'weather_dag', 'create_table', 'manual__2023-04-13T11:49:00.661005+00:00', '--job-id', '89', '--raw', '--subdir', 'DAGS_FOLDER/weather_dag.py', '--cfg-path', '/tmp/tmpgf53e1hp']
[2023-04-13T11:49:02.234+0000] {standard_task_runner.py:83} INFO - Job 89: Subtask create_table
[2023-04-13T11:49:02.339+0000] {task_command.py:389} INFO - Running <TaskInstance: weather_dag.create_table manual__2023-04-13T11:49:00.661005+00:00 [running]> on host ffea11fb791c
[2023-04-13T11:49:02.424+0000] {taskinstance.py:1518} INFO - Exporting the following env vars:
AIRFLOW_CTX_DAG_OWNER=***
AIRFLOW_CTX_DAG_ID=weather_dag
AIRFLOW_CTX_TASK_ID=create_table
AIRFLOW_CTX_EXECUTION_DATE=2023-04-13T11:49:00.661005+00:00
AIRFLOW_CTX_TRY_NUMBER=1
AIRFLOW_CTX_DAG_RUN_ID=manual__2023-04-13T11:49:00.661005+00:00
[2023-04-13T11:49:02.427+0000] {sql.py:254} INFO - Executing: CREATE TABLE IF NOT EXISTS measures (
                                         timestamp TIMESTAMP NOT NULL,
                                         temp FLOAT
                                        );
[2023-04-13T11:49:02.440+0000] {base.py:73} INFO - Using connection ID 'measure_db' for task execution.
[2023-04-13T11:49:02.673+0000] {base.py:73} INFO - Using connection ID 'measure_db' for task execution.
[2023-04-13T11:49:02.706+0000] {sql.py:375} INFO - Running statement: CREATE TABLE IF NOT EXISTS measures (
                                         timestamp TIMESTAMP NOT NULL,
                                         temp FLOAT
                                        );, parameters: None
[2023-04-13T11:49:02.733+0000] {taskinstance.py:1332} INFO - Marking task as SUCCESS. dag_id=weather_dag, task_id=create_table, execution_date=20230413T114900, start_date=20230413T114902, end_date=20230413T114902
[2023-04-13T11:49:02.777+0000] {local_task_job.py:212} INFO - Task exited with return code 0
[2023-04-13T11:49:02.821+0000] {taskinstance.py:2596} INFO - 1 downstream tasks scheduled from follow-on schedule check
