[2023-04-13T20:02:17.420+0000] {taskinstance.py:1090} INFO - Dependencies all met for dep_context=non-requeueable deps ti=<TaskInstance: weather_dag.transform_data_Kyiv manual__2023-04-13T20:02:05.426770+00:00 [queued]>
[2023-04-13T20:02:17.537+0000] {taskinstance.py:1090} INFO - Dependencies all met for dep_context=requeueable deps ti=<TaskInstance: weather_dag.transform_data_Kyiv manual__2023-04-13T20:02:05.426770+00:00 [queued]>
[2023-04-13T20:02:17.541+0000] {taskinstance.py:1288} INFO - 
--------------------------------------------------------------------------------
[2023-04-13T20:02:17.545+0000] {taskinstance.py:1289} INFO - Starting attempt 1 of 1
[2023-04-13T20:02:17.549+0000] {taskinstance.py:1290} INFO - 
--------------------------------------------------------------------------------
[2023-04-13T20:02:17.592+0000] {taskinstance.py:1309} INFO - Executing <Task(PythonOperator): transform_data_Kyiv> on 2023-04-13 20:02:05.426770+00:00
[2023-04-13T20:02:17.610+0000] {standard_task_runner.py:55} INFO - Started process 6226 to run task
[2023-04-13T20:02:17.624+0000] {standard_task_runner.py:82} INFO - Running: ['***', 'tasks', 'run', 'weather_dag', 'transform_data_Kyiv', 'manual__2023-04-13T20:02:05.426770+00:00', '--job-id', '245', '--raw', '--subdir', 'DAGS_FOLDER/weather_dag.py', '--cfg-path', '/tmp/tmp3s9yr1xg']
[2023-04-13T20:02:17.629+0000] {standard_task_runner.py:83} INFO - Job 245: Subtask transform_data_Kyiv
[2023-04-13T20:02:17.829+0000] {task_command.py:389} INFO - Running <TaskInstance: weather_dag.transform_data_Kyiv manual__2023-04-13T20:02:05.426770+00:00 [running]> on host ffea11fb791c
[2023-04-13T20:02:18.180+0000] {taskinstance.py:1518} INFO - Exporting the following env vars:
AIRFLOW_CTX_DAG_OWNER=***
AIRFLOW_CTX_DAG_ID=weather_dag
AIRFLOW_CTX_TASK_ID=transform_data_Kyiv
AIRFLOW_CTX_EXECUTION_DATE=2023-04-13T20:02:05.426770+00:00
AIRFLOW_CTX_TRY_NUMBER=1
AIRFLOW_CTX_DAG_RUN_ID=manual__2023-04-13T20:02:05.426770+00:00
[2023-04-13T20:02:18.185+0000] {logging_mixin.py:137} INFO - {'conf': <***.configuration.AirflowConfigParser object at 0xffffb3d9af10>, 'dag': <DAG: weather_dag>, 'dag_run': <DagRun weather_dag @ 2023-04-13 20:02:05.426770+00:00: manual__2023-04-13T20:02:05.426770+00:00, state:running, queued_at: 2023-04-13 20:02:05.440593+00:00. externally triggered: True>, 'data_interval_end': DateTime(2023, 4, 13, 20, 0, 0, tzinfo=Timezone('UTC')), 'data_interval_start': DateTime(2023, 4, 13, 19, 0, 0, tzinfo=Timezone('UTC')), 'ds': '2023-04-13', 'ds_nodash': '20230413', 'execution_date': <Proxy at 0xffffa1920140 with factory functools.partial(<function lazy_mapping_from_context.<locals>._deprecated_proxy_factory at 0xffffa1985f80>, 'execution_date', DateTime(2023, 4, 13, 20, 2, 5, 426770, tzinfo=Timezone('UTC')))>, 'expanded_ti_count': None, 'inlets': [], 'logical_date': DateTime(2023, 4, 13, 20, 2, 5, 426770, tzinfo=Timezone('UTC')), 'macros': <module '***.macros' from '/home/***/.local/lib/python3.7/site-packages/***/macros/__init__.py'>, 'next_ds': <Proxy at 0xffffa19200f0 with factory functools.partial(<function lazy_mapping_from_context.<locals>._deprecated_proxy_factory at 0xffffa1985f80>, 'next_ds', '2023-04-13')>, 'next_ds_nodash': <Proxy at 0xffffa1a2ab90 with factory functools.partial(<function lazy_mapping_from_context.<locals>._deprecated_proxy_factory at 0xffffa1985f80>, 'next_ds_nodash', '20230413')>, 'next_execution_date': <Proxy at 0xffffa195a140 with factory functools.partial(<function lazy_mapping_from_context.<locals>._deprecated_proxy_factory at 0xffffa1985f80>, 'next_execution_date', DateTime(2023, 4, 13, 20, 2, 5, 426770, tzinfo=Timezone('UTC')))>, 'outlets': [], 'params': {}, 'prev_data_interval_start_success': DateTime(2023, 4, 13, 14, 0, 0, tzinfo=Timezone('UTC')), 'prev_data_interval_end_success': DateTime(2023, 4, 13, 15, 0, 0, tzinfo=Timezone('UTC')), 'prev_ds': <Proxy at 0xffffa195a230 with factory functools.partial(<function lazy_mapping_from_context.<locals>._deprecated_proxy_factory at 0xffffa1985f80>, 'prev_ds', '2023-04-13')>, 'prev_ds_nodash': <Proxy at 0xffffa195ae60 with factory functools.partial(<function lazy_mapping_from_context.<locals>._deprecated_proxy_factory at 0xffffa1985f80>, 'prev_ds_nodash', '20230413')>, 'prev_execution_date': <Proxy at 0xffffa1964730 with factory functools.partial(<function lazy_mapping_from_context.<locals>._deprecated_proxy_factory at 0xffffa1985f80>, 'prev_execution_date', DateTime(2023, 4, 13, 20, 2, 5, 426770, tzinfo=Timezone('UTC')))>, 'prev_execution_date_success': <Proxy at 0xffffa1964be0 with factory functools.partial(<function lazy_mapping_from_context.<locals>._deprecated_proxy_factory at 0xffffa1985f80>, 'prev_execution_date_success', None)>, 'prev_start_date_success': DateTime(2023, 4, 13, 15, 47, 45, 112743, tzinfo=Timezone('UTC')), 'run_id': 'manual__2023-04-13T20:02:05.426770+00:00', 'task': <Task(PythonOperator): transform_data_Kyiv>, 'task_instance': <TaskInstance: weather_dag.transform_data_Kyiv manual__2023-04-13T20:02:05.426770+00:00 [running]>, 'task_instance_key_str': 'weather_dag__transform_data_Kyiv__20230413', 'test_mode': False, 'ti': <TaskInstance: weather_dag.transform_data_Kyiv manual__2023-04-13T20:02:05.426770+00:00 [running]>, 'tomorrow_ds': <Proxy at 0xffffa1964690 with factory functools.partial(<function lazy_mapping_from_context.<locals>._deprecated_proxy_factory at 0xffffa1985f80>, 'tomorrow_ds', '2023-04-14')>, 'tomorrow_ds_nodash': <Proxy at 0xffffa198e960 with factory functools.partial(<function lazy_mapping_from_context.<locals>._deprecated_proxy_factory at 0xffffa1985f80>, 'tomorrow_ds_nodash', '20230414')>, 'triggering_dataset_events': <Proxy at 0xffffa1a4e960 with factory <function TaskInstance.get_template_context.<locals>.get_triggering_events at 0xffffa1a4b0e0>>, 'ts': '2023-04-13T20:02:05.426770+00:00', 'ts_nodash': '20230413T200205', 'ts_nodash_with_tz': '20230413T200205.426770+0000', 'var': {'json': None, 'value': None}, 'conn': None, 'yesterday_ds': <Proxy at 0xffffa198e870 with factory functools.partial(<function lazy_mapping_from_context.<locals>._deprecated_proxy_factory at 0xffffa1985f80>, 'yesterday_ds', '2023-04-12')>, 'yesterday_ds_nodash': <Proxy at 0xffffa198e5a0 with factory functools.partial(<function lazy_mapping_from_context.<locals>._deprecated_proxy_factory at 0xffffa1985f80>, 'yesterday_ds_nodash', '20230412')>, 'templates_dict': None}
[2023-04-13T20:02:18.230+0000] {python.py:177} INFO - Done. Returned value was: (1681415766, 283.52, 82, 'overcast clouds', 0.45)
[2023-04-13T20:02:18.313+0000] {taskinstance.py:1332} INFO - Marking task as SUCCESS. dag_id=weather_dag, task_id=transform_data_Kyiv, execution_date=20230413T200205, start_date=20230413T200217, end_date=20230413T200218
[2023-04-13T20:02:18.445+0000] {local_task_job.py:212} INFO - Task exited with return code 0
[2023-04-13T20:02:18.529+0000] {taskinstance.py:2596} INFO - 1 downstream tasks scheduled from follow-on schedule check
