[2023-04-14T01:08:40.456+0000] {taskinstance.py:1090} INFO - Dependencies all met for dep_context=non-requeueable deps ti=<TaskInstance: weather_dag.inject_data_Odesa scheduled__2023-04-14T00:00:00+00:00 [queued]>
[2023-04-14T01:08:40.486+0000] {taskinstance.py:1090} INFO - Dependencies all met for dep_context=requeueable deps ti=<TaskInstance: weather_dag.inject_data_Odesa scheduled__2023-04-14T00:00:00+00:00 [queued]>
[2023-04-14T01:08:40.489+0000] {taskinstance.py:1288} INFO - 
--------------------------------------------------------------------------------
[2023-04-14T01:08:40.491+0000] {taskinstance.py:1289} INFO - Starting attempt 1 of 1
[2023-04-14T01:08:40.493+0000] {taskinstance.py:1290} INFO - 
--------------------------------------------------------------------------------
[2023-04-14T01:08:40.835+0000] {taskinstance.py:1309} INFO - Executing <Task(SqliteOperator): inject_data_Odesa> on 2023-04-14 00:00:00+00:00
[2023-04-14T01:08:40.846+0000] {standard_task_runner.py:55} INFO - Started process 7474 to run task
[2023-04-14T01:08:40.852+0000] {standard_task_runner.py:82} INFO - Running: ['***', 'tasks', 'run', 'weather_dag', 'inject_data_Odesa', 'scheduled__2023-04-14T00:00:00+00:00', '--job-id', '425', '--raw', '--subdir', 'DAGS_FOLDER/weather_dag.py', '--cfg-path', '/tmp/tmp9co9pmw5']
[2023-04-14T01:08:40.856+0000] {standard_task_runner.py:83} INFO - Job 425: Subtask inject_data_Odesa
[2023-04-14T01:08:40.992+0000] {task_command.py:389} INFO - Running <TaskInstance: weather_dag.inject_data_Odesa scheduled__2023-04-14T00:00:00+00:00 [running]> on host ffea11fb791c
[2023-04-14T01:08:41.312+0000] {taskinstance.py:1518} INFO - Exporting the following env vars:
AIRFLOW_CTX_DAG_OWNER=***
AIRFLOW_CTX_DAG_ID=weather_dag
AIRFLOW_CTX_TASK_ID=inject_data_Odesa
AIRFLOW_CTX_EXECUTION_DATE=2023-04-14T00:00:00+00:00
AIRFLOW_CTX_TRY_NUMBER=1
AIRFLOW_CTX_DAG_RUN_ID=scheduled__2023-04-14T00:00:00+00:00
[2023-04-14T01:08:41.314+0000] {sql.py:254} INFO - Executing: 
                INSERT INTO measures_ext (city, timestamp, temp, humidity, cloudiness, wind_speed) VALUES
                    ("Odesa",
                    1681435381,
                    282.42,
                    82,
                    "broken clouds",
                    3.4);
            
[2023-04-14T01:08:41.331+0000] {base.py:73} INFO - Using connection ID 'measure_db' for task execution.
[2023-04-14T01:08:41.855+0000] {base.py:73} INFO - Using connection ID 'measure_db' for task execution.
[2023-04-14T01:08:41.864+0000] {sql.py:375} INFO - Running statement: 
                INSERT INTO measures_ext (city, timestamp, temp, humidity, cloudiness, wind_speed) VALUES
                    ("Odesa",
                    1681435381,
                    282.42,
                    82,
                    "broken clouds",
                    3.4);
            , parameters: None
[2023-04-14T01:08:41.936+0000] {sql.py:384} INFO - Rows affected: 1
[2023-04-14T01:08:41.992+0000] {taskinstance.py:1332} INFO - Marking task as SUCCESS. dag_id=weather_dag, task_id=inject_data_Odesa, execution_date=20230414T000000, start_date=20230414T010840, end_date=20230414T010841
[2023-04-14T01:08:42.045+0000] {local_task_job.py:212} INFO - Task exited with return code 0
[2023-04-14T01:08:42.095+0000] {taskinstance.py:2596} INFO - 0 downstream tasks scheduled from follow-on schedule check
