[2023-04-13T08:30:59.410+0000] {taskinstance.py:1090} INFO - Dependencies all met for dep_context=non-requeueable deps ti=<TaskInstance: weather_dag.retrieve_weather_data manual__2023-04-13T08:30:56.877638+00:00 [queued]>
[2023-04-13T08:30:59.420+0000] {taskinstance.py:1090} INFO - Dependencies all met for dep_context=requeueable deps ti=<TaskInstance: weather_dag.retrieve_weather_data manual__2023-04-13T08:30:56.877638+00:00 [queued]>
[2023-04-13T08:30:59.421+0000] {taskinstance.py:1288} INFO - 
--------------------------------------------------------------------------------
[2023-04-13T08:30:59.423+0000] {taskinstance.py:1289} INFO - Starting attempt 1 of 1
[2023-04-13T08:30:59.424+0000] {taskinstance.py:1290} INFO - 
--------------------------------------------------------------------------------
[2023-04-13T08:30:59.439+0000] {taskinstance.py:1309} INFO - Executing <Task(SimpleHttpOperator): retrieve_weather_data> on 2023-04-13 08:30:56.877638+00:00
[2023-04-13T08:30:59.444+0000] {standard_task_runner.py:55} INFO - Started process 2291 to run task
[2023-04-13T08:30:59.448+0000] {standard_task_runner.py:82} INFO - Running: ['***', 'tasks', 'run', 'weather_dag', 'retrieve_weather_data', 'manual__2023-04-13T08:30:56.877638+00:00', '--job-id', '56', '--raw', '--subdir', 'DAGS_FOLDER/weather_dag.py', '--cfg-path', '/tmp/tmpm5wzs9at']
[2023-04-13T08:30:59.449+0000] {standard_task_runner.py:83} INFO - Job 56: Subtask retrieve_weather_data
[2023-04-13T08:30:59.514+0000] {task_command.py:389} INFO - Running <TaskInstance: weather_dag.retrieve_weather_data manual__2023-04-13T08:30:56.877638+00:00 [running]> on host 0607b07c4f39
[2023-04-13T08:30:59.576+0000] {taskinstance.py:1518} INFO - Exporting the following env vars:
AIRFLOW_CTX_DAG_OWNER=***
AIRFLOW_CTX_DAG_ID=weather_dag
AIRFLOW_CTX_TASK_ID=retrieve_weather_data
AIRFLOW_CTX_EXECUTION_DATE=2023-04-13T08:30:56.877638+00:00
AIRFLOW_CTX_TRY_NUMBER=1
AIRFLOW_CTX_DAG_RUN_ID=manual__2023-04-13T08:30:56.877638+00:00
[2023-04-13T08:30:59.578+0000] {http.py:123} INFO - Calling HTTP method
[2023-04-13T08:30:59.587+0000] {base.py:73} INFO - Using connection ID 'weather_http_api' for task execution.
[2023-04-13T08:30:59.821+0000] {http.py:127} INFO - {"coord":{"lon":24.0232,"lat":49.8383},"weather":[{"id":800,"main":"Clear","description":"clear sky","icon":"01d"}],"base":"stations","main":{"temp":285.14,"feels_like":283.94,"temp_min":285.14,"temp_max":285.14,"pressure":1007,"humidity":59,"sea_level":1007,"grnd_level":973},"visibility":10000,"wind":{"speed":2.58,"deg":270,"gust":3.12},"clouds":{"all":9},"dt":1681374618,"sys":{"country":"UA","sunrise":1681356971,"sunset":1681405948},"timezone":10800,"id":702550,"name":"Lviv","cod":200}
[2023-04-13T08:30:59.846+0000] {taskinstance.py:1332} INFO - Marking task as SUCCESS. dag_id=weather_dag, task_id=retrieve_weather_data, execution_date=20230413T083056, start_date=20230413T083059, end_date=20230413T083059
[2023-04-13T08:30:59.875+0000] {local_task_job.py:212} INFO - Task exited with return code 0
[2023-04-13T08:31:00.899+0000] {taskinstance.py:2596} INFO - 0 downstream tasks scheduled from follow-on schedule check
