[2023-04-13T20:40:50.260+0000] {taskinstance.py:1090} INFO - Dependencies all met for dep_context=non-requeueable deps ti=<TaskInstance: weather_dag.retrieve_weather_data_Odesa manual__2023-04-13T20:40:45.638759+00:00 [queued]>
[2023-04-13T20:40:50.332+0000] {taskinstance.py:1090} INFO - Dependencies all met for dep_context=requeueable deps ti=<TaskInstance: weather_dag.retrieve_weather_data_Odesa manual__2023-04-13T20:40:45.638759+00:00 [queued]>
[2023-04-13T20:40:50.337+0000] {taskinstance.py:1288} INFO - 
--------------------------------------------------------------------------------
[2023-04-13T20:40:50.342+0000] {taskinstance.py:1289} INFO - Starting attempt 1 of 1
[2023-04-13T20:40:50.346+0000] {taskinstance.py:1290} INFO - 
--------------------------------------------------------------------------------
[2023-04-13T20:40:50.425+0000] {taskinstance.py:1309} INFO - Executing <Task(SimpleHttpOperator): retrieve_weather_data_Odesa> on 2023-04-13 20:40:45.638759+00:00
[2023-04-13T20:40:50.458+0000] {standard_task_runner.py:55} INFO - Started process 7224 to run task
[2023-04-13T20:40:50.473+0000] {standard_task_runner.py:82} INFO - Running: ['***', 'tasks', 'run', 'weather_dag', 'retrieve_weather_data_Odesa', 'manual__2023-04-13T20:40:45.638759+00:00', '--job-id', '349', '--raw', '--subdir', 'DAGS_FOLDER/weather_dag.py', '--cfg-path', '/tmp/tmpxrokjvyv']
[2023-04-13T20:40:50.485+0000] {standard_task_runner.py:83} INFO - Job 349: Subtask retrieve_weather_data_Odesa
[2023-04-13T20:40:50.848+0000] {task_command.py:389} INFO - Running <TaskInstance: weather_dag.retrieve_weather_data_Odesa manual__2023-04-13T20:40:45.638759+00:00 [running]> on host ffea11fb791c
[2023-04-13T20:40:51.078+0000] {taskinstance.py:1518} INFO - Exporting the following env vars:
AIRFLOW_CTX_DAG_OWNER=***
AIRFLOW_CTX_DAG_ID=weather_dag
AIRFLOW_CTX_TASK_ID=retrieve_weather_data_Odesa
AIRFLOW_CTX_EXECUTION_DATE=2023-04-13T20:40:45.638759+00:00
AIRFLOW_CTX_TRY_NUMBER=1
AIRFLOW_CTX_DAG_RUN_ID=manual__2023-04-13T20:40:45.638759+00:00
[2023-04-13T20:40:51.089+0000] {http.py:123} INFO - Calling HTTP method
[2023-04-13T20:40:51.146+0000] {base.py:73} INFO - Using connection ID 'weather_http_api' for task execution.
[2023-04-13T20:40:52.425+0000] {http.py:127} INFO - {"coord":{"lon":30.7326,"lat":46.4775},"weather":[{"id":802,"main":"Clouds","description":"scattered clouds","icon":"03n"}],"base":"stations","main":{"temp":282.75,"feels_like":280.93,"temp_min":282.75,"temp_max":282.75,"pressure":1008,"humidity":80,"sea_level":1008,"grnd_level":1002},"visibility":10000,"wind":{"speed":3.46,"deg":296,"gust":4.89},"clouds":{"all":34},"dt":1681418282,"sys":{"country":"UA","sunrise":1681355673,"sunset":1681404026},"timezone":10800,"id":698740,"name":"Odesa","cod":200}
[2023-04-13T20:40:52.470+0000] {taskinstance.py:1332} INFO - Marking task as SUCCESS. dag_id=weather_dag, task_id=retrieve_weather_data_Odesa, execution_date=20230413T204045, start_date=20230413T204050, end_date=20230413T204052
[2023-04-13T20:40:53.592+0000] {local_task_job.py:212} INFO - Task exited with return code 0
[2023-04-13T20:40:54.617+0000] {taskinstance.py:2596} INFO - 1 downstream tasks scheduled from follow-on schedule check
