[2023-04-13T23:45:08.707+0000] {taskinstance.py:1090} INFO - Dependencies all met for dep_context=non-requeueable deps ti=<TaskInstance: weather_dag.inject_data_Odesa scheduled__2023-04-13T22:00:00+00:00 [queued]>
[2023-04-13T23:45:08.753+0000] {taskinstance.py:1090} INFO - Dependencies all met for dep_context=requeueable deps ti=<TaskInstance: weather_dag.inject_data_Odesa scheduled__2023-04-13T22:00:00+00:00 [queued]>
[2023-04-13T23:45:08.755+0000] {taskinstance.py:1288} INFO - 
--------------------------------------------------------------------------------
[2023-04-13T23:45:08.757+0000] {taskinstance.py:1289} INFO - Starting attempt 1 of 1
[2023-04-13T23:45:08.759+0000] {taskinstance.py:1290} INFO - 
--------------------------------------------------------------------------------
[2023-04-13T23:45:08.798+0000] {taskinstance.py:1309} INFO - Executing <Task(SqliteOperator): inject_data_Odesa> on 2023-04-13 22:00:00+00:00
[2023-04-13T23:45:08.823+0000] {standard_task_runner.py:55} INFO - Started process 7422 to run task
[2023-04-13T23:45:08.842+0000] {standard_task_runner.py:82} INFO - Running: ['***', 'tasks', 'run', 'weather_dag', 'inject_data_Odesa', 'scheduled__2023-04-13T22:00:00+00:00', '--job-id', '407', '--raw', '--subdir', 'DAGS_FOLDER/weather_dag.py', '--cfg-path', '/tmp/tmpurn5qt_s']
[2023-04-13T23:45:08.848+0000] {standard_task_runner.py:83} INFO - Job 407: Subtask inject_data_Odesa
[2023-04-13T23:45:09.065+0000] {task_command.py:389} INFO - Running <TaskInstance: weather_dag.inject_data_Odesa scheduled__2023-04-13T22:00:00+00:00 [running]> on host ffea11fb791c
[2023-04-13T23:45:09.287+0000] {taskinstance.py:1518} INFO - Exporting the following env vars:
AIRFLOW_CTX_DAG_OWNER=***
AIRFLOW_CTX_DAG_ID=weather_dag
AIRFLOW_CTX_TASK_ID=inject_data_Odesa
AIRFLOW_CTX_EXECUTION_DATE=2023-04-13T22:00:00+00:00
AIRFLOW_CTX_TRY_NUMBER=1
AIRFLOW_CTX_DAG_RUN_ID=scheduled__2023-04-13T22:00:00+00:00
[2023-04-13T23:45:09.292+0000] {sql.py:254} INFO - Executing: 
                INSERT INTO measures_ext (city, timestamp, temp, humidity, cloudiness, wind_speed) VALUES
                    ("Odesa",
                    1681431284,
                    282.17,
                    83,
                    "broken clouds",
                    3.58);
            
[2023-04-13T23:45:09.315+0000] {base.py:73} INFO - Using connection ID 'measure_db' for task execution.
[2023-04-13T23:45:09.744+0000] {base.py:73} INFO - Using connection ID 'measure_db' for task execution.
[2023-04-13T23:45:09.755+0000] {sql.py:375} INFO - Running statement: 
                INSERT INTO measures_ext (city, timestamp, temp, humidity, cloudiness, wind_speed) VALUES
                    ("Odesa",
                    1681431284,
                    282.17,
                    83,
                    "broken clouds",
                    3.58);
            , parameters: None
[2023-04-13T23:45:09.781+0000] {sql.py:384} INFO - Rows affected: 1
[2023-04-13T23:45:09.822+0000] {taskinstance.py:1332} INFO - Marking task as SUCCESS. dag_id=weather_dag, task_id=inject_data_Odesa, execution_date=20230413T220000, start_date=20230413T234508, end_date=20230413T234509
[2023-04-13T23:45:09.857+0000] {local_task_job.py:212} INFO - Task exited with return code 0
[2023-04-13T23:45:09.891+0000] {taskinstance.py:2596} INFO - 0 downstream tasks scheduled from follow-on schedule check
