[2023-04-13T06:13:36.649+0000] {taskinstance.py:1090} INFO - Dependencies all met for dep_context=non-requeueable deps ti=<TaskInstance: weather_dag.create_table manual__2023-04-13T06:13:34.922433+00:00 [queued]>
[2023-04-13T06:13:36.684+0000] {taskinstance.py:1090} INFO - Dependencies all met for dep_context=requeueable deps ti=<TaskInstance: weather_dag.create_table manual__2023-04-13T06:13:34.922433+00:00 [queued]>
[2023-04-13T06:13:36.686+0000] {taskinstance.py:1288} INFO - 
--------------------------------------------------------------------------------
[2023-04-13T06:13:36.689+0000] {taskinstance.py:1289} INFO - Starting attempt 1 of 1
[2023-04-13T06:13:36.691+0000] {taskinstance.py:1290} INFO - 
--------------------------------------------------------------------------------
[2023-04-13T06:13:36.719+0000] {taskinstance.py:1309} INFO - Executing <Task(SqliteOperator): create_table> on 2023-04-13 06:13:34.922433+00:00
[2023-04-13T06:13:36.730+0000] {standard_task_runner.py:55} INFO - Started process 579 to run task
[2023-04-13T06:13:36.748+0000] {standard_task_runner.py:82} INFO - Running: ['***', 'tasks', 'run', 'weather_dag', 'create_table', 'manual__2023-04-13T06:13:34.922433+00:00', '--job-id', '30', '--raw', '--subdir', 'DAGS_FOLDER/weather_dag.py', '--cfg-path', '/tmp/tmph_ta3rsw']
[2023-04-13T06:13:36.750+0000] {standard_task_runner.py:83} INFO - Job 30: Subtask create_table
[2023-04-13T06:13:36.994+0000] {task_command.py:389} INFO - Running <TaskInstance: weather_dag.create_table manual__2023-04-13T06:13:34.922433+00:00 [running]> on host 0607b07c4f39
[2023-04-13T06:13:37.195+0000] {taskinstance.py:1518} INFO - Exporting the following env vars:
AIRFLOW_CTX_DAG_OWNER=***
AIRFLOW_CTX_DAG_ID=weather_dag
AIRFLOW_CTX_TASK_ID=create_table
AIRFLOW_CTX_EXECUTION_DATE=2023-04-13T06:13:34.922433+00:00
AIRFLOW_CTX_TRY_NUMBER=1
AIRFLOW_CTX_DAG_RUN_ID=manual__2023-04-13T06:13:34.922433+00:00
[2023-04-13T06:13:37.200+0000] {sql.py:254} INFO - Executing: CREATE TABLE IF NOT EXISTS measurments (
                                     execution_time TIMESTAMP NOT NULL,
                                     temperature FLOAT
                                    );
[2023-04-13T06:13:37.225+0000] {base.py:73} INFO - Using connection ID 'measure_db' for task execution.
[2023-04-13T06:13:37.564+0000] {base.py:73} INFO - Using connection ID 'measure_db' for task execution.
[2023-04-13T06:13:38.563+0000] {sql.py:375} INFO - Running statement: CREATE TABLE IF NOT EXISTS measurments (
                                     execution_time TIMESTAMP NOT NULL,
                                     temperature FLOAT
                                    );, parameters: None
[2023-04-13T06:13:38.579+0000] {taskinstance.py:1332} INFO - Marking task as SUCCESS. dag_id=weather_dag, task_id=create_table, execution_date=20230413T061334, start_date=20230413T061336, end_date=20230413T061338
[2023-04-13T06:13:38.619+0000] {local_task_job.py:212} INFO - Task exited with return code 0
[2023-04-13T06:13:38.637+0000] {taskinstance.py:2596} INFO - 0 downstream tasks scheduled from follow-on schedule check
