[2023-04-13T12:14:16.691+0000] {taskinstance.py:1090} INFO - Dependencies all met for dep_context=non-requeueable deps ti=<TaskInstance: weather_dag.inject_data manual__2023-04-13T12:14:09.967399+00:00 [queued]>
[2023-04-13T12:14:16.701+0000] {taskinstance.py:1090} INFO - Dependencies all met for dep_context=requeueable deps ti=<TaskInstance: weather_dag.inject_data manual__2023-04-13T12:14:09.967399+00:00 [queued]>
[2023-04-13T12:14:16.702+0000] {taskinstance.py:1288} INFO - 
--------------------------------------------------------------------------------
[2023-04-13T12:14:16.703+0000] {taskinstance.py:1289} INFO - Starting attempt 1 of 1
[2023-04-13T12:14:16.704+0000] {taskinstance.py:1290} INFO - 
--------------------------------------------------------------------------------
[2023-04-13T12:14:16.718+0000] {taskinstance.py:1309} INFO - Executing <Task(SqliteOperator): inject_data> on 2023-04-13 12:14:09.967399+00:00
[2023-04-13T12:14:16.724+0000] {standard_task_runner.py:55} INFO - Started process 800 to run task
[2023-04-13T12:14:16.728+0000] {standard_task_runner.py:82} INFO - Running: ['***', 'tasks', 'run', 'weather_dag', 'inject_data', 'manual__2023-04-13T12:14:09.967399+00:00', '--job-id', '161', '--raw', '--subdir', 'DAGS_FOLDER/weather_dag.py', '--cfg-path', '/tmp/tmpw9p0st40']
[2023-04-13T12:14:16.730+0000] {standard_task_runner.py:83} INFO - Job 161: Subtask inject_data
[2023-04-13T12:14:16.805+0000] {task_command.py:389} INFO - Running <TaskInstance: weather_dag.inject_data manual__2023-04-13T12:14:09.967399+00:00 [running]> on host ffea11fb791c
[2023-04-13T12:14:16.942+0000] {taskinstance.py:1518} INFO - Exporting the following env vars:
AIRFLOW_CTX_DAG_OWNER=***
AIRFLOW_CTX_DAG_ID=weather_dag
AIRFLOW_CTX_TASK_ID=inject_data
AIRFLOW_CTX_EXECUTION_DATE=2023-04-13T12:14:09.967399+00:00
AIRFLOW_CTX_TRY_NUMBER=1
AIRFLOW_CTX_DAG_RUN_ID=manual__2023-04-13T12:14:09.967399+00:00
[2023-04-13T12:14:16.945+0000] {sql.py:254} INFO - Executing: 
        INSERT INTO measures_ext (timestamp, temp, humidity, cloudiness, wind_speed) VALUES
        (1681387840,
        287.4,
        48,
        "clear sky",
        2.28);
        
[2023-04-13T12:14:16.960+0000] {base.py:73} INFO - Using connection ID 'measure_db' for task execution.
[2023-04-13T12:14:17.160+0000] {base.py:73} INFO - Using connection ID 'measure_db' for task execution.
[2023-04-13T12:14:17.164+0000] {sql.py:375} INFO - Running statement: 
        INSERT INTO measures_ext (timestamp, temp, humidity, cloudiness, wind_speed) VALUES
        (1681387840,
        287.4,
        48,
        "clear sky",
        2.28);
        , parameters: None
[2023-04-13T12:14:17.182+0000] {sql.py:384} INFO - Rows affected: 1
[2023-04-13T12:14:17.209+0000] {taskinstance.py:1332} INFO - Marking task as SUCCESS. dag_id=weather_dag, task_id=inject_data, execution_date=20230413T121409, start_date=20230413T121416, end_date=20230413T121417
[2023-04-13T12:14:17.271+0000] {local_task_job.py:212} INFO - Task exited with return code 0
[2023-04-13T12:14:17.290+0000] {taskinstance.py:2596} INFO - 0 downstream tasks scheduled from follow-on schedule check
