[2023-04-14T02:13:48.047+0000] {taskinstance.py:1090} INFO - Dependencies all met for dep_context=non-requeueable deps ti=<TaskInstance: weather_dag.retrieve_weather_data_Kyiv scheduled__2023-04-14T01:00:00+00:00 [queued]>
[2023-04-14T02:13:48.101+0000] {taskinstance.py:1090} INFO - Dependencies all met for dep_context=requeueable deps ti=<TaskInstance: weather_dag.retrieve_weather_data_Kyiv scheduled__2023-04-14T01:00:00+00:00 [queued]>
[2023-04-14T02:13:48.113+0000] {taskinstance.py:1288} INFO - 
--------------------------------------------------------------------------------
[2023-04-14T02:13:48.115+0000] {taskinstance.py:1289} INFO - Starting attempt 1 of 1
[2023-04-14T02:13:48.117+0000] {taskinstance.py:1290} INFO - 
--------------------------------------------------------------------------------
[2023-04-14T02:13:48.411+0000] {taskinstance.py:1309} INFO - Executing <Task(SimpleHttpOperator): retrieve_weather_data_Kyiv> on 2023-04-14 01:00:00+00:00
[2023-04-14T02:13:48.423+0000] {standard_task_runner.py:55} INFO - Started process 7501 to run task
[2023-04-14T02:13:48.430+0000] {standard_task_runner.py:82} INFO - Running: ['***', 'tasks', 'run', 'weather_dag', 'retrieve_weather_data_Kyiv', 'scheduled__2023-04-14T01:00:00+00:00', '--job-id', '431', '--raw', '--subdir', 'DAGS_FOLDER/weather_dag.py', '--cfg-path', '/tmp/tmprbmt1gfs']
[2023-04-14T02:13:48.433+0000] {standard_task_runner.py:83} INFO - Job 431: Subtask retrieve_weather_data_Kyiv
[2023-04-14T02:13:48.871+0000] {task_command.py:389} INFO - Running <TaskInstance: weather_dag.retrieve_weather_data_Kyiv scheduled__2023-04-14T01:00:00+00:00 [running]> on host ffea11fb791c
[2023-04-14T02:13:49.040+0000] {taskinstance.py:1518} INFO - Exporting the following env vars:
AIRFLOW_CTX_DAG_OWNER=***
AIRFLOW_CTX_DAG_ID=weather_dag
AIRFLOW_CTX_TASK_ID=retrieve_weather_data_Kyiv
AIRFLOW_CTX_EXECUTION_DATE=2023-04-14T01:00:00+00:00
AIRFLOW_CTX_TRY_NUMBER=1
AIRFLOW_CTX_DAG_RUN_ID=scheduled__2023-04-14T01:00:00+00:00
[2023-04-14T02:13:49.047+0000] {http.py:123} INFO - Calling HTTP method
[2023-04-14T02:13:49.074+0000] {base.py:73} INFO - Using connection ID 'weather_http_api' for task execution.
[2023-04-14T02:13:49.806+0000] {http.py:127} INFO - {"coord":{"lon":30.5167,"lat":50.4333},"weather":[{"id":804,"main":"Clouds","description":"overcast clouds","icon":"04n"}],"base":"stations","main":{"temp":281.85,"feels_like":281.85,"temp_min":280.74,"temp_max":281.88,"pressure":996,"humidity":83},"visibility":10000,"wind":{"speed":0.45,"deg":29,"gust":2.24},"clouds":{"all":100},"dt":1681438899,"sys":{"type":2,"id":2003742,"country":"UA","sunrise":1681441629,"sunset":1681490944},"timezone":10800,"id":703448,"name":"Kyiv","cod":200}
[2023-04-14T02:13:49.866+0000] {taskinstance.py:1332} INFO - Marking task as SUCCESS. dag_id=weather_dag, task_id=retrieve_weather_data_Kyiv, execution_date=20230414T010000, start_date=20230414T021348, end_date=20230414T021349
[2023-04-14T02:13:49.940+0000] {local_task_job.py:212} INFO - Task exited with return code 0
[2023-04-14T02:13:54.032+0000] {taskinstance.py:2596} INFO - 0 downstream tasks scheduled from follow-on schedule check
