[2023-04-13T15:47:45.665+0000] {taskinstance.py:1090} INFO - Dependencies all met for dep_context=non-requeueable deps ti=<TaskInstance: weather_dag.create_table manual__2023-04-13T15:47:44.131255+00:00 [queued]>
[2023-04-13T15:47:45.675+0000] {taskinstance.py:1090} INFO - Dependencies all met for dep_context=requeueable deps ti=<TaskInstance: weather_dag.create_table manual__2023-04-13T15:47:44.131255+00:00 [queued]>
[2023-04-13T15:47:45.676+0000] {taskinstance.py:1288} INFO - 
--------------------------------------------------------------------------------
[2023-04-13T15:47:45.677+0000] {taskinstance.py:1289} INFO - Starting attempt 1 of 1
[2023-04-13T15:47:45.678+0000] {taskinstance.py:1290} INFO - 
--------------------------------------------------------------------------------
[2023-04-13T15:47:45.691+0000] {taskinstance.py:1309} INFO - Executing <Task(SqliteOperator): create_table> on 2023-04-13 15:47:44.131255+00:00
[2023-04-13T15:47:45.697+0000] {standard_task_runner.py:55} INFO - Started process 4901 to run task
[2023-04-13T15:47:45.701+0000] {standard_task_runner.py:82} INFO - Running: ['***', 'tasks', 'run', 'weather_dag', 'create_table', 'manual__2023-04-13T15:47:44.131255+00:00', '--job-id', '207', '--raw', '--subdir', 'DAGS_FOLDER/weather_dag.py', '--cfg-path', '/tmp/tmp1wys4_b1']
[2023-04-13T15:47:45.703+0000] {standard_task_runner.py:83} INFO - Job 207: Subtask create_table
[2023-04-13T15:47:45.767+0000] {task_command.py:389} INFO - Running <TaskInstance: weather_dag.create_table manual__2023-04-13T15:47:44.131255+00:00 [running]> on host ffea11fb791c
[2023-04-13T15:47:45.841+0000] {taskinstance.py:1518} INFO - Exporting the following env vars:
AIRFLOW_CTX_DAG_OWNER=***
AIRFLOW_CTX_DAG_ID=weather_dag
AIRFLOW_CTX_TASK_ID=create_table
AIRFLOW_CTX_EXECUTION_DATE=2023-04-13T15:47:44.131255+00:00
AIRFLOW_CTX_TRY_NUMBER=1
AIRFLOW_CTX_DAG_RUN_ID=manual__2023-04-13T15:47:44.131255+00:00
[2023-04-13T15:47:45.843+0000] {sql.py:254} INFO - Executing: CREATE TABLE IF NOT EXISTS measures_ext (
                                         timestamp TIMESTAMP NOT NULL,
                                         temp FLOAT,
                                         humidity INT,
                                         cloudiness VARCHAR(25),
                                         wind_speed FLOAT
                                        );
[2023-04-13T15:47:45.853+0000] {base.py:73} INFO - Using connection ID 'measure_db' for task execution.
[2023-04-13T15:47:45.989+0000] {base.py:73} INFO - Using connection ID 'measure_db' for task execution.
[2023-04-13T15:47:45.995+0000] {sql.py:375} INFO - Running statement: CREATE TABLE IF NOT EXISTS measures_ext (
                                         timestamp TIMESTAMP NOT NULL,
                                         temp FLOAT,
                                         humidity INT,
                                         cloudiness VARCHAR(25),
                                         wind_speed FLOAT
                                        );, parameters: None
[2023-04-13T15:47:46.008+0000] {taskinstance.py:1332} INFO - Marking task as SUCCESS. dag_id=weather_dag, task_id=create_table, execution_date=20230413T154744, start_date=20230413T154745, end_date=20230413T154746
[2023-04-13T15:47:46.037+0000] {local_task_job.py:212} INFO - Task exited with return code 0
[2023-04-13T15:47:46.065+0000] {taskinstance.py:2596} INFO - 1 downstream tasks scheduled from follow-on schedule check
