[2023-04-13T12:13:20.282+0000] {taskinstance.py:1090} INFO - Dependencies all met for dep_context=non-requeueable deps ti=<TaskInstance: weather_dag.transform_data manual__2023-04-13T12:13:15.229356+00:00 [queued]>
[2023-04-13T12:13:20.292+0000] {taskinstance.py:1090} INFO - Dependencies all met for dep_context=requeueable deps ti=<TaskInstance: weather_dag.transform_data manual__2023-04-13T12:13:15.229356+00:00 [queued]>
[2023-04-13T12:13:20.294+0000] {taskinstance.py:1288} INFO - 
--------------------------------------------------------------------------------
[2023-04-13T12:13:20.295+0000] {taskinstance.py:1289} INFO - Starting attempt 1 of 1
[2023-04-13T12:13:20.297+0000] {taskinstance.py:1290} INFO - 
--------------------------------------------------------------------------------
[2023-04-13T12:13:20.310+0000] {taskinstance.py:1309} INFO - Executing <Task(PythonOperator): transform_data> on 2023-04-13 12:13:15.229356+00:00
[2023-04-13T12:13:20.316+0000] {standard_task_runner.py:55} INFO - Started process 766 to run task
[2023-04-13T12:13:20.320+0000] {standard_task_runner.py:82} INFO - Running: ['***', 'tasks', 'run', 'weather_dag', 'transform_data', 'manual__2023-04-13T12:13:15.229356+00:00', '--job-id', '156', '--raw', '--subdir', 'DAGS_FOLDER/weather_dag.py', '--cfg-path', '/tmp/tmp1j87j3pd']
[2023-04-13T12:13:20.322+0000] {standard_task_runner.py:83} INFO - Job 156: Subtask transform_data
[2023-04-13T12:13:20.389+0000] {task_command.py:389} INFO - Running <TaskInstance: weather_dag.transform_data manual__2023-04-13T12:13:15.229356+00:00 [running]> on host ffea11fb791c
[2023-04-13T12:13:20.458+0000] {taskinstance.py:1518} INFO - Exporting the following env vars:
AIRFLOW_CTX_DAG_OWNER=***
AIRFLOW_CTX_DAG_ID=weather_dag
AIRFLOW_CTX_TASK_ID=transform_data
AIRFLOW_CTX_EXECUTION_DATE=2023-04-13T12:13:15.229356+00:00
AIRFLOW_CTX_TRY_NUMBER=1
AIRFLOW_CTX_DAG_RUN_ID=manual__2023-04-13T12:13:15.229356+00:00
[2023-04-13T12:13:20.460+0000] {logging_mixin.py:137} INFO - <TaskInstance: weather_dag.transform_data manual__2023-04-13T12:13:15.229356+00:00 [running]>
[2023-04-13T12:13:20.474+0000] {logging_mixin.py:137} INFO - {'coord': {'lon': 24.0232, 'lat': 49.8383}, 'weather': [{'id': 800, 'main': 'Clear', 'description': 'clear sky', 'icon': '01d'}], 'base': 'stations', 'main': {'temp': 287.4, 'feels_like': 286.13, 'temp_min': 287.4, 'temp_max': 287.4, 'pressure': 1006, 'humidity': 48, 'sea_level': 1006, 'grnd_level': 973}, 'visibility': 10000, 'wind': {'speed': 2.28, 'deg': 266, 'gust': 2.81}, 'clouds': {'all': 7}, 'dt': 1681387840, 'sys': {'country': 'UA', 'sunrise': 1681356971, 'sunset': 1681405948}, 'timezone': 10800, 'id': 702550, 'name': 'Lviv', 'cod': 200}
[2023-04-13T12:13:20.476+0000] {python.py:177} INFO - Done. Returned value was: (1681387840, 287.4, 48, 'clear sky', 2.28)
[2023-04-13T12:13:20.497+0000] {taskinstance.py:1332} INFO - Marking task as SUCCESS. dag_id=weather_dag, task_id=transform_data, execution_date=20230413T121315, start_date=20230413T121320, end_date=20230413T121320
[2023-04-13T12:13:20.533+0000] {local_task_job.py:212} INFO - Task exited with return code 0
[2023-04-13T12:13:20.555+0000] {taskinstance.py:2596} INFO - 1 downstream tasks scheduled from follow-on schedule check
