[2023-04-13T22:39:33.667+0000] {taskinstance.py:1090} INFO - Dependencies all met for dep_context=non-requeueable deps ti=<TaskInstance: weather_dag.inject_data_Zhmerynka scheduled__2023-04-13T21:00:00+00:00 [queued]>
[2023-04-13T22:39:33.682+0000] {taskinstance.py:1090} INFO - Dependencies all met for dep_context=requeueable deps ti=<TaskInstance: weather_dag.inject_data_Zhmerynka scheduled__2023-04-13T21:00:00+00:00 [queued]>
[2023-04-13T22:39:33.684+0000] {taskinstance.py:1288} INFO - 
--------------------------------------------------------------------------------
[2023-04-13T22:39:33.685+0000] {taskinstance.py:1289} INFO - Starting attempt 1 of 1
[2023-04-13T22:39:33.687+0000] {taskinstance.py:1290} INFO - 
--------------------------------------------------------------------------------
[2023-04-13T22:39:33.705+0000] {taskinstance.py:1309} INFO - Executing <Task(SqliteOperator): inject_data_Zhmerynka> on 2023-04-13 21:00:00+00:00
[2023-04-13T22:39:33.713+0000] {standard_task_runner.py:55} INFO - Started process 7382 to run task
[2023-04-13T22:39:33.719+0000] {standard_task_runner.py:82} INFO - Running: ['***', 'tasks', 'run', 'weather_dag', 'inject_data_Zhmerynka', 'scheduled__2023-04-13T21:00:00+00:00', '--job-id', '392', '--raw', '--subdir', 'DAGS_FOLDER/weather_dag.py', '--cfg-path', '/tmp/tmpv3d_y2e2']
[2023-04-13T22:39:33.722+0000] {standard_task_runner.py:83} INFO - Job 392: Subtask inject_data_Zhmerynka
[2023-04-13T22:39:33.814+0000] {task_command.py:389} INFO - Running <TaskInstance: weather_dag.inject_data_Zhmerynka scheduled__2023-04-13T21:00:00+00:00 [running]> on host ffea11fb791c
[2023-04-13T22:39:33.944+0000] {taskinstance.py:1518} INFO - Exporting the following env vars:
AIRFLOW_CTX_DAG_OWNER=***
AIRFLOW_CTX_DAG_ID=weather_dag
AIRFLOW_CTX_TASK_ID=inject_data_Zhmerynka
AIRFLOW_CTX_EXECUTION_DATE=2023-04-13T21:00:00+00:00
AIRFLOW_CTX_TRY_NUMBER=1
AIRFLOW_CTX_DAG_RUN_ID=scheduled__2023-04-13T21:00:00+00:00
[2023-04-13T22:39:33.947+0000] {sql.py:254} INFO - Executing: 
                INSERT INTO measures_ext (city, timestamp, temp, humidity, cloudiness, wind_speed) VALUES
                    ("Zhmerynka",
                    1681426488,
                    281.02,
                    90,
                    "overcast clouds",
                    1.82);
            
[2023-04-13T22:39:33.962+0000] {base.py:73} INFO - Using connection ID 'measure_db' for task execution.
[2023-04-13T22:39:34.187+0000] {base.py:73} INFO - Using connection ID 'measure_db' for task execution.
[2023-04-13T22:39:34.193+0000] {sql.py:375} INFO - Running statement: 
                INSERT INTO measures_ext (city, timestamp, temp, humidity, cloudiness, wind_speed) VALUES
                    ("Zhmerynka",
                    1681426488,
                    281.02,
                    90,
                    "overcast clouds",
                    1.82);
            , parameters: None
[2023-04-13T22:39:34.251+0000] {sql.py:384} INFO - Rows affected: 1
[2023-04-13T22:39:34.284+0000] {taskinstance.py:1332} INFO - Marking task as SUCCESS. dag_id=weather_dag, task_id=inject_data_Zhmerynka, execution_date=20230413T210000, start_date=20230413T223933, end_date=20230413T223934
[2023-04-13T22:39:34.338+0000] {local_task_job.py:212} INFO - Task exited with return code 0
[2023-04-13T22:39:34.365+0000] {taskinstance.py:2596} INFO - 0 downstream tasks scheduled from follow-on schedule check
