[2023-04-13T08:27:10.360+0000] {taskinstance.py:1090} INFO - Dependencies all met for dep_context=non-requeueable deps ti=<TaskInstance: weather_dag.retrieve_weather_data manual__2023-04-13T08:27:08.599792+00:00 [queued]>
[2023-04-13T08:27:10.387+0000] {taskinstance.py:1090} INFO - Dependencies all met for dep_context=requeueable deps ti=<TaskInstance: weather_dag.retrieve_weather_data manual__2023-04-13T08:27:08.599792+00:00 [queued]>
[2023-04-13T08:27:10.389+0000] {taskinstance.py:1288} INFO - 
--------------------------------------------------------------------------------
[2023-04-13T08:27:10.391+0000] {taskinstance.py:1289} INFO - Starting attempt 1 of 1
[2023-04-13T08:27:10.395+0000] {taskinstance.py:1290} INFO - 
--------------------------------------------------------------------------------
[2023-04-13T08:27:10.421+0000] {taskinstance.py:1309} INFO - Executing <Task(SimpleHttpOperator): retrieve_weather_data> on 2023-04-13 08:27:08.599792+00:00
[2023-04-13T08:27:10.429+0000] {standard_task_runner.py:55} INFO - Started process 2193 to run task
[2023-04-13T08:27:10.441+0000] {standard_task_runner.py:82} INFO - Running: ['***', 'tasks', 'run', 'weather_dag', 'retrieve_weather_data', 'manual__2023-04-13T08:27:08.599792+00:00', '--job-id', '48', '--raw', '--subdir', 'DAGS_FOLDER/weather_dag.py', '--cfg-path', '/tmp/tmp4k3zaxon']
[2023-04-13T08:27:10.443+0000] {standard_task_runner.py:83} INFO - Job 48: Subtask retrieve_weather_data
[2023-04-13T08:27:10.760+0000] {task_command.py:389} INFO - Running <TaskInstance: weather_dag.retrieve_weather_data manual__2023-04-13T08:27:08.599792+00:00 [running]> on host 0607b07c4f39
[2023-04-13T08:27:10.922+0000] {taskinstance.py:1518} INFO - Exporting the following env vars:
AIRFLOW_CTX_DAG_OWNER=***
AIRFLOW_CTX_DAG_ID=weather_dag
AIRFLOW_CTX_TASK_ID=retrieve_weather_data
AIRFLOW_CTX_EXECUTION_DATE=2023-04-13T08:27:08.599792+00:00
AIRFLOW_CTX_TRY_NUMBER=1
AIRFLOW_CTX_DAG_RUN_ID=manual__2023-04-13T08:27:08.599792+00:00
[2023-04-13T08:27:10.925+0000] {http.py:123} INFO - Calling HTTP method
[2023-04-13T08:27:10.994+0000] {base.py:73} INFO - Using connection ID 'weather_http_api' for task execution.
[2023-04-13T08:27:11.369+0000] {http.py:127} INFO - {"coord":{"lon":24.0232,"lat":49.8383},"weather":[{"id":801,"main":"Clouds","description":"few clouds","icon":"02d"}],"base":"stations","main":{"temp":284,"feels_like":282.81,"temp_min":284,"temp_max":284,"pressure":1007,"humidity":64,"sea_level":1007,"grnd_level":973},"visibility":10000,"wind":{"speed":2.46,"deg":268,"gust":2.57},"clouds":{"all":12},"dt":1681374194,"sys":{"country":"UA","sunrise":1681356971,"sunset":1681405948},"timezone":10800,"id":702550,"name":"Lviv","cod":200}
[2023-04-13T08:27:11.568+0000] {taskinstance.py:1332} INFO - Marking task as SUCCESS. dag_id=weather_dag, task_id=retrieve_weather_data, execution_date=20230413T082708, start_date=20230413T082710, end_date=20230413T082711
[2023-04-13T08:27:12.488+0000] {local_task_job.py:212} INFO - Task exited with return code 0
[2023-04-13T08:27:12.551+0000] {taskinstance.py:2596} INFO - 0 downstream tasks scheduled from follow-on schedule check
