[2023-04-13T12:13:21.278+0000] {taskinstance.py:1090} INFO - Dependencies all met for dep_context=non-requeueable deps ti=<TaskInstance: weather_dag.inject_data manual__2023-04-13T12:13:15.229356+00:00 [queued]>
[2023-04-13T12:13:21.288+0000] {taskinstance.py:1090} INFO - Dependencies all met for dep_context=requeueable deps ti=<TaskInstance: weather_dag.inject_data manual__2023-04-13T12:13:15.229356+00:00 [queued]>
[2023-04-13T12:13:21.290+0000] {taskinstance.py:1288} INFO - 
--------------------------------------------------------------------------------
[2023-04-13T12:13:21.291+0000] {taskinstance.py:1289} INFO - Starting attempt 1 of 1
[2023-04-13T12:13:21.292+0000] {taskinstance.py:1290} INFO - 
--------------------------------------------------------------------------------
[2023-04-13T12:13:21.305+0000] {taskinstance.py:1309} INFO - Executing <Task(SqliteOperator): inject_data> on 2023-04-13 12:13:15.229356+00:00
[2023-04-13T12:13:21.312+0000] {standard_task_runner.py:55} INFO - Started process 768 to run task
[2023-04-13T12:13:21.316+0000] {standard_task_runner.py:82} INFO - Running: ['***', 'tasks', 'run', 'weather_dag', 'inject_data', 'manual__2023-04-13T12:13:15.229356+00:00', '--job-id', '157', '--raw', '--subdir', 'DAGS_FOLDER/weather_dag.py', '--cfg-path', '/tmp/tmp2dgrpcjm']
[2023-04-13T12:13:21.318+0000] {standard_task_runner.py:83} INFO - Job 157: Subtask inject_data
[2023-04-13T12:13:21.391+0000] {task_command.py:389} INFO - Running <TaskInstance: weather_dag.inject_data manual__2023-04-13T12:13:15.229356+00:00 [running]> on host ffea11fb791c
[2023-04-13T12:13:21.502+0000] {taskinstance.py:1518} INFO - Exporting the following env vars:
AIRFLOW_CTX_DAG_OWNER=***
AIRFLOW_CTX_DAG_ID=weather_dag
AIRFLOW_CTX_TASK_ID=inject_data
AIRFLOW_CTX_EXECUTION_DATE=2023-04-13T12:13:15.229356+00:00
AIRFLOW_CTX_TRY_NUMBER=1
AIRFLOW_CTX_DAG_RUN_ID=manual__2023-04-13T12:13:15.229356+00:00
[2023-04-13T12:13:21.504+0000] {sql.py:254} INFO - Executing: 
        INSERT INTO measures_ext (timestamp, temp, humidity, cloudiness, wind_speed) VALUES
        (1681387840,
        287.4,
        48,
        clear sky,
        2.28);
        
[2023-04-13T12:13:21.515+0000] {base.py:73} INFO - Using connection ID 'measure_db' for task execution.
[2023-04-13T12:13:21.759+0000] {base.py:73} INFO - Using connection ID 'measure_db' for task execution.
[2023-04-13T12:13:21.764+0000] {sql.py:375} INFO - Running statement: 
        INSERT INTO measures_ext (timestamp, temp, humidity, cloudiness, wind_speed) VALUES
        (1681387840,
        287.4,
        48,
        clear sky,
        2.28);
        , parameters: None
[2023-04-13T12:13:21.766+0000] {taskinstance.py:1776} ERROR - Task failed with exception
Traceback (most recent call last):
  File "/home/airflow/.local/lib/python3.7/site-packages/airflow/providers/common/sql/operators/sql.py", line 266, in execute
    **extra_kwargs,
  File "/home/airflow/.local/lib/python3.7/site-packages/airflow/providers/common/sql/hooks/sql.py", line 349, in run
    self._run_command(cur, sql_statement, parameters)
  File "/home/airflow/.local/lib/python3.7/site-packages/airflow/providers/common/sql/hooks/sql.py", line 380, in _run_command
    cur.execute(sql_statement)
sqlite3.OperationalError: near "sky": syntax error
[2023-04-13T12:13:21.776+0000] {taskinstance.py:1332} INFO - Marking task as FAILED. dag_id=weather_dag, task_id=inject_data, execution_date=20230413T121315, start_date=20230413T121321, end_date=20230413T121321
[2023-04-13T12:13:21.788+0000] {standard_task_runner.py:105} ERROR - Failed to execute job 157 for task inject_data (near "sky": syntax error; 768)
[2023-04-13T12:13:21.810+0000] {local_task_job.py:212} INFO - Task exited with return code 1
[2023-04-13T12:13:21.829+0000] {taskinstance.py:2596} INFO - 0 downstream tasks scheduled from follow-on schedule check
