[2023-04-14T01:08:30.956+0000] {taskinstance.py:1090} INFO - Dependencies all met for dep_context=non-requeueable deps ti=<TaskInstance: weather_dag.retrieve_weather_data_Kyiv scheduled__2023-04-14T00:00:00+00:00 [queued]>
[2023-04-14T01:08:30.979+0000] {taskinstance.py:1090} INFO - Dependencies all met for dep_context=requeueable deps ti=<TaskInstance: weather_dag.retrieve_weather_data_Kyiv scheduled__2023-04-14T00:00:00+00:00 [queued]>
[2023-04-14T01:08:30.980+0000] {taskinstance.py:1288} INFO - 
--------------------------------------------------------------------------------
[2023-04-14T01:08:30.982+0000] {taskinstance.py:1289} INFO - Starting attempt 1 of 1
[2023-04-14T01:08:30.987+0000] {taskinstance.py:1290} INFO - 
--------------------------------------------------------------------------------
[2023-04-14T01:08:31.008+0000] {taskinstance.py:1309} INFO - Executing <Task(SimpleHttpOperator): retrieve_weather_data_Kyiv> on 2023-04-14 00:00:00+00:00
[2023-04-14T01:08:31.023+0000] {standard_task_runner.py:55} INFO - Started process 7457 to run task
[2023-04-14T01:08:31.039+0000] {standard_task_runner.py:82} INFO - Running: ['***', 'tasks', 'run', 'weather_dag', 'retrieve_weather_data_Kyiv', 'scheduled__2023-04-14T00:00:00+00:00', '--job-id', '416', '--raw', '--subdir', 'DAGS_FOLDER/weather_dag.py', '--cfg-path', '/tmp/tmpu8w6gkve']
[2023-04-14T01:08:31.042+0000] {standard_task_runner.py:83} INFO - Job 416: Subtask retrieve_weather_data_Kyiv
[2023-04-14T01:08:31.153+0000] {task_command.py:389} INFO - Running <TaskInstance: weather_dag.retrieve_weather_data_Kyiv scheduled__2023-04-14T00:00:00+00:00 [running]> on host ffea11fb791c
[2023-04-14T01:08:31.264+0000] {taskinstance.py:1518} INFO - Exporting the following env vars:
AIRFLOW_CTX_DAG_OWNER=***
AIRFLOW_CTX_DAG_ID=weather_dag
AIRFLOW_CTX_TASK_ID=retrieve_weather_data_Kyiv
AIRFLOW_CTX_EXECUTION_DATE=2023-04-14T00:00:00+00:00
AIRFLOW_CTX_TRY_NUMBER=1
AIRFLOW_CTX_DAG_RUN_ID=scheduled__2023-04-14T00:00:00+00:00
[2023-04-14T01:08:31.270+0000] {http.py:123} INFO - Calling HTTP method
[2023-04-14T01:08:31.291+0000] {base.py:73} INFO - Using connection ID 'weather_http_api' for task execution.
[2023-04-14T01:08:31.522+0000] {http.py:127} INFO - {"coord":{"lon":30.5167,"lat":50.4333},"weather":[{"id":804,"main":"Clouds","description":"overcast clouds","icon":"04n"}],"base":"stations","main":{"temp":282.21,"feels_like":282.21,"temp_min":281.29,"temp_max":282.44,"pressure":995,"humidity":83},"visibility":10000,"wind":{"speed":0.89,"deg":4,"gust":2.24},"clouds":{"all":100},"dt":1681434910,"sys":{"type":2,"id":2003742,"country":"UA","sunrise":1681441629,"sunset":1681490944},"timezone":10800,"id":703448,"name":"Kyiv","cod":200}
[2023-04-14T01:08:32.579+0000] {taskinstance.py:1332} INFO - Marking task as SUCCESS. dag_id=weather_dag, task_id=retrieve_weather_data_Kyiv, execution_date=20230414T000000, start_date=20230414T010830, end_date=20230414T010832
[2023-04-14T01:08:36.827+0000] {local_task_job.py:212} INFO - Task exited with return code 0
[2023-04-14T01:08:36.970+0000] {taskinstance.py:2596} INFO - 1 downstream tasks scheduled from follow-on schedule check
