[2023-04-13T20:02:09.002+0000] {taskinstance.py:1090} INFO - Dependencies all met for dep_context=non-requeueable deps ti=<TaskInstance: weather_dag.retrieve_weather_data_Lviv manual__2023-04-13T20:02:05.426770+00:00 [queued]>
[2023-04-13T20:02:09.015+0000] {taskinstance.py:1090} INFO - Dependencies all met for dep_context=requeueable deps ti=<TaskInstance: weather_dag.retrieve_weather_data_Lviv manual__2023-04-13T20:02:05.426770+00:00 [queued]>
[2023-04-13T20:02:09.017+0000] {taskinstance.py:1288} INFO - 
--------------------------------------------------------------------------------
[2023-04-13T20:02:09.018+0000] {taskinstance.py:1289} INFO - Starting attempt 1 of 1
[2023-04-13T20:02:09.020+0000] {taskinstance.py:1290} INFO - 
--------------------------------------------------------------------------------
[2023-04-13T20:02:09.056+0000] {taskinstance.py:1309} INFO - Executing <Task(SimpleHttpOperator): retrieve_weather_data_Lviv> on 2023-04-13 20:02:05.426770+00:00
[2023-04-13T20:02:09.069+0000] {standard_task_runner.py:55} INFO - Started process 6205 to run task
[2023-04-13T20:02:09.086+0000] {standard_task_runner.py:82} INFO - Running: ['***', 'tasks', 'run', 'weather_dag', 'retrieve_weather_data_Lviv', 'manual__2023-04-13T20:02:05.426770+00:00', '--job-id', '238', '--raw', '--subdir', 'DAGS_FOLDER/weather_dag.py', '--cfg-path', '/tmp/tmpd4gc3bx8']
[2023-04-13T20:02:09.087+0000] {standard_task_runner.py:83} INFO - Job 238: Subtask retrieve_weather_data_Lviv
[2023-04-13T20:02:09.220+0000] {task_command.py:389} INFO - Running <TaskInstance: weather_dag.retrieve_weather_data_Lviv manual__2023-04-13T20:02:05.426770+00:00 [running]> on host ffea11fb791c
[2023-04-13T20:02:09.359+0000] {taskinstance.py:1518} INFO - Exporting the following env vars:
AIRFLOW_CTX_DAG_OWNER=***
AIRFLOW_CTX_DAG_ID=weather_dag
AIRFLOW_CTX_TASK_ID=retrieve_weather_data_Lviv
AIRFLOW_CTX_EXECUTION_DATE=2023-04-13T20:02:05.426770+00:00
AIRFLOW_CTX_TRY_NUMBER=1
AIRFLOW_CTX_DAG_RUN_ID=manual__2023-04-13T20:02:05.426770+00:00
[2023-04-13T20:02:09.362+0000] {http.py:123} INFO - Calling HTTP method
[2023-04-13T20:02:09.380+0000] {base.py:73} INFO - Using connection ID 'weather_http_api' for task execution.
[2023-04-13T20:02:10.584+0000] {http.py:127} INFO - {"coord":{"lon":24.0232,"lat":49.8383},"weather":[{"id":804,"main":"Clouds","description":"overcast clouds","icon":"04n"}],"base":"stations","main":{"temp":283.26,"feels_like":282.15,"temp_min":283.26,"temp_max":283.26,"pressure":1008,"humidity":70,"sea_level":1008,"grnd_level":974},"visibility":10000,"wind":{"speed":0.72,"deg":163,"gust":2.13},"clouds":{"all":97},"dt":1681415803,"sys":{"country":"UA","sunrise":1681356971,"sunset":1681405948},"timezone":10800,"id":702550,"name":"Lviv","cod":200}
[2023-04-13T20:02:10.648+0000] {taskinstance.py:1332} INFO - Marking task as SUCCESS. dag_id=weather_dag, task_id=retrieve_weather_data_Lviv, execution_date=20230413T200205, start_date=20230413T200209, end_date=20230413T200210
[2023-04-13T20:02:11.722+0000] {local_task_job.py:212} INFO - Task exited with return code 0
[2023-04-13T20:02:14.042+0000] {taskinstance.py:2596} INFO - 0 downstream tasks scheduled from follow-on schedule check
