[2023-04-13T20:00:04.633+0000] {taskinstance.py:1090} INFO - Dependencies all met for dep_context=non-requeueable deps ti=<TaskInstance: weather_dag.retrieve_weather_data_Kyiv scheduled__2023-04-13T19:00:00+00:00 [queued]>
[2023-04-13T20:00:04.670+0000] {taskinstance.py:1090} INFO - Dependencies all met for dep_context=requeueable deps ti=<TaskInstance: weather_dag.retrieve_weather_data_Kyiv scheduled__2023-04-13T19:00:00+00:00 [queued]>
[2023-04-13T20:00:04.679+0000] {taskinstance.py:1288} INFO - 
--------------------------------------------------------------------------------
[2023-04-13T20:00:04.681+0000] {taskinstance.py:1289} INFO - Starting attempt 1 of 1
[2023-04-13T20:00:04.683+0000] {taskinstance.py:1290} INFO - 
--------------------------------------------------------------------------------
[2023-04-13T20:00:04.717+0000] {taskinstance.py:1309} INFO - Executing <Task(SimpleHttpOperator): retrieve_weather_data_Kyiv> on 2023-04-13 19:00:00+00:00
[2023-04-13T20:00:04.727+0000] {standard_task_runner.py:55} INFO - Started process 6137 to run task
[2023-04-13T20:00:04.747+0000] {standard_task_runner.py:82} INFO - Running: ['***', 'tasks', 'run', 'weather_dag', 'retrieve_weather_data_Kyiv', 'scheduled__2023-04-13T19:00:00+00:00', '--job-id', '225', '--raw', '--subdir', 'DAGS_FOLDER/weather_dag.py', '--cfg-path', '/tmp/tmpcb74n1pe']
[2023-04-13T20:00:04.751+0000] {standard_task_runner.py:83} INFO - Job 225: Subtask retrieve_weather_data_Kyiv
[2023-04-13T20:00:04.906+0000] {task_command.py:389} INFO - Running <TaskInstance: weather_dag.retrieve_weather_data_Kyiv scheduled__2023-04-13T19:00:00+00:00 [running]> on host ffea11fb791c
[2023-04-13T20:00:05.130+0000] {taskinstance.py:1518} INFO - Exporting the following env vars:
AIRFLOW_CTX_DAG_OWNER=***
AIRFLOW_CTX_DAG_ID=weather_dag
AIRFLOW_CTX_TASK_ID=retrieve_weather_data_Kyiv
AIRFLOW_CTX_EXECUTION_DATE=2023-04-13T19:00:00+00:00
AIRFLOW_CTX_TRY_NUMBER=1
AIRFLOW_CTX_DAG_RUN_ID=scheduled__2023-04-13T19:00:00+00:00
[2023-04-13T20:00:06.110+0000] {http.py:123} INFO - Calling HTTP method
[2023-04-13T20:00:06.139+0000] {base.py:73} INFO - Using connection ID 'weather_http_api' for task execution.
[2023-04-13T20:00:07.373+0000] {http.py:127} INFO - {"coord":{"lon":30.5167,"lat":50.4333},"weather":[{"id":804,"main":"Clouds","description":"overcast clouds","icon":"04n"}],"base":"stations","main":{"temp":283.52,"feels_like":282.75,"temp_min":282.4,"temp_max":283.55,"pressure":995,"humidity":82},"visibility":10000,"wind":{"speed":0.45,"deg":356,"gust":2.24},"clouds":{"all":100},"dt":1681415766,"sys":{"type":2,"id":2003742,"country":"UA","sunrise":1681355355,"sunset":1681404448},"timezone":10800,"id":703448,"name":"Kyiv","cod":200}
[2023-04-13T20:00:08.455+0000] {taskinstance.py:1332} INFO - Marking task as SUCCESS. dag_id=weather_dag, task_id=retrieve_weather_data_Kyiv, execution_date=20230413T190000, start_date=20230413T200004, end_date=20230413T200008
[2023-04-13T20:00:11.021+0000] {local_task_job.py:212} INFO - Task exited with return code 0
[2023-04-13T20:00:11.951+0000] {taskinstance.py:2596} INFO - 1 downstream tasks scheduled from follow-on schedule check
