[2023-04-13T12:00:44.597+0000] {taskinstance.py:1090} INFO - Dependencies all met for dep_context=non-requeueable deps ti=<TaskInstance: weather_dag.transform_data manual__2023-04-13T12:00:39.469039+00:00 [queued]>
[2023-04-13T12:00:44.606+0000] {taskinstance.py:1090} INFO - Dependencies all met for dep_context=requeueable deps ti=<TaskInstance: weather_dag.transform_data manual__2023-04-13T12:00:39.469039+00:00 [queued]>
[2023-04-13T12:00:44.608+0000] {taskinstance.py:1288} INFO - 
--------------------------------------------------------------------------------
[2023-04-13T12:00:44.609+0000] {taskinstance.py:1289} INFO - Starting attempt 1 of 1
[2023-04-13T12:00:44.610+0000] {taskinstance.py:1290} INFO - 
--------------------------------------------------------------------------------
[2023-04-13T12:00:44.623+0000] {taskinstance.py:1309} INFO - Executing <Task(PythonOperator): transform_data> on 2023-04-13 12:00:39.469039+00:00
[2023-04-13T12:00:44.630+0000] {standard_task_runner.py:55} INFO - Started process 464 to run task
[2023-04-13T12:00:44.635+0000] {standard_task_runner.py:82} INFO - Running: ['***', 'tasks', 'run', 'weather_dag', 'transform_data', 'manual__2023-04-13T12:00:39.469039+00:00', '--job-id', '145', '--raw', '--subdir', 'DAGS_FOLDER/weather_dag.py', '--cfg-path', '/tmp/tmpe8hfaabl']
[2023-04-13T12:00:44.637+0000] {standard_task_runner.py:83} INFO - Job 145: Subtask transform_data
[2023-04-13T12:00:44.706+0000] {task_command.py:389} INFO - Running <TaskInstance: weather_dag.transform_data manual__2023-04-13T12:00:39.469039+00:00 [running]> on host ffea11fb791c
[2023-04-13T12:00:44.835+0000] {taskinstance.py:1518} INFO - Exporting the following env vars:
AIRFLOW_CTX_DAG_OWNER=***
AIRFLOW_CTX_DAG_ID=weather_dag
AIRFLOW_CTX_TASK_ID=transform_data
AIRFLOW_CTX_EXECUTION_DATE=2023-04-13T12:00:39.469039+00:00
AIRFLOW_CTX_TRY_NUMBER=1
AIRFLOW_CTX_DAG_RUN_ID=manual__2023-04-13T12:00:39.469039+00:00
[2023-04-13T12:00:44.839+0000] {logging_mixin.py:137} INFO - {'conf': <***.configuration.AirflowConfigParser object at 0xffffb3d9af10>, 'dag': <DAG: weather_dag>, 'dag_run': <DagRun weather_dag @ 2023-04-13 12:00:39.469039+00:00: manual__2023-04-13T12:00:39.469039+00:00, state:running, queued_at: 2023-04-13 12:00:39.478736+00:00. externally triggered: True>, 'data_interval_end': DateTime(2023, 4, 13, 12, 0, 0, tzinfo=Timezone('UTC')), 'data_interval_start': DateTime(2023, 4, 13, 11, 0, 0, tzinfo=Timezone('UTC')), 'ds': '2023-04-13', 'ds_nodash': '20230413', 'execution_date': <Proxy at 0xffffa1917e10 with factory functools.partial(<function lazy_mapping_from_context.<locals>._deprecated_proxy_factory at 0xffffa1996dd0>, 'execution_date', DateTime(2023, 4, 13, 12, 0, 39, 469039, tzinfo=Timezone('UTC')))>, 'expanded_ti_count': None, 'inlets': [], 'logical_date': DateTime(2023, 4, 13, 12, 0, 39, 469039, tzinfo=Timezone('UTC')), 'macros': <module '***.macros' from '/home/***/.local/lib/python3.7/site-packages/***/macros/__init__.py'>, 'next_ds': <Proxy at 0xffffa1917190 with factory functools.partial(<function lazy_mapping_from_context.<locals>._deprecated_proxy_factory at 0xffffa1996dd0>, 'next_ds', '2023-04-13')>, 'next_ds_nodash': <Proxy at 0xffffa19170f0 with factory functools.partial(<function lazy_mapping_from_context.<locals>._deprecated_proxy_factory at 0xffffa1996dd0>, 'next_ds_nodash', '20230413')>, 'next_execution_date': <Proxy at 0xffffa1917140 with factory functools.partial(<function lazy_mapping_from_context.<locals>._deprecated_proxy_factory at 0xffffa1996dd0>, 'next_execution_date', DateTime(2023, 4, 13, 12, 0, 39, 469039, tzinfo=Timezone('UTC')))>, 'outlets': [], 'params': {}, 'prev_data_interval_start_success': DateTime(2023, 4, 13, 11, 0, 0, tzinfo=Timezone('UTC')), 'prev_data_interval_end_success': DateTime(2023, 4, 13, 12, 0, 0, tzinfo=Timezone('UTC')), 'prev_ds': <Proxy at 0xffffa1a54f00 with factory functools.partial(<function lazy_mapping_from_context.<locals>._deprecated_proxy_factory at 0xffffa1996dd0>, 'prev_ds', '2023-04-13')>, 'prev_ds_nodash': <Proxy at 0xffffa1a52320 with factory functools.partial(<function lazy_mapping_from_context.<locals>._deprecated_proxy_factory at 0xffffa1996dd0>, 'prev_ds_nodash', '20230413')>, 'prev_execution_date': <Proxy at 0xffffa1a4b050 with factory functools.partial(<function lazy_mapping_from_context.<locals>._deprecated_proxy_factory at 0xffffa1996dd0>, 'prev_execution_date', DateTime(2023, 4, 13, 12, 0, 39, 469039, tzinfo=Timezone('UTC')))>, 'prev_execution_date_success': <Proxy at 0xffffa1959e10 with factory functools.partial(<function lazy_mapping_from_context.<locals>._deprecated_proxy_factory at 0xffffa1996dd0>, 'prev_execution_date_success', DateTime(2023, 4, 13, 12, 0, 11, 84388, tzinfo=Timezone('UTC')))>, 'prev_start_date_success': DateTime(2023, 4, 13, 12, 0, 12, 158974, tzinfo=Timezone('UTC')), 'run_id': 'manual__2023-04-13T12:00:39.469039+00:00', 'task': <Task(PythonOperator): transform_data>, 'task_instance': <TaskInstance: weather_dag.transform_data manual__2023-04-13T12:00:39.469039+00:00 [running]>, 'task_instance_key_str': 'weather_dag__transform_data__20230413', 'test_mode': False, 'ti': <TaskInstance: weather_dag.transform_data manual__2023-04-13T12:00:39.469039+00:00 [running]>, 'tomorrow_ds': <Proxy at 0xffffa1959eb0 with factory functools.partial(<function lazy_mapping_from_context.<locals>._deprecated_proxy_factory at 0xffffa1996dd0>, 'tomorrow_ds', '2023-04-14')>, 'tomorrow_ds_nodash': <Proxy at 0xffffa1984870 with factory functools.partial(<function lazy_mapping_from_context.<locals>._deprecated_proxy_factory at 0xffffa1996dd0>, 'tomorrow_ds_nodash', '20230414')>, 'triggering_dataset_events': <Proxy at 0xffffa1a41e60 with factory <function TaskInstance.get_template_context.<locals>.get_triggering_events at 0xffffa1a258c0>>, 'ts': '2023-04-13T12:00:39.469039+00:00', 'ts_nodash': '20230413T120039', 'ts_nodash_with_tz': '20230413T120039.469039+0000', 'var': {'json': None, 'value': None}, 'conn': None, 'yesterday_ds': <Proxy at 0xffffa1984780 with factory functools.partial(<function lazy_mapping_from_context.<locals>._deprecated_proxy_factory at 0xffffa1996dd0>, 'yesterday_ds', '2023-04-12')>, 'yesterday_ds_nodash': <Proxy at 0xffffa19844b0 with factory functools.partial(<function lazy_mapping_from_context.<locals>._deprecated_proxy_factory at 0xffffa1996dd0>, 'yesterday_ds_nodash', '20230412')>, 'templates_dict': None}
[2023-04-13T12:00:44.844+0000] {logging_mixin.py:137} INFO - <TaskInstance: weather_dag.transform_data manual__2023-04-13T12:00:39.469039+00:00 [running]>
[2023-04-13T12:00:44.864+0000] {logging_mixin.py:137} INFO - {'coord': {'lon': 24.0232, 'lat': 49.8383}, 'weather': [{'id': 800, 'main': 'Clear', 'description': 'clear sky', 'icon': '01d'}], 'base': 'stations', 'main': {'temp': 287.4, 'feels_like': 286.13, 'temp_min': 287.4, 'temp_max': 287.4, 'pressure': 1006, 'humidity': 48, 'sea_level': 1006, 'grnd_level': 973}, 'visibility': 10000, 'wind': {'speed': 2.28, 'deg': 266, 'gust': 2.81}, 'clouds': {'all': 7}, 'dt': 1681386955, 'sys': {'country': 'UA', 'sunrise': 1681356971, 'sunset': 1681405948}, 'timezone': 10800, 'id': 702550, 'name': 'Lviv', 'cod': 200}
[2023-04-13T12:00:44.866+0000] {python.py:177} INFO - Done. Returned value was: (1681386955, 287.4)
[2023-04-13T12:00:44.897+0000] {taskinstance.py:1332} INFO - Marking task as SUCCESS. dag_id=weather_dag, task_id=transform_data, execution_date=20230413T120039, start_date=20230413T120044, end_date=20230413T120044
[2023-04-13T12:00:44.931+0000] {local_task_job.py:212} INFO - Task exited with return code 0
[2023-04-13T12:00:44.956+0000] {taskinstance.py:2596} INFO - 1 downstream tasks scheduled from follow-on schedule check
