[2023-04-13T13:41:51.844+0000] {taskinstance.py:1090} INFO - Dependencies all met for dep_context=non-requeueable deps ti=<TaskInstance: weather_dag.create_table manual__2023-04-13T13:41:50.254177+00:00 [queued]>
[2023-04-13T13:41:51.862+0000] {taskinstance.py:1090} INFO - Dependencies all met for dep_context=requeueable deps ti=<TaskInstance: weather_dag.create_table manual__2023-04-13T13:41:50.254177+00:00 [queued]>
[2023-04-13T13:41:51.865+0000] {taskinstance.py:1288} INFO - 
--------------------------------------------------------------------------------
[2023-04-13T13:41:51.867+0000] {taskinstance.py:1289} INFO - Starting attempt 1 of 1
[2023-04-13T13:41:51.869+0000] {taskinstance.py:1290} INFO - 
--------------------------------------------------------------------------------
[2023-04-13T13:41:51.891+0000] {taskinstance.py:1309} INFO - Executing <Task(SqliteOperator): create_table> on 2023-04-13 13:41:50.254177+00:00
[2023-04-13T13:41:51.903+0000] {standard_task_runner.py:55} INFO - Started process 1992 to run task
[2023-04-13T13:41:51.913+0000] {standard_task_runner.py:82} INFO - Running: ['***', 'tasks', 'run', 'weather_dag', 'create_table', 'manual__2023-04-13T13:41:50.254177+00:00', '--job-id', '170', '--raw', '--subdir', 'DAGS_FOLDER/weather_dag.py', '--cfg-path', '/tmp/tmp41l08hcz']
[2023-04-13T13:41:51.935+0000] {standard_task_runner.py:83} INFO - Job 170: Subtask create_table
[2023-04-13T13:41:52.040+0000] {task_command.py:389} INFO - Running <TaskInstance: weather_dag.create_table manual__2023-04-13T13:41:50.254177+00:00 [running]> on host ffea11fb791c
[2023-04-13T13:41:52.136+0000] {taskinstance.py:1518} INFO - Exporting the following env vars:
AIRFLOW_CTX_DAG_OWNER=***
AIRFLOW_CTX_DAG_ID=weather_dag
AIRFLOW_CTX_TASK_ID=create_table
AIRFLOW_CTX_EXECUTION_DATE=2023-04-13T13:41:50.254177+00:00
AIRFLOW_CTX_TRY_NUMBER=1
AIRFLOW_CTX_DAG_RUN_ID=manual__2023-04-13T13:41:50.254177+00:00
[2023-04-13T13:41:52.138+0000] {sql.py:254} INFO - Executing: CREATE TABLE IF NOT EXISTS measures_ext (
                                         timestamp TIMESTAMP NOT NULL,
                                         temp FLOAT,
                                         humidity INT,
                                         cloudiness VARCHAR(25),
                                         wind_speed FLOAT
                                        );
[2023-04-13T13:41:52.153+0000] {base.py:73} INFO - Using connection ID 'measure_db' for task execution.
[2023-04-13T13:41:52.349+0000] {base.py:73} INFO - Using connection ID 'measure_db' for task execution.
[2023-04-13T13:41:52.358+0000] {sql.py:375} INFO - Running statement: CREATE TABLE IF NOT EXISTS measures_ext (
                                         timestamp TIMESTAMP NOT NULL,
                                         temp FLOAT,
                                         humidity INT,
                                         cloudiness VARCHAR(25),
                                         wind_speed FLOAT
                                        );, parameters: None
[2023-04-13T13:41:52.374+0000] {taskinstance.py:1332} INFO - Marking task as SUCCESS. dag_id=weather_dag, task_id=create_table, execution_date=20230413T134150, start_date=20230413T134151, end_date=20230413T134152
[2023-04-13T13:41:52.432+0000] {local_task_job.py:212} INFO - Task exited with return code 0
[2023-04-13T13:41:52.459+0000] {taskinstance.py:2596} INFO - 1 downstream tasks scheduled from follow-on schedule check
