[2023-04-13T20:22:38.745+0000] {taskinstance.py:1090} INFO - Dependencies all met for dep_context=non-requeueable deps ti=<TaskInstance: weather_dag.inject_data_Kharkiv manual__2023-04-13T20:22:22.476610+00:00 [queued]>
[2023-04-13T20:22:38.816+0000] {taskinstance.py:1090} INFO - Dependencies all met for dep_context=requeueable deps ti=<TaskInstance: weather_dag.inject_data_Kharkiv manual__2023-04-13T20:22:22.476610+00:00 [queued]>
[2023-04-13T20:22:38.820+0000] {taskinstance.py:1288} INFO - 
--------------------------------------------------------------------------------
[2023-04-13T20:22:38.824+0000] {taskinstance.py:1289} INFO - Starting attempt 1 of 1
[2023-04-13T20:22:38.826+0000] {taskinstance.py:1290} INFO - 
--------------------------------------------------------------------------------
[2023-04-13T20:22:38.935+0000] {taskinstance.py:1309} INFO - Executing <Task(SqliteOperator): inject_data_Kharkiv> on 2023-04-13 20:22:22.476610+00:00
[2023-04-13T20:22:38.947+0000] {standard_task_runner.py:55} INFO - Started process 6786 to run task
[2023-04-13T20:22:38.971+0000] {standard_task_runner.py:82} INFO - Running: ['***', 'tasks', 'run', 'weather_dag', 'inject_data_Kharkiv', 'manual__2023-04-13T20:22:22.476610+00:00', '--job-id', '298', '--raw', '--subdir', 'DAGS_FOLDER/weather_dag.py', '--cfg-path', '/tmp/tmpk_u4s5rk']
[2023-04-13T20:22:38.975+0000] {standard_task_runner.py:83} INFO - Job 298: Subtask inject_data_Kharkiv
[2023-04-13T20:22:39.404+0000] {task_command.py:389} INFO - Running <TaskInstance: weather_dag.inject_data_Kharkiv manual__2023-04-13T20:22:22.476610+00:00 [running]> on host ffea11fb791c
[2023-04-13T20:22:39.778+0000] {taskinstance.py:1518} INFO - Exporting the following env vars:
AIRFLOW_CTX_DAG_OWNER=***
AIRFLOW_CTX_DAG_ID=weather_dag
AIRFLOW_CTX_TASK_ID=inject_data_Kharkiv
AIRFLOW_CTX_EXECUTION_DATE=2023-04-13T20:22:22.476610+00:00
AIRFLOW_CTX_TRY_NUMBER=1
AIRFLOW_CTX_DAG_RUN_ID=manual__2023-04-13T20:22:22.476610+00:00
[2023-04-13T20:22:39.782+0000] {sql.py:254} INFO - Executing: 
                INSERT INTO measures_ext (timestamp, temp, humidity, cloudiness, wind_speed) VALUES
                    (1681416975,
                    282.36,
                    91,
                    "overcast clouds",
                    3.41);
            
[2023-04-13T20:22:39.800+0000] {base.py:73} INFO - Using connection ID 'measure_db' for task execution.
[2023-04-13T20:22:40.169+0000] {base.py:73} INFO - Using connection ID 'measure_db' for task execution.
[2023-04-13T20:22:40.178+0000] {sql.py:375} INFO - Running statement: 
                INSERT INTO measures_ext (timestamp, temp, humidity, cloudiness, wind_speed) VALUES
                    (1681416975,
                    282.36,
                    91,
                    "overcast clouds",
                    3.41);
            , parameters: None
[2023-04-13T20:22:40.246+0000] {sql.py:384} INFO - Rows affected: 1
[2023-04-13T20:22:40.296+0000] {taskinstance.py:1332} INFO - Marking task as SUCCESS. dag_id=weather_dag, task_id=inject_data_Kharkiv, execution_date=20230413T202222, start_date=20230413T202238, end_date=20230413T202240
[2023-04-13T20:22:40.353+0000] {local_task_job.py:212} INFO - Task exited with return code 0
[2023-04-13T20:22:40.418+0000] {taskinstance.py:2596} INFO - 0 downstream tasks scheduled from follow-on schedule check
