[2023-04-13T14:39:36.137+0000] {taskinstance.py:1090} INFO - Dependencies all met for dep_context=non-requeueable deps ti=<TaskInstance: weather_dag.inject_data scheduled__2023-04-13T13:00:00+00:00 [queued]>
[2023-04-13T14:39:36.148+0000] {taskinstance.py:1090} INFO - Dependencies all met for dep_context=requeueable deps ti=<TaskInstance: weather_dag.inject_data scheduled__2023-04-13T13:00:00+00:00 [queued]>
[2023-04-13T14:39:36.149+0000] {taskinstance.py:1288} INFO - 
--------------------------------------------------------------------------------
[2023-04-13T14:39:36.150+0000] {taskinstance.py:1289} INFO - Starting attempt 1 of 1
[2023-04-13T14:39:36.151+0000] {taskinstance.py:1290} INFO - 
--------------------------------------------------------------------------------
[2023-04-13T14:39:36.164+0000] {taskinstance.py:1309} INFO - Executing <Task(SqliteOperator): inject_data> on 2023-04-13 13:00:00+00:00
[2023-04-13T14:39:36.171+0000] {standard_task_runner.py:55} INFO - Started process 3305 to run task
[2023-04-13T14:39:36.174+0000] {standard_task_runner.py:82} INFO - Running: ['***', 'tasks', 'run', 'weather_dag', 'inject_data', 'scheduled__2023-04-13T13:00:00+00:00', '--job-id', '181', '--raw', '--subdir', 'DAGS_FOLDER/weather_dag.py', '--cfg-path', '/tmp/tmpki7hkbeo']
[2023-04-13T14:39:36.176+0000] {standard_task_runner.py:83} INFO - Job 181: Subtask inject_data
[2023-04-13T14:39:36.248+0000] {task_command.py:389} INFO - Running <TaskInstance: weather_dag.inject_data scheduled__2023-04-13T13:00:00+00:00 [running]> on host ffea11fb791c
[2023-04-13T14:39:36.352+0000] {taskinstance.py:1518} INFO - Exporting the following env vars:
AIRFLOW_CTX_DAG_OWNER=***
AIRFLOW_CTX_DAG_ID=weather_dag
AIRFLOW_CTX_TASK_ID=inject_data
AIRFLOW_CTX_EXECUTION_DATE=2023-04-13T13:00:00+00:00
AIRFLOW_CTX_TRY_NUMBER=1
AIRFLOW_CTX_DAG_RUN_ID=scheduled__2023-04-13T13:00:00+00:00
[2023-04-13T14:39:36.354+0000] {sql.py:254} INFO - Executing: 
        INSERT INTO measures_ext (timestamp, temp, humidity, cloudiness, wind_speed) VALUES
        (1681396602,
        287.19,
        49,
        "scattered clouds",
        1.15);
        
[2023-04-13T14:39:36.363+0000] {base.py:73} INFO - Using connection ID 'measure_db' for task execution.
[2023-04-13T14:39:36.541+0000] {base.py:73} INFO - Using connection ID 'measure_db' for task execution.
[2023-04-13T14:39:36.546+0000] {sql.py:375} INFO - Running statement: 
        INSERT INTO measures_ext (timestamp, temp, humidity, cloudiness, wind_speed) VALUES
        (1681396602,
        287.19,
        49,
        "scattered clouds",
        1.15);
        , parameters: None
[2023-04-13T14:39:36.564+0000] {sql.py:384} INFO - Rows affected: 1
[2023-04-13T14:39:36.586+0000] {taskinstance.py:1332} INFO - Marking task as SUCCESS. dag_id=weather_dag, task_id=inject_data, execution_date=20230413T130000, start_date=20230413T143936, end_date=20230413T143936
[2023-04-13T14:39:36.634+0000] {local_task_job.py:212} INFO - Task exited with return code 0
[2023-04-13T14:39:36.652+0000] {taskinstance.py:2596} INFO - 0 downstream tasks scheduled from follow-on schedule check
