[2023-04-14T05:01:28.237+0000] {taskinstance.py:1090} INFO - Dependencies all met for dep_context=non-requeueable deps ti=<TaskInstance: weather_dag.transform_data_Odesa scheduled__2023-04-14T03:00:00+00:00 [queued]>
[2023-04-14T05:01:28.263+0000] {taskinstance.py:1090} INFO - Dependencies all met for dep_context=requeueable deps ti=<TaskInstance: weather_dag.transform_data_Odesa scheduled__2023-04-14T03:00:00+00:00 [queued]>
[2023-04-14T05:01:28.272+0000] {taskinstance.py:1288} INFO - 
--------------------------------------------------------------------------------
[2023-04-14T05:01:28.274+0000] {taskinstance.py:1289} INFO - Starting attempt 1 of 1
[2023-04-14T05:01:28.275+0000] {taskinstance.py:1290} INFO - 
--------------------------------------------------------------------------------
[2023-04-14T05:01:28.329+0000] {taskinstance.py:1309} INFO - Executing <Task(PythonOperator): transform_data_Odesa> on 2023-04-14 03:00:00+00:00
[2023-04-14T05:01:28.351+0000] {standard_task_runner.py:55} INFO - Started process 7597 to run task
[2023-04-14T05:01:28.385+0000] {standard_task_runner.py:82} INFO - Running: ['***', 'tasks', 'run', 'weather_dag', 'transform_data_Odesa', 'scheduled__2023-04-14T03:00:00+00:00', '--job-id', '467', '--raw', '--subdir', 'DAGS_FOLDER/weather_dag.py', '--cfg-path', '/tmp/tmpfzs8ewrt']
[2023-04-14T05:01:28.388+0000] {standard_task_runner.py:83} INFO - Job 467: Subtask transform_data_Odesa
[2023-04-14T05:01:28.731+0000] {task_command.py:389} INFO - Running <TaskInstance: weather_dag.transform_data_Odesa scheduled__2023-04-14T03:00:00+00:00 [running]> on host ffea11fb791c
[2023-04-14T05:01:29.132+0000] {taskinstance.py:1518} INFO - Exporting the following env vars:
AIRFLOW_CTX_DAG_OWNER=***
AIRFLOW_CTX_DAG_ID=weather_dag
AIRFLOW_CTX_TASK_ID=transform_data_Odesa
AIRFLOW_CTX_EXECUTION_DATE=2023-04-14T03:00:00+00:00
AIRFLOW_CTX_TRY_NUMBER=1
AIRFLOW_CTX_DAG_RUN_ID=scheduled__2023-04-14T03:00:00+00:00
[2023-04-14T05:01:29.139+0000] {logging_mixin.py:137} INFO - {'conf': <***.configuration.AirflowConfigParser object at 0xffffb3d9af10>, 'dag': <DAG: weather_dag>, 'dag_run': <DagRun weather_dag @ 2023-04-14 03:00:00+00:00: scheduled__2023-04-14T03:00:00+00:00, state:running, queued_at: 2023-04-14 05:01:06.552812+00:00. externally triggered: False>, 'data_interval_end': DateTime(2023, 4, 14, 4, 0, 0, tzinfo=Timezone('UTC')), 'data_interval_start': DateTime(2023, 4, 14, 3, 0, 0, tzinfo=Timezone('UTC')), 'ds': '2023-04-14', 'ds_nodash': '20230414', 'execution_date': <Proxy at 0xffffa1919780 with factory functools.partial(<function lazy_mapping_from_context.<locals>._deprecated_proxy_factory at 0xffffa191c710>, 'execution_date', DateTime(2023, 4, 14, 3, 0, 0, tzinfo=Timezone('UTC')))>, 'expanded_ti_count': None, 'inlets': [], 'logical_date': DateTime(2023, 4, 14, 3, 0, 0, tzinfo=Timezone('UTC')), 'macros': <module '***.macros' from '/home/***/.local/lib/python3.7/site-packages/***/macros/__init__.py'>, 'next_ds': <Proxy at 0xffffa1919730 with factory functools.partial(<function lazy_mapping_from_context.<locals>._deprecated_proxy_factory at 0xffffa191c710>, 'next_ds', '2023-04-14')>, 'next_ds_nodash': <Proxy at 0xffffa1a56190 with factory functools.partial(<function lazy_mapping_from_context.<locals>._deprecated_proxy_factory at 0xffffa191c710>, 'next_ds_nodash', '20230414')>, 'next_execution_date': <Proxy at 0xffffa1a56280 with factory functools.partial(<function lazy_mapping_from_context.<locals>._deprecated_proxy_factory at 0xffffa191c710>, 'next_execution_date', DateTime(2023, 4, 14, 4, 0, 0, tzinfo=Timezone('UTC')))>, 'outlets': [], 'params': {}, 'prev_data_interval_start_success': DateTime(2023, 4, 14, 1, 0, 0, tzinfo=Timezone('UTC')), 'prev_data_interval_end_success': DateTime(2023, 4, 14, 2, 0, 0, tzinfo=Timezone('UTC')), 'prev_ds': <Proxy at 0xffffa1a51460 with factory functools.partial(<function lazy_mapping_from_context.<locals>._deprecated_proxy_factory at 0xffffa191c710>, 'prev_ds', '2023-04-14')>, 'prev_ds_nodash': <Proxy at 0xffffa1a51e60 with factory functools.partial(<function lazy_mapping_from_context.<locals>._deprecated_proxy_factory at 0xffffa191c710>, 'prev_ds_nodash', '20230414')>, 'prev_execution_date': <Proxy at 0xffffa19598c0 with factory functools.partial(<function lazy_mapping_from_context.<locals>._deprecated_proxy_factory at 0xffffa191c710>, 'prev_execution_date', DateTime(2023, 4, 14, 2, 0, 0, tzinfo=Timezone('UTC')))>, 'prev_execution_date_success': <Proxy at 0xffffa1959d70 with factory functools.partial(<function lazy_mapping_from_context.<locals>._deprecated_proxy_factory at 0xffffa191c710>, 'prev_execution_date_success', DateTime(2023, 4, 14, 1, 0, 0, tzinfo=Timezone('UTC')))>, 'prev_start_date_success': DateTime(2023, 4, 14, 2, 13, 44, 981524, tzinfo=Timezone('UTC')), 'run_id': 'scheduled__2023-04-14T03:00:00+00:00', 'task': <Task(PythonOperator): transform_data_Odesa>, 'task_instance': <TaskInstance: weather_dag.transform_data_Odesa scheduled__2023-04-14T03:00:00+00:00 [running]>, 'task_instance_key_str': 'weather_dag__transform_data_Odesa__20230414', 'test_mode': False, 'ti': <TaskInstance: weather_dag.transform_data_Odesa scheduled__2023-04-14T03:00:00+00:00 [running]>, 'tomorrow_ds': <Proxy at 0xffffa1959820 with factory functools.partial(<function lazy_mapping_from_context.<locals>._deprecated_proxy_factory at 0xffffa191c710>, 'tomorrow_ds', '2023-04-15')>, 'tomorrow_ds_nodash': <Proxy at 0xffffa1987f50 with factory functools.partial(<function lazy_mapping_from_context.<locals>._deprecated_proxy_factory at 0xffffa191c710>, 'tomorrow_ds_nodash', '20230415')>, 'triggering_dataset_events': <Proxy at 0xffffa1a48910 with factory <function TaskInstance.get_template_context.<locals>.get_triggering_events at 0xffffa1958440>>, 'ts': '2023-04-14T03:00:00+00:00', 'ts_nodash': '20230414T030000', 'ts_nodash_with_tz': '20230414T030000+0000', 'var': {'json': None, 'value': None}, 'conn': None, 'yesterday_ds': <Proxy at 0xffffa1987e60 with factory functools.partial(<function lazy_mapping_from_context.<locals>._deprecated_proxy_factory at 0xffffa191c710>, 'yesterday_ds', '2023-04-13')>, 'yesterday_ds_nodash': <Proxy at 0xffffa1987b90 with factory functools.partial(<function lazy_mapping_from_context.<locals>._deprecated_proxy_factory at 0xffffa191c710>, 'yesterday_ds_nodash', '20230413')>, 'templates_dict': None}
[2023-04-14T05:01:29.208+0000] {python.py:177} INFO - Done. Returned value was: (1681448796, 283.16, 79, 'overcast clouds', 2.26)
[2023-04-14T05:01:29.306+0000] {taskinstance.py:1332} INFO - Marking task as SUCCESS. dag_id=weather_dag, task_id=transform_data_Odesa, execution_date=20230414T030000, start_date=20230414T050128, end_date=20230414T050129
[2023-04-14T05:01:29.516+0000] {local_task_job.py:212} INFO - Task exited with return code 0
[2023-04-14T05:01:29.643+0000] {taskinstance.py:2596} INFO - 1 downstream tasks scheduled from follow-on schedule check
