[2023-04-13T19:58:10.363+0000] {taskinstance.py:1090} INFO - Dependencies all met for dep_context=non-requeueable deps ti=<TaskInstance: weather_dag.retrieve_weather_data_Zhmerynka scheduled__2023-04-13T18:00:00+00:00 [queued]>
[2023-04-13T19:58:10.384+0000] {taskinstance.py:1090} INFO - Dependencies all met for dep_context=requeueable deps ti=<TaskInstance: weather_dag.retrieve_weather_data_Zhmerynka scheduled__2023-04-13T18:00:00+00:00 [queued]>
[2023-04-13T19:58:10.386+0000] {taskinstance.py:1288} INFO - 
--------------------------------------------------------------------------------
[2023-04-13T19:58:10.389+0000] {taskinstance.py:1289} INFO - Starting attempt 1 of 1
[2023-04-13T19:58:10.392+0000] {taskinstance.py:1290} INFO - 
--------------------------------------------------------------------------------
[2023-04-13T19:58:10.424+0000] {taskinstance.py:1309} INFO - Executing <Task(SimpleHttpOperator): retrieve_weather_data_Zhmerynka> on 2023-04-13 18:00:00+00:00
[2023-04-13T19:58:10.435+0000] {standard_task_runner.py:55} INFO - Started process 6069 to run task
[2023-04-13T19:58:10.449+0000] {standard_task_runner.py:82} INFO - Running: ['***', 'tasks', 'run', 'weather_dag', 'retrieve_weather_data_Zhmerynka', 'scheduled__2023-04-13T18:00:00+00:00', '--job-id', '215', '--raw', '--subdir', 'DAGS_FOLDER/weather_dag.py', '--cfg-path', '/tmp/tmpj3tce0m5']
[2023-04-13T19:58:10.454+0000] {standard_task_runner.py:83} INFO - Job 215: Subtask retrieve_weather_data_Zhmerynka
[2023-04-13T19:58:10.696+0000] {task_command.py:389} INFO - Running <TaskInstance: weather_dag.retrieve_weather_data_Zhmerynka scheduled__2023-04-13T18:00:00+00:00 [running]> on host ffea11fb791c
[2023-04-13T19:58:10.846+0000] {taskinstance.py:1518} INFO - Exporting the following env vars:
AIRFLOW_CTX_DAG_OWNER=***
AIRFLOW_CTX_DAG_ID=weather_dag
AIRFLOW_CTX_TASK_ID=retrieve_weather_data_Zhmerynka
AIRFLOW_CTX_EXECUTION_DATE=2023-04-13T18:00:00+00:00
AIRFLOW_CTX_TRY_NUMBER=1
AIRFLOW_CTX_DAG_RUN_ID=scheduled__2023-04-13T18:00:00+00:00
[2023-04-13T19:58:10.848+0000] {http.py:123} INFO - Calling HTTP method
[2023-04-13T19:58:10.870+0000] {base.py:73} INFO - Using connection ID 'weather_http_api' for task execution.
[2023-04-13T19:58:13.078+0000] {http.py:127} INFO - {"coord":{"lon":28.112,"lat":49.037},"weather":[{"id":804,"main":"Clouds","description":"overcast clouds","icon":"04n"}],"base":"stations","main":{"temp":281.24,"feels_like":280.5,"temp_min":281.24,"temp_max":281.24,"pressure":1009,"humidity":89,"sea_level":1009,"grnd_level":971},"visibility":10000,"wind":{"speed":1.61,"deg":17,"gust":2.53},"clouds":{"all":100},"dt":1681415891,"sys":{"country":"UA","sunrise":1681356069,"sunset":1681404888},"timezone":10800,"id":687116,"name":"Zhmerynka","cod":200}
[2023-04-13T19:58:13.177+0000] {taskinstance.py:1332} INFO - Marking task as SUCCESS. dag_id=weather_dag, task_id=retrieve_weather_data_Zhmerynka, execution_date=20230413T180000, start_date=20230413T195810, end_date=20230413T195813
[2023-04-13T19:58:14.234+0000] {local_task_job.py:212} INFO - Task exited with return code 0
[2023-04-13T19:58:15.292+0000] {taskinstance.py:2596} INFO - 0 downstream tasks scheduled from follow-on schedule check
