[2023-04-13T20:40:50.755+0000] {taskinstance.py:1090} INFO - Dependencies all met for dep_context=non-requeueable deps ti=<TaskInstance: weather_dag.retrieve_weather_data_Zhmerynka manual__2023-04-13T20:40:45.638759+00:00 [queued]>
[2023-04-13T20:40:50.819+0000] {taskinstance.py:1090} INFO - Dependencies all met for dep_context=requeueable deps ti=<TaskInstance: weather_dag.retrieve_weather_data_Zhmerynka manual__2023-04-13T20:40:45.638759+00:00 [queued]>
[2023-04-13T20:40:50.822+0000] {taskinstance.py:1288} INFO - 
--------------------------------------------------------------------------------
[2023-04-13T20:40:50.824+0000] {taskinstance.py:1289} INFO - Starting attempt 1 of 1
[2023-04-13T20:40:50.827+0000] {taskinstance.py:1290} INFO - 
--------------------------------------------------------------------------------
[2023-04-13T20:40:50.860+0000] {taskinstance.py:1309} INFO - Executing <Task(SimpleHttpOperator): retrieve_weather_data_Zhmerynka> on 2023-04-13 20:40:45.638759+00:00
[2023-04-13T20:40:50.882+0000] {standard_task_runner.py:55} INFO - Started process 7227 to run task
[2023-04-13T20:40:50.906+0000] {standard_task_runner.py:82} INFO - Running: ['***', 'tasks', 'run', 'weather_dag', 'retrieve_weather_data_Zhmerynka', 'manual__2023-04-13T20:40:45.638759+00:00', '--job-id', '353', '--raw', '--subdir', 'DAGS_FOLDER/weather_dag.py', '--cfg-path', '/tmp/tmpwcimzsr6']
[2023-04-13T20:40:50.910+0000] {standard_task_runner.py:83} INFO - Job 353: Subtask retrieve_weather_data_Zhmerynka
[2023-04-13T20:40:51.108+0000] {task_command.py:389} INFO - Running <TaskInstance: weather_dag.retrieve_weather_data_Zhmerynka manual__2023-04-13T20:40:45.638759+00:00 [running]> on host ffea11fb791c
[2023-04-13T20:40:51.356+0000] {taskinstance.py:1518} INFO - Exporting the following env vars:
AIRFLOW_CTX_DAG_OWNER=***
AIRFLOW_CTX_DAG_ID=weather_dag
AIRFLOW_CTX_TASK_ID=retrieve_weather_data_Zhmerynka
AIRFLOW_CTX_EXECUTION_DATE=2023-04-13T20:40:45.638759+00:00
AIRFLOW_CTX_TRY_NUMBER=1
AIRFLOW_CTX_DAG_RUN_ID=manual__2023-04-13T20:40:45.638759+00:00
[2023-04-13T20:40:51.358+0000] {http.py:123} INFO - Calling HTTP method
[2023-04-13T20:40:51.384+0000] {base.py:73} INFO - Using connection ID 'weather_http_api' for task execution.
[2023-04-13T20:40:54.559+0000] {http.py:127} INFO - {"coord":{"lon":28.112,"lat":49.037},"weather":[{"id":804,"main":"Clouds","description":"overcast clouds","icon":"04n"}],"base":"stations","main":{"temp":281.19,"feels_like":280.37,"temp_min":281.19,"temp_max":281.19,"pressure":1009,"humidity":89,"sea_level":1009,"grnd_level":971},"visibility":10000,"wind":{"speed":1.68,"deg":357,"gust":2.28},"clouds":{"all":100},"dt":1681418453,"sys":{"country":"UA","sunrise":1681356069,"sunset":1681404888},"timezone":10800,"id":687116,"name":"Zhmerynka","cod":200}
[2023-04-13T20:40:54.611+0000] {taskinstance.py:1332} INFO - Marking task as SUCCESS. dag_id=weather_dag, task_id=retrieve_weather_data_Zhmerynka, execution_date=20230413T204045, start_date=20230413T204050, end_date=20230413T204054
[2023-04-13T20:40:55.678+0000] {local_task_job.py:212} INFO - Task exited with return code 0
[2023-04-13T20:40:55.726+0000] {taskinstance.py:2596} INFO - 1 downstream tasks scheduled from follow-on schedule check
