[2023-04-14T06:23:21.698+0000] {taskinstance.py:1090} INFO - Dependencies all met for dep_context=non-requeueable deps ti=<TaskInstance: weather_dag.create_table scheduled__2023-04-14T05:00:00+00:00 [queued]>
[2023-04-14T06:23:21.737+0000] {taskinstance.py:1090} INFO - Dependencies all met for dep_context=requeueable deps ti=<TaskInstance: weather_dag.create_table scheduled__2023-04-14T05:00:00+00:00 [queued]>
[2023-04-14T06:23:21.741+0000] {taskinstance.py:1288} INFO - 
--------------------------------------------------------------------------------
[2023-04-14T06:23:21.751+0000] {taskinstance.py:1289} INFO - Starting attempt 1 of 1
[2023-04-14T06:23:21.755+0000] {taskinstance.py:1290} INFO - 
--------------------------------------------------------------------------------
[2023-04-14T06:23:21.806+0000] {taskinstance.py:1309} INFO - Executing <Task(SqliteOperator): create_table> on 2023-04-14 05:00:00+00:00
[2023-04-14T06:23:21.832+0000] {standard_task_runner.py:55} INFO - Started process 7623 to run task
[2023-04-14T06:23:21.846+0000] {standard_task_runner.py:82} INFO - Running: ['***', 'tasks', 'run', 'weather_dag', 'create_table', 'scheduled__2023-04-14T05:00:00+00:00', '--job-id', '473', '--raw', '--subdir', 'DAGS_FOLDER/weather_dag.py', '--cfg-path', '/tmp/tmp_ck81zmo']
[2023-04-14T06:23:21.852+0000] {standard_task_runner.py:83} INFO - Job 473: Subtask create_table
[2023-04-14T06:23:22.461+0000] {task_command.py:389} INFO - Running <TaskInstance: weather_dag.create_table scheduled__2023-04-14T05:00:00+00:00 [running]> on host ffea11fb791c
[2023-04-14T06:23:22.865+0000] {taskinstance.py:1518} INFO - Exporting the following env vars:
AIRFLOW_CTX_DAG_OWNER=***
AIRFLOW_CTX_DAG_ID=weather_dag
AIRFLOW_CTX_TASK_ID=create_table
AIRFLOW_CTX_EXECUTION_DATE=2023-04-14T05:00:00+00:00
AIRFLOW_CTX_TRY_NUMBER=1
AIRFLOW_CTX_DAG_RUN_ID=scheduled__2023-04-14T05:00:00+00:00
[2023-04-14T06:23:22.869+0000] {sql.py:254} INFO - Executing: CREATE TABLE IF NOT EXISTS measures_ext (
                                         city VARCHAR(20) NOT NULL,
                                         timestamp TIMESTAMP NOT NULL,
                                         temp FLOAT,
                                         humidity INT,
                                         cloudiness VARCHAR(25),
                                         wind_speed FLOAT
                                        );
[2023-04-14T06:23:22.890+0000] {base.py:73} INFO - Using connection ID 'measure_db' for task execution.
[2023-04-14T06:23:23.191+0000] {base.py:73} INFO - Using connection ID 'measure_db' for task execution.
[2023-04-14T06:23:23.211+0000] {sql.py:375} INFO - Running statement: CREATE TABLE IF NOT EXISTS measures_ext (
                                         city VARCHAR(20) NOT NULL,
                                         timestamp TIMESTAMP NOT NULL,
                                         temp FLOAT,
                                         humidity INT,
                                         cloudiness VARCHAR(25),
                                         wind_speed FLOAT
                                        );, parameters: None
[2023-04-14T06:23:23.242+0000] {taskinstance.py:1332} INFO - Marking task as SUCCESS. dag_id=weather_dag, task_id=create_table, execution_date=20230414T050000, start_date=20230414T062321, end_date=20230414T062323
[2023-04-14T06:23:23.285+0000] {local_task_job.py:212} INFO - Task exited with return code 0
[2023-04-14T06:23:23.335+0000] {taskinstance.py:2596} INFO - 5 downstream tasks scheduled from follow-on schedule check
