[2023-04-13T08:26:25.592+0000] {taskinstance.py:1090} INFO - Dependencies all met for dep_context=non-requeueable deps ti=<TaskInstance: weather_dag.retrieve_weather_data manual__2023-04-13T08:26:24.079850+00:00 [queued]>
[2023-04-13T08:26:25.608+0000] {taskinstance.py:1090} INFO - Dependencies all met for dep_context=requeueable deps ti=<TaskInstance: weather_dag.retrieve_weather_data manual__2023-04-13T08:26:24.079850+00:00 [queued]>
[2023-04-13T08:26:25.610+0000] {taskinstance.py:1288} INFO - 
--------------------------------------------------------------------------------
[2023-04-13T08:26:25.615+0000] {taskinstance.py:1289} INFO - Starting attempt 1 of 1
[2023-04-13T08:26:25.616+0000] {taskinstance.py:1290} INFO - 
--------------------------------------------------------------------------------
[2023-04-13T08:26:25.639+0000] {taskinstance.py:1309} INFO - Executing <Task(SimpleHttpOperator): retrieve_weather_data> on 2023-04-13 08:26:24.079850+00:00
[2023-04-13T08:26:25.645+0000] {standard_task_runner.py:55} INFO - Started process 2161 to run task
[2023-04-13T08:26:25.656+0000] {standard_task_runner.py:82} INFO - Running: ['***', 'tasks', 'run', 'weather_dag', 'retrieve_weather_data', 'manual__2023-04-13T08:26:24.079850+00:00', '--job-id', '45', '--raw', '--subdir', 'DAGS_FOLDER/weather_dag.py', '--cfg-path', '/tmp/tmphqztdwyp']
[2023-04-13T08:26:25.659+0000] {standard_task_runner.py:83} INFO - Job 45: Subtask retrieve_weather_data
[2023-04-13T08:26:25.779+0000] {task_command.py:389} INFO - Running <TaskInstance: weather_dag.retrieve_weather_data manual__2023-04-13T08:26:24.079850+00:00 [running]> on host 0607b07c4f39
[2023-04-13T08:26:25.942+0000] {taskinstance.py:1518} INFO - Exporting the following env vars:
AIRFLOW_CTX_DAG_OWNER=***
AIRFLOW_CTX_DAG_ID=weather_dag
AIRFLOW_CTX_TASK_ID=retrieve_weather_data
AIRFLOW_CTX_EXECUTION_DATE=2023-04-13T08:26:24.079850+00:00
AIRFLOW_CTX_TRY_NUMBER=1
AIRFLOW_CTX_DAG_RUN_ID=manual__2023-04-13T08:26:24.079850+00:00
[2023-04-13T08:26:25.947+0000] {http.py:123} INFO - Calling HTTP method
[2023-04-13T08:26:25.972+0000] {base.py:73} INFO - Using connection ID 'weather_http_api' for task execution.
[2023-04-13T08:26:26.205+0000] {http.py:127} INFO - {"coord":{"lon":24.0232,"lat":49.8383},"weather":[{"id":801,"main":"Clouds","description":"few clouds","icon":"02d"}],"base":"stations","main":{"temp":284,"feels_like":282.81,"temp_min":284,"temp_max":284,"pressure":1007,"humidity":64,"sea_level":1007,"grnd_level":973},"visibility":10000,"wind":{"speed":2.46,"deg":268,"gust":2.57},"clouds":{"all":12},"dt":1681374194,"sys":{"country":"UA","sunrise":1681356971,"sunset":1681405948},"timezone":10800,"id":702550,"name":"Lviv","cod":200}
[2023-04-13T08:26:26.240+0000] {taskinstance.py:1332} INFO - Marking task as SUCCESS. dag_id=weather_dag, task_id=retrieve_weather_data, execution_date=20230413T082624, start_date=20230413T082625, end_date=20230413T082626
[2023-04-13T08:26:26.271+0000] {local_task_job.py:212} INFO - Task exited with return code 0
[2023-04-13T08:26:27.305+0000] {taskinstance.py:2596} INFO - 0 downstream tasks scheduled from follow-on schedule check
