[2023-04-13T20:19:04.353+0000] {taskinstance.py:1090} INFO - Dependencies all met for dep_context=non-requeueable deps ti=<TaskInstance: weather_dag.retrieve_weather_data_Kharkiv manual__2023-04-13T20:19:01.842128+00:00 [queued]>
[2023-04-13T20:19:04.381+0000] {taskinstance.py:1090} INFO - Dependencies all met for dep_context=requeueable deps ti=<TaskInstance: weather_dag.retrieve_weather_data_Kharkiv manual__2023-04-13T20:19:01.842128+00:00 [queued]>
[2023-04-13T20:19:04.384+0000] {taskinstance.py:1288} INFO - 
--------------------------------------------------------------------------------
[2023-04-13T20:19:04.388+0000] {taskinstance.py:1289} INFO - Starting attempt 1 of 1
[2023-04-13T20:19:04.394+0000] {taskinstance.py:1290} INFO - 
--------------------------------------------------------------------------------
[2023-04-13T20:19:04.423+0000] {taskinstance.py:1309} INFO - Executing <Task(SimpleHttpOperator): retrieve_weather_data_Kharkiv> on 2023-04-13 20:19:01.842128+00:00
[2023-04-13T20:19:04.433+0000] {standard_task_runner.py:55} INFO - Started process 6650 to run task
[2023-04-13T20:19:04.452+0000] {standard_task_runner.py:82} INFO - Running: ['***', 'tasks', 'run', 'weather_dag', 'retrieve_weather_data_Kharkiv', 'manual__2023-04-13T20:19:01.842128+00:00', '--job-id', '270', '--raw', '--subdir', 'DAGS_FOLDER/weather_dag.py', '--cfg-path', '/tmp/tmplivnkfj9']
[2023-04-13T20:19:04.456+0000] {standard_task_runner.py:83} INFO - Job 270: Subtask retrieve_weather_data_Kharkiv
[2023-04-13T20:19:04.640+0000] {task_command.py:389} INFO - Running <TaskInstance: weather_dag.retrieve_weather_data_Kharkiv manual__2023-04-13T20:19:01.842128+00:00 [running]> on host ffea11fb791c
[2023-04-13T20:19:04.823+0000] {taskinstance.py:1518} INFO - Exporting the following env vars:
AIRFLOW_CTX_DAG_OWNER=***
AIRFLOW_CTX_DAG_ID=weather_dag
AIRFLOW_CTX_TASK_ID=retrieve_weather_data_Kharkiv
AIRFLOW_CTX_EXECUTION_DATE=2023-04-13T20:19:01.842128+00:00
AIRFLOW_CTX_TRY_NUMBER=1
AIRFLOW_CTX_DAG_RUN_ID=manual__2023-04-13T20:19:01.842128+00:00
[2023-04-13T20:19:04.826+0000] {http.py:123} INFO - Calling HTTP method
[2023-04-13T20:19:04.846+0000] {base.py:73} INFO - Using connection ID 'weather_http_api' for task execution.
[2023-04-13T20:19:05.090+0000] {http.py:127} INFO - {"coord":{"lon":36.25,"lat":50},"weather":[{"id":804,"main":"Clouds","description":"overcast clouds","icon":"04n"}],"base":"stations","main":{"temp":282.36,"feels_like":280.48,"temp_min":282.36,"temp_max":282.36,"pressure":1003,"humidity":91,"sea_level":1003,"grnd_level":985},"visibility":10000,"wind":{"speed":3.41,"deg":54,"gust":7.3},"clouds":{"all":100},"dt":1681416975,"sys":{"country":"UA","sunrise":1681354025,"sunset":1681403027},"timezone":10800,"id":706483,"name":"Kharkiv","cod":200}
[2023-04-13T20:19:05.150+0000] {taskinstance.py:1332} INFO - Marking task as SUCCESS. dag_id=weather_dag, task_id=retrieve_weather_data_Kharkiv, execution_date=20230413T201901, start_date=20230413T201904, end_date=20230413T201905
[2023-04-13T20:19:07.216+0000] {local_task_job.py:212} INFO - Task exited with return code 0
[2023-04-13T20:19:08.308+0000] {taskinstance.py:2596} INFO - 0 downstream tasks scheduled from follow-on schedule check
