[2023-04-14T05:01:31.112+0000] {taskinstance.py:1090} INFO - Dependencies all met for dep_context=non-requeueable deps ti=<TaskInstance: weather_dag.inject_data_Kharkiv scheduled__2023-04-14T04:00:00+00:00 [queued]>
[2023-04-14T05:01:31.179+0000] {taskinstance.py:1090} INFO - Dependencies all met for dep_context=requeueable deps ti=<TaskInstance: weather_dag.inject_data_Kharkiv scheduled__2023-04-14T04:00:00+00:00 [queued]>
[2023-04-14T05:01:31.183+0000] {taskinstance.py:1288} INFO - 
--------------------------------------------------------------------------------
[2023-04-14T05:01:31.185+0000] {taskinstance.py:1289} INFO - Starting attempt 1 of 1
[2023-04-14T05:01:31.186+0000] {taskinstance.py:1290} INFO - 
--------------------------------------------------------------------------------
[2023-04-14T05:01:31.256+0000] {taskinstance.py:1309} INFO - Executing <Task(SqliteOperator): inject_data_Kharkiv> on 2023-04-14 04:00:00+00:00
[2023-04-14T05:01:31.284+0000] {standard_task_runner.py:55} INFO - Started process 7605 to run task
[2023-04-14T05:01:31.297+0000] {standard_task_runner.py:82} INFO - Running: ['***', 'tasks', 'run', 'weather_dag', 'inject_data_Kharkiv', 'scheduled__2023-04-14T04:00:00+00:00', '--job-id', '469', '--raw', '--subdir', 'DAGS_FOLDER/weather_dag.py', '--cfg-path', '/tmp/tmp0bnjnjdf']
[2023-04-14T05:01:31.301+0000] {standard_task_runner.py:83} INFO - Job 469: Subtask inject_data_Kharkiv
[2023-04-14T05:01:31.515+0000] {task_command.py:389} INFO - Running <TaskInstance: weather_dag.inject_data_Kharkiv scheduled__2023-04-14T04:00:00+00:00 [running]> on host ffea11fb791c
[2023-04-14T05:01:31.923+0000] {taskinstance.py:1518} INFO - Exporting the following env vars:
AIRFLOW_CTX_DAG_OWNER=***
AIRFLOW_CTX_DAG_ID=weather_dag
AIRFLOW_CTX_TASK_ID=inject_data_Kharkiv
AIRFLOW_CTX_EXECUTION_DATE=2023-04-14T04:00:00+00:00
AIRFLOW_CTX_TRY_NUMBER=1
AIRFLOW_CTX_DAG_RUN_ID=scheduled__2023-04-14T04:00:00+00:00
[2023-04-14T05:01:31.930+0000] {sql.py:254} INFO - Executing: 
                INSERT INTO measures_ext (city, timestamp, temp, humidity, cloudiness, wind_speed) VALUES
                    ("Kharkiv",
                    1681449407,
                    281.01,
                    86,
                    "overcast clouds",
                    5.3);
            
[2023-04-14T05:01:31.979+0000] {base.py:73} INFO - Using connection ID 'measure_db' for task execution.
[2023-04-14T05:01:33.021+0000] {base.py:73} INFO - Using connection ID 'measure_db' for task execution.
[2023-04-14T05:01:33.035+0000] {sql.py:375} INFO - Running statement: 
                INSERT INTO measures_ext (city, timestamp, temp, humidity, cloudiness, wind_speed) VALUES
                    ("Kharkiv",
                    1681449407,
                    281.01,
                    86,
                    "overcast clouds",
                    5.3);
            , parameters: None
[2023-04-14T05:01:33.117+0000] {sql.py:384} INFO - Rows affected: 1
[2023-04-14T05:01:33.211+0000] {taskinstance.py:1332} INFO - Marking task as SUCCESS. dag_id=weather_dag, task_id=inject_data_Kharkiv, execution_date=20230414T040000, start_date=20230414T050131, end_date=20230414T050133
[2023-04-14T05:01:33.332+0000] {local_task_job.py:212} INFO - Task exited with return code 0
[2023-04-14T05:01:33.393+0000] {taskinstance.py:2596} INFO - 0 downstream tasks scheduled from follow-on schedule check
