[2023-04-14T02:13:56.454+0000] {taskinstance.py:1090} INFO - Dependencies all met for dep_context=non-requeueable deps ti=<TaskInstance: weather_dag.transform_data_Lviv scheduled__2023-04-14T01:00:00+00:00 [queued]>
[2023-04-14T02:13:56.487+0000] {taskinstance.py:1090} INFO - Dependencies all met for dep_context=requeueable deps ti=<TaskInstance: weather_dag.transform_data_Lviv scheduled__2023-04-14T01:00:00+00:00 [queued]>
[2023-04-14T02:13:56.489+0000] {taskinstance.py:1288} INFO - 
--------------------------------------------------------------------------------
[2023-04-14T02:13:56.490+0000] {taskinstance.py:1289} INFO - Starting attempt 1 of 1
[2023-04-14T02:13:56.492+0000] {taskinstance.py:1290} INFO - 
--------------------------------------------------------------------------------
[2023-04-14T02:13:56.547+0000] {taskinstance.py:1309} INFO - Executing <Task(PythonOperator): transform_data_Lviv> on 2023-04-14 01:00:00+00:00
[2023-04-14T02:13:56.561+0000] {standard_task_runner.py:55} INFO - Started process 7511 to run task
[2023-04-14T02:13:56.580+0000] {standard_task_runner.py:82} INFO - Running: ['***', 'tasks', 'run', 'weather_dag', 'transform_data_Lviv', 'scheduled__2023-04-14T01:00:00+00:00', '--job-id', '436', '--raw', '--subdir', 'DAGS_FOLDER/weather_dag.py', '--cfg-path', '/tmp/tmpo2pa0a3k']
[2023-04-14T02:13:56.585+0000] {standard_task_runner.py:83} INFO - Job 436: Subtask transform_data_Lviv
[2023-04-14T02:13:56.758+0000] {task_command.py:389} INFO - Running <TaskInstance: weather_dag.transform_data_Lviv scheduled__2023-04-14T01:00:00+00:00 [running]> on host ffea11fb791c
[2023-04-14T02:13:56.988+0000] {taskinstance.py:1518} INFO - Exporting the following env vars:
AIRFLOW_CTX_DAG_OWNER=***
AIRFLOW_CTX_DAG_ID=weather_dag
AIRFLOW_CTX_TASK_ID=transform_data_Lviv
AIRFLOW_CTX_EXECUTION_DATE=2023-04-14T01:00:00+00:00
AIRFLOW_CTX_TRY_NUMBER=1
AIRFLOW_CTX_DAG_RUN_ID=scheduled__2023-04-14T01:00:00+00:00
[2023-04-14T02:13:56.996+0000] {logging_mixin.py:137} INFO - {'conf': <***.configuration.AirflowConfigParser object at 0xffffb3d9af10>, 'dag': <DAG: weather_dag>, 'dag_run': <DagRun weather_dag @ 2023-04-14 01:00:00+00:00: scheduled__2023-04-14T01:00:00+00:00, state:running, queued_at: 2023-04-14 02:13:44.911486+00:00. externally triggered: False>, 'data_interval_end': DateTime(2023, 4, 14, 2, 0, 0, tzinfo=Timezone('UTC')), 'data_interval_start': DateTime(2023, 4, 14, 1, 0, 0, tzinfo=Timezone('UTC')), 'ds': '2023-04-14', 'ds_nodash': '20230414', 'execution_date': <Proxy at 0xffffa1996730 with factory functools.partial(<function lazy_mapping_from_context.<locals>._deprecated_proxy_factory at 0xffffa197ee60>, 'execution_date', DateTime(2023, 4, 14, 1, 0, 0, tzinfo=Timezone('UTC')))>, 'expanded_ti_count': None, 'inlets': [], 'logical_date': DateTime(2023, 4, 14, 1, 0, 0, tzinfo=Timezone('UTC')), 'macros': <module '***.macros' from '/home/***/.local/lib/python3.7/site-packages/***/macros/__init__.py'>, 'next_ds': <Proxy at 0xffffa19967d0 with factory functools.partial(<function lazy_mapping_from_context.<locals>._deprecated_proxy_factory at 0xffffa197ee60>, 'next_ds', '2023-04-14')>, 'next_ds_nodash': <Proxy at 0xffffa1996780 with factory functools.partial(<function lazy_mapping_from_context.<locals>._deprecated_proxy_factory at 0xffffa197ee60>, 'next_ds_nodash', '20230414')>, 'next_execution_date': <Proxy at 0xffffa1a552d0 with factory functools.partial(<function lazy_mapping_from_context.<locals>._deprecated_proxy_factory at 0xffffa197ee60>, 'next_execution_date', DateTime(2023, 4, 14, 2, 0, 0, tzinfo=Timezone('UTC')))>, 'outlets': [], 'params': {}, 'prev_data_interval_start_success': DateTime(2023, 4, 13, 22, 0, 0, tzinfo=Timezone('UTC')), 'prev_data_interval_end_success': DateTime(2023, 4, 13, 23, 0, 0, tzinfo=Timezone('UTC')), 'prev_ds': <Proxy at 0xffffa1a4fbe0 with factory functools.partial(<function lazy_mapping_from_context.<locals>._deprecated_proxy_factory at 0xffffa197ee60>, 'prev_ds', '2023-04-14')>, 'prev_ds_nodash': <Proxy at 0xffffa1a501e0 with factory functools.partial(<function lazy_mapping_from_context.<locals>._deprecated_proxy_factory at 0xffffa197ee60>, 'prev_ds_nodash', '20230414')>, 'prev_execution_date': <Proxy at 0xffffa1a50230 with factory functools.partial(<function lazy_mapping_from_context.<locals>._deprecated_proxy_factory at 0xffffa197ee60>, 'prev_execution_date', DateTime(2023, 4, 14, 0, 0, 0, tzinfo=Timezone('UTC')))>, 'prev_execution_date_success': <Proxy at 0xffffa1a50be0 with factory functools.partial(<function lazy_mapping_from_context.<locals>._deprecated_proxy_factory at 0xffffa197ee60>, 'prev_execution_date_success', DateTime(2023, 4, 13, 22, 0, 0, tzinfo=Timezone('UTC')))>, 'prev_start_date_success': DateTime(2023, 4, 13, 23, 44, 52, 928787, tzinfo=Timezone('UTC')), 'run_id': 'scheduled__2023-04-14T01:00:00+00:00', 'task': <Task(PythonOperator): transform_data_Lviv>, 'task_instance': <TaskInstance: weather_dag.transform_data_Lviv scheduled__2023-04-14T01:00:00+00:00 [running]>, 'task_instance_key_str': 'weather_dag__transform_data_Lviv__20230414', 'test_mode': False, 'ti': <TaskInstance: weather_dag.transform_data_Lviv scheduled__2023-04-14T01:00:00+00:00 [running]>, 'tomorrow_ds': <Proxy at 0xffffa1a44140 with factory functools.partial(<function lazy_mapping_from_context.<locals>._deprecated_proxy_factory at 0xffffa197ee60>, 'tomorrow_ds', '2023-04-15')>, 'tomorrow_ds_nodash': <Proxy at 0xffffa1984f50 with factory functools.partial(<function lazy_mapping_from_context.<locals>._deprecated_proxy_factory at 0xffffa197ee60>, 'tomorrow_ds_nodash', '20230415')>, 'triggering_dataset_events': <Proxy at 0xffffa1a440a0 with factory <function TaskInstance.get_template_context.<locals>.get_triggering_events at 0xffffa1a23ef0>>, 'ts': '2023-04-14T01:00:00+00:00', 'ts_nodash': '20230414T010000', 'ts_nodash_with_tz': '20230414T010000+0000', 'var': {'json': None, 'value': None}, 'conn': None, 'yesterday_ds': <Proxy at 0xffffa1984e60 with factory functools.partial(<function lazy_mapping_from_context.<locals>._deprecated_proxy_factory at 0xffffa197ee60>, 'yesterday_ds', '2023-04-13')>, 'yesterday_ds_nodash': <Proxy at 0xffffa1984b90 with factory functools.partial(<function lazy_mapping_from_context.<locals>._deprecated_proxy_factory at 0xffffa197ee60>, 'yesterday_ds_nodash', '20230413')>, 'templates_dict': None}
[2023-04-14T02:13:57.029+0000] {python.py:177} INFO - Done. Returned value was: (1681439415, 280.83, 79, 'broken clouds', 2.13)
[2023-04-14T02:13:57.076+0000] {taskinstance.py:1332} INFO - Marking task as SUCCESS. dag_id=weather_dag, task_id=transform_data_Lviv, execution_date=20230414T010000, start_date=20230414T021356, end_date=20230414T021357
[2023-04-14T02:13:57.149+0000] {local_task_job.py:212} INFO - Task exited with return code 0
[2023-04-14T02:13:57.186+0000] {taskinstance.py:2596} INFO - 0 downstream tasks scheduled from follow-on schedule check
