[2023-04-13T21:17:10.761+0000] {taskinstance.py:1090} INFO - Dependencies all met for dep_context=non-requeueable deps ti=<TaskInstance: weather_dag.retrieve_weather_data_Zhmerynka scheduled__2023-04-13T20:00:00+00:00 [queued]>
[2023-04-13T21:17:10.790+0000] {taskinstance.py:1090} INFO - Dependencies all met for dep_context=requeueable deps ti=<TaskInstance: weather_dag.retrieve_weather_data_Zhmerynka scheduled__2023-04-13T20:00:00+00:00 [queued]>
[2023-04-13T21:17:10.794+0000] {taskinstance.py:1288} INFO - 
--------------------------------------------------------------------------------
[2023-04-13T21:17:10.796+0000] {taskinstance.py:1289} INFO - Starting attempt 1 of 1
[2023-04-13T21:17:10.798+0000] {taskinstance.py:1290} INFO - 
--------------------------------------------------------------------------------
[2023-04-13T21:17:10.827+0000] {taskinstance.py:1309} INFO - Executing <Task(SimpleHttpOperator): retrieve_weather_data_Zhmerynka> on 2023-04-13 20:00:00+00:00
[2023-04-13T21:17:10.845+0000] {standard_task_runner.py:55} INFO - Started process 7319 to run task
[2023-04-13T21:17:10.852+0000] {standard_task_runner.py:82} INFO - Running: ['***', 'tasks', 'run', 'weather_dag', 'retrieve_weather_data_Zhmerynka', 'scheduled__2023-04-13T20:00:00+00:00', '--job-id', '367', '--raw', '--subdir', 'DAGS_FOLDER/weather_dag.py', '--cfg-path', '/tmp/tmp2sz68gqk']
[2023-04-13T21:17:10.857+0000] {standard_task_runner.py:83} INFO - Job 367: Subtask retrieve_weather_data_Zhmerynka
[2023-04-13T21:17:11.289+0000] {task_command.py:389} INFO - Running <TaskInstance: weather_dag.retrieve_weather_data_Zhmerynka scheduled__2023-04-13T20:00:00+00:00 [running]> on host ffea11fb791c
[2023-04-13T21:17:11.541+0000] {taskinstance.py:1518} INFO - Exporting the following env vars:
AIRFLOW_CTX_DAG_OWNER=***
AIRFLOW_CTX_DAG_ID=weather_dag
AIRFLOW_CTX_TASK_ID=retrieve_weather_data_Zhmerynka
AIRFLOW_CTX_EXECUTION_DATE=2023-04-13T20:00:00+00:00
AIRFLOW_CTX_TRY_NUMBER=1
AIRFLOW_CTX_DAG_RUN_ID=scheduled__2023-04-13T20:00:00+00:00
[2023-04-13T21:17:11.544+0000] {http.py:123} INFO - Calling HTTP method
[2023-04-13T21:17:11.574+0000] {base.py:73} INFO - Using connection ID 'weather_http_api' for task execution.
[2023-04-13T21:17:11.818+0000] {http.py:127} INFO - {"coord":{"lon":28.112,"lat":49.037},"weather":[{"id":804,"main":"Clouds","description":"overcast clouds","icon":"04n"}],"base":"stations","main":{"temp":281.13,"feels_like":280.24,"temp_min":281.13,"temp_max":281.13,"pressure":1009,"humidity":89,"sea_level":1009,"grnd_level":971},"visibility":10000,"wind":{"speed":1.74,"deg":339,"gust":2.24},"clouds":{"all":100},"dt":1681421417,"sys":{"country":"UA","sunrise":1681442349,"sunset":1681491378},"timezone":10800,"id":687116,"name":"Zhmerynka","cod":200}
[2023-04-13T21:17:11.861+0000] {taskinstance.py:1332} INFO - Marking task as SUCCESS. dag_id=weather_dag, task_id=retrieve_weather_data_Zhmerynka, execution_date=20230413T200000, start_date=20230413T211710, end_date=20230413T211711
[2023-04-13T21:17:13.937+0000] {local_task_job.py:212} INFO - Task exited with return code 0
[2023-04-13T21:17:16.283+0000] {taskinstance.py:2596} INFO - 0 downstream tasks scheduled from follow-on schedule check
