[2023-04-13T20:29:38.277+0000] {taskinstance.py:1090} INFO - Dependencies all met for dep_context=non-requeueable deps ti=<TaskInstance: weather_dag.retrieve_weather_data_Lviv manual__2023-04-13T20:29:34.713243+00:00 [queued]>
[2023-04-13T20:29:38.303+0000] {taskinstance.py:1090} INFO - Dependencies all met for dep_context=requeueable deps ti=<TaskInstance: weather_dag.retrieve_weather_data_Lviv manual__2023-04-13T20:29:34.713243+00:00 [queued]>
[2023-04-13T20:29:38.304+0000] {taskinstance.py:1288} INFO - 
--------------------------------------------------------------------------------
[2023-04-13T20:29:38.306+0000] {taskinstance.py:1289} INFO - Starting attempt 1 of 1
[2023-04-13T20:29:38.307+0000] {taskinstance.py:1290} INFO - 
--------------------------------------------------------------------------------
[2023-04-13T20:29:38.351+0000] {taskinstance.py:1309} INFO - Executing <Task(SimpleHttpOperator): retrieve_weather_data_Lviv> on 2023-04-13 20:29:34.713243+00:00
[2023-04-13T20:29:38.362+0000] {standard_task_runner.py:55} INFO - Started process 7013 to run task
[2023-04-13T20:29:38.375+0000] {standard_task_runner.py:82} INFO - Running: ['***', 'tasks', 'run', 'weather_dag', 'retrieve_weather_data_Lviv', 'manual__2023-04-13T20:29:34.713243+00:00', '--job-id', '336', '--raw', '--subdir', 'DAGS_FOLDER/weather_dag.py', '--cfg-path', '/tmp/tmp0ev2i12b']
[2023-04-13T20:29:38.386+0000] {standard_task_runner.py:83} INFO - Job 336: Subtask retrieve_weather_data_Lviv
[2023-04-13T20:29:38.516+0000] {task_command.py:389} INFO - Running <TaskInstance: weather_dag.retrieve_weather_data_Lviv manual__2023-04-13T20:29:34.713243+00:00 [running]> on host ffea11fb791c
[2023-04-13T20:29:38.651+0000] {taskinstance.py:1518} INFO - Exporting the following env vars:
AIRFLOW_CTX_DAG_OWNER=***
AIRFLOW_CTX_DAG_ID=weather_dag
AIRFLOW_CTX_TASK_ID=retrieve_weather_data_Lviv
AIRFLOW_CTX_EXECUTION_DATE=2023-04-13T20:29:34.713243+00:00
AIRFLOW_CTX_TRY_NUMBER=1
AIRFLOW_CTX_DAG_RUN_ID=manual__2023-04-13T20:29:34.713243+00:00
[2023-04-13T20:29:38.661+0000] {http.py:123} INFO - Calling HTTP method
[2023-04-13T20:29:38.687+0000] {base.py:73} INFO - Using connection ID 'weather_http_api' for task execution.
[2023-04-13T20:29:39.923+0000] {http.py:127} INFO - {"coord":{"lon":24.0232,"lat":49.8383},"weather":[{"id":804,"main":"Clouds","description":"overcast clouds","icon":"04n"}],"base":"stations","main":{"temp":283.26,"feels_like":282.15,"temp_min":283.26,"temp_max":283.26,"pressure":1008,"humidity":70,"sea_level":1008,"grnd_level":974},"visibility":10000,"wind":{"speed":0.72,"deg":163,"gust":2.13},"clouds":{"all":97},"dt":1681417659,"sys":{"country":"UA","sunrise":1681356971,"sunset":1681405948},"timezone":10800,"id":702550,"name":"Lviv","cod":200}
[2023-04-13T20:29:39.970+0000] {taskinstance.py:1332} INFO - Marking task as SUCCESS. dag_id=weather_dag, task_id=retrieve_weather_data_Lviv, execution_date=20230413T202934, start_date=20230413T202938, end_date=20230413T202939
[2023-04-13T20:29:44.011+0000] {local_task_job.py:212} INFO - Task exited with return code 0
[2023-04-13T20:29:44.164+0000] {taskinstance.py:2596} INFO - 1 downstream tasks scheduled from follow-on schedule check
