[2023-04-14T16:52:34.366+0000] {taskinstance.py:1090} INFO - Dependencies all met for dep_context=non-requeueable deps ti=<TaskInstance: weather_dag.create_table scheduled__2023-04-14T15:00:00+00:00 [queued]>
[2023-04-14T16:52:34.383+0000] {taskinstance.py:1090} INFO - Dependencies all met for dep_context=requeueable deps ti=<TaskInstance: weather_dag.create_table scheduled__2023-04-14T15:00:00+00:00 [queued]>
[2023-04-14T16:52:34.385+0000] {taskinstance.py:1288} INFO - 
--------------------------------------------------------------------------------
[2023-04-14T16:52:34.388+0000] {taskinstance.py:1289} INFO - Starting attempt 1 of 1
[2023-04-14T16:52:34.391+0000] {taskinstance.py:1290} INFO - 
--------------------------------------------------------------------------------
[2023-04-14T16:52:34.415+0000] {taskinstance.py:1309} INFO - Executing <Task(SqliteOperator): create_table> on 2023-04-14 15:00:00+00:00
[2023-04-14T16:52:34.423+0000] {standard_task_runner.py:55} INFO - Started process 15391 to run task
[2023-04-14T16:52:34.429+0000] {standard_task_runner.py:82} INFO - Running: ['***', 'tasks', 'run', 'weather_dag', 'create_table', 'scheduled__2023-04-14T15:00:00+00:00', '--job-id', '550', '--raw', '--subdir', 'DAGS_FOLDER/weather_dag.py', '--cfg-path', '/tmp/tmpprzgr0pd']
[2023-04-14T16:52:34.432+0000] {standard_task_runner.py:83} INFO - Job 550: Subtask create_table
[2023-04-14T16:52:34.527+0000] {task_command.py:389} INFO - Running <TaskInstance: weather_dag.create_table scheduled__2023-04-14T15:00:00+00:00 [running]> on host ffea11fb791c
[2023-04-14T16:52:34.612+0000] {taskinstance.py:1518} INFO - Exporting the following env vars:
AIRFLOW_CTX_DAG_OWNER=***
AIRFLOW_CTX_DAG_ID=weather_dag
AIRFLOW_CTX_TASK_ID=create_table
AIRFLOW_CTX_EXECUTION_DATE=2023-04-14T15:00:00+00:00
AIRFLOW_CTX_TRY_NUMBER=1
AIRFLOW_CTX_DAG_RUN_ID=scheduled__2023-04-14T15:00:00+00:00
[2023-04-14T16:52:34.615+0000] {sql.py:254} INFO - Executing: CREATE TABLE IF NOT EXISTS measures_ext (
                                         city VARCHAR(20) NOT NULL,
                                         timestamp TIMESTAMP NOT NULL,
                                         temp FLOAT,
                                         humidity INT,
                                         cloudiness VARCHAR(25),
                                         wind_speed FLOAT
                                        );
[2023-04-14T16:52:34.626+0000] {base.py:73} INFO - Using connection ID 'measure_db' for task execution.
[2023-04-14T16:52:34.823+0000] {base.py:73} INFO - Using connection ID 'measure_db' for task execution.
[2023-04-14T16:52:34.830+0000] {sql.py:375} INFO - Running statement: CREATE TABLE IF NOT EXISTS measures_ext (
                                         city VARCHAR(20) NOT NULL,
                                         timestamp TIMESTAMP NOT NULL,
                                         temp FLOAT,
                                         humidity INT,
                                         cloudiness VARCHAR(25),
                                         wind_speed FLOAT
                                        );, parameters: None
[2023-04-14T16:52:34.850+0000] {taskinstance.py:1332} INFO - Marking task as SUCCESS. dag_id=weather_dag, task_id=create_table, execution_date=20230414T150000, start_date=20230414T165234, end_date=20230414T165234
[2023-04-14T16:52:34.899+0000] {local_task_job.py:212} INFO - Task exited with return code 0
[2023-04-14T16:52:34.949+0000] {taskinstance.py:2596} INFO - 5 downstream tasks scheduled from follow-on schedule check
