[2023-04-13T11:31:19.674+0000] {taskinstance.py:1090} INFO - Dependencies all met for dep_context=non-requeueable deps ti=<TaskInstance: weather_dag.inject_data manual__2023-04-13T11:31:12.968718+00:00 [queued]>
[2023-04-13T11:31:19.686+0000] {taskinstance.py:1090} INFO - Dependencies all met for dep_context=requeueable deps ti=<TaskInstance: weather_dag.inject_data manual__2023-04-13T11:31:12.968718+00:00 [queued]>
[2023-04-13T11:31:19.688+0000] {taskinstance.py:1288} INFO - 
--------------------------------------------------------------------------------
[2023-04-13T11:31:19.690+0000] {taskinstance.py:1289} INFO - Starting attempt 1 of 1
[2023-04-13T11:31:19.692+0000] {taskinstance.py:1290} INFO - 
--------------------------------------------------------------------------------
[2023-04-13T11:31:19.708+0000] {taskinstance.py:1309} INFO - Executing <Task(SqliteOperator): inject_data> on 2023-04-13 11:31:12.968718+00:00
[2023-04-13T11:31:19.714+0000] {standard_task_runner.py:55} INFO - Started process 3047 to run task
[2023-04-13T11:31:19.720+0000] {standard_task_runner.py:82} INFO - Running: ['***', 'tasks', 'run', 'weather_dag', 'inject_data', 'manual__2023-04-13T11:31:12.968718+00:00', '--job-id', '73', '--raw', '--subdir', 'DAGS_FOLDER/weather_dag.py', '--cfg-path', '/tmp/tmpc88v3d6w']
[2023-04-13T11:31:19.723+0000] {standard_task_runner.py:83} INFO - Job 73: Subtask inject_data
[2023-04-13T11:31:19.801+0000] {task_command.py:389} INFO - Running <TaskInstance: weather_dag.inject_data manual__2023-04-13T11:31:12.968718+00:00 [running]> on host 0607b07c4f39
[2023-04-13T11:31:19.903+0000] {taskinstance.py:1518} INFO - Exporting the following env vars:
AIRFLOW_CTX_DAG_OWNER=***
AIRFLOW_CTX_DAG_ID=weather_dag
AIRFLOW_CTX_TASK_ID=inject_data
AIRFLOW_CTX_EXECUTION_DATE=2023-04-13T11:31:12.968718+00:00
AIRFLOW_CTX_TRY_NUMBER=1
AIRFLOW_CTX_DAG_RUN_ID=manual__2023-04-13T11:31:12.968718+00:00
[2023-04-13T11:31:19.906+0000] {sql.py:254} INFO - Executing: 
        INSERT INTO measures (timestamp, temp) VALUES
        (1681385281,
        286.84);
        
[2023-04-13T11:31:19.919+0000] {base.py:73} INFO - Using connection ID 'measure_db' for task execution.
[2023-04-13T11:31:20.102+0000] {base.py:73} INFO - Using connection ID 'measure_db' for task execution.
[2023-04-13T11:31:20.106+0000] {sql.py:375} INFO - Running statement: 
        INSERT INTO measures (timestamp, temp) VALUES
        (1681385281,
        286.84);
        , parameters: None
[2023-04-13T11:31:20.108+0000] {taskinstance.py:1776} ERROR - Task failed with exception
Traceback (most recent call last):
  File "/home/airflow/.local/lib/python3.7/site-packages/airflow/providers/common/sql/operators/sql.py", line 266, in execute
    **extra_kwargs,
  File "/home/airflow/.local/lib/python3.7/site-packages/airflow/providers/common/sql/hooks/sql.py", line 349, in run
    self._run_command(cur, sql_statement, parameters)
  File "/home/airflow/.local/lib/python3.7/site-packages/airflow/providers/common/sql/hooks/sql.py", line 380, in _run_command
    cur.execute(sql_statement)
sqlite3.OperationalError: no such table: measures
[2023-04-13T11:31:20.120+0000] {taskinstance.py:1332} INFO - Marking task as FAILED. dag_id=weather_dag, task_id=inject_data, execution_date=20230413T113112, start_date=20230413T113119, end_date=20230413T113120
[2023-04-13T11:31:20.134+0000] {standard_task_runner.py:105} ERROR - Failed to execute job 73 for task inject_data (no such table: measures; 3047)
[2023-04-13T11:31:20.180+0000] {local_task_job.py:212} INFO - Task exited with return code 1
[2023-04-13T11:31:20.200+0000] {taskinstance.py:2596} INFO - 0 downstream tasks scheduled from follow-on schedule check
