[2023-04-13T22:39:33.667+0000] {taskinstance.py:1090} INFO - Dependencies all met for dep_context=non-requeueable deps ti=<TaskInstance: weather_dag.inject_data_Kyiv scheduled__2023-04-13T21:00:00+00:00 [queued]>
[2023-04-13T22:39:33.682+0000] {taskinstance.py:1090} INFO - Dependencies all met for dep_context=requeueable deps ti=<TaskInstance: weather_dag.inject_data_Kyiv scheduled__2023-04-13T21:00:00+00:00 [queued]>
[2023-04-13T22:39:33.683+0000] {taskinstance.py:1288} INFO - 
--------------------------------------------------------------------------------
[2023-04-13T22:39:33.685+0000] {taskinstance.py:1289} INFO - Starting attempt 1 of 1
[2023-04-13T22:39:33.687+0000] {taskinstance.py:1290} INFO - 
--------------------------------------------------------------------------------
[2023-04-13T22:39:33.705+0000] {taskinstance.py:1309} INFO - Executing <Task(SqliteOperator): inject_data_Kyiv> on 2023-04-13 21:00:00+00:00
[2023-04-13T22:39:33.713+0000] {standard_task_runner.py:55} INFO - Started process 7381 to run task
[2023-04-13T22:39:33.720+0000] {standard_task_runner.py:82} INFO - Running: ['***', 'tasks', 'run', 'weather_dag', 'inject_data_Kyiv', 'scheduled__2023-04-13T21:00:00+00:00', '--job-id', '393', '--raw', '--subdir', 'DAGS_FOLDER/weather_dag.py', '--cfg-path', '/tmp/tmp1dst8i21']
[2023-04-13T22:39:33.723+0000] {standard_task_runner.py:83} INFO - Job 393: Subtask inject_data_Kyiv
[2023-04-13T22:39:33.815+0000] {task_command.py:389} INFO - Running <TaskInstance: weather_dag.inject_data_Kyiv scheduled__2023-04-13T21:00:00+00:00 [running]> on host ffea11fb791c
[2023-04-13T22:39:33.946+0000] {taskinstance.py:1518} INFO - Exporting the following env vars:
AIRFLOW_CTX_DAG_OWNER=***
AIRFLOW_CTX_DAG_ID=weather_dag
AIRFLOW_CTX_TASK_ID=inject_data_Kyiv
AIRFLOW_CTX_EXECUTION_DATE=2023-04-13T21:00:00+00:00
AIRFLOW_CTX_TRY_NUMBER=1
AIRFLOW_CTX_DAG_RUN_ID=scheduled__2023-04-13T21:00:00+00:00
[2023-04-13T22:39:33.949+0000] {sql.py:254} INFO - Executing: 
                INSERT INTO measures_ext (city, timestamp, temp, humidity, cloudiness, wind_speed) VALUES
                    ("Kyiv",
                    1681425891,
                    282.96,
                    83,
                    "overcast clouds",
                    0.89);
            
[2023-04-13T22:39:33.962+0000] {base.py:73} INFO - Using connection ID 'measure_db' for task execution.
[2023-04-13T22:39:34.186+0000] {base.py:73} INFO - Using connection ID 'measure_db' for task execution.
[2023-04-13T22:39:34.193+0000] {sql.py:375} INFO - Running statement: 
                INSERT INTO measures_ext (city, timestamp, temp, humidity, cloudiness, wind_speed) VALUES
                    ("Kyiv",
                    1681425891,
                    282.96,
                    83,
                    "overcast clouds",
                    0.89);
            , parameters: None
[2023-04-13T22:39:34.212+0000] {sql.py:384} INFO - Rows affected: 1
[2023-04-13T22:39:34.250+0000] {taskinstance.py:1332} INFO - Marking task as SUCCESS. dag_id=weather_dag, task_id=inject_data_Kyiv, execution_date=20230413T210000, start_date=20230413T223933, end_date=20230413T223934
[2023-04-13T22:39:34.298+0000] {local_task_job.py:212} INFO - Task exited with return code 0
[2023-04-13T22:39:34.320+0000] {taskinstance.py:2596} INFO - 0 downstream tasks scheduled from follow-on schedule check
