[2023-04-14T02:13:47.830+0000] {taskinstance.py:1090} INFO - Dependencies all met for dep_context=non-requeueable deps ti=<TaskInstance: weather_dag.retrieve_weather_data_Kharkiv scheduled__2023-04-14T01:00:00+00:00 [queued]>
[2023-04-14T02:13:47.877+0000] {taskinstance.py:1090} INFO - Dependencies all met for dep_context=requeueable deps ti=<TaskInstance: weather_dag.retrieve_weather_data_Kharkiv scheduled__2023-04-14T01:00:00+00:00 [queued]>
[2023-04-14T02:13:47.881+0000] {taskinstance.py:1288} INFO - 
--------------------------------------------------------------------------------
[2023-04-14T02:13:47.893+0000] {taskinstance.py:1289} INFO - Starting attempt 1 of 1
[2023-04-14T02:13:47.896+0000] {taskinstance.py:1290} INFO - 
--------------------------------------------------------------------------------
[2023-04-14T02:13:47.959+0000] {taskinstance.py:1309} INFO - Executing <Task(SimpleHttpOperator): retrieve_weather_data_Kharkiv> on 2023-04-14 01:00:00+00:00
[2023-04-14T02:13:47.981+0000] {standard_task_runner.py:55} INFO - Started process 7499 to run task
[2023-04-14T02:13:48.004+0000] {standard_task_runner.py:82} INFO - Running: ['***', 'tasks', 'run', 'weather_dag', 'retrieve_weather_data_Kharkiv', 'scheduled__2023-04-14T01:00:00+00:00', '--job-id', '429', '--raw', '--subdir', 'DAGS_FOLDER/weather_dag.py', '--cfg-path', '/tmp/tmpyhss6_r4']
[2023-04-14T02:13:48.007+0000] {standard_task_runner.py:83} INFO - Job 429: Subtask retrieve_weather_data_Kharkiv
[2023-04-14T02:13:48.434+0000] {task_command.py:389} INFO - Running <TaskInstance: weather_dag.retrieve_weather_data_Kharkiv scheduled__2023-04-14T01:00:00+00:00 [running]> on host ffea11fb791c
[2023-04-14T02:13:48.735+0000] {taskinstance.py:1518} INFO - Exporting the following env vars:
AIRFLOW_CTX_DAG_OWNER=***
AIRFLOW_CTX_DAG_ID=weather_dag
AIRFLOW_CTX_TASK_ID=retrieve_weather_data_Kharkiv
AIRFLOW_CTX_EXECUTION_DATE=2023-04-14T01:00:00+00:00
AIRFLOW_CTX_TRY_NUMBER=1
AIRFLOW_CTX_DAG_RUN_ID=scheduled__2023-04-14T01:00:00+00:00
[2023-04-14T02:13:48.739+0000] {http.py:123} INFO - Calling HTTP method
[2023-04-14T02:13:48.774+0000] {base.py:73} INFO - Using connection ID 'weather_http_api' for task execution.
[2023-04-14T02:13:49.805+0000] {http.py:127} INFO - {"coord":{"lon":36.25,"lat":50},"weather":[{"id":500,"main":"Rain","description":"light rain","icon":"10n"}],"base":"stations","main":{"temp":281.22,"feels_like":278.74,"temp_min":281.22,"temp_max":281.22,"pressure":1004,"humidity":89,"sea_level":1004,"grnd_level":986},"visibility":10000,"wind":{"speed":4.08,"deg":20,"gust":7.91},"rain":{"1h":0.1},"clouds":{"all":100},"dt":1681439151,"sys":{"country":"UA","sunrise":1681440301,"sunset":1681489521},"timezone":10800,"id":706483,"name":"Kharkiv","cod":200}
[2023-04-14T02:13:49.856+0000] {taskinstance.py:1332} INFO - Marking task as SUCCESS. dag_id=weather_dag, task_id=retrieve_weather_data_Kharkiv, execution_date=20230414T010000, start_date=20230414T021347, end_date=20230414T021349
[2023-04-14T02:13:49.905+0000] {local_task_job.py:212} INFO - Task exited with return code 0
[2023-04-14T02:13:49.947+0000] {taskinstance.py:2596} INFO - 1 downstream tasks scheduled from follow-on schedule check
