[2023-04-13T20:26:50.133+0000] {taskinstance.py:1090} INFO - Dependencies all met for dep_context=non-requeueable deps ti=<TaskInstance: weather_dag.inject_data_Zhmerynka manual__2023-04-13T20:26:35.466733+00:00 [queued]>
[2023-04-13T20:26:50.192+0000] {taskinstance.py:1090} INFO - Dependencies all met for dep_context=requeueable deps ti=<TaskInstance: weather_dag.inject_data_Zhmerynka manual__2023-04-13T20:26:35.466733+00:00 [queued]>
[2023-04-13T20:26:50.201+0000] {taskinstance.py:1288} INFO - 
--------------------------------------------------------------------------------
[2023-04-13T20:26:50.213+0000] {taskinstance.py:1289} INFO - Starting attempt 1 of 1
[2023-04-13T20:26:50.220+0000] {taskinstance.py:1290} INFO - 
--------------------------------------------------------------------------------
[2023-04-13T20:26:50.357+0000] {taskinstance.py:1309} INFO - Executing <Task(SqliteOperator): inject_data_Zhmerynka> on 2023-04-13 20:26:35.466733+00:00
[2023-04-13T20:26:50.398+0000] {standard_task_runner.py:55} INFO - Started process 6907 to run task
[2023-04-13T20:26:50.407+0000] {standard_task_runner.py:82} INFO - Running: ['***', 'tasks', 'run', 'weather_dag', 'inject_data_Zhmerynka', 'manual__2023-04-13T20:26:35.466733+00:00', '--job-id', '313', '--raw', '--subdir', 'DAGS_FOLDER/weather_dag.py', '--cfg-path', '/tmp/tmp__j3pe91']
[2023-04-13T20:26:50.419+0000] {standard_task_runner.py:83} INFO - Job 313: Subtask inject_data_Zhmerynka
[2023-04-13T20:26:50.756+0000] {task_command.py:389} INFO - Running <TaskInstance: weather_dag.inject_data_Zhmerynka manual__2023-04-13T20:26:35.466733+00:00 [running]> on host ffea11fb791c
[2023-04-13T20:26:51.079+0000] {taskinstance.py:1518} INFO - Exporting the following env vars:
AIRFLOW_CTX_DAG_OWNER=***
AIRFLOW_CTX_DAG_ID=weather_dag
AIRFLOW_CTX_TASK_ID=inject_data_Zhmerynka
AIRFLOW_CTX_EXECUTION_DATE=2023-04-13T20:26:35.466733+00:00
AIRFLOW_CTX_TRY_NUMBER=1
AIRFLOW_CTX_DAG_RUN_ID=manual__2023-04-13T20:26:35.466733+00:00
[2023-04-13T20:26:51.084+0000] {sql.py:254} INFO - Executing: 
                INSERT INTO measures_ext (city, timestamp, temp, humidity, cloudiness, wind_speed) VALUES
                    (Zhmerynka,
                    1681417148,
                    281.24,
                    89,
                    "overcast clouds",
                    1.61);
            
[2023-04-13T20:26:51.118+0000] {base.py:73} INFO - Using connection ID 'measure_db' for task execution.
[2023-04-13T20:26:51.846+0000] {base.py:73} INFO - Using connection ID 'measure_db' for task execution.
[2023-04-13T20:26:51.876+0000] {sql.py:375} INFO - Running statement: 
                INSERT INTO measures_ext (city, timestamp, temp, humidity, cloudiness, wind_speed) VALUES
                    (Zhmerynka,
                    1681417148,
                    281.24,
                    89,
                    "overcast clouds",
                    1.61);
            , parameters: None
[2023-04-13T20:26:51.898+0000] {taskinstance.py:1776} ERROR - Task failed with exception
Traceback (most recent call last):
  File "/home/airflow/.local/lib/python3.7/site-packages/airflow/providers/common/sql/operators/sql.py", line 266, in execute
    **extra_kwargs,
  File "/home/airflow/.local/lib/python3.7/site-packages/airflow/providers/common/sql/hooks/sql.py", line 349, in run
    self._run_command(cur, sql_statement, parameters)
  File "/home/airflow/.local/lib/python3.7/site-packages/airflow/providers/common/sql/hooks/sql.py", line 380, in _run_command
    cur.execute(sql_statement)
sqlite3.OperationalError: no such column: Zhmerynka
[2023-04-13T20:26:51.937+0000] {taskinstance.py:1332} INFO - Marking task as FAILED. dag_id=weather_dag, task_id=inject_data_Zhmerynka, execution_date=20230413T202635, start_date=20230413T202650, end_date=20230413T202651
[2023-04-13T20:26:52.002+0000] {standard_task_runner.py:105} ERROR - Failed to execute job 313 for task inject_data_Zhmerynka (no such column: Zhmerynka; 6907)
[2023-04-13T20:26:52.071+0000] {local_task_job.py:212} INFO - Task exited with return code 1
[2023-04-13T20:26:52.125+0000] {taskinstance.py:2596} INFO - 0 downstream tasks scheduled from follow-on schedule check
