[2023-04-13T14:39:30.335+0000] {taskinstance.py:1090} INFO - Dependencies all met for dep_context=non-requeueable deps ti=<TaskInstance: weather_dag.create_table scheduled__2023-04-13T13:00:00+00:00 [queued]>
[2023-04-13T14:39:30.358+0000] {taskinstance.py:1090} INFO - Dependencies all met for dep_context=requeueable deps ti=<TaskInstance: weather_dag.create_table scheduled__2023-04-13T13:00:00+00:00 [queued]>
[2023-04-13T14:39:30.360+0000] {taskinstance.py:1288} INFO - 
--------------------------------------------------------------------------------
[2023-04-13T14:39:30.362+0000] {taskinstance.py:1289} INFO - Starting attempt 1 of 1
[2023-04-13T14:39:30.364+0000] {taskinstance.py:1290} INFO - 
--------------------------------------------------------------------------------
[2023-04-13T14:39:30.388+0000] {taskinstance.py:1309} INFO - Executing <Task(SqliteOperator): create_table> on 2023-04-13 13:00:00+00:00
[2023-04-13T14:39:30.397+0000] {standard_task_runner.py:55} INFO - Started process 3296 to run task
[2023-04-13T14:39:30.401+0000] {standard_task_runner.py:82} INFO - Running: ['***', 'tasks', 'run', 'weather_dag', 'create_table', 'scheduled__2023-04-13T13:00:00+00:00', '--job-id', '178', '--raw', '--subdir', 'DAGS_FOLDER/weather_dag.py', '--cfg-path', '/tmp/tmpwixt21ws']
[2023-04-13T14:39:30.404+0000] {standard_task_runner.py:83} INFO - Job 178: Subtask create_table
[2023-04-13T14:39:30.486+0000] {task_command.py:389} INFO - Running <TaskInstance: weather_dag.create_table scheduled__2023-04-13T13:00:00+00:00 [running]> on host ffea11fb791c
[2023-04-13T14:39:30.561+0000] {taskinstance.py:1518} INFO - Exporting the following env vars:
AIRFLOW_CTX_DAG_OWNER=***
AIRFLOW_CTX_DAG_ID=weather_dag
AIRFLOW_CTX_TASK_ID=create_table
AIRFLOW_CTX_EXECUTION_DATE=2023-04-13T13:00:00+00:00
AIRFLOW_CTX_TRY_NUMBER=1
AIRFLOW_CTX_DAG_RUN_ID=scheduled__2023-04-13T13:00:00+00:00
[2023-04-13T14:39:30.563+0000] {sql.py:254} INFO - Executing: CREATE TABLE IF NOT EXISTS measures_ext (
                                         timestamp TIMESTAMP NOT NULL,
                                         temp FLOAT,
                                         humidity INT,
                                         cloudiness VARCHAR(25),
                                         wind_speed FLOAT
                                        );
[2023-04-13T14:39:30.574+0000] {base.py:73} INFO - Using connection ID 'measure_db' for task execution.
[2023-04-13T14:39:30.783+0000] {base.py:73} INFO - Using connection ID 'measure_db' for task execution.
[2023-04-13T14:39:30.794+0000] {sql.py:375} INFO - Running statement: CREATE TABLE IF NOT EXISTS measures_ext (
                                         timestamp TIMESTAMP NOT NULL,
                                         temp FLOAT,
                                         humidity INT,
                                         cloudiness VARCHAR(25),
                                         wind_speed FLOAT
                                        );, parameters: None
[2023-04-13T14:39:30.812+0000] {taskinstance.py:1332} INFO - Marking task as SUCCESS. dag_id=weather_dag, task_id=create_table, execution_date=20230413T130000, start_date=20230413T143930, end_date=20230413T143930
[2023-04-13T14:39:30.857+0000] {local_task_job.py:212} INFO - Task exited with return code 0
[2023-04-13T14:39:30.885+0000] {taskinstance.py:2596} INFO - 1 downstream tasks scheduled from follow-on schedule check
