[2023-04-13T22:39:25.124+0000] {taskinstance.py:1090} INFO - Dependencies all met for dep_context=non-requeueable deps ti=<TaskInstance: weather_dag.retrieve_weather_data_Odesa scheduled__2023-04-13T21:00:00+00:00 [queued]>
[2023-04-13T22:39:25.155+0000] {taskinstance.py:1090} INFO - Dependencies all met for dep_context=requeueable deps ti=<TaskInstance: weather_dag.retrieve_weather_data_Odesa scheduled__2023-04-13T21:00:00+00:00 [queued]>
[2023-04-13T22:39:25.162+0000] {taskinstance.py:1288} INFO - 
--------------------------------------------------------------------------------
[2023-04-13T22:39:25.165+0000] {taskinstance.py:1289} INFO - Starting attempt 1 of 1
[2023-04-13T22:39:25.167+0000] {taskinstance.py:1290} INFO - 
--------------------------------------------------------------------------------
[2023-04-13T22:39:25.211+0000] {taskinstance.py:1309} INFO - Executing <Task(SimpleHttpOperator): retrieve_weather_data_Odesa> on 2023-04-13 21:00:00+00:00
[2023-04-13T22:39:25.229+0000] {standard_task_runner.py:55} INFO - Started process 7364 to run task
[2023-04-13T22:39:25.240+0000] {standard_task_runner.py:82} INFO - Running: ['***', 'tasks', 'run', 'weather_dag', 'retrieve_weather_data_Odesa', 'scheduled__2023-04-13T21:00:00+00:00', '--job-id', '383', '--raw', '--subdir', 'DAGS_FOLDER/weather_dag.py', '--cfg-path', '/tmp/tmp71_z62ib']
[2023-04-13T22:39:25.244+0000] {standard_task_runner.py:83} INFO - Job 383: Subtask retrieve_weather_data_Odesa
[2023-04-13T22:39:25.486+0000] {task_command.py:389} INFO - Running <TaskInstance: weather_dag.retrieve_weather_data_Odesa scheduled__2023-04-13T21:00:00+00:00 [running]> on host ffea11fb791c
[2023-04-13T22:39:25.726+0000] {taskinstance.py:1518} INFO - Exporting the following env vars:
AIRFLOW_CTX_DAG_OWNER=***
AIRFLOW_CTX_DAG_ID=weather_dag
AIRFLOW_CTX_TASK_ID=retrieve_weather_data_Odesa
AIRFLOW_CTX_EXECUTION_DATE=2023-04-13T21:00:00+00:00
AIRFLOW_CTX_TRY_NUMBER=1
AIRFLOW_CTX_DAG_RUN_ID=scheduled__2023-04-13T21:00:00+00:00
[2023-04-13T22:39:25.730+0000] {http.py:123} INFO - Calling HTTP method
[2023-04-13T22:39:25.760+0000] {base.py:73} INFO - Using connection ID 'weather_http_api' for task execution.
[2023-04-13T22:39:25.981+0000] {http.py:127} INFO - {"coord":{"lon":30.7326,"lat":46.4775},"weather":[{"id":802,"main":"Clouds","description":"scattered clouds","icon":"03n"}],"base":"stations","main":{"temp":282.33,"feels_like":280.3,"temp_min":282.33,"temp_max":282.33,"pressure":1009,"humidity":81,"sea_level":1009,"grnd_level":1002},"visibility":10000,"wind":{"speed":3.68,"deg":282,"gust":5.18},"clouds":{"all":26},"dt":1681426467,"sys":{"country":"UA","sunrise":1681441962,"sunset":1681490507},"timezone":10800,"id":698740,"name":"Odesa","cod":200}
[2023-04-13T22:39:26.013+0000] {taskinstance.py:1332} INFO - Marking task as SUCCESS. dag_id=weather_dag, task_id=retrieve_weather_data_Odesa, execution_date=20230413T210000, start_date=20230413T223925, end_date=20230413T223926
[2023-04-13T22:39:27.053+0000] {local_task_job.py:212} INFO - Task exited with return code 0
[2023-04-13T22:39:29.290+0000] {taskinstance.py:2596} INFO - 0 downstream tasks scheduled from follow-on schedule check
