[2023-04-14T03:39:14.450+0000] {taskinstance.py:1090} INFO - Dependencies all met for dep_context=non-requeueable deps ti=<TaskInstance: weather_dag.retrieve_weather_data_Odesa scheduled__2023-04-14T02:00:00+00:00 [queued]>
[2023-04-14T03:39:14.472+0000] {taskinstance.py:1090} INFO - Dependencies all met for dep_context=requeueable deps ti=<TaskInstance: weather_dag.retrieve_weather_data_Odesa scheduled__2023-04-14T02:00:00+00:00 [queued]>
[2023-04-14T03:39:14.474+0000] {taskinstance.py:1288} INFO - 
--------------------------------------------------------------------------------
[2023-04-14T03:39:14.476+0000] {taskinstance.py:1289} INFO - Starting attempt 1 of 1
[2023-04-14T03:39:14.478+0000] {taskinstance.py:1290} INFO - 
--------------------------------------------------------------------------------
[2023-04-14T03:39:14.536+0000] {taskinstance.py:1309} INFO - Executing <Task(SimpleHttpOperator): retrieve_weather_data_Odesa> on 2023-04-14 02:00:00+00:00
[2023-04-14T03:39:14.562+0000] {standard_task_runner.py:55} INFO - Started process 7543 to run task
[2023-04-14T03:39:14.585+0000] {standard_task_runner.py:82} INFO - Running: ['***', 'tasks', 'run', 'weather_dag', 'retrieve_weather_data_Odesa', 'scheduled__2023-04-14T02:00:00+00:00', '--job-id', '448', '--raw', '--subdir', 'DAGS_FOLDER/weather_dag.py', '--cfg-path', '/tmp/tmpgaswltmi']
[2023-04-14T03:39:14.588+0000] {standard_task_runner.py:83} INFO - Job 448: Subtask retrieve_weather_data_Odesa
[2023-04-14T03:39:14.884+0000] {task_command.py:389} INFO - Running <TaskInstance: weather_dag.retrieve_weather_data_Odesa scheduled__2023-04-14T02:00:00+00:00 [running]> on host ffea11fb791c
[2023-04-14T03:39:15.153+0000] {taskinstance.py:1518} INFO - Exporting the following env vars:
AIRFLOW_CTX_DAG_OWNER=***
AIRFLOW_CTX_DAG_ID=weather_dag
AIRFLOW_CTX_TASK_ID=retrieve_weather_data_Odesa
AIRFLOW_CTX_EXECUTION_DATE=2023-04-14T02:00:00+00:00
AIRFLOW_CTX_TRY_NUMBER=1
AIRFLOW_CTX_DAG_RUN_ID=scheduled__2023-04-14T02:00:00+00:00
[2023-04-14T03:39:15.160+0000] {http.py:123} INFO - Calling HTTP method
[2023-04-14T03:39:15.178+0000] {base.py:73} INFO - Using connection ID 'weather_http_api' for task execution.
[2023-04-14T03:39:16.009+0000] {http.py:127} INFO - {"coord":{"lon":30.7326,"lat":46.4775},"weather":[{"id":804,"main":"Clouds","description":"overcast clouds","icon":"04d"}],"base":"stations","main":{"temp":282.77,"feels_like":281.46,"temp_min":282.77,"temp_max":282.77,"pressure":1009,"humidity":80,"sea_level":1009,"grnd_level":1003},"visibility":10000,"wind":{"speed":2.59,"deg":296,"gust":3.78},"clouds":{"all":91},"dt":1681444382,"sys":{"country":"UA","sunrise":1681441962,"sunset":1681490507},"timezone":10800,"id":698740,"name":"Odesa","cod":200}
[2023-04-14T03:39:16.042+0000] {taskinstance.py:1332} INFO - Marking task as SUCCESS. dag_id=weather_dag, task_id=retrieve_weather_data_Odesa, execution_date=20230414T020000, start_date=20230414T033914, end_date=20230414T033916
[2023-04-14T03:39:16.085+0000] {local_task_job.py:212} INFO - Task exited with return code 0
[2023-04-14T03:39:17.109+0000] {taskinstance.py:2596} INFO - 0 downstream tasks scheduled from follow-on schedule check
