[2023-04-13T08:26:25.507+0000] {taskinstance.py:1090} INFO - Dependencies all met for dep_context=non-requeueable deps ti=<TaskInstance: weather_dag.create_table manual__2023-04-13T08:26:24.079850+00:00 [queued]>
[2023-04-13T08:26:25.522+0000] {taskinstance.py:1090} INFO - Dependencies all met for dep_context=requeueable deps ti=<TaskInstance: weather_dag.create_table manual__2023-04-13T08:26:24.079850+00:00 [queued]>
[2023-04-13T08:26:25.524+0000] {taskinstance.py:1288} INFO - 
--------------------------------------------------------------------------------
[2023-04-13T08:26:25.525+0000] {taskinstance.py:1289} INFO - Starting attempt 1 of 1
[2023-04-13T08:26:25.526+0000] {taskinstance.py:1290} INFO - 
--------------------------------------------------------------------------------
[2023-04-13T08:26:25.544+0000] {taskinstance.py:1309} INFO - Executing <Task(SqliteOperator): create_table> on 2023-04-13 08:26:24.079850+00:00
[2023-04-13T08:26:25.551+0000] {standard_task_runner.py:55} INFO - Started process 2158 to run task
[2023-04-13T08:26:25.560+0000] {standard_task_runner.py:82} INFO - Running: ['***', 'tasks', 'run', 'weather_dag', 'create_table', 'manual__2023-04-13T08:26:24.079850+00:00', '--job-id', '42', '--raw', '--subdir', 'DAGS_FOLDER/weather_dag.py', '--cfg-path', '/tmp/tmpgyfvbda3']
[2023-04-13T08:26:25.564+0000] {standard_task_runner.py:83} INFO - Job 42: Subtask create_table
[2023-04-13T08:26:25.682+0000] {task_command.py:389} INFO - Running <TaskInstance: weather_dag.create_table manual__2023-04-13T08:26:24.079850+00:00 [running]> on host 0607b07c4f39
[2023-04-13T08:26:25.832+0000] {taskinstance.py:1518} INFO - Exporting the following env vars:
AIRFLOW_CTX_DAG_OWNER=***
AIRFLOW_CTX_DAG_ID=weather_dag
AIRFLOW_CTX_TASK_ID=create_table
AIRFLOW_CTX_EXECUTION_DATE=2023-04-13T08:26:24.079850+00:00
AIRFLOW_CTX_TRY_NUMBER=1
AIRFLOW_CTX_DAG_RUN_ID=manual__2023-04-13T08:26:24.079850+00:00
[2023-04-13T08:26:25.835+0000] {sql.py:254} INFO - Executing: CREATE TABLE IF NOT EXISTS measurments (
                                     execution_time TIMESTAMP NOT NULL,
                                     temperature FLOAT
                                    );
[2023-04-13T08:26:25.859+0000] {base.py:73} INFO - Using connection ID 'measure_db' for task execution.
[2023-04-13T08:26:26.179+0000] {base.py:73} INFO - Using connection ID 'measure_db' for task execution.
[2023-04-13T08:26:26.183+0000] {sql.py:375} INFO - Running statement: CREATE TABLE IF NOT EXISTS measurments (
                                     execution_time TIMESTAMP NOT NULL,
                                     temperature FLOAT
                                    );, parameters: None
[2023-04-13T08:26:26.197+0000] {taskinstance.py:1332} INFO - Marking task as SUCCESS. dag_id=weather_dag, task_id=create_table, execution_date=20230413T082624, start_date=20230413T082625, end_date=20230413T082626
[2023-04-13T08:26:26.262+0000] {local_task_job.py:212} INFO - Task exited with return code 0
[2023-04-13T08:26:27.289+0000] {taskinstance.py:2596} INFO - 0 downstream tasks scheduled from follow-on schedule check
