[2023-04-13T20:19:04.443+0000] {taskinstance.py:1090} INFO - Dependencies all met for dep_context=non-requeueable deps ti=<TaskInstance: weather_dag.retrieve_weather_data_Lviv manual__2023-04-13T20:19:01.842128+00:00 [queued]>
[2023-04-13T20:19:04.476+0000] {taskinstance.py:1090} INFO - Dependencies all met for dep_context=requeueable deps ti=<TaskInstance: weather_dag.retrieve_weather_data_Lviv manual__2023-04-13T20:19:01.842128+00:00 [queued]>
[2023-04-13T20:19:04.480+0000] {taskinstance.py:1288} INFO - 
--------------------------------------------------------------------------------
[2023-04-13T20:19:04.482+0000] {taskinstance.py:1289} INFO - Starting attempt 1 of 1
[2023-04-13T20:19:04.484+0000] {taskinstance.py:1290} INFO - 
--------------------------------------------------------------------------------
[2023-04-13T20:19:04.525+0000] {taskinstance.py:1309} INFO - Executing <Task(SimpleHttpOperator): retrieve_weather_data_Lviv> on 2023-04-13 20:19:01.842128+00:00
[2023-04-13T20:19:04.539+0000] {standard_task_runner.py:55} INFO - Started process 6651 to run task
[2023-04-13T20:19:04.553+0000] {standard_task_runner.py:82} INFO - Running: ['***', 'tasks', 'run', 'weather_dag', 'retrieve_weather_data_Lviv', 'manual__2023-04-13T20:19:01.842128+00:00', '--job-id', '271', '--raw', '--subdir', 'DAGS_FOLDER/weather_dag.py', '--cfg-path', '/tmp/tmph8nh_6be']
[2023-04-13T20:19:04.557+0000] {standard_task_runner.py:83} INFO - Job 271: Subtask retrieve_weather_data_Lviv
[2023-04-13T20:19:04.703+0000] {task_command.py:389} INFO - Running <TaskInstance: weather_dag.retrieve_weather_data_Lviv manual__2023-04-13T20:19:01.842128+00:00 [running]> on host ffea11fb791c
[2023-04-13T20:19:04.856+0000] {taskinstance.py:1518} INFO - Exporting the following env vars:
AIRFLOW_CTX_DAG_OWNER=***
AIRFLOW_CTX_DAG_ID=weather_dag
AIRFLOW_CTX_TASK_ID=retrieve_weather_data_Lviv
AIRFLOW_CTX_EXECUTION_DATE=2023-04-13T20:19:01.842128+00:00
AIRFLOW_CTX_TRY_NUMBER=1
AIRFLOW_CTX_DAG_RUN_ID=manual__2023-04-13T20:19:01.842128+00:00
[2023-04-13T20:19:04.858+0000] {http.py:123} INFO - Calling HTTP method
[2023-04-13T20:19:04.883+0000] {base.py:73} INFO - Using connection ID 'weather_http_api' for task execution.
[2023-04-13T20:19:07.171+0000] {http.py:127} INFO - {"coord":{"lon":24.0232,"lat":49.8383},"weather":[{"id":804,"main":"Clouds","description":"overcast clouds","icon":"04n"}],"base":"stations","main":{"temp":283.26,"feels_like":282.15,"temp_min":283.26,"temp_max":283.26,"pressure":1008,"humidity":70,"sea_level":1008,"grnd_level":974},"visibility":10000,"wind":{"speed":0.72,"deg":163,"gust":2.13},"clouds":{"all":97},"dt":1681417017,"sys":{"country":"UA","sunrise":1681356971,"sunset":1681405948},"timezone":10800,"id":702550,"name":"Lviv","cod":200}
[2023-04-13T20:19:07.275+0000] {taskinstance.py:1332} INFO - Marking task as SUCCESS. dag_id=weather_dag, task_id=retrieve_weather_data_Lviv, execution_date=20230413T201901, start_date=20230413T201904, end_date=20230413T201907
[2023-04-13T20:19:08.289+0000] {local_task_job.py:212} INFO - Task exited with return code 0
[2023-04-13T20:19:08.334+0000] {taskinstance.py:2596} INFO - 1 downstream tasks scheduled from follow-on schedule check
