[2023-04-14T06:24:42.359+0000] {taskinstance.py:1090} INFO - Dependencies all met for dep_context=non-requeueable deps ti=<TaskInstance: weather_dag.transform_data_Zhmerynka manual__2023-04-14T06:24:32.426204+00:00 [queued]>
[2023-04-14T06:24:42.373+0000] {taskinstance.py:1090} INFO - Dependencies all met for dep_context=requeueable deps ti=<TaskInstance: weather_dag.transform_data_Zhmerynka manual__2023-04-14T06:24:32.426204+00:00 [queued]>
[2023-04-14T06:24:42.375+0000] {taskinstance.py:1288} INFO - 
--------------------------------------------------------------------------------
[2023-04-14T06:24:42.377+0000] {taskinstance.py:1289} INFO - Starting attempt 1 of 1
[2023-04-14T06:24:42.378+0000] {taskinstance.py:1290} INFO - 
--------------------------------------------------------------------------------
[2023-04-14T06:24:42.400+0000] {taskinstance.py:1309} INFO - Executing <Task(PythonOperator): transform_data_Zhmerynka> on 2023-04-14 06:24:32.426204+00:00
[2023-04-14T06:24:42.410+0000] {standard_task_runner.py:55} INFO - Started process 7699 to run task
[2023-04-14T06:24:42.417+0000] {standard_task_runner.py:82} INFO - Running: ['***', 'tasks', 'run', 'weather_dag', 'transform_data_Zhmerynka', 'manual__2023-04-14T06:24:32.426204+00:00', '--job-id', '499', '--raw', '--subdir', 'DAGS_FOLDER/weather_dag.py', '--cfg-path', '/tmp/tmpp3p5w41p']
[2023-04-14T06:24:42.419+0000] {standard_task_runner.py:83} INFO - Job 499: Subtask transform_data_Zhmerynka
[2023-04-14T06:24:42.493+0000] {task_command.py:389} INFO - Running <TaskInstance: weather_dag.transform_data_Zhmerynka manual__2023-04-14T06:24:32.426204+00:00 [running]> on host ffea11fb791c
[2023-04-14T06:24:42.679+0000] {taskinstance.py:1518} INFO - Exporting the following env vars:
AIRFLOW_CTX_DAG_OWNER=***
AIRFLOW_CTX_DAG_ID=weather_dag
AIRFLOW_CTX_TASK_ID=transform_data_Zhmerynka
AIRFLOW_CTX_EXECUTION_DATE=2023-04-14T06:24:32.426204+00:00
AIRFLOW_CTX_TRY_NUMBER=1
AIRFLOW_CTX_DAG_RUN_ID=manual__2023-04-14T06:24:32.426204+00:00
[2023-04-14T06:24:42.694+0000] {logging_mixin.py:137} INFO - {'conf': <***.configuration.AirflowConfigParser object at 0xffffb3d9af10>, 'dag': <DAG: weather_dag>, 'dag_run': <DagRun weather_dag @ 2023-04-14 06:24:32.426204+00:00: manual__2023-04-14T06:24:32.426204+00:00, state:running, queued_at: 2023-04-14 06:24:32.448286+00:00. externally triggered: True>, 'data_interval_end': DateTime(2023, 4, 14, 6, 0, 0, tzinfo=Timezone('UTC')), 'data_interval_start': DateTime(2023, 4, 14, 5, 0, 0, tzinfo=Timezone('UTC')), 'ds': '2023-04-14', 'ds_nodash': '20230414', 'execution_date': <Proxy at 0xffffa198f690 with factory functools.partial(<function lazy_mapping_from_context.<locals>._deprecated_proxy_factory at 0xffffa1978c20>, 'execution_date', DateTime(2023, 4, 14, 6, 24, 32, 426204, tzinfo=Timezone('UTC')))>, 'expanded_ti_count': None, 'inlets': [], 'logical_date': DateTime(2023, 4, 14, 6, 24, 32, 426204, tzinfo=Timezone('UTC')), 'macros': <module '***.macros' from '/home/***/.local/lib/python3.7/site-packages/***/macros/__init__.py'>, 'next_ds': <Proxy at 0xffffa198f640 with factory functools.partial(<function lazy_mapping_from_context.<locals>._deprecated_proxy_factory at 0xffffa1978c20>, 'next_ds', '2023-04-14')>, 'next_ds_nodash': <Proxy at 0xffffa1a4d320 with factory functools.partial(<function lazy_mapping_from_context.<locals>._deprecated_proxy_factory at 0xffffa1978c20>, 'next_ds_nodash', '20230414')>, 'next_execution_date': <Proxy at 0xffffa1a4d280 with factory functools.partial(<function lazy_mapping_from_context.<locals>._deprecated_proxy_factory at 0xffffa1978c20>, 'next_execution_date', DateTime(2023, 4, 14, 6, 24, 32, 426204, tzinfo=Timezone('UTC')))>, 'outlets': [], 'params': {}, 'prev_data_interval_start_success': DateTime(2023, 4, 14, 5, 0, 0, tzinfo=Timezone('UTC')), 'prev_data_interval_end_success': DateTime(2023, 4, 14, 6, 0, 0, tzinfo=Timezone('UTC')), 'prev_ds': <Proxy at 0xffffa1a43410 with factory functools.partial(<function lazy_mapping_from_context.<locals>._deprecated_proxy_factory at 0xffffa1978c20>, 'prev_ds', '2023-04-14')>, 'prev_ds_nodash': <Proxy at 0xffffa1a43e10 with factory functools.partial(<function lazy_mapping_from_context.<locals>._deprecated_proxy_factory at 0xffffa1978c20>, 'prev_ds_nodash', '20230414')>, 'prev_execution_date': <Proxy at 0xffffa1a527d0 with factory functools.partial(<function lazy_mapping_from_context.<locals>._deprecated_proxy_factory at 0xffffa1978c20>, 'prev_execution_date', DateTime(2023, 4, 14, 6, 24, 32, 426204, tzinfo=Timezone('UTC')))>, 'prev_execution_date_success': <Proxy at 0xffffa1a52c80 with factory functools.partial(<function lazy_mapping_from_context.<locals>._deprecated_proxy_factory at 0xffffa1978c20>, 'prev_execution_date_success', DateTime(2023, 4, 14, 5, 0, 0, tzinfo=Timezone('UTC')))>, 'prev_start_date_success': DateTime(2023, 4, 14, 6, 23, 17, 941983, tzinfo=Timezone('UTC')), 'run_id': 'manual__2023-04-14T06:24:32.426204+00:00', 'task': <Task(PythonOperator): transform_data_Zhmerynka>, 'task_instance': <TaskInstance: weather_dag.transform_data_Zhmerynka manual__2023-04-14T06:24:32.426204+00:00 [running]>, 'task_instance_key_str': 'weather_dag__transform_data_Zhmerynka__20230414', 'test_mode': False, 'ti': <TaskInstance: weather_dag.transform_data_Zhmerynka manual__2023-04-14T06:24:32.426204+00:00 [running]>, 'tomorrow_ds': <Proxy at 0xffffa1a52730 with factory functools.partial(<function lazy_mapping_from_context.<locals>._deprecated_proxy_factory at 0xffffa1978c20>, 'tomorrow_ds', '2023-04-15')>, 'tomorrow_ds_nodash': <Proxy at 0xffffa197fe60 with factory functools.partial(<function lazy_mapping_from_context.<locals>._deprecated_proxy_factory at 0xffffa1978c20>, 'tomorrow_ds_nodash', '20230415')>, 'triggering_dataset_events': <Proxy at 0xffffa1a3d3c0 with factory <function TaskInstance.get_template_context.<locals>.get_triggering_events at 0xffffa1a22b00>>, 'ts': '2023-04-14T06:24:32.426204+00:00', 'ts_nodash': '20230414T062432', 'ts_nodash_with_tz': '20230414T062432.426204+0000', 'var': {'json': None, 'value': None}, 'conn': None, 'yesterday_ds': <Proxy at 0xffffa197fd70 with factory functools.partial(<function lazy_mapping_from_context.<locals>._deprecated_proxy_factory at 0xffffa1978c20>, 'yesterday_ds', '2023-04-13')>, 'yesterday_ds_nodash': <Proxy at 0xffffa197faa0 with factory functools.partial(<function lazy_mapping_from_context.<locals>._deprecated_proxy_factory at 0xffffa1978c20>, 'yesterday_ds_nodash', '20230413')>, 'templates_dict': None}
[2023-04-14T06:24:42.752+0000] {python.py:177} INFO - Done. Returned value was: (1681453247, 281.63, 89, 'overcast clouds', 2.15)
[2023-04-14T06:24:42.911+0000] {taskinstance.py:1332} INFO - Marking task as SUCCESS. dag_id=weather_dag, task_id=transform_data_Zhmerynka, execution_date=20230414T062432, start_date=20230414T062442, end_date=20230414T062442
[2023-04-14T06:24:43.042+0000] {local_task_job.py:212} INFO - Task exited with return code 0
[2023-04-14T06:24:43.079+0000] {taskinstance.py:2596} INFO - 1 downstream tasks scheduled from follow-on schedule check
