[2023-04-13T13:00:02.781+0000] {taskinstance.py:1090} INFO - Dependencies all met for dep_context=non-requeueable deps ti=<TaskInstance: weather_dag.retrieve_weather_data scheduled__2023-04-13T12:00:00+00:00 [queued]>
[2023-04-13T13:00:02.791+0000] {taskinstance.py:1090} INFO - Dependencies all met for dep_context=requeueable deps ti=<TaskInstance: weather_dag.retrieve_weather_data scheduled__2023-04-13T12:00:00+00:00 [queued]>
[2023-04-13T13:00:02.793+0000] {taskinstance.py:1288} INFO - 
--------------------------------------------------------------------------------
[2023-04-13T13:00:02.795+0000] {taskinstance.py:1289} INFO - Starting attempt 1 of 1
[2023-04-13T13:00:02.798+0000] {taskinstance.py:1290} INFO - 
--------------------------------------------------------------------------------
[2023-04-13T13:00:02.813+0000] {taskinstance.py:1309} INFO - Executing <Task(SimpleHttpOperator): retrieve_weather_data> on 2023-04-13 12:00:00+00:00
[2023-04-13T13:00:02.819+0000] {standard_task_runner.py:55} INFO - Started process 1405 to run task
[2023-04-13T13:00:02.822+0000] {standard_task_runner.py:82} INFO - Running: ['***', 'tasks', 'run', 'weather_dag', 'retrieve_weather_data', 'scheduled__2023-04-13T12:00:00+00:00', '--job-id', '163', '--raw', '--subdir', 'DAGS_FOLDER/weather_dag.py', '--cfg-path', '/tmp/tmp9phkoo7z']
[2023-04-13T13:00:02.824+0000] {standard_task_runner.py:83} INFO - Job 163: Subtask retrieve_weather_data
[2023-04-13T13:00:02.896+0000] {task_command.py:389} INFO - Running <TaskInstance: weather_dag.retrieve_weather_data scheduled__2023-04-13T12:00:00+00:00 [running]> on host ffea11fb791c
[2023-04-13T13:00:02.965+0000] {taskinstance.py:1518} INFO - Exporting the following env vars:
AIRFLOW_CTX_DAG_OWNER=***
AIRFLOW_CTX_DAG_ID=weather_dag
AIRFLOW_CTX_TASK_ID=retrieve_weather_data
AIRFLOW_CTX_EXECUTION_DATE=2023-04-13T12:00:00+00:00
AIRFLOW_CTX_TRY_NUMBER=1
AIRFLOW_CTX_DAG_RUN_ID=scheduled__2023-04-13T12:00:00+00:00
[2023-04-13T13:00:02.968+0000] {http.py:123} INFO - Calling HTTP method
[2023-04-13T13:00:02.980+0000] {base.py:73} INFO - Using connection ID 'weather_http_api' for task execution.
[2023-04-13T13:00:03.552+0000] {http.py:127} INFO - {"coord":{"lon":24.0232,"lat":49.8383},"weather":[{"id":802,"main":"Clouds","description":"scattered clouds","icon":"03d"}],"base":"stations","main":{"temp":287.77,"feels_like":286.51,"temp_min":287.77,"temp_max":287.77,"pressure":1006,"humidity":47,"sea_level":1006,"grnd_level":972},"visibility":10000,"wind":{"speed":2.12,"deg":273,"gust":2.88},"clouds":{"all":28},"dt":1681390411,"sys":{"country":"UA","sunrise":1681356971,"sunset":1681405948},"timezone":10800,"id":702550,"name":"Lviv","cod":200}
[2023-04-13T13:00:03.587+0000] {taskinstance.py:1332} INFO - Marking task as SUCCESS. dag_id=weather_dag, task_id=retrieve_weather_data, execution_date=20230413T120000, start_date=20230413T130002, end_date=20230413T130003
[2023-04-13T13:00:03.629+0000] {local_task_job.py:212} INFO - Task exited with return code 0
[2023-04-13T13:00:03.660+0000] {taskinstance.py:2596} INFO - 1 downstream tasks scheduled from follow-on schedule check
