[2023-04-13T20:22:25.403+0000] {taskinstance.py:1090} INFO - Dependencies all met for dep_context=non-requeueable deps ti=<TaskInstance: weather_dag.retrieve_weather_data_Odesa manual__2023-04-13T20:22:22.476610+00:00 [queued]>
[2023-04-13T20:22:25.436+0000] {taskinstance.py:1090} INFO - Dependencies all met for dep_context=requeueable deps ti=<TaskInstance: weather_dag.retrieve_weather_data_Odesa manual__2023-04-13T20:22:22.476610+00:00 [queued]>
[2023-04-13T20:22:25.439+0000] {taskinstance.py:1288} INFO - 
--------------------------------------------------------------------------------
[2023-04-13T20:22:25.441+0000] {taskinstance.py:1289} INFO - Starting attempt 1 of 1
[2023-04-13T20:22:25.443+0000] {taskinstance.py:1290} INFO - 
--------------------------------------------------------------------------------
[2023-04-13T20:22:25.477+0000] {taskinstance.py:1309} INFO - Executing <Task(SimpleHttpOperator): retrieve_weather_data_Odesa> on 2023-04-13 20:22:22.476610+00:00
[2023-04-13T20:22:25.490+0000] {standard_task_runner.py:55} INFO - Started process 6757 to run task
[2023-04-13T20:22:25.505+0000] {standard_task_runner.py:82} INFO - Running: ['***', 'tasks', 'run', 'weather_dag', 'retrieve_weather_data_Odesa', 'manual__2023-04-13T20:22:22.476610+00:00', '--job-id', '288', '--raw', '--subdir', 'DAGS_FOLDER/weather_dag.py', '--cfg-path', '/tmp/tmpoyiuk3gq']
[2023-04-13T20:22:25.508+0000] {standard_task_runner.py:83} INFO - Job 288: Subtask retrieve_weather_data_Odesa
[2023-04-13T20:22:25.676+0000] {task_command.py:389} INFO - Running <TaskInstance: weather_dag.retrieve_weather_data_Odesa manual__2023-04-13T20:22:22.476610+00:00 [running]> on host ffea11fb791c
[2023-04-13T20:22:25.932+0000] {taskinstance.py:1518} INFO - Exporting the following env vars:
AIRFLOW_CTX_DAG_OWNER=***
AIRFLOW_CTX_DAG_ID=weather_dag
AIRFLOW_CTX_TASK_ID=retrieve_weather_data_Odesa
AIRFLOW_CTX_EXECUTION_DATE=2023-04-13T20:22:22.476610+00:00
AIRFLOW_CTX_TRY_NUMBER=1
AIRFLOW_CTX_DAG_RUN_ID=manual__2023-04-13T20:22:22.476610+00:00
[2023-04-13T20:22:25.938+0000] {http.py:123} INFO - Calling HTTP method
[2023-04-13T20:22:25.967+0000] {base.py:73} INFO - Using connection ID 'weather_http_api' for task execution.
[2023-04-13T20:22:27.170+0000] {http.py:127} INFO - {"coord":{"lon":30.7326,"lat":46.4775},"weather":[{"id":802,"main":"Clouds","description":"scattered clouds","icon":"03n"}],"base":"stations","main":{"temp":283.15,"feels_like":281.54,"temp_min":283.15,"temp_max":283.15,"pressure":1008,"humidity":79,"sea_level":1008,"grnd_level":1002},"visibility":10000,"wind":{"speed":3.22,"deg":297,"gust":4.59},"clouds":{"all":45},"dt":1681417021,"sys":{"country":"UA","sunrise":1681355673,"sunset":1681404026},"timezone":10800,"id":698740,"name":"Odesa","cod":200}
[2023-04-13T20:22:27.212+0000] {taskinstance.py:1332} INFO - Marking task as SUCCESS. dag_id=weather_dag, task_id=retrieve_weather_data_Odesa, execution_date=20230413T202222, start_date=20230413T202225, end_date=20230413T202227
[2023-04-13T20:22:28.280+0000] {local_task_job.py:212} INFO - Task exited with return code 0
[2023-04-13T20:22:29.354+0000] {taskinstance.py:2596} INFO - 0 downstream tasks scheduled from follow-on schedule check
