[2023-04-13T21:17:23.030+0000] {taskinstance.py:1090} INFO - Dependencies all met for dep_context=non-requeueable deps ti=<TaskInstance: weather_dag.inject_data_Odesa scheduled__2023-04-13T20:00:00+00:00 [queued]>
[2023-04-13T21:17:23.063+0000] {taskinstance.py:1090} INFO - Dependencies all met for dep_context=requeueable deps ti=<TaskInstance: weather_dag.inject_data_Odesa scheduled__2023-04-13T20:00:00+00:00 [queued]>
[2023-04-13T21:17:23.066+0000] {taskinstance.py:1288} INFO - 
--------------------------------------------------------------------------------
[2023-04-13T21:17:23.071+0000] {taskinstance.py:1289} INFO - Starting attempt 1 of 1
[2023-04-13T21:17:23.074+0000] {taskinstance.py:1290} INFO - 
--------------------------------------------------------------------------------
[2023-04-13T21:17:23.337+0000] {taskinstance.py:1309} INFO - Executing <Task(SqliteOperator): inject_data_Odesa> on 2023-04-13 20:00:00+00:00
[2023-04-13T21:17:23.361+0000] {standard_task_runner.py:55} INFO - Started process 7338 to run task
[2023-04-13T21:17:23.378+0000] {standard_task_runner.py:82} INFO - Running: ['***', 'tasks', 'run', 'weather_dag', 'inject_data_Odesa', 'scheduled__2023-04-13T20:00:00+00:00', '--job-id', '375', '--raw', '--subdir', 'DAGS_FOLDER/weather_dag.py', '--cfg-path', '/tmp/tmpds3fn2qh']
[2023-04-13T21:17:23.391+0000] {standard_task_runner.py:83} INFO - Job 375: Subtask inject_data_Odesa
[2023-04-13T21:17:23.695+0000] {task_command.py:389} INFO - Running <TaskInstance: weather_dag.inject_data_Odesa scheduled__2023-04-13T20:00:00+00:00 [running]> on host ffea11fb791c
[2023-04-13T21:17:24.161+0000] {taskinstance.py:1518} INFO - Exporting the following env vars:
AIRFLOW_CTX_DAG_OWNER=***
AIRFLOW_CTX_DAG_ID=weather_dag
AIRFLOW_CTX_TASK_ID=inject_data_Odesa
AIRFLOW_CTX_EXECUTION_DATE=2023-04-13T20:00:00+00:00
AIRFLOW_CTX_TRY_NUMBER=1
AIRFLOW_CTX_DAG_RUN_ID=scheduled__2023-04-13T20:00:00+00:00
[2023-04-13T21:17:24.166+0000] {sql.py:254} INFO - Executing: 
                INSERT INTO measures_ext (city, timestamp, temp, humidity, cloudiness, wind_speed) VALUES
                    ("Odesa",
                    1681421462,
                    282.5,
                    81,
                    "scattered clouds",
                    3.44);
            
[2023-04-13T21:17:24.186+0000] {base.py:73} INFO - Using connection ID 'measure_db' for task execution.
[2023-04-13T21:17:24.737+0000] {base.py:73} INFO - Using connection ID 'measure_db' for task execution.
[2023-04-13T21:17:24.763+0000] {sql.py:375} INFO - Running statement: 
                INSERT INTO measures_ext (city, timestamp, temp, humidity, cloudiness, wind_speed) VALUES
                    ("Odesa",
                    1681421462,
                    282.5,
                    81,
                    "scattered clouds",
                    3.44);
            , parameters: None
[2023-04-13T21:17:24.797+0000] {sql.py:384} INFO - Rows affected: 1
[2023-04-13T21:17:24.849+0000] {taskinstance.py:1332} INFO - Marking task as SUCCESS. dag_id=weather_dag, task_id=inject_data_Odesa, execution_date=20230413T200000, start_date=20230413T211723, end_date=20230413T211724
[2023-04-13T21:17:24.940+0000] {local_task_job.py:212} INFO - Task exited with return code 0
[2023-04-13T21:17:24.986+0000] {taskinstance.py:2596} INFO - 0 downstream tasks scheduled from follow-on schedule check
