[2023-04-14T06:24:43.449+0000] {taskinstance.py:1090} INFO - Dependencies all met for dep_context=non-requeueable deps ti=<TaskInstance: weather_dag.inject_data_Lviv manual__2023-04-14T06:24:32.426204+00:00 [queued]>
[2023-04-14T06:24:43.466+0000] {taskinstance.py:1090} INFO - Dependencies all met for dep_context=requeueable deps ti=<TaskInstance: weather_dag.inject_data_Lviv manual__2023-04-14T06:24:32.426204+00:00 [queued]>
[2023-04-14T06:24:43.467+0000] {taskinstance.py:1288} INFO - 
--------------------------------------------------------------------------------
[2023-04-14T06:24:43.470+0000] {taskinstance.py:1289} INFO - Starting attempt 1 of 1
[2023-04-14T06:24:43.471+0000] {taskinstance.py:1290} INFO - 
--------------------------------------------------------------------------------
[2023-04-14T06:24:43.493+0000] {taskinstance.py:1309} INFO - Executing <Task(SqliteOperator): inject_data_Lviv> on 2023-04-14 06:24:32.426204+00:00
[2023-04-14T06:24:43.503+0000] {standard_task_runner.py:55} INFO - Started process 7711 to run task
[2023-04-14T06:24:43.520+0000] {standard_task_runner.py:82} INFO - Running: ['***', 'tasks', 'run', 'weather_dag', 'inject_data_Lviv', 'manual__2023-04-14T06:24:32.426204+00:00', '--job-id', '501', '--raw', '--subdir', 'DAGS_FOLDER/weather_dag.py', '--cfg-path', '/tmp/tmpgy4hjml0']
[2023-04-14T06:24:43.524+0000] {standard_task_runner.py:83} INFO - Job 501: Subtask inject_data_Lviv
[2023-04-14T06:24:43.686+0000] {task_command.py:389} INFO - Running <TaskInstance: weather_dag.inject_data_Lviv manual__2023-04-14T06:24:32.426204+00:00 [running]> on host ffea11fb791c
[2023-04-14T06:24:44.114+0000] {taskinstance.py:1518} INFO - Exporting the following env vars:
AIRFLOW_CTX_DAG_OWNER=***
AIRFLOW_CTX_DAG_ID=weather_dag
AIRFLOW_CTX_TASK_ID=inject_data_Lviv
AIRFLOW_CTX_EXECUTION_DATE=2023-04-14T06:24:32.426204+00:00
AIRFLOW_CTX_TRY_NUMBER=1
AIRFLOW_CTX_DAG_RUN_ID=manual__2023-04-14T06:24:32.426204+00:00
[2023-04-14T06:24:44.119+0000] {sql.py:254} INFO - Executing: 
                INSERT INTO measures_ext (city, timestamp, temp, humidity, cloudiness, wind_speed) VALUES
                    ("Lviv",
                    1681453407,
                    283.9,
                    70,
                    "scattered clouds",
                    3.68);
            
[2023-04-14T06:24:44.147+0000] {base.py:73} INFO - Using connection ID 'measure_db' for task execution.
[2023-04-14T06:24:44.766+0000] {base.py:73} INFO - Using connection ID 'measure_db' for task execution.
[2023-04-14T06:24:44.775+0000] {sql.py:375} INFO - Running statement: 
                INSERT INTO measures_ext (city, timestamp, temp, humidity, cloudiness, wind_speed) VALUES
                    ("Lviv",
                    1681453407,
                    283.9,
                    70,
                    "scattered clouds",
                    3.68);
            , parameters: None
[2023-04-14T06:24:44.805+0000] {sql.py:384} INFO - Rows affected: 1
[2023-04-14T06:24:44.874+0000] {taskinstance.py:1332} INFO - Marking task as SUCCESS. dag_id=weather_dag, task_id=inject_data_Lviv, execution_date=20230414T062432, start_date=20230414T062443, end_date=20230414T062444
[2023-04-14T06:24:45.005+0000] {local_task_job.py:212} INFO - Task exited with return code 0
[2023-04-14T06:24:45.053+0000] {taskinstance.py:2596} INFO - 0 downstream tasks scheduled from follow-on schedule check
