[2023-04-14T01:08:40.776+0000] {taskinstance.py:1090} INFO - Dependencies all met for dep_context=non-requeueable deps ti=<TaskInstance: weather_dag.inject_data_Zhmerynka scheduled__2023-04-14T00:00:00+00:00 [queued]>
[2023-04-14T01:08:40.790+0000] {taskinstance.py:1090} INFO - Dependencies all met for dep_context=requeueable deps ti=<TaskInstance: weather_dag.inject_data_Zhmerynka scheduled__2023-04-14T00:00:00+00:00 [queued]>
[2023-04-14T01:08:40.792+0000] {taskinstance.py:1288} INFO - 
--------------------------------------------------------------------------------
[2023-04-14T01:08:40.793+0000] {taskinstance.py:1289} INFO - Starting attempt 1 of 1
[2023-04-14T01:08:40.794+0000] {taskinstance.py:1290} INFO - 
--------------------------------------------------------------------------------
[2023-04-14T01:08:40.839+0000] {taskinstance.py:1309} INFO - Executing <Task(SqliteOperator): inject_data_Zhmerynka> on 2023-04-14 00:00:00+00:00
[2023-04-14T01:08:40.859+0000] {standard_task_runner.py:55} INFO - Started process 7475 to run task
[2023-04-14T01:08:40.866+0000] {standard_task_runner.py:82} INFO - Running: ['***', 'tasks', 'run', 'weather_dag', 'inject_data_Zhmerynka', 'scheduled__2023-04-14T00:00:00+00:00', '--job-id', '426', '--raw', '--subdir', 'DAGS_FOLDER/weather_dag.py', '--cfg-path', '/tmp/tmp96p6b3zg']
[2023-04-14T01:08:40.869+0000] {standard_task_runner.py:83} INFO - Job 426: Subtask inject_data_Zhmerynka
[2023-04-14T01:08:41.019+0000] {task_command.py:389} INFO - Running <TaskInstance: weather_dag.inject_data_Zhmerynka scheduled__2023-04-14T00:00:00+00:00 [running]> on host ffea11fb791c
[2023-04-14T01:08:41.329+0000] {taskinstance.py:1518} INFO - Exporting the following env vars:
AIRFLOW_CTX_DAG_OWNER=***
AIRFLOW_CTX_DAG_ID=weather_dag
AIRFLOW_CTX_TASK_ID=inject_data_Zhmerynka
AIRFLOW_CTX_EXECUTION_DATE=2023-04-14T00:00:00+00:00
AIRFLOW_CTX_TRY_NUMBER=1
AIRFLOW_CTX_DAG_RUN_ID=scheduled__2023-04-14T00:00:00+00:00
[2023-04-14T01:08:41.332+0000] {sql.py:254} INFO - Executing: 
                INSERT INTO measures_ext (city, timestamp, temp, humidity, cloudiness, wind_speed) VALUES
                    ("Zhmerynka",
                    1681435457,
                    281.09,
                    90,
                    "overcast clouds",
                    1.56);
            
[2023-04-14T01:08:41.358+0000] {base.py:73} INFO - Using connection ID 'measure_db' for task execution.
[2023-04-14T01:08:41.912+0000] {base.py:73} INFO - Using connection ID 'measure_db' for task execution.
[2023-04-14T01:08:41.921+0000] {sql.py:375} INFO - Running statement: 
                INSERT INTO measures_ext (city, timestamp, temp, humidity, cloudiness, wind_speed) VALUES
                    ("Zhmerynka",
                    1681435457,
                    281.09,
                    90,
                    "overcast clouds",
                    1.56);
            , parameters: None
[2023-04-14T01:08:41.982+0000] {sql.py:384} INFO - Rows affected: 1
[2023-04-14T01:08:42.024+0000] {taskinstance.py:1332} INFO - Marking task as SUCCESS. dag_id=weather_dag, task_id=inject_data_Zhmerynka, execution_date=20230414T000000, start_date=20230414T010840, end_date=20230414T010842
[2023-04-14T01:08:42.095+0000] {local_task_job.py:212} INFO - Task exited with return code 0
[2023-04-14T01:08:42.131+0000] {taskinstance.py:2596} INFO - 0 downstream tasks scheduled from follow-on schedule check
