[2023-04-13T11:51:00.078+0000] {taskinstance.py:1090} INFO - Dependencies all met for dep_context=non-requeueable deps ti=<TaskInstance: weather_dag.inject_data manual__2023-04-13T11:50:53.317489+00:00 [queued]>
[2023-04-13T11:51:00.094+0000] {taskinstance.py:1090} INFO - Dependencies all met for dep_context=requeueable deps ti=<TaskInstance: weather_dag.inject_data manual__2023-04-13T11:50:53.317489+00:00 [queued]>
[2023-04-13T11:51:00.098+0000] {taskinstance.py:1288} INFO - 
--------------------------------------------------------------------------------
[2023-04-13T11:51:00.100+0000] {taskinstance.py:1289} INFO - Starting attempt 1 of 1
[2023-04-13T11:51:00.102+0000] {taskinstance.py:1290} INFO - 
--------------------------------------------------------------------------------
[2023-04-13T11:51:00.122+0000] {taskinstance.py:1309} INFO - Executing <Task(SqliteOperator): inject_data> on 2023-04-13 11:50:53.317489+00:00
[2023-04-13T11:51:00.131+0000] {standard_task_runner.py:55} INFO - Started process 292 to run task
[2023-04-13T11:51:00.137+0000] {standard_task_runner.py:82} INFO - Running: ['***', 'tasks', 'run', 'weather_dag', 'inject_data', 'manual__2023-04-13T11:50:53.317489+00:00', '--job-id', '126', '--raw', '--subdir', 'DAGS_FOLDER/weather_dag.py', '--cfg-path', '/tmp/tmphd6544ic']
[2023-04-13T11:51:00.139+0000] {standard_task_runner.py:83} INFO - Job 126: Subtask inject_data
[2023-04-13T11:51:00.225+0000] {task_command.py:389} INFO - Running <TaskInstance: weather_dag.inject_data manual__2023-04-13T11:50:53.317489+00:00 [running]> on host ffea11fb791c
[2023-04-13T11:51:00.361+0000] {taskinstance.py:1518} INFO - Exporting the following env vars:
AIRFLOW_CTX_DAG_OWNER=***
AIRFLOW_CTX_DAG_ID=weather_dag
AIRFLOW_CTX_TASK_ID=inject_data
AIRFLOW_CTX_EXECUTION_DATE=2023-04-13T11:50:53.317489+00:00
AIRFLOW_CTX_TRY_NUMBER=1
AIRFLOW_CTX_DAG_RUN_ID=manual__2023-04-13T11:50:53.317489+00:00
[2023-04-13T11:51:00.368+0000] {sql.py:254} INFO - Executing: 
        INSERT INTO measures (timestamp, temp) VALUES
        (1681386234,
        287.4);
        
[2023-04-13T11:51:00.386+0000] {base.py:73} INFO - Using connection ID 'measure_db' for task execution.
[2023-04-13T11:51:00.650+0000] {base.py:73} INFO - Using connection ID 'measure_db' for task execution.
[2023-04-13T11:51:00.658+0000] {sql.py:375} INFO - Running statement: 
        INSERT INTO measures (timestamp, temp) VALUES
        (1681386234,
        287.4);
        , parameters: None
[2023-04-13T11:51:00.690+0000] {sql.py:384} INFO - Rows affected: 1
[2023-04-13T11:51:00.738+0000] {taskinstance.py:1332} INFO - Marking task as SUCCESS. dag_id=weather_dag, task_id=inject_data, execution_date=20230413T115053, start_date=20230413T115100, end_date=20230413T115100
[2023-04-13T11:51:00.809+0000] {local_task_job.py:212} INFO - Task exited with return code 0
[2023-04-13T11:51:00.837+0000] {taskinstance.py:2596} INFO - 0 downstream tasks scheduled from follow-on schedule check
