[2023-04-13T08:28:40.342+0000] {taskinstance.py:1090} INFO - Dependencies all met for dep_context=non-requeueable deps ti=<TaskInstance: weather_dag.transform_data manual__2023-04-13T08:28:38.069647+00:00 [queued]>
[2023-04-13T08:28:40.368+0000] {taskinstance.py:1090} INFO - Dependencies all met for dep_context=requeueable deps ti=<TaskInstance: weather_dag.transform_data manual__2023-04-13T08:28:38.069647+00:00 [queued]>
[2023-04-13T08:28:40.370+0000] {taskinstance.py:1288} INFO - 
--------------------------------------------------------------------------------
[2023-04-13T08:28:40.372+0000] {taskinstance.py:1289} INFO - Starting attempt 1 of 1
[2023-04-13T08:28:40.377+0000] {taskinstance.py:1290} INFO - 
--------------------------------------------------------------------------------
[2023-04-13T08:28:40.413+0000] {taskinstance.py:1309} INFO - Executing <Task(PythonOperator): transform_data> on 2023-04-13 08:28:38.069647+00:00
[2023-04-13T08:28:40.421+0000] {standard_task_runner.py:55} INFO - Started process 2235 to run task
[2023-04-13T08:28:40.441+0000] {standard_task_runner.py:82} INFO - Running: ['***', 'tasks', 'run', 'weather_dag', 'transform_data', 'manual__2023-04-13T08:28:38.069647+00:00', '--job-id', '51', '--raw', '--subdir', 'DAGS_FOLDER/weather_dag.py', '--cfg-path', '/tmp/tmpo2lhckuv']
[2023-04-13T08:28:40.446+0000] {standard_task_runner.py:83} INFO - Job 51: Subtask transform_data
[2023-04-13T08:28:40.606+0000] {task_command.py:389} INFO - Running <TaskInstance: weather_dag.transform_data manual__2023-04-13T08:28:38.069647+00:00 [running]> on host 0607b07c4f39
[2023-04-13T08:28:40.751+0000] {taskinstance.py:1518} INFO - Exporting the following env vars:
AIRFLOW_CTX_DAG_OWNER=***
AIRFLOW_CTX_DAG_ID=weather_dag
AIRFLOW_CTX_TASK_ID=transform_data
AIRFLOW_CTX_EXECUTION_DATE=2023-04-13T08:28:38.069647+00:00
AIRFLOW_CTX_TRY_NUMBER=1
AIRFLOW_CTX_DAG_RUN_ID=manual__2023-04-13T08:28:38.069647+00:00
[2023-04-13T08:28:40.754+0000] {logging_mixin.py:137} INFO - {'conf': <***.configuration.AirflowConfigParser object at 0xffff99efcfd0>, 'dag': <DAG: weather_dag>, 'dag_run': <DagRun weather_dag @ 2023-04-13 08:28:38.069647+00:00: manual__2023-04-13T08:28:38.069647+00:00, state:running, queued_at: 2023-04-13 08:28:38.089933+00:00. externally triggered: True>, 'data_interval_end': DateTime(2023, 4, 12, 19, 0, 0, tzinfo=Timezone('UTC')), 'data_interval_start': DateTime(2023, 4, 11, 19, 0, 0, tzinfo=Timezone('UTC')), 'ds': '2023-04-13', 'ds_nodash': '20230413', 'execution_date': <Proxy at 0xffff873250f0 with factory functools.partial(<function lazy_mapping_from_context.<locals>._deprecated_proxy_factory at 0xffff872b3950>, 'execution_date', DateTime(2023, 4, 13, 8, 28, 38, 69647, tzinfo=Timezone('UTC')))>, 'expanded_ti_count': None, 'inlets': [], 'logical_date': DateTime(2023, 4, 13, 8, 28, 38, 69647, tzinfo=Timezone('UTC')), 'macros': <module '***.macros' from '/home/***/.local/lib/python3.7/site-packages/***/macros/__init__.py'>, 'next_ds': <Proxy at 0xffff8732f910 with factory functools.partial(<function lazy_mapping_from_context.<locals>._deprecated_proxy_factory at 0xffff872b3950>, 'next_ds', '2023-04-13')>, 'next_ds_nodash': <Proxy at 0xffff8732f870 with factory functools.partial(<function lazy_mapping_from_context.<locals>._deprecated_proxy_factory at 0xffff872b3950>, 'next_ds_nodash', '20230413')>, 'next_execution_date': <Proxy at 0xffff8732f8c0 with factory functools.partial(<function lazy_mapping_from_context.<locals>._deprecated_proxy_factory at 0xffff872b3950>, 'next_execution_date', DateTime(2023, 4, 13, 8, 28, 38, 69647, tzinfo=Timezone('UTC')))>, 'outlets': [], 'params': {}, 'prev_data_interval_start_success': DateTime(2023, 4, 10, 19, 0, 0, tzinfo=Timezone('UTC')), 'prev_data_interval_end_success': DateTime(2023, 4, 11, 19, 0, 0, tzinfo=Timezone('UTC')), 'prev_ds': <Proxy at 0xffff87363780 with factory functools.partial(<function lazy_mapping_from_context.<locals>._deprecated_proxy_factory at 0xffff872b3950>, 'prev_ds', '2023-04-13')>, 'prev_ds_nodash': <Proxy at 0xffff87363370 with factory functools.partial(<function lazy_mapping_from_context.<locals>._deprecated_proxy_factory at 0xffff872b3950>, 'prev_ds_nodash', '20230413')>, 'prev_execution_date': <Proxy at 0xffff87370a00 with factory functools.partial(<function lazy_mapping_from_context.<locals>._deprecated_proxy_factory at 0xffff872b3950>, 'prev_execution_date', DateTime(2023, 4, 13, 8, 28, 38, 69647, tzinfo=Timezone('UTC')))>, 'prev_execution_date_success': <Proxy at 0xffff87371640 with factory functools.partial(<function lazy_mapping_from_context.<locals>._deprecated_proxy_factory at 0xffff872b3950>, 'prev_execution_date_success', None)>, 'prev_start_date_success': DateTime(2023, 4, 12, 7, 39, 45, 345166, tzinfo=Timezone('UTC')), 'run_id': 'manual__2023-04-13T08:28:38.069647+00:00', 'task': <Task(PythonOperator): transform_data>, 'task_instance': <TaskInstance: weather_dag.transform_data manual__2023-04-13T08:28:38.069647+00:00 [running]>, 'task_instance_key_str': 'weather_dag__transform_data__20230413', 'test_mode': False, 'ti': <TaskInstance: weather_dag.transform_data manual__2023-04-13T08:28:38.069647+00:00 [running]>, 'tomorrow_ds': <Proxy at 0xffff87371be0 with factory functools.partial(<function lazy_mapping_from_context.<locals>._deprecated_proxy_factory at 0xffff872b3950>, 'tomorrow_ds', '2023-04-14')>, 'tomorrow_ds_nodash': <Proxy at 0xffff873716e0 with factory functools.partial(<function lazy_mapping_from_context.<locals>._deprecated_proxy_factory at 0xffff872b3950>, 'tomorrow_ds_nodash', '20230414')>, 'triggering_dataset_events': <Proxy at 0xffff87360af0 with factory <function TaskInstance.get_template_context.<locals>.get_triggering_events at 0xffff8733b440>>, 'ts': '2023-04-13T08:28:38.069647+00:00', 'ts_nodash': '20230413T082838', 'ts_nodash_with_tz': '20230413T082838.069647+0000', 'var': {'json': None, 'value': None}, 'conn': None, 'yesterday_ds': <Proxy at 0xffff87320f50 with factory functools.partial(<function lazy_mapping_from_context.<locals>._deprecated_proxy_factory at 0xffff872b3950>, 'yesterday_ds', '2023-04-12')>, 'yesterday_ds_nodash': <Proxy at 0xffff87320c80 with factory functools.partial(<function lazy_mapping_from_context.<locals>._deprecated_proxy_factory at 0xffff872b3950>, 'yesterday_ds_nodash', '20230412')>, 'templates_dict': None}
[2023-04-13T08:28:40.756+0000] {logging_mixin.py:137} INFO - <TaskInstance: weather_dag.transform_data manual__2023-04-13T08:28:38.069647+00:00 [running]>
[2023-04-13T08:28:40.778+0000] {logging_mixin.py:137} INFO - None
[2023-04-13T08:28:40.779+0000] {taskinstance.py:1776} ERROR - Task failed with exception
Traceback (most recent call last):
  File "/home/airflow/.local/lib/python3.7/site-packages/airflow/operators/python.py", line 175, in execute
    return_value = self.execute_callable()
  File "/home/airflow/.local/lib/python3.7/site-packages/airflow/operators/python.py", line 192, in execute_callable
    return self.python_callable(*self.op_args, **self.op_kwargs)
  File "/opt/airflow/dags/weather_dag.py", line 21, in transform_data
    timestamp = info["dt"]
TypeError: 'NoneType' object is not subscriptable
[2023-04-13T08:28:40.807+0000] {taskinstance.py:1332} INFO - Marking task as FAILED. dag_id=weather_dag, task_id=transform_data, execution_date=20230413T082838, start_date=20230413T082840, end_date=20230413T082840
[2023-04-13T08:28:40.838+0000] {standard_task_runner.py:105} ERROR - Failed to execute job 51 for task transform_data ('NoneType' object is not subscriptable; 2235)
[2023-04-13T08:28:40.898+0000] {local_task_job.py:212} INFO - Task exited with return code 1
[2023-04-13T08:28:40.996+0000] {taskinstance.py:2596} INFO - 0 downstream tasks scheduled from follow-on schedule check
